000 (605417.002.000) 02/28 06:23:34 Job submitted from host: <131.225.188.55:9618?addrs=131.225.188.55-9618&noUDP&sock=1689_178c_3>
...
001 (605417.002.000) 02/28 06:24:26 Job executing on host: <131.225.205.211:9618?addrs=131.225.205.211-9618&noUDP&sock=7337_2674_3>
...
006 (605417.002.000) 02/28 06:24:35 Image size of job updated: 9
	9  -  MemoryUsage of job (MB)
	10092  -  ResidentSetSize of job (KB)
...
006 (605417.002.000) 02/28 06:25:36 Image size of job updated: 215
	215  -  MemoryUsage of job (MB)
	220700  -  ResidentSetSize of job (KB)
...
006 (605417.002.000) 02/28 06:26:36 Image size of job updated: 273
	273  -  MemoryUsage of job (MB)
	279824  -  ResidentSetSize of job (KB)
...
006 (605417.002.000) 02/28 06:27:37 Image size of job updated: 276
	276  -  MemoryUsage of job (MB)
	283168  -  ResidentSetSize of job (KB)
...
006 (605417.002.000) 02/28 06:27:56 Image size of job updated: 276
	276  -  MemoryUsage of job (MB)
	283552  -  ResidentSetSize of job (KB)
...
005 (605417.002.000) 02/28 06:27:58 Job terminated.
	(1) Normal termination (return value 0)
		Usr 0 00:02:15, Sys 0 00:00:14  -  Run Remote Usage
		Usr 0 00:00:00, Sys 0 00:00:00  -  Run Local Usage
		Usr 0 00:02:15, Sys 0 00:00:14  -  Total Remote Usage
		Usr 0 00:00:00, Sys 0 00:00:00  -  Total Local Usage
	16655  -  Run Bytes Sent By Job
	14407  -  Run Bytes Received By Job
	16655  -  Total Bytes Sent By Job
	14407  -  Total Bytes Received By Job
	Partitionable Resources :    Usage  Request Allocated 
	   Cpus                 :     0.01        1         1 
	   Disk (KB)            :    55           7   1689020 
	   Memory (MB)          :   276        2048      2048 
...
