000 (605417.011.000) 02/28 06:23:34 Job submitted from host: <131.225.188.55:9618?addrs=131.225.188.55-9618&noUDP&sock=1689_178c_3>
...
001 (605417.011.000) 02/28 06:24:27 Job executing on host: <131.225.188.86:9618?addrs=131.225.188.86-9618&noUDP&sock=1858_030e_3>
...
006 (605417.011.000) 02/28 06:24:35 Image size of job updated: 2
	2  -  MemoryUsage of job (MB)
	2420  -  ResidentSetSize of job (KB)
...
006 (605417.011.000) 02/28 06:25:36 Image size of job updated: 192
	192  -  MemoryUsage of job (MB)
	196656  -  ResidentSetSize of job (KB)
...
006 (605417.011.000) 02/28 06:26:36 Image size of job updated: 273
	273  -  MemoryUsage of job (MB)
	280284  -  ResidentSetSize of job (KB)
...
006 (605417.011.000) 02/28 06:27:22 Image size of job updated: 275
	275  -  MemoryUsage of job (MB)
	282000  -  ResidentSetSize of job (KB)
...
005 (605417.011.000) 02/28 06:27:30 Job terminated.
	(1) Normal termination (return value 0)
		Usr 0 00:01:38, Sys 0 00:00:11  -  Run Remote Usage
		Usr 0 00:00:00, Sys 0 00:00:00  -  Run Local Usage
		Usr 0 00:01:38, Sys 0 00:00:11  -  Total Remote Usage
		Usr 0 00:00:00, Sys 0 00:00:00  -  Total Local Usage
	16656  -  Run Bytes Sent By Job
	14407  -  Run Bytes Received By Job
	16656  -  Total Bytes Sent By Job
	14407  -  Total Bytes Received By Job
	Partitionable Resources :    Usage  Request Allocated 
	   Cpus                 :     0.00        1         1 
	   Disk (KB)            :    57           7   1635435 
	   Memory (MB)          :   275        2048      2048 
...
