000 (605417.018.000) 02/28 06:23:34 Job submitted from host: <131.225.188.55:9618?addrs=131.225.188.55-9618&noUDP&sock=1689_178c_3>
...
001 (605417.018.000) 02/28 06:25:35 Job executing on host: <131.225.191.131:9618?addrs=131.225.191.131-9618&noUDP&sock=4762_ea15_3>
...
006 (605417.018.000) 02/28 06:25:44 Image size of job updated: 2
	0  -  MemoryUsage of job (MB)
	448  -  ResidentSetSize of job (KB)
...
006 (605417.018.000) 02/28 06:26:44 Image size of job updated: 277
	277  -  MemoryUsage of job (MB)
	284304  -  ResidentSetSize of job (KB)
...
006 (605417.018.000) 02/28 06:27:44 Image size of job updated: 293
	293  -  MemoryUsage of job (MB)
	300676  -  ResidentSetSize of job (KB)
...
006 (605417.018.000) 02/28 06:28:09 Image size of job updated: 398
	398  -  MemoryUsage of job (MB)
	408228  -  ResidentSetSize of job (KB)
...
005 (605417.018.000) 02/28 06:28:12 Job terminated.
	(1) Normal termination (return value 0)
		Usr 0 00:01:36, Sys 0 00:00:09  -  Run Remote Usage
		Usr 0 00:00:00, Sys 0 00:00:00  -  Run Local Usage
		Usr 0 00:01:36, Sys 0 00:00:09  -  Total Remote Usage
		Usr 0 00:00:00, Sys 0 00:00:00  -  Total Local Usage
	16544  -  Run Bytes Sent By Job
	14407  -  Run Bytes Received By Job
	16544  -  Total Bytes Sent By Job
	14407  -  Total Bytes Received By Job
	Partitionable Resources :    Usage  Request Allocated 
	   Cpus                 :        0        1         1 
	   Disk (KB)            :       50        7    384965 
	   Memory (MB)          :      398     2048      2048 
...
