000 (605417.014.000) 02/28 06:23:34 Job submitted from host: <131.225.188.55:9618?addrs=131.225.188.55-9618&noUDP&sock=1689_178c_3>
...
001 (605417.014.000) 02/28 06:25:04 Job executing on host: <131.225.190.34:9618?addrs=131.225.190.34-9618&noUDP&sock=44109_af03_3>
...
006 (605417.014.000) 02/28 06:25:13 Image size of job updated: 2
	1  -  MemoryUsage of job (MB)
	1664  -  ResidentSetSize of job (KB)
...
006 (605417.014.000) 02/28 06:26:14 Image size of job updated: 211
	211  -  MemoryUsage of job (MB)
	216660  -  ResidentSetSize of job (KB)
...
006 (605417.014.000) 02/28 06:27:14 Image size of job updated: 270
	270  -  MemoryUsage of job (MB)
	277328  -  ResidentSetSize of job (KB)
...
006 (605417.014.000) 02/28 06:28:15 Image size of job updated: 274
	274  -  MemoryUsage of job (MB)
	281472  -  ResidentSetSize of job (KB)
...
006 (605417.014.000) 02/28 06:28:31 Image size of job updated: 275
	275  -  MemoryUsage of job (MB)
	281608  -  ResidentSetSize of job (KB)
...
005 (605417.014.000) 02/28 06:28:38 Job terminated.
	(1) Normal termination (return value 0)
		Usr 0 00:02:15, Sys 0 00:00:14  -  Run Remote Usage
		Usr 0 00:00:00, Sys 0 00:00:00  -  Run Local Usage
		Usr 0 00:02:15, Sys 0 00:00:14  -  Total Remote Usage
		Usr 0 00:00:00, Sys 0 00:00:00  -  Total Local Usage
	16655  -  Run Bytes Sent By Job
	14407  -  Run Bytes Received By Job
	16655  -  Total Bytes Sent By Job
	14407  -  Total Bytes Received By Job
	Partitionable Resources :    Usage  Request Allocated 
	   Cpus                 :        0        1         1 
	   Disk (KB)            :       54        7    841338 
	   Memory (MB)          :      275     2048      2048 
...
