000 (605417.007.000) 02/28 06:23:34 Job submitted from host: <131.225.188.55:9618?addrs=131.225.188.55-9618&noUDP&sock=1689_178c_3>
...
001 (605417.007.000) 02/28 06:24:27 Job executing on host: <131.225.188.68:9618?addrs=131.225.188.68-9618&noUDP&sock=1838_4b29_87>
...
006 (605417.007.000) 02/28 06:24:36 Image size of job updated: 9
	9  -  MemoryUsage of job (MB)
	10212  -  ResidentSetSize of job (KB)
...
006 (605417.007.000) 02/28 06:25:37 Image size of job updated: 192
	192  -  MemoryUsage of job (MB)
	196632  -  ResidentSetSize of job (KB)
...
006 (605417.007.000) 02/28 06:26:37 Image size of job updated: 286
	286  -  MemoryUsage of job (MB)
	293588  -  ResidentSetSize of job (KB)
...
006 (605417.007.000) 02/28 06:27:37 Image size of job updated: 293
	293  -  MemoryUsage of job (MB)
	300300  -  ResidentSetSize of job (KB)
...
005 (605417.007.000) 02/28 06:27:56 Job terminated.
	(1) Normal termination (return value 0)
		Usr 0 00:01:58, Sys 0 00:00:11  -  Run Remote Usage
		Usr 0 00:00:00, Sys 0 00:00:00  -  Run Local Usage
		Usr 0 00:01:58, Sys 0 00:00:11  -  Total Remote Usage
		Usr 0 00:00:00, Sys 0 00:00:00  -  Total Local Usage
	16522  -  Run Bytes Sent By Job
	14407  -  Run Bytes Received By Job
	16522  -  Total Bytes Sent By Job
	14407  -  Total Bytes Received By Job
	Partitionable Resources :    Usage  Request Allocated 
	   Cpus                 :        0        1         1 
	   Disk (KB)            :       60        7   1622959 
	   Memory (MB)          :      293     2048      2048 
...
