000 (605417.017.000) 02/28 06:23:34 Job submitted from host: <131.225.188.55:9618?addrs=131.225.188.55-9618&noUDP&sock=1689_178c_3>
...
001 (605417.017.000) 02/28 06:25:05 Job executing on host: <131.225.191.226:9618?addrs=131.225.191.226-9618&noUDP&sock=42569_5f2a_3>
...
006 (605417.017.000) 02/28 06:25:13 Image size of job updated: 15
	15  -  MemoryUsage of job (MB)
	16164  -  ResidentSetSize of job (KB)
...
006 (605417.017.000) 02/28 06:26:14 Image size of job updated: 233
	233  -  MemoryUsage of job (MB)
	239020  -  ResidentSetSize of job (KB)
...
006 (605417.017.000) 02/28 06:27:14 Image size of job updated: 291
	291  -  MemoryUsage of job (MB)
	298576  -  ResidentSetSize of job (KB)
...
006 (605417.017.000) 02/28 06:28:15 Image size of job updated: 397
	397  -  MemoryUsage of job (MB)
	407272  -  ResidentSetSize of job (KB)
...
006 (605417.017.000) 02/28 06:28:26 Image size of job updated: 397
	397  -  MemoryUsage of job (MB)
	407532  -  ResidentSetSize of job (KB)
...
005 (605417.017.000) 02/28 06:28:38 Job terminated.
	(1) Normal termination (return value 0)
		Usr 0 00:02:24, Sys 0 00:00:13  -  Run Remote Usage
		Usr 0 00:00:00, Sys 0 00:00:00  -  Run Local Usage
		Usr 0 00:02:24, Sys 0 00:00:13  -  Total Remote Usage
		Usr 0 00:00:00, Sys 0 00:00:00  -  Total Local Usage
	16770  -  Run Bytes Sent By Job
	14407  -  Run Bytes Received By Job
	16770  -  Total Bytes Sent By Job
	14407  -  Total Bytes Received By Job
	Partitionable Resources :    Usage  Request Allocated 
	   Cpus                 :        0        1         1 
	   Disk (KB)            :       54        7    841338 
	   Memory (MB)          :      397     2048      2048 
...
