000 (605417.009.000) 02/28 06:23:34 Job submitted from host: <131.225.188.55:9618?addrs=131.225.188.55-9618&noUDP&sock=1689_178c_3>
...
001 (605417.009.000) 02/28 06:24:28 Job executing on host: <131.225.188.149:9618?addrs=131.225.188.149-9618&noUDP&sock=1921_3985_7>
...
006 (605417.009.000) 02/28 06:24:36 Image size of job updated: 5
	5  -  MemoryUsage of job (MB)
	5656  -  ResidentSetSize of job (KB)
...
006 (605417.009.000) 02/28 06:25:37 Image size of job updated: 166
	166  -  MemoryUsage of job (MB)
	170784  -  ResidentSetSize of job (KB)
...
006 (605417.009.000) 02/28 06:26:37 Image size of job updated: 283
	283  -  MemoryUsage of job (MB)
	289980  -  ResidentSetSize of job (KB)
...
006 (605417.009.000) 02/28 06:27:38 Image size of job updated: 289
	289  -  MemoryUsage of job (MB)
	296184  -  ResidentSetSize of job (KB)
...
006 (605417.009.000) 02/28 06:28:13 Image size of job updated: 398
	398  -  MemoryUsage of job (MB)
	408384  -  ResidentSetSize of job (KB)
...
005 (605417.009.000) 02/28 06:28:14 Job terminated.
	(1) Normal termination (return value 0)
		Usr 0 00:02:23, Sys 0 00:00:13  -  Run Remote Usage
		Usr 0 00:00:00, Sys 0 00:00:00  -  Run Local Usage
		Usr 0 00:02:23, Sys 0 00:00:13  -  Total Remote Usage
		Usr 0 00:00:00, Sys 0 00:00:00  -  Total Local Usage
	16514  -  Run Bytes Sent By Job
	14407  -  Run Bytes Received By Job
	16514  -  Total Bytes Sent By Job
	14407  -  Total Bytes Received By Job
	Partitionable Resources :    Usage  Request Allocated 
	   Cpus                 :     0.00        1         1 
	   Disk (KB)            :    59           7   1640725 
	   Memory (MB)          :   398        2048      2048 
...
