000 (605417.061.000) 02/28 06:23:37 Job submitted from host: <131.225.188.55:9618?addrs=131.225.188.55-9618&noUDP&sock=1689_178c_3>
...
001 (605417.061.000) 02/28 06:27:08 Job executing on host: <131.225.188.14:9618?addrs=131.225.188.14-9618&noUDP&sock=6349_76e2_3>
...
006 (605417.061.000) 02/28 06:27:17 Image size of job updated: 2
	0  -  MemoryUsage of job (MB)
	808  -  ResidentSetSize of job (KB)
...
006 (605417.061.000) 02/28 06:28:17 Image size of job updated: 221
	221  -  MemoryUsage of job (MB)
	226304  -  ResidentSetSize of job (KB)
...
006 (605417.061.000) 02/28 06:29:18 Image size of job updated: 263
	263  -  MemoryUsage of job (MB)
	269896  -  ResidentSetSize of job (KB)
...
006 (605417.061.000) 02/28 06:30:18 Image size of job updated: 263
	263  -  MemoryUsage of job (MB)
	269984  -  ResidentSetSize of job (KB)
...
006 (605417.061.000) 02/28 06:31:19 Image size of job updated: 277
	277  -  MemoryUsage of job (MB)
	283656  -  ResidentSetSize of job (KB)
...
006 (605417.061.000) 02/28 06:32:19 Image size of job updated: 277
	277  -  MemoryUsage of job (MB)
	283676  -  ResidentSetSize of job (KB)
...
006 (605417.061.000) 02/28 06:33:19 Image size of job updated: 278
	278  -  MemoryUsage of job (MB)
	284932  -  ResidentSetSize of job (KB)
...
005 (605417.061.000) 02/28 06:33:22 Job terminated.
	(1) Normal termination (return value 0)
		Usr 0 00:04:55, Sys 0 00:00:17  -  Run Remote Usage
		Usr 0 00:00:00, Sys 0 00:00:00  -  Run Local Usage
		Usr 0 00:04:55, Sys 0 00:00:17  -  Total Remote Usage
		Usr 0 00:00:00, Sys 0 00:00:00  -  Total Local Usage
	16048  -  Run Bytes Sent By Job
	14407  -  Run Bytes Received By Job
	16048  -  Total Bytes Sent By Job
	14407  -  Total Bytes Received By Job
	Partitionable Resources :    Usage  Request Allocated 
	   Cpus                 :        0        1         1 
	   Disk (KB)            :       56        7   1643166 
	   Memory (MB)          :      278     2048      2048 
...
