000 (605417.052.000) 02/28 06:23:37 Job submitted from host: <131.225.188.55:9618?addrs=131.225.188.55-9618&noUDP&sock=1689_178c_3>
...
001 (605417.052.000) 02/28 06:27:06 Job executing on host: <131.225.206.179:9618?addrs=131.225.206.179-9618&noUDP&sock=12264_a993_3>
...
006 (605417.052.000) 02/28 06:27:15 Image size of job updated: 2
	1  -  MemoryUsage of job (MB)
	1404  -  ResidentSetSize of job (KB)
...
006 (605417.052.000) 02/28 06:28:15 Image size of job updated: 217
	217  -  MemoryUsage of job (MB)
	223080  -  ResidentSetSize of job (KB)
...
006 (605417.052.000) 02/28 06:29:15 Image size of job updated: 218
	218  -  MemoryUsage of job (MB)
	223620  -  ResidentSetSize of job (KB)
...
006 (605417.052.000) 02/28 06:30:15 Image size of job updated: 229
	229  -  MemoryUsage of job (MB)
	234884  -  ResidentSetSize of job (KB)
...
006 (605417.052.000) 02/28 06:31:15 Image size of job updated: 277
	277  -  MemoryUsage of job (MB)
	283688  -  ResidentSetSize of job (KB)
...
006 (605417.052.000) 02/28 06:32:15 Image size of job updated: 281
	281  -  MemoryUsage of job (MB)
	287932  -  ResidentSetSize of job (KB)
...
006 (605417.052.000) 02/28 06:33:15 Image size of job updated: 281
	281  -  MemoryUsage of job (MB)
	288640  -  ResidentSetSize of job (KB)
...
006 (605417.052.000) 02/28 06:34:15 Image size of job updated: 282
	282  -  MemoryUsage of job (MB)
	288968  -  ResidentSetSize of job (KB)
...
006 (605417.052.000) 02/28 06:35:16 Image size of job updated: 283
	283  -  MemoryUsage of job (MB)
	289964  -  ResidentSetSize of job (KB)
...
006 (605417.052.000) 02/28 06:36:18 Image size of job updated: 283
	283  -  MemoryUsage of job (MB)
	290040  -  ResidentSetSize of job (KB)
...
006 (605417.052.000) 02/28 06:37:19 Image size of job updated: 283
	283  -  MemoryUsage of job (MB)
	290292  -  ResidentSetSize of job (KB)
...
006 (605417.052.000) 02/28 06:39:21 Image size of job updated: 283
	283  -  MemoryUsage of job (MB)
	290308  -  ResidentSetSize of job (KB)
...
006 (605417.052.000) 02/28 06:40:21 Image size of job updated: 283
	283  -  MemoryUsage of job (MB)
	290328  -  ResidentSetSize of job (KB)
...
006 (605417.052.000) 02/28 06:43:21 Image size of job updated: 283
	283  -  MemoryUsage of job (MB)
	290332  -  ResidentSetSize of job (KB)
...
006 (605417.052.000) 02/28 06:44:21 Image size of job updated: 283
	283  -  MemoryUsage of job (MB)
	290344  -  ResidentSetSize of job (KB)
...
006 (605417.052.000) 02/28 06:49:25 Image size of job updated: 283
	283  -  MemoryUsage of job (MB)
	290432  -  ResidentSetSize of job (KB)
...
006 (605417.052.000) 02/28 06:50:25 Image size of job updated: 283
	283  -  MemoryUsage of job (MB)
	290580  -  ResidentSetSize of job (KB)
...
006 (605417.052.000) 02/28 06:52:26 Image size of job updated: 283
	283  -  MemoryUsage of job (MB)
	290628  -  ResidentSetSize of job (KB)
...
006 (605417.052.000) 02/28 06:53:27 Image size of job updated: 283
	283  -  MemoryUsage of job (MB)
	290644  -  ResidentSetSize of job (KB)
...
006 (605417.052.000) 02/28 06:57:29 Image size of job updated: 283
	283  -  MemoryUsage of job (MB)
	290648  -  ResidentSetSize of job (KB)
...
006 (605417.052.000) 02/28 06:59:29 Image size of job updated: 283
	283  -  MemoryUsage of job (MB)
	290652  -  ResidentSetSize of job (KB)
...
006 (605417.052.000) 02/28 07:01:31 Image size of job updated: 283
	283  -  MemoryUsage of job (MB)
	290664  -  ResidentSetSize of job (KB)
...
006 (605417.052.000) 02/28 07:02:32 Image size of job updated: 283
	283  -  MemoryUsage of job (MB)
	290668  -  ResidentSetSize of job (KB)
...
006 (605417.052.000) 02/28 07:06:30 Image size of job updated: 283
	283  -  MemoryUsage of job (MB)
	290700  -  ResidentSetSize of job (KB)
...
005 (605417.052.000) 02/28 07:06:32 Job terminated.
	(1) Normal termination (return value 0)
		Usr 0 00:30:35, Sys 0 00:01:34  -  Run Remote Usage
		Usr 0 00:00:00, Sys 0 00:00:00  -  Run Local Usage
		Usr 0 00:30:35, Sys 0 00:01:34  -  Total Remote Usage
		Usr 0 00:00:00, Sys 0 00:00:00  -  Total Local Usage
	40063  -  Run Bytes Sent By Job
	14407  -  Run Bytes Received By Job
	40063  -  Total Bytes Sent By Job
	14407  -  Total Bytes Received By Job
	Partitionable Resources :    Usage  Request Allocated 
	   Cpus                 :     0.01        1         1 
	   Disk (KB)            :    73           7    385051 
	   Memory (MB)          :   283        2048      2048 
...
