000 (605417.050.000) 02/28 06:23:37 Job submitted from host: <131.225.188.55:9618?addrs=131.225.188.55-9618&noUDP&sock=1689_178c_3>
...
001 (605417.050.000) 02/28 06:27:06 Job executing on host: <131.225.191.187:9618?addrs=131.225.191.187-9618&noUDP&sock=4555_edfa_3>
...
006 (605417.050.000) 02/28 06:27:15 Image size of job updated: 2
	2  -  MemoryUsage of job (MB)
	2884  -  ResidentSetSize of job (KB)
...
006 (605417.050.000) 02/28 06:28:15 Image size of job updated: 218
	218  -  MemoryUsage of job (MB)
	223404  -  ResidentSetSize of job (KB)
...
006 (605417.050.000) 02/28 06:29:16 Image size of job updated: 218
	218  -  MemoryUsage of job (MB)
	223652  -  ResidentSetSize of job (KB)
...
006 (605417.050.000) 02/28 06:30:17 Image size of job updated: 235
	235  -  MemoryUsage of job (MB)
	241200  -  ResidentSetSize of job (KB)
...
006 (605417.050.000) 02/28 06:31:18 Image size of job updated: 278
	278  -  MemoryUsage of job (MB)
	285392  -  ResidentSetSize of job (KB)
...
006 (605417.050.000) 02/28 06:32:18 Image size of job updated: 281
	281  -  MemoryUsage of job (MB)
	287952  -  ResidentSetSize of job (KB)
...
006 (605417.050.000) 02/28 06:33:18 Image size of job updated: 282
	282  -  MemoryUsage of job (MB)
	288836  -  ResidentSetSize of job (KB)
...
006 (605417.050.000) 02/28 06:34:18 Image size of job updated: 282
	282  -  MemoryUsage of job (MB)
	289424  -  ResidentSetSize of job (KB)
...
006 (605417.050.000) 02/28 06:35:18 Image size of job updated: 282
	282  -  MemoryUsage of job (MB)
	289640  -  ResidentSetSize of job (KB)
...
006 (605417.050.000) 02/28 06:36:19 Image size of job updated: 282
	282  -  MemoryUsage of job (MB)
	289764  -  ResidentSetSize of job (KB)
...
006 (605417.050.000) 02/28 06:37:20 Image size of job updated: 284
	284  -  MemoryUsage of job (MB)
	290896  -  ResidentSetSize of job (KB)
...
006 (605417.050.000) 02/28 06:38:22 Image size of job updated: 284
	284  -  MemoryUsage of job (MB)
	291340  -  ResidentSetSize of job (KB)
...
006 (605417.050.000) 02/28 06:39:22 Image size of job updated: 284
	284  -  MemoryUsage of job (MB)
	291408  -  ResidentSetSize of job (KB)
...
006 (605417.050.000) 02/28 06:40:22 Image size of job updated: 285
	285  -  MemoryUsage of job (MB)
	292068  -  ResidentSetSize of job (KB)
...
006 (605417.050.000) 02/28 06:41:22 Image size of job updated: 285
	285  -  MemoryUsage of job (MB)
	292100  -  ResidentSetSize of job (KB)
...
006 (605417.050.000) 02/28 06:42:22 Image size of job updated: 285
	285  -  MemoryUsage of job (MB)
	292104  -  ResidentSetSize of job (KB)
...
006 (605417.050.000) 02/28 06:43:22 Image size of job updated: 285
	285  -  MemoryUsage of job (MB)
	292336  -  ResidentSetSize of job (KB)
...
006 (605417.050.000) 02/28 06:44:23 Image size of job updated: 285
	285  -  MemoryUsage of job (MB)
	292392  -  ResidentSetSize of job (KB)
...
006 (605417.050.000) 02/28 06:45:24 Image size of job updated: 285
	285  -  MemoryUsage of job (MB)
	292400  -  ResidentSetSize of job (KB)
...
006 (605417.050.000) 02/28 06:47:25 Image size of job updated: 285
	285  -  MemoryUsage of job (MB)
	292408  -  ResidentSetSize of job (KB)
...
006 (605417.050.000) 02/28 06:49:25 Image size of job updated: 285
	285  -  MemoryUsage of job (MB)
	292420  -  ResidentSetSize of job (KB)
...
006 (605417.050.000) 02/28 06:50:25 Image size of job updated: 285
	285  -  MemoryUsage of job (MB)
	292500  -  ResidentSetSize of job (KB)
...
006 (605417.050.000) 02/28 06:51:26 Image size of job updated: 285
	285  -  MemoryUsage of job (MB)
	292728  -  ResidentSetSize of job (KB)
...
006 (605417.050.000) 02/28 06:52:27 Image size of job updated: 285
	285  -  MemoryUsage of job (MB)
	292804  -  ResidentSetSize of job (KB)
...
006 (605417.050.000) 02/28 06:53:28 Image size of job updated: 286
	286  -  MemoryUsage of job (MB)
	292864  -  ResidentSetSize of job (KB)
...
006 (605417.050.000) 02/28 06:54:30 Image size of job updated: 286
	286  -  MemoryUsage of job (MB)
	292868  -  ResidentSetSize of job (KB)
...
006 (605417.050.000) 02/28 06:55:30 Image size of job updated: 286
	286  -  MemoryUsage of job (MB)
	292956  -  ResidentSetSize of job (KB)
...
006 (605417.050.000) 02/28 06:56:30 Image size of job updated: 286
	286  -  MemoryUsage of job (MB)
	292964  -  ResidentSetSize of job (KB)
...
006 (605417.050.000) 02/28 06:59:30 Image size of job updated: 286
	286  -  MemoryUsage of job (MB)
	292972  -  ResidentSetSize of job (KB)
...
006 (605417.050.000) 02/28 07:01:32 Image size of job updated: 286
	286  -  MemoryUsage of job (MB)
	292988  -  ResidentSetSize of job (KB)
...
006 (605417.050.000) 02/28 07:02:33 Image size of job updated: 286
	286  -  MemoryUsage of job (MB)
	293056  -  ResidentSetSize of job (KB)
...
006 (605417.050.000) 02/28 07:03:35 Image size of job updated: 286
	286  -  MemoryUsage of job (MB)
	293060  -  ResidentSetSize of job (KB)
...
006 (605417.050.000) 02/28 07:08:36 Image size of job updated: 286
	286  -  MemoryUsage of job (MB)
	293084  -  ResidentSetSize of job (KB)
...
006 (605417.050.000) 02/28 07:10:21 Image size of job updated: 286
	286  -  MemoryUsage of job (MB)
	293092  -  ResidentSetSize of job (KB)
...
005 (605417.050.000) 02/28 07:10:24 Job terminated.
	(1) Normal termination (return value 0)
		Usr 0 00:34:09, Sys 0 00:01:46  -  Run Remote Usage
		Usr 0 00:00:00, Sys 0 00:00:00  -  Run Local Usage
		Usr 0 00:34:09, Sys 0 00:01:46  -  Total Remote Usage
		Usr 0 00:00:00, Sys 0 00:00:00  -  Total Local Usage
	41766  -  Run Bytes Sent By Job
	14407  -  Run Bytes Received By Job
	41766  -  Total Bytes Sent By Job
	14407  -  Total Bytes Received By Job
	Partitionable Resources :    Usage  Request Allocated 
	   Cpus                 :        0        1         1 
	   Disk (KB)            :       74        7    317262 
	   Memory (MB)          :      286     2048      2048 
...
