000 (605417.054.000) 02/28 06:23:37 Job submitted from host: <131.225.188.55:9618?addrs=131.225.188.55-9618&noUDP&sock=1689_178c_3>
...
001 (605417.054.000) 02/28 06:27:08 Job executing on host: <131.225.188.21:9618?addrs=131.225.188.21-9618&noUDP&sock=6402_d167_3>
...
006 (605417.054.000) 02/28 06:27:17 Image size of job updated: 2
	0  -  MemoryUsage of job (MB)
	640  -  ResidentSetSize of job (KB)
...
006 (605417.054.000) 02/28 06:28:17 Image size of job updated: 217
	217  -  MemoryUsage of job (MB)
	222308  -  ResidentSetSize of job (KB)
...
006 (605417.054.000) 02/28 06:30:17 Image size of job updated: 218
	218  -  MemoryUsage of job (MB)
	223508  -  ResidentSetSize of job (KB)
...
006 (605417.054.000) 02/28 06:31:17 Image size of job updated: 218
	217  -  MemoryUsage of job (MB)
	223508  -  ResidentSetSize of job (KB)
...
006 (605417.054.000) 02/28 06:32:17 Image size of job updated: 231
	231  -  MemoryUsage of job (MB)
	237528  -  ResidentSetSize of job (KB)
...
006 (605417.054.000) 02/28 06:33:18 Image size of job updated: 263
	263  -  MemoryUsage of job (MB)
	269536  -  ResidentSetSize of job (KB)
...
006 (605417.054.000) 02/28 06:34:19 Image size of job updated: 275
	275  -  MemoryUsage of job (MB)
	281800  -  ResidentSetSize of job (KB)
...
006 (605417.054.000) 02/28 06:35:20 Image size of job updated: 286
	286  -  MemoryUsage of job (MB)
	293252  -  ResidentSetSize of job (KB)
...
006 (605417.054.000) 02/28 06:36:21 Image size of job updated: 286
	286  -  MemoryUsage of job (MB)
	293264  -  ResidentSetSize of job (KB)
...
006 (605417.054.000) 02/28 06:37:22 Image size of job updated: 288
	288  -  MemoryUsage of job (MB)
	295192  -  ResidentSetSize of job (KB)
...
006 (605417.054.000) 02/28 06:38:22 Image size of job updated: 288
	288  -  MemoryUsage of job (MB)
	295196  -  ResidentSetSize of job (KB)
...
006 (605417.054.000) 02/28 06:39:22 Image size of job updated: 289
	289  -  MemoryUsage of job (MB)
	296068  -  ResidentSetSize of job (KB)
...
006 (605417.054.000) 02/28 06:40:23 Image size of job updated: 289
	289  -  MemoryUsage of job (MB)
	296192  -  ResidentSetSize of job (KB)
...
006 (605417.054.000) 02/28 06:41:23 Image size of job updated: 289
	289  -  MemoryUsage of job (MB)
	296212  -  ResidentSetSize of job (KB)
...
006 (605417.054.000) 02/28 06:42:24 Image size of job updated: 289
	289  -  MemoryUsage of job (MB)
	296272  -  ResidentSetSize of job (KB)
...
006 (605417.054.000) 02/28 06:43:25 Image size of job updated: 289
	289  -  MemoryUsage of job (MB)
	296280  -  ResidentSetSize of job (KB)
...
006 (605417.054.000) 02/28 06:44:26 Image size of job updated: 289
	289  -  MemoryUsage of job (MB)
	296284  -  ResidentSetSize of job (KB)
...
006 (605417.054.000) 02/28 06:45:26 Image size of job updated: 289
	289  -  MemoryUsage of job (MB)
	296320  -  ResidentSetSize of job (KB)
...
006 (605417.054.000) 02/28 06:46:27 Image size of job updated: 289
	289  -  MemoryUsage of job (MB)
	296324  -  ResidentSetSize of job (KB)
...
006 (605417.054.000) 02/28 06:47:28 Image size of job updated: 289
	289  -  MemoryUsage of job (MB)
	296384  -  ResidentSetSize of job (KB)
...
006 (605417.054.000) 02/28 06:51:30 Image size of job updated: 289
	289  -  MemoryUsage of job (MB)
	296392  -  ResidentSetSize of job (KB)
...
006 (605417.054.000) 02/28 06:54:33 Image size of job updated: 289
	289  -  MemoryUsage of job (MB)
	296440  -  ResidentSetSize of job (KB)
...
006 (605417.054.000) 02/28 06:55:34 Image size of job updated: 289
	289  -  MemoryUsage of job (MB)
	296444  -  ResidentSetSize of job (KB)
...
006 (605417.054.000) 02/28 06:56:34 Image size of job updated: 289
	289  -  MemoryUsage of job (MB)
	296448  -  ResidentSetSize of job (KB)
...
006 (605417.054.000) 02/28 06:57:34 Image size of job updated: 289
	289  -  MemoryUsage of job (MB)
	296480  -  ResidentSetSize of job (KB)
...
006 (605417.054.000) 02/28 06:58:34 Image size of job updated: 289
	289  -  MemoryUsage of job (MB)
	296492  -  ResidentSetSize of job (KB)
...
006 (605417.054.000) 02/28 06:59:34 Image size of job updated: 289
	289  -  MemoryUsage of job (MB)
	296512  -  ResidentSetSize of job (KB)
...
006 (605417.054.000) 02/28 07:00:35 Image size of job updated: 289
	289  -  MemoryUsage of job (MB)
	296620  -  ResidentSetSize of job (KB)
...
006 (605417.054.000) 02/28 07:02:37 Image size of job updated: 289
	289  -  MemoryUsage of job (MB)
	296624  -  ResidentSetSize of job (KB)
...
006 (605417.054.000) 02/28 07:04:37 Image size of job updated: 289
	289  -  MemoryUsage of job (MB)
	296636  -  ResidentSetSize of job (KB)
...
006 (605417.054.000) 02/28 07:05:37 Image size of job updated: 289
	289  -  MemoryUsage of job (MB)
	296640  -  ResidentSetSize of job (KB)
...
006 (605417.054.000) 02/28 07:09:39 Image size of job updated: 289
	289  -  MemoryUsage of job (MB)
	296656  -  ResidentSetSize of job (KB)
...
006 (605417.054.000) 02/28 07:10:39 Image size of job updated: 289
	289  -  MemoryUsage of job (MB)
	296744  -  ResidentSetSize of job (KB)
...
006 (605417.054.000) 02/28 07:19:44 Image size of job updated: 289
	289  -  MemoryUsage of job (MB)
	296748  -  ResidentSetSize of job (KB)
...
006 (605417.054.000) 02/28 07:20:44 Image size of job updated: 289
	289  -  MemoryUsage of job (MB)
	296752  -  ResidentSetSize of job (KB)
...
006 (605417.054.000) 02/28 07:24:47 Image size of job updated: 289
	289  -  MemoryUsage of job (MB)
	296756  -  ResidentSetSize of job (KB)
...
006 (605417.054.000) 02/28 07:29:49 Image size of job updated: 289
	289  -  MemoryUsage of job (MB)
	296804  -  ResidentSetSize of job (KB)
...
006 (605417.054.000) 02/28 07:33:52 Image size of job updated: 289
	289  -  MemoryUsage of job (MB)
	296808  -  ResidentSetSize of job (KB)
...
006 (605417.054.000) 02/28 07:41:56 Image size of job updated: 289
	289  -  MemoryUsage of job (MB)
	296816  -  ResidentSetSize of job (KB)
...
006 (605417.054.000) 02/28 07:44:58 Image size of job updated: 289
	289  -  MemoryUsage of job (MB)
	296820  -  ResidentSetSize of job (KB)
...
006 (605417.054.000) 02/28 07:46:59 Image size of job updated: 289
	289  -  MemoryUsage of job (MB)
	296824  -  ResidentSetSize of job (KB)
...
006 (605417.054.000) 02/28 07:48:59 Image size of job updated: 289
	289  -  MemoryUsage of job (MB)
	296828  -  ResidentSetSize of job (KB)
...
006 (605417.054.000) 02/28 07:56:04 Image size of job updated: 289
	289  -  MemoryUsage of job (MB)
	296832  -  ResidentSetSize of job (KB)
...
006 (605417.054.000) 02/28 07:58:04 Image size of job updated: 289
	289  -  MemoryUsage of job (MB)
	296836  -  ResidentSetSize of job (KB)
...
005 (605417.054.000) 02/28 08:03:55 Job terminated.
	(1) Normal termination (return value 0)
		Usr 0 01:05:26, Sys 0 00:04:36  -  Run Remote Usage
		Usr 0 00:00:00, Sys 0 00:00:00  -  Run Local Usage
		Usr 0 01:05:26, Sys 0 00:04:36  -  Total Remote Usage
		Usr 0 00:00:00, Sys 0 00:00:00  -  Total Local Usage
	53694  -  Run Bytes Sent By Job
	14407  -  Run Bytes Received By Job
	53694  -  Total Bytes Sent By Job
	14407  -  Total Bytes Received By Job
	Partitionable Resources :    Usage  Request Allocated 
	   Cpus                 :     0.00        1         1 
	   Disk (KB)            :    97           7   1630162 
	   Memory (MB)          :   289        2048      2048 
...
