000 (605417.048.000) 02/28 06:23:37 Job submitted from host: <131.225.188.55:9618?addrs=131.225.188.55-9618&noUDP&sock=1689_178c_3>
...
001 (605417.048.000) 02/28 06:27:06 Job executing on host: <131.225.191.181:9618?addrs=131.225.191.181-9618&noUDP&sock=2944_eae8_3>
...
006 (605417.048.000) 02/28 06:27:15 Image size of job updated: 2
	1  -  MemoryUsage of job (MB)
	1720  -  ResidentSetSize of job (KB)
...
006 (605417.048.000) 02/28 06:28:16 Image size of job updated: 217
	217  -  MemoryUsage of job (MB)
	222908  -  ResidentSetSize of job (KB)
...
006 (605417.048.000) 02/28 06:29:17 Image size of job updated: 217
	217  -  MemoryUsage of job (MB)
	223064  -  ResidentSetSize of job (KB)
...
006 (605417.048.000) 02/28 06:30:18 Image size of job updated: 278
	278  -  MemoryUsage of job (MB)
	285288  -  ResidentSetSize of job (KB)
...
006 (605417.048.000) 02/28 06:31:18 Image size of job updated: 281
	281  -  MemoryUsage of job (MB)
	288612  -  ResidentSetSize of job (KB)
...
006 (605417.048.000) 02/28 06:32:19 Image size of job updated: 282
	282  -  MemoryUsage of job (MB)
	289040  -  ResidentSetSize of job (KB)
...
006 (605417.048.000) 02/28 06:33:20 Image size of job updated: 282
	282  -  MemoryUsage of job (MB)
	289216  -  ResidentSetSize of job (KB)
...
006 (605417.048.000) 02/28 06:34:21 Image size of job updated: 282
	282  -  MemoryUsage of job (MB)
	289240  -  ResidentSetSize of job (KB)
...
006 (605417.048.000) 02/28 06:35:23 Image size of job updated: 282
	282  -  MemoryUsage of job (MB)
	289268  -  ResidentSetSize of job (KB)
...
006 (605417.048.000) 02/28 06:36:23 Image size of job updated: 282
	282  -  MemoryUsage of job (MB)
	289320  -  ResidentSetSize of job (KB)
...
006 (605417.048.000) 02/28 06:37:23 Image size of job updated: 282
	282  -  MemoryUsage of job (MB)
	289336  -  ResidentSetSize of job (KB)
...
006 (605417.048.000) 02/28 06:38:23 Image size of job updated: 282
	282  -  MemoryUsage of job (MB)
	289472  -  ResidentSetSize of job (KB)
...
006 (605417.048.000) 02/28 06:39:23 Image size of job updated: 282
	282  -  MemoryUsage of job (MB)
	289532  -  ResidentSetSize of job (KB)
...
006 (605417.048.000) 02/28 06:40:23 Image size of job updated: 282
	282  -  MemoryUsage of job (MB)
	289556  -  ResidentSetSize of job (KB)
...
006 (605417.048.000) 02/28 06:41:24 Image size of job updated: 282
	282  -  MemoryUsage of job (MB)
	289612  -  ResidentSetSize of job (KB)
...
006 (605417.048.000) 02/28 06:42:25 Image size of job updated: 282
	282  -  MemoryUsage of job (MB)
	289636  -  ResidentSetSize of job (KB)
...
006 (605417.048.000) 02/28 06:43:26 Image size of job updated: 282
	282  -  MemoryUsage of job (MB)
	289668  -  ResidentSetSize of job (KB)
...
006 (605417.048.000) 02/28 06:44:27 Image size of job updated: 282
	282  -  MemoryUsage of job (MB)
	289748  -  ResidentSetSize of job (KB)
...
006 (605417.048.000) 02/28 06:45:27 Image size of job updated: 283
	283  -  MemoryUsage of job (MB)
	289964  -  ResidentSetSize of job (KB)
...
006 (605417.048.000) 02/28 06:46:27 Image size of job updated: 283
	283  -  MemoryUsage of job (MB)
	289988  -  ResidentSetSize of job (KB)
...
006 (605417.048.000) 02/28 06:47:27 Image size of job updated: 283
	283  -  MemoryUsage of job (MB)
	290000  -  ResidentSetSize of job (KB)
...
006 (605417.048.000) 02/28 06:47:58 Image size of job updated: 283
	283  -  MemoryUsage of job (MB)
	290012  -  ResidentSetSize of job (KB)
...
005 (605417.048.000) 02/28 06:48:01 Job terminated.
	(1) Normal termination (return value 0)
		Usr 0 00:15:36, Sys 0 00:00:50  -  Run Remote Usage
		Usr 0 00:00:00, Sys 0 00:00:00  -  Run Local Usage
		Usr 0 00:15:36, Sys 0 00:00:50  -  Total Remote Usage
		Usr 0 00:00:00, Sys 0 00:00:00  -  Total Local Usage
	30778  -  Run Bytes Sent By Job
	14407  -  Run Bytes Received By Job
	30778  -  Total Bytes Sent By Job
	14407  -  Total Bytes Received By Job
	Partitionable Resources :    Usage  Request Allocated 
	   Cpus                 :        0        1         1 
	   Disk (KB)            :       64        7    312097 
	   Memory (MB)          :      283     2048      2048 
...
