000 (605417.049.000) 02/28 06:23:37 Job submitted from host: <131.225.188.55:9618?addrs=131.225.188.55-9618&noUDP&sock=1689_178c_3>
...
001 (605417.049.000) 02/28 06:27:06 Job executing on host: <131.225.205.219:9618?addrs=131.225.205.219-9618&noUDP&sock=4473_af36_3>
...
006 (605417.049.000) 02/28 06:27:15 Image size of job updated: 2
	2  -  MemoryUsage of job (MB)
	2324  -  ResidentSetSize of job (KB)
...
006 (605417.049.000) 02/28 06:28:16 Image size of job updated: 217
	217  -  MemoryUsage of job (MB)
	222960  -  ResidentSetSize of job (KB)
...
006 (605417.049.000) 02/28 06:29:17 Image size of job updated: 217
	217  -  MemoryUsage of job (MB)
	223144  -  ResidentSetSize of job (KB)
...
006 (605417.049.000) 02/28 06:30:17 Image size of job updated: 218
	218  -  MemoryUsage of job (MB)
	223324  -  ResidentSetSize of job (KB)
...
006 (605417.049.000) 02/28 06:31:17 Image size of job updated: 263
	263  -  MemoryUsage of job (MB)
	270312  -  ResidentSetSize of job (KB)
...
006 (605417.049.000) 02/28 06:32:18 Image size of job updated: 277
	277  -  MemoryUsage of job (MB)
	284424  -  ResidentSetSize of job (KB)
...
006 (605417.049.000) 02/28 06:33:18 Image size of job updated: 279
	279  -  MemoryUsage of job (MB)
	285776  -  ResidentSetSize of job (KB)
...
006 (605417.049.000) 02/28 06:34:18 Image size of job updated: 280
	280  -  MemoryUsage of job (MB)
	287464  -  ResidentSetSize of job (KB)
...
006 (605417.049.000) 02/28 06:35:19 Image size of job updated: 281
	281  -  MemoryUsage of job (MB)
	287924  -  ResidentSetSize of job (KB)
...
006 (605417.049.000) 02/28 06:36:19 Image size of job updated: 281
	281  -  MemoryUsage of job (MB)
	287996  -  ResidentSetSize of job (KB)
...
006 (605417.049.000) 02/28 06:37:19 Image size of job updated: 281
	281  -  MemoryUsage of job (MB)
	288016  -  ResidentSetSize of job (KB)
...
006 (605417.049.000) 02/28 06:38:20 Image size of job updated: 281
	281  -  MemoryUsage of job (MB)
	288344  -  ResidentSetSize of job (KB)
...
006 (605417.049.000) 02/28 06:39:20 Image size of job updated: 281
	281  -  MemoryUsage of job (MB)
	288440  -  ResidentSetSize of job (KB)
...
006 (605417.049.000) 02/28 06:41:21 Image size of job updated: 281
	281  -  MemoryUsage of job (MB)
	288452  -  ResidentSetSize of job (KB)
...
006 (605417.049.000) 02/28 06:42:21 Image size of job updated: 281
	281  -  MemoryUsage of job (MB)
	288472  -  ResidentSetSize of job (KB)
...
006 (605417.049.000) 02/28 06:43:22 Image size of job updated: 281
	281  -  MemoryUsage of job (MB)
	288500  -  ResidentSetSize of job (KB)
...
006 (605417.049.000) 02/28 06:44:22 Image size of job updated: 281
	281  -  MemoryUsage of job (MB)
	288520  -  ResidentSetSize of job (KB)
...
006 (605417.049.000) 02/28 06:45:23 Image size of job updated: 281
	281  -  MemoryUsage of job (MB)
	288536  -  ResidentSetSize of job (KB)
...
006 (605417.049.000) 02/28 06:46:24 Image size of job updated: 281
	281  -  MemoryUsage of job (MB)
	288556  -  ResidentSetSize of job (KB)
...
006 (605417.049.000) 02/28 06:48:24 Image size of job updated: 282
	282  -  MemoryUsage of job (MB)
	288852  -  ResidentSetSize of job (KB)
...
006 (605417.049.000) 02/28 06:49:25 Image size of job updated: 282
	282  -  MemoryUsage of job (MB)
	288904  -  ResidentSetSize of job (KB)
...
006 (605417.049.000) 02/28 06:50:25 Image size of job updated: 282
	282  -  MemoryUsage of job (MB)
	288912  -  ResidentSetSize of job (KB)
...
006 (605417.049.000) 02/28 06:51:26 Image size of job updated: 282
	282  -  MemoryUsage of job (MB)
	288948  -  ResidentSetSize of job (KB)
...
006 (605417.049.000) 02/28 06:52:27 Image size of job updated: 282
	282  -  MemoryUsage of job (MB)
	288960  -  ResidentSetSize of job (KB)
...
006 (605417.049.000) 02/28 06:53:27 Image size of job updated: 282
	282  -  MemoryUsage of job (MB)
	288980  -  ResidentSetSize of job (KB)
...
006 (605417.049.000) 02/28 06:54:28 Image size of job updated: 282
	282  -  MemoryUsage of job (MB)
	289012  -  ResidentSetSize of job (KB)
...
006 (605417.049.000) 02/28 06:55:28 Image size of job updated: 282
	282  -  MemoryUsage of job (MB)
	289032  -  ResidentSetSize of job (KB)
...
006 (605417.049.000) 02/28 06:56:29 Image size of job updated: 282
	282  -  MemoryUsage of job (MB)
	289056  -  ResidentSetSize of job (KB)
...
006 (605417.049.000) 02/28 06:57:29 Image size of job updated: 282
	282  -  MemoryUsage of job (MB)
	289060  -  ResidentSetSize of job (KB)
...
006 (605417.049.000) 02/28 06:58:30 Image size of job updated: 282
	282  -  MemoryUsage of job (MB)
	289068  -  ResidentSetSize of job (KB)
...
006 (605417.049.000) 02/28 06:59:30 Image size of job updated: 282
	282  -  MemoryUsage of job (MB)
	289088  -  ResidentSetSize of job (KB)
...
006 (605417.049.000) 02/28 07:00:30 Image size of job updated: 282
	282  -  MemoryUsage of job (MB)
	289116  -  ResidentSetSize of job (KB)
...
006 (605417.049.000) 02/28 07:01:31 Image size of job updated: 282
	282  -  MemoryUsage of job (MB)
	289140  -  ResidentSetSize of job (KB)
...
006 (605417.049.000) 02/28 07:02:31 Image size of job updated: 282
	282  -  MemoryUsage of job (MB)
	289160  -  ResidentSetSize of job (KB)
...
006 (605417.049.000) 02/28 07:03:32 Image size of job updated: 282
	282  -  MemoryUsage of job (MB)
	289168  -  ResidentSetSize of job (KB)
...
006 (605417.049.000) 02/28 07:04:33 Image size of job updated: 282
	282  -  MemoryUsage of job (MB)
	289172  -  ResidentSetSize of job (KB)
...
006 (605417.049.000) 02/28 07:05:33 Image size of job updated: 282
	282  -  MemoryUsage of job (MB)
	289200  -  ResidentSetSize of job (KB)
...
006 (605417.049.000) 02/28 07:06:34 Image size of job updated: 282
	282  -  MemoryUsage of job (MB)
	289300  -  ResidentSetSize of job (KB)
...
006 (605417.049.000) 02/28 07:07:34 Image size of job updated: 282
	282  -  MemoryUsage of job (MB)
	289348  -  ResidentSetSize of job (KB)
...
006 (605417.049.000) 02/28 07:08:34 Image size of job updated: 282
	282  -  MemoryUsage of job (MB)
	289684  -  ResidentSetSize of job (KB)
...
006 (605417.049.000) 02/28 07:09:35 Image size of job updated: 282
	282  -  MemoryUsage of job (MB)
	289736  -  ResidentSetSize of job (KB)
...
006 (605417.049.000) 02/28 07:10:35 Image size of job updated: 283
	283  -  MemoryUsage of job (MB)
	289796  -  ResidentSetSize of job (KB)
...
006 (605417.049.000) 02/28 07:11:36 Image size of job updated: 283
	283  -  MemoryUsage of job (MB)
	290000  -  ResidentSetSize of job (KB)
...
006 (605417.049.000) 02/28 07:12:36 Image size of job updated: 283
	283  -  MemoryUsage of job (MB)
	290024  -  ResidentSetSize of job (KB)
...
006 (605417.049.000) 02/28 07:13:36 Image size of job updated: 283
	283  -  MemoryUsage of job (MB)
	290028  -  ResidentSetSize of job (KB)
...
006 (605417.049.000) 02/28 07:15:37 Image size of job updated: 283
	283  -  MemoryUsage of job (MB)
	290040  -  ResidentSetSize of job (KB)
...
006 (605417.049.000) 02/28 07:16:38 Image size of job updated: 283
	283  -  MemoryUsage of job (MB)
	290052  -  ResidentSetSize of job (KB)
...
006 (605417.049.000) 02/28 07:17:39 Image size of job updated: 283
	283  -  MemoryUsage of job (MB)
	290064  -  ResidentSetSize of job (KB)
...
006 (605417.049.000) 02/28 07:18:39 Image size of job updated: 283
	283  -  MemoryUsage of job (MB)
	290068  -  ResidentSetSize of job (KB)
...
006 (605417.049.000) 02/28 07:19:40 Image size of job updated: 283
	283  -  MemoryUsage of job (MB)
	290092  -  ResidentSetSize of job (KB)
...
005 (605417.049.000) 02/28 07:20:04 Job terminated.
	(1) Normal termination (return value 0)
		Usr 0 00:41:38, Sys 0 00:01:54  -  Run Remote Usage
		Usr 0 00:00:00, Sys 0 00:00:00  -  Run Local Usage
		Usr 0 00:41:38, Sys 0 00:01:54  -  Total Remote Usage
		Usr 0 00:00:00, Sys 0 00:00:00  -  Total Local Usage
	46045  -  Run Bytes Sent By Job
	14407  -  Run Bytes Received By Job
	46045  -  Total Bytes Sent By Job
	14407  -  Total Bytes Received By Job
	Partitionable Resources :    Usage  Request Allocated 
	   Cpus                 :     0.01        1         1 
	   Disk (KB)            :    81           7   1681302 
	   Memory (MB)          :   283        2048      2048 
...
