000 (605417.047.000) 02/28 06:23:37 Job submitted from host: <131.225.188.55:9618?addrs=131.225.188.55-9618&noUDP&sock=1689_178c_3>
...
001 (605417.047.000) 02/28 06:26:17 Job executing on host: <131.225.188.68:9618?addrs=131.225.188.68-9618&noUDP&sock=1838_4b29_87>
...
006 (605417.047.000) 02/28 06:27:27 Image size of job updated: 202
	202  -  MemoryUsage of job (MB)
	207200  -  ResidentSetSize of job (KB)
...
006 (605417.047.000) 02/28 06:28:28 Image size of job updated: 215
	215  -  MemoryUsage of job (MB)
	220928  -  ResidentSetSize of job (KB)
...
006 (605417.047.000) 02/28 06:30:28 Image size of job updated: 261
	261  -  MemoryUsage of job (MB)
	267788  -  ResidentSetSize of job (KB)
...
006 (605417.047.000) 02/28 06:31:28 Image size of job updated: 274
	274  -  MemoryUsage of job (MB)
	281252  -  ResidentSetSize of job (KB)
...
006 (605417.047.000) 02/28 06:32:29 Image size of job updated: 275
	275  -  MemoryUsage of job (MB)
	281912  -  ResidentSetSize of job (KB)
...
006 (605417.047.000) 02/28 06:33:30 Image size of job updated: 277
	277  -  MemoryUsage of job (MB)
	284156  -  ResidentSetSize of job (KB)
...
006 (605417.047.000) 02/28 06:34:31 Image size of job updated: 279
	279  -  MemoryUsage of job (MB)
	286532  -  ResidentSetSize of job (KB)
...
006 (605417.047.000) 02/28 06:35:32 Image size of job updated: 280
	280  -  MemoryUsage of job (MB)
	287192  -  ResidentSetSize of job (KB)
...
006 (605417.047.000) 02/28 06:36:33 Image size of job updated: 281
	281  -  MemoryUsage of job (MB)
	287984  -  ResidentSetSize of job (KB)
...
006 (605417.047.000) 02/28 06:37:34 Image size of job updated: 282
	282  -  MemoryUsage of job (MB)
	288908  -  ResidentSetSize of job (KB)
...
006 (605417.047.000) 02/28 06:38:35 Image size of job updated: 282
	282  -  MemoryUsage of job (MB)
	289436  -  ResidentSetSize of job (KB)
...
006 (605417.047.000) 02/28 06:39:36 Image size of job updated: 283
	283  -  MemoryUsage of job (MB)
	290360  -  ResidentSetSize of job (KB)
...
006 (605417.047.000) 02/28 06:40:37 Image size of job updated: 284
	284  -  MemoryUsage of job (MB)
	290888  -  ResidentSetSize of job (KB)
...
006 (605417.047.000) 02/28 06:41:38 Image size of job updated: 284
	284  -  MemoryUsage of job (MB)
	291680  -  ResidentSetSize of job (KB)
...
006 (605417.047.000) 02/28 06:42:39 Image size of job updated: 285
	285  -  MemoryUsage of job (MB)
	292604  -  ResidentSetSize of job (KB)
...
006 (605417.047.000) 02/28 06:43:40 Image size of job updated: 286
	286  -  MemoryUsage of job (MB)
	293264  -  ResidentSetSize of job (KB)
...
006 (605417.047.000) 02/28 06:44:41 Image size of job updated: 286
	286  -  MemoryUsage of job (MB)
	293660  -  ResidentSetSize of job (KB)
...
006 (605417.047.000) 02/28 06:45:41 Image size of job updated: 287
	287  -  MemoryUsage of job (MB)
	294320  -  ResidentSetSize of job (KB)
...
006 (605417.047.000) 02/28 06:46:42 Image size of job updated: 288
	288  -  MemoryUsage of job (MB)
	294980  -  ResidentSetSize of job (KB)
...
006 (605417.047.000) 02/28 06:47:43 Image size of job updated: 288
	288  -  MemoryUsage of job (MB)
	295904  -  ResidentSetSize of job (KB)
...
006 (605417.047.000) 02/28 06:48:45 Image size of job updated: 289
	289  -  MemoryUsage of job (MB)
	296564  -  ResidentSetSize of job (KB)
...
006 (605417.047.000) 02/28 06:49:45 Image size of job updated: 289
	289  -  MemoryUsage of job (MB)
	296828  -  ResidentSetSize of job (KB)
...
006 (605417.047.000) 02/28 06:50:46 Image size of job updated: 290
	290  -  MemoryUsage of job (MB)
	297224  -  ResidentSetSize of job (KB)
...
006 (605417.047.000) 02/28 06:51:46 Image size of job updated: 290
	290  -  MemoryUsage of job (MB)
	297752  -  ResidentSetSize of job (KB)
...
006 (605417.047.000) 02/28 06:52:48 Image size of job updated: 291
	291  -  MemoryUsage of job (MB)
	298544  -  ResidentSetSize of job (KB)
...
006 (605417.047.000) 02/28 06:53:48 Image size of job updated: 292
	292  -  MemoryUsage of job (MB)
	299204  -  ResidentSetSize of job (KB)
...
006 (605417.047.000) 02/28 06:54:48 Image size of job updated: 293
	293  -  MemoryUsage of job (MB)
	300260  -  ResidentSetSize of job (KB)
...
006 (605417.047.000) 02/28 06:55:48 Image size of job updated: 293
	293  -  MemoryUsage of job (MB)
	300656  -  ResidentSetSize of job (KB)
...
006 (605417.047.000) 02/28 06:56:48 Image size of job updated: 294
	294  -  MemoryUsage of job (MB)
	301184  -  ResidentSetSize of job (KB)
...
006 (605417.047.000) 02/28 06:57:48 Image size of job updated: 294
	294  -  MemoryUsage of job (MB)
	301844  -  ResidentSetSize of job (KB)
...
006 (605417.047.000) 02/28 06:58:48 Image size of job updated: 294
	294  -  MemoryUsage of job (MB)
	301976  -  ResidentSetSize of job (KB)
...
006 (605417.047.000) 02/28 07:02:49 Image size of job updated: 295
	295  -  MemoryUsage of job (MB)
	302108  -  ResidentSetSize of job (KB)
...
005 (605417.047.000) 02/28 07:16:59 Job terminated.
	(1) Normal termination (return value 0)
		Usr 0 00:37:23, Sys 0 00:02:01  -  Run Remote Usage
		Usr 0 00:00:00, Sys 0 00:00:00  -  Run Local Usage
		Usr 0 00:37:23, Sys 0 00:02:01  -  Total Remote Usage
		Usr 0 00:00:00, Sys 0 00:00:00  -  Total Local Usage
	35043  -  Run Bytes Sent By Job
	14407  -  Run Bytes Received By Job
	35043  -  Total Bytes Sent By Job
	14407  -  Total Bytes Received By Job
	Partitionable Resources :    Usage  Request Allocated 
	   Cpus                 :     0.00        1         1 
	   Disk (KB)            :    78           7   1622959 
	   Memory (MB)          :   295        2048      2048 
...
