000 (605417.138.000) 02/28 06:23:39 Job submitted from host: <131.225.188.55:9618?addrs=131.225.188.55-9618&noUDP&sock=1689_178c_3>
...
001 (605417.138.000) 02/28 06:29:22 Job executing on host: <131.225.191.222:9618?addrs=131.225.191.222-9618&noUDP&sock=37306_6439_3>
...
006 (605417.138.000) 02/28 06:29:30 Image size of job updated: 2
	1  -  MemoryUsage of job (MB)
	1736  -  ResidentSetSize of job (KB)
...
006 (605417.138.000) 02/28 06:30:31 Image size of job updated: 225
	225  -  MemoryUsage of job (MB)
	230432  -  ResidentSetSize of job (KB)
...
006 (605417.138.000) 02/28 06:31:32 Image size of job updated: 225
	225  -  MemoryUsage of job (MB)
	230508  -  ResidentSetSize of job (KB)
...
006 (605417.138.000) 02/28 06:32:32 Image size of job updated: 225
	225  -  MemoryUsage of job (MB)
	230512  -  ResidentSetSize of job (KB)
...
006 (605417.138.000) 02/28 06:33:33 Image size of job updated: 225
	225  -  MemoryUsage of job (MB)
	230544  -  ResidentSetSize of job (KB)
...
006 (605417.138.000) 02/28 06:34:33 Image size of job updated: 225
	225  -  MemoryUsage of job (MB)
	230552  -  ResidentSetSize of job (KB)
...
006 (605417.138.000) 02/28 06:35:33 Image size of job updated: 225
	225  -  MemoryUsage of job (MB)
	230564  -  ResidentSetSize of job (KB)
...
006 (605417.138.000) 02/28 06:36:33 Image size of job updated: 225
	225  -  MemoryUsage of job (MB)
	230568  -  ResidentSetSize of job (KB)
...
006 (605417.138.000) 02/28 06:37:34 Image size of job updated: 225
	225  -  MemoryUsage of job (MB)
	230572  -  ResidentSetSize of job (KB)
...
006 (605417.138.000) 02/28 06:39:35 Image size of job updated: 225
	225  -  MemoryUsage of job (MB)
	230584  -  ResidentSetSize of job (KB)
...
006 (605417.138.000) 02/28 06:40:36 Image size of job updated: 225
	225  -  MemoryUsage of job (MB)
	230588  -  ResidentSetSize of job (KB)
...
006 (605417.138.000) 02/28 06:41:37 Image size of job updated: 225
	225  -  MemoryUsage of job (MB)
	230596  -  ResidentSetSize of job (KB)
...
006 (605417.138.000) 02/28 06:42:38 Image size of job updated: 225
	225  -  MemoryUsage of job (MB)
	230600  -  ResidentSetSize of job (KB)
...
006 (605417.138.000) 02/28 06:43:38 Image size of job updated: 225
	225  -  MemoryUsage of job (MB)
	230604  -  ResidentSetSize of job (KB)
...
006 (605417.138.000) 02/28 06:45:39 Image size of job updated: 225
	225  -  MemoryUsage of job (MB)
	230612  -  ResidentSetSize of job (KB)
...
006 (605417.138.000) 02/28 06:46:26 Image size of job updated: 230
	230  -  MemoryUsage of job (MB)
	236236  -  ResidentSetSize of job (KB)
...
005 (605417.138.000) 02/28 06:46:52 Job terminated.
	(1) Normal termination (return value 0)
		Usr 0 00:07:39, Sys 0 00:01:15  -  Run Remote Usage
		Usr 0 00:00:00, Sys 0 00:00:00  -  Run Local Usage
		Usr 0 00:07:39, Sys 0 00:01:15  -  Total Remote Usage
		Usr 0 00:00:00, Sys 0 00:00:00  -  Total Local Usage
	37939  -  Run Bytes Sent By Job
	14407  -  Run Bytes Received By Job
	37939  -  Total Bytes Sent By Job
	14407  -  Total Bytes Received By Job
	Partitionable Resources :    Usage  Request Allocated 
	   Cpus                 :        0        1         1 
	   Disk (KB)            :       76        7    841338 
	   Memory (MB)          :      230     2048      2048 
...
