000 (605417.136.000) 02/28 06:23:39 Job submitted from host: <131.225.188.55:9618?addrs=131.225.188.55-9618&noUDP&sock=1689_178c_3>
...
001 (605417.136.000) 02/28 06:28:44 Job executing on host: <131.225.188.42:9618?addrs=131.225.188.42-9618&noUDP&sock=17154_cbb0_3>
...
006 (605417.136.000) 02/28 06:28:53 Image size of job updated: 2
	2  -  MemoryUsage of job (MB)
	2820  -  ResidentSetSize of job (KB)
...
006 (605417.136.000) 02/28 06:29:53 Image size of job updated: 224
	224  -  MemoryUsage of job (MB)
	230244  -  ResidentSetSize of job (KB)
...
006 (605417.136.000) 02/28 06:30:53 Image size of job updated: 224
	224  -  MemoryUsage of job (MB)
	230320  -  ResidentSetSize of job (KB)
...
006 (605417.136.000) 02/28 06:31:54 Image size of job updated: 224
	224  -  MemoryUsage of job (MB)
	230324  -  ResidentSetSize of job (KB)
...
006 (605417.136.000) 02/28 06:32:54 Image size of job updated: 224
	224  -  MemoryUsage of job (MB)
	230348  -  ResidentSetSize of job (KB)
...
006 (605417.136.000) 02/28 06:33:54 Image size of job updated: 224
	224  -  MemoryUsage of job (MB)
	230356  -  ResidentSetSize of job (KB)
...
006 (605417.136.000) 02/28 06:34:55 Image size of job updated: 224
	224  -  MemoryUsage of job (MB)
	230368  -  ResidentSetSize of job (KB)
...
006 (605417.136.000) 02/28 06:35:56 Image size of job updated: 224
	224  -  MemoryUsage of job (MB)
	230376  -  ResidentSetSize of job (KB)
...
006 (605417.136.000) 02/28 06:36:56 Image size of job updated: 224
	224  -  MemoryUsage of job (MB)
	230380  -  ResidentSetSize of job (KB)
...
006 (605417.136.000) 02/28 06:37:57 Image size of job updated: 224
	224  -  MemoryUsage of job (MB)
	230388  -  ResidentSetSize of job (KB)
...
006 (605417.136.000) 02/28 06:38:57 Image size of job updated: 255
	255  -  MemoryUsage of job (MB)
	262112  -  ResidentSetSize of job (KB)
...
006 (605417.136.000) 02/28 06:39:57 Image size of job updated: 260
	260  -  MemoryUsage of job (MB)
	267224  -  ResidentSetSize of job (KB)
...
006 (605417.136.000) 02/28 06:40:58 Image size of job updated: 261
	261  -  MemoryUsage of job (MB)
	267396  -  ResidentSetSize of job (KB)
...
006 (605417.136.000) 02/28 06:41:59 Image size of job updated: 272
	272  -  MemoryUsage of job (MB)
	278776  -  ResidentSetSize of job (KB)
...
006 (605417.136.000) 02/28 06:42:59 Image size of job updated: 272
	272  -  MemoryUsage of job (MB)
	279052  -  ResidentSetSize of job (KB)
...
006 (605417.136.000) 02/28 06:44:00 Image size of job updated: 272
	272  -  MemoryUsage of job (MB)
	279068  -  ResidentSetSize of job (KB)
...
006 (605417.136.000) 02/28 06:45:01 Image size of job updated: 273
	273  -  MemoryUsage of job (MB)
	280480  -  ResidentSetSize of job (KB)
...
006 (605417.136.000) 02/28 06:47:02 Image size of job updated: 273
	273  -  MemoryUsage of job (MB)
	280484  -  ResidentSetSize of job (KB)
...
006 (605417.136.000) 02/28 06:48:03 Image size of job updated: 274
	274  -  MemoryUsage of job (MB)
	280824  -  ResidentSetSize of job (KB)
...
006 (605417.136.000) 02/28 06:49:03 Image size of job updated: 274
	274  -  MemoryUsage of job (MB)
	280836  -  ResidentSetSize of job (KB)
...
006 (605417.136.000) 02/28 06:51:05 Image size of job updated: 274
	274  -  MemoryUsage of job (MB)
	281044  -  ResidentSetSize of job (KB)
...
006 (605417.136.000) 02/28 06:52:05 Image size of job updated: 274
	274  -  MemoryUsage of job (MB)
	281060  -  ResidentSetSize of job (KB)
...
006 (605417.136.000) 02/28 06:53:06 Image size of job updated: 274
	274  -  MemoryUsage of job (MB)
	281072  -  ResidentSetSize of job (KB)
...
006 (605417.136.000) 02/28 06:54:07 Image size of job updated: 274
	274  -  MemoryUsage of job (MB)
	281100  -  ResidentSetSize of job (KB)
...
006 (605417.136.000) 02/28 06:58:09 Image size of job updated: 274
	274  -  MemoryUsage of job (MB)
	281108  -  ResidentSetSize of job (KB)
...
006 (605417.136.000) 02/28 07:00:10 Image size of job updated: 274
	274  -  MemoryUsage of job (MB)
	281120  -  ResidentSetSize of job (KB)
...
006 (605417.136.000) 02/28 07:02:11 Image size of job updated: 274
	274  -  MemoryUsage of job (MB)
	281132  -  ResidentSetSize of job (KB)
...
006 (605417.136.000) 02/28 07:03:12 Image size of job updated: 274
	274  -  MemoryUsage of job (MB)
	281136  -  ResidentSetSize of job (KB)
...
006 (605417.136.000) 02/28 07:07:14 Image size of job updated: 274
	274  -  MemoryUsage of job (MB)
	281140  -  ResidentSetSize of job (KB)
...
006 (605417.136.000) 02/28 07:09:15 Image size of job updated: 274
	274  -  MemoryUsage of job (MB)
	281148  -  ResidentSetSize of job (KB)
...
006 (605417.136.000) 02/28 07:12:18 Image size of job updated: 274
	274  -  MemoryUsage of job (MB)
	281156  -  ResidentSetSize of job (KB)
...
006 (605417.136.000) 02/28 07:13:18 Image size of job updated: 274
	274  -  MemoryUsage of job (MB)
	281160  -  ResidentSetSize of job (KB)
...
006 (605417.136.000) 02/28 07:15:19 Image size of job updated: 274
	274  -  MemoryUsage of job (MB)
	281164  -  ResidentSetSize of job (KB)
...
006 (605417.136.000) 02/28 07:20:21 Image size of job updated: 274
	274  -  MemoryUsage of job (MB)
	281168  -  ResidentSetSize of job (KB)
...
006 (605417.136.000) 02/28 07:22:21 Image size of job updated: 274
	274  -  MemoryUsage of job (MB)
	281176  -  ResidentSetSize of job (KB)
...
006 (605417.136.000) 02/28 07:26:24 Image size of job updated: 274
	274  -  MemoryUsage of job (MB)
	281184  -  ResidentSetSize of job (KB)
...
006 (605417.136.000) 02/28 07:31:26 Image size of job updated: 274
	274  -  MemoryUsage of job (MB)
	281188  -  ResidentSetSize of job (KB)
...
006 (605417.136.000) 02/28 07:32:27 Image size of job updated: 274
	274  -  MemoryUsage of job (MB)
	281192  -  ResidentSetSize of job (KB)
...
006 (605417.136.000) 02/28 07:34:28 Image size of job updated: 274
	274  -  MemoryUsage of job (MB)
	281212  -  ResidentSetSize of job (KB)
...
006 (605417.136.000) 02/28 07:38:30 Image size of job updated: 274
	274  -  MemoryUsage of job (MB)
	281216  -  ResidentSetSize of job (KB)
...
006 (605417.136.000) 02/28 07:39:30 Image size of job updated: 274
	274  -  MemoryUsage of job (MB)
	281224  -  ResidentSetSize of job (KB)
...
006 (605417.136.000) 02/28 07:43:33 Image size of job updated: 274
	274  -  MemoryUsage of job (MB)
	281228  -  ResidentSetSize of job (KB)
...
005 (605417.136.000) 02/28 07:44:32 Job terminated.
	(1) Normal termination (return value 0)
		Usr 0 00:44:16, Sys 0 00:05:37  -  Run Remote Usage
		Usr 0 00:00:00, Sys 0 00:00:00  -  Run Local Usage
		Usr 0 00:44:16, Sys 0 00:05:37  -  Total Remote Usage
		Usr 0 00:00:00, Sys 0 00:00:00  -  Total Local Usage
	64161  -  Run Bytes Sent By Job
	14407  -  Run Bytes Received By Job
	64161  -  Total Bytes Sent By Job
	14407  -  Total Bytes Received By Job
	Partitionable Resources :    Usage  Request Allocated 
	   Cpus                 :        0        1         1 
	   Disk (KB)            :      102        7   1630878 
	   Memory (MB)          :      274     2048      2048 
...
