000 (605417.131.000) 02/28 06:23:39 Job submitted from host: <131.225.188.55:9618?addrs=131.225.188.55-9618&noUDP&sock=1689_178c_3>
...
001 (605417.131.000) 02/28 06:28:38 Job executing on host: <131.225.188.68:9618?addrs=131.225.188.68-9618&noUDP&sock=1838_4b29_87>
...
006 (605417.131.000) 02/28 06:29:48 Image size of job updated: 190
	190  -  MemoryUsage of job (MB)
	194780  -  ResidentSetSize of job (KB)
...
006 (605417.131.000) 02/28 06:30:48 Image size of job updated: 224
	224  -  MemoryUsage of job (MB)
	230228  -  ResidentSetSize of job (KB)
...
006 (605417.131.000) 02/28 06:38:52 Image size of job updated: 224
	224  -  MemoryUsage of job (MB)
	230360  -  ResidentSetSize of job (KB)
...
006 (605417.131.000) 02/28 06:44:58 Image size of job updated: 241
	241  -  MemoryUsage of job (MB)
	247388  -  ResidentSetSize of job (KB)
...
006 (605417.131.000) 02/28 06:45:58 Image size of job updated: 244
	244  -  MemoryUsage of job (MB)
	250424  -  ResidentSetSize of job (KB)
...
006 (605417.131.000) 02/28 06:46:58 Image size of job updated: 244
	244  -  MemoryUsage of job (MB)
	250820  -  ResidentSetSize of job (KB)
...
006 (605417.131.000) 02/28 06:48:00 Image size of job updated: 257
	257  -  MemoryUsage of job (MB)
	263624  -  ResidentSetSize of job (KB)
...
006 (605417.131.000) 02/28 06:49:00 Image size of job updated: 259
	259  -  MemoryUsage of job (MB)
	265868  -  ResidentSetSize of job (KB)
...
006 (605417.131.000) 02/28 06:51:00 Image size of job updated: 261
	261  -  MemoryUsage of job (MB)
	267452  -  ResidentSetSize of job (KB)
...
006 (605417.131.000) 02/28 06:52:00 Image size of job updated: 262
	262  -  MemoryUsage of job (MB)
	268376  -  ResidentSetSize of job (KB)
...
006 (605417.131.000) 02/28 06:54:00 Image size of job updated: 265
	265  -  MemoryUsage of job (MB)
	272072  -  ResidentSetSize of job (KB)
...
006 (605417.131.000) 02/28 06:55:00 Image size of job updated: 267
	267  -  MemoryUsage of job (MB)
	273656  -  ResidentSetSize of job (KB)
...
006 (605417.131.000) 02/28 06:56:00 Image size of job updated: 267
	267  -  MemoryUsage of job (MB)
	273788  -  ResidentSetSize of job (KB)
...
006 (605417.131.000) 02/28 06:57:01 Image size of job updated: 270
	270  -  MemoryUsage of job (MB)
	277088  -  ResidentSetSize of job (KB)
...
006 (605417.131.000) 02/28 06:58:02 Image size of job updated: 270
	270  -  MemoryUsage of job (MB)
	277220  -  ResidentSetSize of job (KB)
...
006 (605417.131.000) 02/28 07:00:03 Image size of job updated: 271
	271  -  MemoryUsage of job (MB)
	277748  -  ResidentSetSize of job (KB)
...
006 (605417.131.000) 02/28 07:03:06 Image size of job updated: 271
	271  -  MemoryUsage of job (MB)
	277880  -  ResidentSetSize of job (KB)
...
006 (605417.131.000) 02/28 07:06:09 Image size of job updated: 271
	271  -  MemoryUsage of job (MB)
	278408  -  ResidentSetSize of job (KB)
...
006 (605417.131.000) 02/28 07:07:10 Image size of job updated: 272
	272  -  MemoryUsage of job (MB)
	278936  -  ResidentSetSize of job (KB)
...
006 (605417.131.000) 02/28 07:15:17 Image size of job updated: 272
	272  -  MemoryUsage of job (MB)
	279068  -  ResidentSetSize of job (KB)
...
006 (605417.131.000) 02/28 07:18:20 Image size of job updated: 272
	272  -  MemoryUsage of job (MB)
	279332  -  ResidentSetSize of job (KB)
...
006 (605417.131.000) 02/28 07:41:37 Image size of job updated: 273
	273  -  MemoryUsage of job (MB)
	279728  -  ResidentSetSize of job (KB)
...
006 (605417.131.000) 02/28 07:43:37 Image size of job updated: 273
	273  -  MemoryUsage of job (MB)
	279860  -  ResidentSetSize of job (KB)
...
006 (605417.131.000) 02/28 07:47:39 Image size of job updated: 273
	273  -  MemoryUsage of job (MB)
	280124  -  ResidentSetSize of job (KB)
...
006 (605417.131.000) 02/28 07:49:41 Image size of job updated: 273
	273  -  MemoryUsage of job (MB)
	280256  -  ResidentSetSize of job (KB)
...
005 (605417.131.000) 02/28 08:23:12 Job terminated.
	(1) Normal termination (return value 0)
		Usr 0 01:06:23, Sys 0 00:07:41  -  Run Remote Usage
		Usr 0 00:00:00, Sys 0 00:00:00  -  Run Local Usage
		Usr 0 01:06:23, Sys 0 00:07:41  -  Total Remote Usage
		Usr 0 00:00:00, Sys 0 00:00:00  -  Total Local Usage
	93247  -  Run Bytes Sent By Job
	14407  -  Run Bytes Received By Job
	93247  -  Total Bytes Sent By Job
	14407  -  Total Bytes Received By Job
	Partitionable Resources :    Usage  Request Allocated 
	   Cpus                 :     0.00        1         1 
	   Disk (KB)            :   134           7   1622959 
	   Memory (MB)          :   273        2048      2048 
...
