000 (605417.139.000) 02/28 06:23:39 Job submitted from host: <131.225.188.55:9618?addrs=131.225.188.55-9618&noUDP&sock=1689_178c_3>
...
001 (605417.139.000) 02/28 06:29:22 Job executing on host: <131.225.191.187:9618?addrs=131.225.191.187-9618&noUDP&sock=4555_edfa_3>
...
006 (605417.139.000) 02/28 06:29:31 Image size of job updated: 2
	1  -  MemoryUsage of job (MB)
	1668  -  ResidentSetSize of job (KB)
...
006 (605417.139.000) 02/28 06:30:32 Image size of job updated: 226
	226  -  MemoryUsage of job (MB)
	231516  -  ResidentSetSize of job (KB)
...
006 (605417.139.000) 02/28 06:31:33 Image size of job updated: 226
	226  -  MemoryUsage of job (MB)
	231744  -  ResidentSetSize of job (KB)
...
006 (605417.139.000) 02/28 06:32:33 Image size of job updated: 226
	226  -  MemoryUsage of job (MB)
	231752  -  ResidentSetSize of job (KB)
...
006 (605417.139.000) 02/28 06:33:33 Image size of job updated: 260
	260  -  MemoryUsage of job (MB)
	267052  -  ResidentSetSize of job (KB)
...
006 (605417.139.000) 02/28 06:34:33 Image size of job updated: 270
	270  -  MemoryUsage of job (MB)
	277000  -  ResidentSetSize of job (KB)
...
006 (605417.139.000) 02/28 06:35:33 Image size of job updated: 270
	270  -  MemoryUsage of job (MB)
	277188  -  ResidentSetSize of job (KB)
...
006 (605417.139.000) 02/28 06:36:34 Image size of job updated: 277
	277  -  MemoryUsage of job (MB)
	284608  -  ResidentSetSize of job (KB)
...
006 (605417.139.000) 02/28 06:37:35 Image size of job updated: 277
	277  -  MemoryUsage of job (MB)
	284636  -  ResidentSetSize of job (KB)
...
006 (605417.139.000) 02/28 06:38:37 Image size of job updated: 277
	277  -  MemoryUsage of job (MB)
	284648  -  ResidentSetSize of job (KB)
...
006 (605417.139.000) 02/28 06:39:37 Image size of job updated: 283
	283  -  MemoryUsage of job (MB)
	290428  -  ResidentSetSize of job (KB)
...
006 (605417.139.000) 02/28 06:40:37 Image size of job updated: 283
	283  -  MemoryUsage of job (MB)
	290460  -  ResidentSetSize of job (KB)
...
006 (605417.139.000) 02/28 06:41:37 Image size of job updated: 283
	279  -  MemoryUsage of job (MB)
	290460  -  ResidentSetSize of job (KB)
...
005 (605417.139.000) 02/28 07:00:02 Job terminated.
	(1) Normal termination (return value 0)
		Usr 0 00:18:16, Sys 0 00:01:47  -  Run Remote Usage
		Usr 0 00:00:00, Sys 0 00:00:00  -  Run Local Usage
		Usr 0 00:18:16, Sys 0 00:01:47  -  Total Remote Usage
		Usr 0 00:00:00, Sys 0 00:00:00  -  Total Local Usage
	35099  -  Run Bytes Sent By Job
	14407  -  Run Bytes Received By Job
	35099  -  Total Bytes Sent By Job
	14407  -  Total Bytes Received By Job
	Partitionable Resources :    Usage  Request Allocated 
	   Cpus                 :        0        1         1 
	   Disk (KB)            :       68        7    317262 
	   Memory (MB)          :      279     2048      2048 
...
