000 (605417.127.000) 02/28 06:23:39 Job submitted from host: <131.225.188.55:9618?addrs=131.225.188.55-9618&noUDP&sock=1689_178c_3>
...
001 (605417.127.000) 02/28 06:28:37 Job executing on host: <131.225.188.217:9618?addrs=131.225.188.217-9618&noUDP&sock=2137_61fa_3>
...
006 (605417.127.000) 02/28 06:28:46 Image size of job updated: 3
	3  -  MemoryUsage of job (MB)
	3304  -  ResidentSetSize of job (KB)
...
006 (605417.127.000) 02/28 06:29:47 Image size of job updated: 192
	192  -  MemoryUsage of job (MB)
	197444  -  ResidentSetSize of job (KB)
...
006 (605417.127.000) 02/28 06:30:47 Image size of job updated: 221
	221  -  MemoryUsage of job (MB)
	226504  -  ResidentSetSize of job (KB)
...
006 (605417.127.000) 02/28 06:33:47 Image size of job updated: 221
	221  -  MemoryUsage of job (MB)
	226604  -  ResidentSetSize of job (KB)
...
006 (605417.127.000) 02/28 06:36:47 Image size of job updated: 221
	221  -  MemoryUsage of job (MB)
	226608  -  ResidentSetSize of job (KB)
...
006 (605417.127.000) 02/28 06:37:47 Image size of job updated: 222
	222  -  MemoryUsage of job (MB)
	227532  -  ResidentSetSize of job (KB)
...
006 (605417.127.000) 02/28 06:38:47 Image size of job updated: 228
	228  -  MemoryUsage of job (MB)
	233868  -  ResidentSetSize of job (KB)
...
006 (605417.127.000) 02/28 06:39:48 Image size of job updated: 228
	228  -  MemoryUsage of job (MB)
	234132  -  ResidentSetSize of job (KB)
...
006 (605417.127.000) 02/28 06:40:49 Image size of job updated: 231
	231  -  MemoryUsage of job (MB)
	236948  -  ResidentSetSize of job (KB)
...
006 (605417.127.000) 02/28 06:43:52 Image size of job updated: 231
	231  -  MemoryUsage of job (MB)
	237092  -  ResidentSetSize of job (KB)
...
006 (605417.127.000) 02/28 06:47:55 Image size of job updated: 231
	231  -  MemoryUsage of job (MB)
	237120  -  ResidentSetSize of job (KB)
...
006 (605417.127.000) 02/28 06:48:56 Image size of job updated: 231
	231  -  MemoryUsage of job (MB)
	237128  -  ResidentSetSize of job (KB)
...
006 (605417.127.000) 02/28 06:50:58 Image size of job updated: 234
	234  -  MemoryUsage of job (MB)
	239652  -  ResidentSetSize of job (KB)
...
006 (605417.127.000) 02/28 06:51:59 Image size of job updated: 234
	234  -  MemoryUsage of job (MB)
	239764  -  ResidentSetSize of job (KB)
...
006 (605417.127.000) 02/28 06:57:01 Image size of job updated: 234
	234  -  MemoryUsage of job (MB)
	239824  -  ResidentSetSize of job (KB)
...
006 (605417.127.000) 02/28 07:05:03 Image size of job updated: 234
	234  -  MemoryUsage of job (MB)
	239952  -  ResidentSetSize of job (KB)
...
005 (605417.127.000) 02/28 07:37:22 Job terminated.
	(1) Normal termination (return value 0)
		Usr 0 00:41:23, Sys 0 00:04:14  -  Run Remote Usage
		Usr 0 00:00:00, Sys 0 00:00:00  -  Run Local Usage
		Usr 0 00:41:23, Sys 0 00:04:14  -  Total Remote Usage
		Usr 0 00:00:00, Sys 0 00:00:00  -  Total Local Usage
	64138  -  Run Bytes Sent By Job
	14407  -  Run Bytes Received By Job
	64138  -  Total Bytes Sent By Job
	14407  -  Total Bytes Received By Job
	Partitionable Resources :    Usage  Request Allocated 
	   Cpus                 :        0        1         1 
	   Disk (KB)            :      104        7   1641407 
	   Memory (MB)          :      234     2048      2048 
...
