000 (605417.132.000) 02/28 06:23:39 Job submitted from host: <131.225.188.55:9618?addrs=131.225.188.55-9618&noUDP&sock=1689_178c_3>
...
001 (605417.132.000) 02/28 06:28:42 Job executing on host: <131.225.189.73:9618?addrs=131.225.189.73-9618&noUDP&sock=14954_c755_3>
...
006 (605417.132.000) 02/28 06:28:51 Image size of job updated: 13
	13  -  MemoryUsage of job (MB)
	14208  -  ResidentSetSize of job (KB)
...
006 (605417.132.000) 02/28 06:29:51 Image size of job updated: 226
	226  -  MemoryUsage of job (MB)
	231516  -  ResidentSetSize of job (KB)
...
006 (605417.132.000) 02/28 06:30:52 Image size of job updated: 226
	226  -  MemoryUsage of job (MB)
	231592  -  ResidentSetSize of job (KB)
...
006 (605417.132.000) 02/28 06:31:52 Image size of job updated: 226
	226  -  MemoryUsage of job (MB)
	231620  -  ResidentSetSize of job (KB)
...
006 (605417.132.000) 02/28 06:32:53 Image size of job updated: 226
	226  -  MemoryUsage of job (MB)
	231632  -  ResidentSetSize of job (KB)
...
006 (605417.132.000) 02/28 06:33:54 Image size of job updated: 226
	226  -  MemoryUsage of job (MB)
	231640  -  ResidentSetSize of job (KB)
...
006 (605417.132.000) 02/28 06:34:54 Image size of job updated: 226
	226  -  MemoryUsage of job (MB)
	231644  -  ResidentSetSize of job (KB)
...
006 (605417.132.000) 02/28 06:37:56 Image size of job updated: 226
	226  -  MemoryUsage of job (MB)
	231648  -  ResidentSetSize of job (KB)
...
006 (605417.132.000) 02/28 06:38:57 Image size of job updated: 226
	226  -  MemoryUsage of job (MB)
	231656  -  ResidentSetSize of job (KB)
...
006 (605417.132.000) 02/28 06:39:57 Image size of job updated: 226
	226  -  MemoryUsage of job (MB)
	231664  -  ResidentSetSize of job (KB)
...
006 (605417.132.000) 02/28 06:40:58 Image size of job updated: 243
	243  -  MemoryUsage of job (MB)
	248984  -  ResidentSetSize of job (KB)
...
006 (605417.132.000) 02/28 06:41:58 Image size of job updated: 243
	243  -  MemoryUsage of job (MB)
	249224  -  ResidentSetSize of job (KB)
...
006 (605417.132.000) 02/28 06:42:59 Image size of job updated: 257
	257  -  MemoryUsage of job (MB)
	263372  -  ResidentSetSize of job (KB)
...
006 (605417.132.000) 02/28 06:44:00 Image size of job updated: 257
	257  -  MemoryUsage of job (MB)
	263488  -  ResidentSetSize of job (KB)
...
006 (605417.132.000) 02/28 06:45:01 Image size of job updated: 259
	259  -  MemoryUsage of job (MB)
	265972  -  ResidentSetSize of job (KB)
...
006 (605417.132.000) 02/28 06:46:02 Image size of job updated: 268
	268  -  MemoryUsage of job (MB)
	275440  -  ResidentSetSize of job (KB)
...
006 (605417.132.000) 02/28 06:47:02 Image size of job updated: 269
	269  -  MemoryUsage of job (MB)
	275544  -  ResidentSetSize of job (KB)
...
006 (605417.132.000) 02/28 06:49:04 Image size of job updated: 270
	270  -  MemoryUsage of job (MB)
	276696  -  ResidentSetSize of job (KB)
...
006 (605417.132.000) 02/28 06:50:04 Image size of job updated: 270
	270  -  MemoryUsage of job (MB)
	276772  -  ResidentSetSize of job (KB)
...
006 (605417.132.000) 02/28 06:52:05 Image size of job updated: 271
	271  -  MemoryUsage of job (MB)
	278088  -  ResidentSetSize of job (KB)
...
006 (605417.132.000) 02/28 06:53:06 Image size of job updated: 271
	271  -  MemoryUsage of job (MB)
	278136  -  ResidentSetSize of job (KB)
...
006 (605417.132.000) 02/28 06:54:06 Image size of job updated: 271
	271  -  MemoryUsage of job (MB)
	278148  -  ResidentSetSize of job (KB)
...
006 (605417.132.000) 02/28 06:55:07 Image size of job updated: 272
	272  -  MemoryUsage of job (MB)
	278584  -  ResidentSetSize of job (KB)
...
006 (605417.132.000) 02/28 06:56:08 Image size of job updated: 272
	272  -  MemoryUsage of job (MB)
	278608  -  ResidentSetSize of job (KB)
...
006 (605417.132.000) 02/28 06:58:09 Image size of job updated: 272
	272  -  MemoryUsage of job (MB)
	278996  -  ResidentSetSize of job (KB)
...
006 (605417.132.000) 02/28 06:59:09 Image size of job updated: 272
	272  -  MemoryUsage of job (MB)
	279180  -  ResidentSetSize of job (KB)
...
006 (605417.132.000) 02/28 07:01:11 Image size of job updated: 272
	272  -  MemoryUsage of job (MB)
	279192  -  ResidentSetSize of job (KB)
...
006 (605417.132.000) 02/28 07:02:11 Image size of job updated: 272
	272  -  MemoryUsage of job (MB)
	279308  -  ResidentSetSize of job (KB)
...
006 (605417.132.000) 02/28 07:04:13 Image size of job updated: 273
	273  -  MemoryUsage of job (MB)
	279876  -  ResidentSetSize of job (KB)
...
006 (605417.132.000) 02/28 07:05:13 Image size of job updated: 273
	273  -  MemoryUsage of job (MB)
	279892  -  ResidentSetSize of job (KB)
...
006 (605417.132.000) 02/28 07:07:14 Image size of job updated: 273
	273  -  MemoryUsage of job (MB)
	280176  -  ResidentSetSize of job (KB)
...
006 (605417.132.000) 02/28 07:10:15 Image size of job updated: 274
	274  -  MemoryUsage of job (MB)
	280820  -  ResidentSetSize of job (KB)
...
006 (605417.132.000) 02/28 07:13:17 Image size of job updated: 274
	274  -  MemoryUsage of job (MB)
	281012  -  ResidentSetSize of job (KB)
...
006 (605417.132.000) 02/28 07:16:18 Image size of job updated: 274
	274  -  MemoryUsage of job (MB)
	281024  -  ResidentSetSize of job (KB)
...
006 (605417.132.000) 02/28 07:17:19 Image size of job updated: 274
	274  -  MemoryUsage of job (MB)
	281028  -  ResidentSetSize of job (KB)
...
006 (605417.132.000) 02/28 07:18:19 Image size of job updated: 274
	274  -  MemoryUsage of job (MB)
	281036  -  ResidentSetSize of job (KB)
...
006 (605417.132.000) 02/28 07:19:19 Image size of job updated: 274
	274  -  MemoryUsage of job (MB)
	281072  -  ResidentSetSize of job (KB)
...
006 (605417.132.000) 02/28 07:21:20 Image size of job updated: 274
	274  -  MemoryUsage of job (MB)
	281080  -  ResidentSetSize of job (KB)
...
006 (605417.132.000) 02/28 07:24:23 Image size of job updated: 274
	274  -  MemoryUsage of job (MB)
	281096  -  ResidentSetSize of job (KB)
...
006 (605417.132.000) 02/28 07:28:25 Image size of job updated: 274
	274  -  MemoryUsage of job (MB)
	281116  -  ResidentSetSize of job (KB)
...
006 (605417.132.000) 02/28 07:29:25 Image size of job updated: 274
	274  -  MemoryUsage of job (MB)
	281124  -  ResidentSetSize of job (KB)
...
006 (605417.132.000) 02/28 07:30:25 Image size of job updated: 274
	274  -  MemoryUsage of job (MB)
	281128  -  ResidentSetSize of job (KB)
...
006 (605417.132.000) 02/28 07:37:28 Image size of job updated: 274
	274  -  MemoryUsage of job (MB)
	281132  -  ResidentSetSize of job (KB)
...
005 (605417.132.000) 02/28 07:39:28 Job terminated.
	(1) Normal termination (return value 0)
		Usr 0 00:47:57, Sys 0 00:04:43  -  Run Remote Usage
		Usr 0 00:00:00, Sys 0 00:00:00  -  Run Local Usage
		Usr 0 00:47:57, Sys 0 00:04:43  -  Total Remote Usage
		Usr 0 00:00:00, Sys 0 00:00:00  -  Total Local Usage
	58464  -  Run Bytes Sent By Job
	14407  -  Run Bytes Received By Job
	58464  -  Total Bytes Sent By Job
	14407  -  Total Bytes Received By Job
	Partitionable Resources :    Usage  Request Allocated 
	   Cpus                 :     0.00        1         1 
	   Disk (KB)            :    95           7    841338 
	   Memory (MB)          :   274        2048      2048 
...
