000 (605417.123.000) 02/28 06:23:39 Job submitted from host: <131.225.188.55:9618?addrs=131.225.188.55-9618&noUDP&sock=1689_178c_3>
...
001 (605417.123.000) 02/28 06:28:34 Job executing on host: <131.225.188.197:9618?addrs=131.225.188.197-9618&noUDP&sock=2120_b8de_87>
...
006 (605417.123.000) 02/28 06:28:43 Image size of job updated: 16
	16  -  MemoryUsage of job (MB)
	16540  -  ResidentSetSize of job (KB)
...
006 (605417.123.000) 02/28 06:29:44 Image size of job updated: 222
	222  -  MemoryUsage of job (MB)
	227376  -  ResidentSetSize of job (KB)
...
006 (605417.123.000) 02/28 06:30:44 Image size of job updated: 222
	222  -  MemoryUsage of job (MB)
	227508  -  ResidentSetSize of job (KB)
...
006 (605417.123.000) 02/28 06:38:49 Image size of job updated: 229
	229  -  MemoryUsage of job (MB)
	234716  -  ResidentSetSize of job (KB)
...
006 (605417.123.000) 02/28 06:40:51 Image size of job updated: 230
	230  -  MemoryUsage of job (MB)
	236168  -  ResidentSetSize of job (KB)
...
006 (605417.123.000) 02/28 06:43:52 Image size of job updated: 231
	231  -  MemoryUsage of job (MB)
	236564  -  ResidentSetSize of job (KB)
...
006 (605417.123.000) 02/28 06:47:55 Image size of job updated: 231
	231  -  MemoryUsage of job (MB)
	236680  -  ResidentSetSize of job (KB)
...
006 (605417.123.000) 02/28 07:14:07 Image size of job updated: 231
	231  -  MemoryUsage of job (MB)
	236696  -  ResidentSetSize of job (KB)
...
006 (605417.123.000) 02/28 07:20:10 Image size of job updated: 231
	231  -  MemoryUsage of job (MB)
	236872  -  ResidentSetSize of job (KB)
...
006 (605417.123.000) 02/28 07:23:11 Image size of job updated: 231
	231  -  MemoryUsage of job (MB)
	236952  -  ResidentSetSize of job (KB)
...
006 (605417.123.000) 02/28 07:25:13 Image size of job updated: 231
	231  -  MemoryUsage of job (MB)
	237012  -  ResidentSetSize of job (KB)
...
005 (605417.123.000) 02/28 07:37:48 Job terminated.
	(1) Normal termination (return value 0)
		Usr 0 00:40:50, Sys 0 00:03:56  -  Run Remote Usage
		Usr 0 00:00:00, Sys 0 00:00:00  -  Run Local Usage
		Usr 0 00:40:50, Sys 0 00:03:56  -  Total Remote Usage
		Usr 0 00:00:00, Sys 0 00:00:00  -  Total Local Usage
	64153  -  Run Bytes Sent By Job
	14407  -  Run Bytes Received By Job
	64153  -  Total Bytes Sent By Job
	14407  -  Total Bytes Received By Job
	Partitionable Resources :    Usage  Request Allocated 
	   Cpus                 :        0        1         1 
	   Disk (KB)            :      106        7   1636815 
	   Memory (MB)          :      231     2048      2048 
...
