000 (605417.180.000) 02/28 06:23:40 Job submitted from host: <131.225.188.55:9618?addrs=131.225.188.55-9618&noUDP&sock=1689_178c_3>
...
001 (605417.180.000) 02/28 06:30:02 Job executing on host: <131.225.188.18:9618?addrs=131.225.188.18-9618&noUDP&sock=6386_d7e3_3>
...
006 (605417.180.000) 02/28 06:30:11 Image size of job updated: 2
	2  -  MemoryUsage of job (MB)
	2420  -  ResidentSetSize of job (KB)
...
006 (605417.180.000) 02/28 06:31:11 Image size of job updated: 171
	171  -  MemoryUsage of job (MB)
	175660  -  ResidentSetSize of job (KB)
...
006 (605417.180.000) 02/28 06:32:12 Image size of job updated: 296
	296  -  MemoryUsage of job (MB)
	303812  -  ResidentSetSize of job (KB)
...
006 (605417.180.000) 02/28 06:33:13 Image size of job updated: 298
	298  -  MemoryUsage of job (MB)
	305500  -  ResidentSetSize of job (KB)
...
006 (605417.180.000) 02/28 06:34:13 Image size of job updated: 300
	300  -  MemoryUsage of job (MB)
	307836  -  ResidentSetSize of job (KB)
...
006 (605417.180.000) 02/28 06:35:14 Image size of job updated: 300
	300  -  MemoryUsage of job (MB)
	308016  -  ResidentSetSize of job (KB)
...
006 (605417.180.000) 02/28 06:36:14 Image size of job updated: 301
	301  -  MemoryUsage of job (MB)
	308252  -  ResidentSetSize of job (KB)
...
006 (605417.180.000) 02/28 06:37:15 Image size of job updated: 301
	301  -  MemoryUsage of job (MB)
	308384  -  ResidentSetSize of job (KB)
...
006 (605417.180.000) 02/28 06:38:16 Image size of job updated: 301
	301  -  MemoryUsage of job (MB)
	308480  -  ResidentSetSize of job (KB)
...
006 (605417.180.000) 02/28 06:39:16 Image size of job updated: 301
	301  -  MemoryUsage of job (MB)
	308660  -  ResidentSetSize of job (KB)
...
006 (605417.180.000) 02/28 06:40:17 Image size of job updated: 301
	301  -  MemoryUsage of job (MB)
	308944  -  ResidentSetSize of job (KB)
...
006 (605417.180.000) 02/28 06:41:18 Image size of job updated: 302
	302  -  MemoryUsage of job (MB)
	309520  -  ResidentSetSize of job (KB)
...
006 (605417.180.000) 02/28 06:42:18 Image size of job updated: 309
	309  -  MemoryUsage of job (MB)
	316976  -  ResidentSetSize of job (KB)
...
006 (605417.180.000) 02/28 06:43:18 Image size of job updated: 309
	309  -  MemoryUsage of job (MB)
	317156  -  ResidentSetSize of job (KB)
...
006 (605417.180.000) 02/28 06:44:19 Image size of job updated: 309
	309  -  MemoryUsage of job (MB)
	317240  -  ResidentSetSize of job (KB)
...
006 (605417.180.000) 02/28 06:45:19 Image size of job updated: 309
	309  -  MemoryUsage of job (MB)
	317392  -  ResidentSetSize of job (KB)
...
006 (605417.180.000) 02/28 06:46:19 Image size of job updated: 310
	310  -  MemoryUsage of job (MB)
	317500  -  ResidentSetSize of job (KB)
...
006 (605417.180.000) 02/28 06:47:19 Image size of job updated: 310
	310  -  MemoryUsage of job (MB)
	317640  -  ResidentSetSize of job (KB)
...
006 (605417.180.000) 02/28 06:48:20 Image size of job updated: 310
	310  -  MemoryUsage of job (MB)
	317768  -  ResidentSetSize of job (KB)
...
006 (605417.180.000) 02/28 06:49:21 Image size of job updated: 310
	310  -  MemoryUsage of job (MB)
	317924  -  ResidentSetSize of job (KB)
...
006 (605417.180.000) 02/28 06:50:21 Image size of job updated: 310
	310  -  MemoryUsage of job (MB)
	318012  -  ResidentSetSize of job (KB)
...
006 (605417.180.000) 02/28 06:51:22 Image size of job updated: 310
	310  -  MemoryUsage of job (MB)
	318176  -  ResidentSetSize of job (KB)
...
006 (605417.180.000) 02/28 06:52:23 Image size of job updated: 310
	310  -  MemoryUsage of job (MB)
	318312  -  ResidentSetSize of job (KB)
...
006 (605417.180.000) 02/28 06:53:23 Image size of job updated: 311
	311  -  MemoryUsage of job (MB)
	319128  -  ResidentSetSize of job (KB)
...
006 (605417.180.000) 02/28 06:54:23 Image size of job updated: 312
	312  -  MemoryUsage of job (MB)
	319564  -  ResidentSetSize of job (KB)
...
006 (605417.180.000) 02/28 06:55:23 Image size of job updated: 312
	312  -  MemoryUsage of job (MB)
	319728  -  ResidentSetSize of job (KB)
...
006 (605417.180.000) 02/28 06:56:24 Image size of job updated: 313
	313  -  MemoryUsage of job (MB)
	320780  -  ResidentSetSize of job (KB)
...
006 (605417.180.000) 02/28 06:57:24 Image size of job updated: 313
	313  -  MemoryUsage of job (MB)
	320944  -  ResidentSetSize of job (KB)
...
006 (605417.180.000) 02/28 06:58:24 Image size of job updated: 313
	313  -  MemoryUsage of job (MB)
	321500  -  ResidentSetSize of job (KB)
...
006 (605417.180.000) 02/28 06:59:25 Image size of job updated: 314
	314  -  MemoryUsage of job (MB)
	321632  -  ResidentSetSize of job (KB)
...
006 (605417.180.000) 02/28 07:00:26 Image size of job updated: 314
	314  -  MemoryUsage of job (MB)
	321736  -  ResidentSetSize of job (KB)
...
006 (605417.180.000) 02/28 07:01:26 Image size of job updated: 314
	314  -  MemoryUsage of job (MB)
	321876  -  ResidentSetSize of job (KB)
...
006 (605417.180.000) 02/28 07:02:27 Image size of job updated: 314
	314  -  MemoryUsage of job (MB)
	322016  -  ResidentSetSize of job (KB)
...
006 (605417.180.000) 02/28 07:03:28 Image size of job updated: 314
	314  -  MemoryUsage of job (MB)
	322156  -  ResidentSetSize of job (KB)
...
006 (605417.180.000) 02/28 07:04:29 Image size of job updated: 314
	313  -  MemoryUsage of job (MB)
	322156  -  ResidentSetSize of job (KB)
...
006 (605417.180.000) 02/28 07:05:29 Image size of job updated: 314
	314  -  MemoryUsage of job (MB)
	322520  -  ResidentSetSize of job (KB)
...
006 (605417.180.000) 02/28 07:06:29 Image size of job updated: 315
	315  -  MemoryUsage of job (MB)
	322644  -  ResidentSetSize of job (KB)
...
006 (605417.180.000) 02/28 07:07:30 Image size of job updated: 315
	315  -  MemoryUsage of job (MB)
	322760  -  ResidentSetSize of job (KB)
...
006 (605417.180.000) 02/28 07:08:30 Image size of job updated: 315
	315  -  MemoryUsage of job (MB)
	322912  -  ResidentSetSize of job (KB)
...
006 (605417.180.000) 02/28 07:09:30 Image size of job updated: 315
	315  -  MemoryUsage of job (MB)
	323016  -  ResidentSetSize of job (KB)
...
006 (605417.180.000) 02/28 07:10:30 Image size of job updated: 315
	315  -  MemoryUsage of job (MB)
	323152  -  ResidentSetSize of job (KB)
...
006 (605417.180.000) 02/28 07:11:31 Image size of job updated: 315
	315  -  MemoryUsage of job (MB)
	323300  -  ResidentSetSize of job (KB)
...
006 (605417.180.000) 02/28 07:12:32 Image size of job updated: 315
	315  -  MemoryUsage of job (MB)
	323464  -  ResidentSetSize of job (KB)
...
006 (605417.180.000) 02/28 07:13:32 Image size of job updated: 315
	315  -  MemoryUsage of job (MB)
	323576  -  ResidentSetSize of job (KB)
...
006 (605417.180.000) 02/28 07:14:33 Image size of job updated: 315
	314  -  MemoryUsage of job (MB)
	323576  -  ResidentSetSize of job (KB)
...
006 (605417.180.000) 02/28 07:17:35 Image size of job updated: 315
	315  -  MemoryUsage of job (MB)
	323576  -  ResidentSetSize of job (KB)
...
006 (605417.180.000) 02/28 07:19:36 Image size of job updated: 316
	316  -  MemoryUsage of job (MB)
	323640  -  ResidentSetSize of job (KB)
...
006 (605417.180.000) 02/28 07:20:37 Image size of job updated: 316
	316  -  MemoryUsage of job (MB)
	323740  -  ResidentSetSize of job (KB)
...
006 (605417.180.000) 02/28 07:21:37 Image size of job updated: 316
	316  -  MemoryUsage of job (MB)
	323856  -  ResidentSetSize of job (KB)
...
006 (605417.180.000) 02/28 07:22:37 Image size of job updated: 316
	316  -  MemoryUsage of job (MB)
	323964  -  ResidentSetSize of job (KB)
...
006 (605417.180.000) 02/28 07:23:38 Image size of job updated: 316
	316  -  MemoryUsage of job (MB)
	324128  -  ResidentSetSize of job (KB)
...
006 (605417.180.000) 02/28 07:24:39 Image size of job updated: 317
	317  -  MemoryUsage of job (MB)
	325344  -  ResidentSetSize of job (KB)
...
006 (605417.180.000) 02/28 07:25:39 Image size of job updated: 317
	317  -  MemoryUsage of job (MB)
	325480  -  ResidentSetSize of job (KB)
...
006 (605417.180.000) 02/28 07:26:39 Image size of job updated: 318
	318  -  MemoryUsage of job (MB)
	326208  -  ResidentSetSize of job (KB)
...
006 (605417.180.000) 02/28 07:27:40 Image size of job updated: 318
	318  -  MemoryUsage of job (MB)
	326384  -  ResidentSetSize of job (KB)
...
006 (605417.180.000) 02/28 07:28:40 Image size of job updated: 322
	322  -  MemoryUsage of job (MB)
	330048  -  ResidentSetSize of job (KB)
...
006 (605417.180.000) 02/28 07:29:40 Image size of job updated: 322
	322  -  MemoryUsage of job (MB)
	330184  -  ResidentSetSize of job (KB)
...
006 (605417.180.000) 02/28 07:30:40 Image size of job updated: 322
	322  -  MemoryUsage of job (MB)
	330328  -  ResidentSetSize of job (KB)
...
006 (605417.180.000) 02/28 07:31:41 Image size of job updated: 322
	322  -  MemoryUsage of job (MB)
	330484  -  ResidentSetSize of job (KB)
...
006 (605417.180.000) 02/28 07:32:42 Image size of job updated: 322
	322  -  MemoryUsage of job (MB)
	330624  -  ResidentSetSize of job (KB)
...
006 (605417.180.000) 02/28 07:33:42 Image size of job updated: 322
	322  -  MemoryUsage of job (MB)
	330700  -  ResidentSetSize of job (KB)
...
006 (605417.180.000) 02/28 07:34:43 Image size of job updated: 323
	323  -  MemoryUsage of job (MB)
	330824  -  ResidentSetSize of job (KB)
...
006 (605417.180.000) 02/28 07:35:44 Image size of job updated: 323
	323  -  MemoryUsage of job (MB)
	330992  -  ResidentSetSize of job (KB)
...
006 (605417.180.000) 02/28 07:36:45 Image size of job updated: 323
	323  -  MemoryUsage of job (MB)
	331080  -  ResidentSetSize of job (KB)
...
006 (605417.180.000) 02/28 07:37:45 Image size of job updated: 323
	318  -  MemoryUsage of job (MB)
	331080  -  ResidentSetSize of job (KB)
...
006 (605417.180.000) 02/28 07:38:45 Image size of job updated: 323
	320  -  MemoryUsage of job (MB)
	331080  -  ResidentSetSize of job (KB)
...
006 (605417.180.000) 02/28 07:40:46 Image size of job updated: 324
	324  -  MemoryUsage of job (MB)
	332232  -  ResidentSetSize of job (KB)
...
006 (605417.180.000) 02/28 07:41:46 Image size of job updated: 324
	324  -  MemoryUsage of job (MB)
	332356  -  ResidentSetSize of job (KB)
...
006 (605417.180.000) 02/28 07:42:46 Image size of job updated: 324
	324  -  MemoryUsage of job (MB)
	332476  -  ResidentSetSize of job (KB)
...
006 (605417.180.000) 02/28 07:43:47 Image size of job updated: 324
	324  -  MemoryUsage of job (MB)
	332596  -  ResidentSetSize of job (KB)
...
006 (605417.180.000) 02/28 07:44:48 Image size of job updated: 324
	324  -  MemoryUsage of job (MB)
	332716  -  ResidentSetSize of job (KB)
...
006 (605417.180.000) 02/28 07:45:49 Image size of job updated: 325
	325  -  MemoryUsage of job (MB)
	332836  -  ResidentSetSize of job (KB)
...
006 (605417.180.000) 02/28 07:46:49 Image size of job updated: 325
	325  -  MemoryUsage of job (MB)
	332916  -  ResidentSetSize of job (KB)
...
006 (605417.180.000) 02/28 07:47:50 Image size of job updated: 325
	325  -  MemoryUsage of job (MB)
	333008  -  ResidentSetSize of job (KB)
...
006 (605417.180.000) 02/28 07:48:51 Image size of job updated: 325
	318  -  MemoryUsage of job (MB)
	333008  -  ResidentSetSize of job (KB)
...
006 (605417.180.000) 02/28 07:50:51 Image size of job updated: 325
	319  -  MemoryUsage of job (MB)
	333008  -  ResidentSetSize of job (KB)
...
006 (605417.180.000) 02/28 07:54:53 Image size of job updated: 325
	320  -  MemoryUsage of job (MB)
	333008  -  ResidentSetSize of job (KB)
...
006 (605417.180.000) 02/28 08:05:59 Image size of job updated: 325
	321  -  MemoryUsage of job (MB)
	333008  -  ResidentSetSize of job (KB)
...
006 (605417.180.000) 02/28 08:10:01 Image size of job updated: 325
	325  -  MemoryUsage of job (MB)
	333008  -  ResidentSetSize of job (KB)
...
006 (605417.180.000) 02/28 08:12:02 Image size of job updated: 325
	325  -  MemoryUsage of job (MB)
	333128  -  ResidentSetSize of job (KB)
...
006 (605417.180.000) 02/28 08:13:03 Image size of job updated: 325
	325  -  MemoryUsage of job (MB)
	333244  -  ResidentSetSize of job (KB)
...
006 (605417.180.000) 02/28 08:14:03 Image size of job updated: 325
	325  -  MemoryUsage of job (MB)
	333408  -  ResidentSetSize of job (KB)
...
006 (605417.180.000) 02/28 08:15:03 Image size of job updated: 325
	325  -  MemoryUsage of job (MB)
	333524  -  ResidentSetSize of job (KB)
...
006 (605417.180.000) 02/28 08:16:04 Image size of job updated: 325
	325  -  MemoryUsage of job (MB)
	333656  -  ResidentSetSize of job (KB)
...
006 (605417.180.000) 02/28 08:17:05 Image size of job updated: 325
	325  -  MemoryUsage of job (MB)
	333800  -  ResidentSetSize of job (KB)
...
006 (605417.180.000) 02/28 08:18:06 Image size of job updated: 326
	326  -  MemoryUsage of job (MB)
	333928  -  ResidentSetSize of job (KB)
...
006 (605417.180.000) 02/28 08:19:07 Image size of job updated: 326
	326  -  MemoryUsage of job (MB)
	334092  -  ResidentSetSize of job (KB)
...
006 (605417.180.000) 02/28 08:20:07 Image size of job updated: 326
	326  -  MemoryUsage of job (MB)
	334192  -  ResidentSetSize of job (KB)
...
006 (605417.180.000) 02/28 08:21:08 Image size of job updated: 327
	327  -  MemoryUsage of job (MB)
	335392  -  ResidentSetSize of job (KB)
...
006 (605417.180.000) 02/28 08:22:08 Image size of job updated: 327
	327  -  MemoryUsage of job (MB)
	335512  -  ResidentSetSize of job (KB)
...
006 (605417.180.000) 02/28 08:23:08 Image size of job updated: 327
	327  -  MemoryUsage of job (MB)
	335680  -  ResidentSetSize of job (KB)
...
006 (605417.180.000) 02/28 08:24:09 Image size of job updated: 327
	327  -  MemoryUsage of job (MB)
	335824  -  ResidentSetSize of job (KB)
...
006 (605417.180.000) 02/28 08:25:10 Image size of job updated: 328
	328  -  MemoryUsage of job (MB)
	335984  -  ResidentSetSize of job (KB)
...
006 (605417.180.000) 02/28 08:26:11 Image size of job updated: 328
	328  -  MemoryUsage of job (MB)
	336092  -  ResidentSetSize of job (KB)
...
006 (605417.180.000) 02/28 08:27:11 Image size of job updated: 328
	323  -  MemoryUsage of job (MB)
	336092  -  ResidentSetSize of job (KB)
...
006 (605417.180.000) 02/28 08:28:12 Image size of job updated: 328
	324  -  MemoryUsage of job (MB)
	336092  -  ResidentSetSize of job (KB)
...
006 (605417.180.000) 02/28 08:34:15 Image size of job updated: 328
	325  -  MemoryUsage of job (MB)
	336092  -  ResidentSetSize of job (KB)
...
006 (605417.180.000) 02/28 08:44:20 Image size of job updated: 328
	326  -  MemoryUsage of job (MB)
	336092  -  ResidentSetSize of job (KB)
...
006 (605417.180.000) 02/28 08:49:21 Image size of job updated: 329
	329  -  MemoryUsage of job (MB)
	337220  -  ResidentSetSize of job (KB)
...
006 (605417.180.000) 02/28 08:50:22 Image size of job updated: 333
	333  -  MemoryUsage of job (MB)
	341792  -  ResidentSetSize of job (KB)
...
006 (605417.180.000) 02/28 08:51:22 Image size of job updated: 333
	333  -  MemoryUsage of job (MB)
	341936  -  ResidentSetSize of job (KB)
...
006 (605417.180.000) 02/28 08:52:23 Image size of job updated: 334
	334  -  MemoryUsage of job (MB)
	342036  -  ResidentSetSize of job (KB)
...
006 (605417.180.000) 02/28 08:53:24 Image size of job updated: 334
	334  -  MemoryUsage of job (MB)
	342108  -  ResidentSetSize of job (KB)
...
006 (605417.180.000) 02/28 08:54:24 Image size of job updated: 334
	334  -  MemoryUsage of job (MB)
	342220  -  ResidentSetSize of job (KB)
...
006 (605417.180.000) 02/28 08:55:25 Image size of job updated: 334
	334  -  MemoryUsage of job (MB)
	342328  -  ResidentSetSize of job (KB)
...
006 (605417.180.000) 02/28 08:56:25 Image size of job updated: 334
	334  -  MemoryUsage of job (MB)
	342412  -  ResidentSetSize of job (KB)
...
006 (605417.180.000) 02/28 08:57:26 Image size of job updated: 334
	334  -  MemoryUsage of job (MB)
	342508  -  ResidentSetSize of job (KB)
...
006 (605417.180.000) 02/28 08:58:27 Image size of job updated: 334
	334  -  MemoryUsage of job (MB)
	342616  -  ResidentSetSize of job (KB)
...
006 (605417.180.000) 02/28 08:59:27 Image size of job updated: 334
	334  -  MemoryUsage of job (MB)
	342744  -  ResidentSetSize of job (KB)
...
006 (605417.180.000) 02/28 09:00:28 Image size of job updated: 334
	334  -  MemoryUsage of job (MB)
	342808  -  ResidentSetSize of job (KB)
...
006 (605417.180.000) 02/28 09:01:28 Image size of job updated: 334
	329  -  MemoryUsage of job (MB)
	342808  -  ResidentSetSize of job (KB)
...
006 (605417.180.000) 02/28 09:02:29 Image size of job updated: 334
	332  -  MemoryUsage of job (MB)
	342808  -  ResidentSetSize of job (KB)
...
006 (605417.180.000) 02/28 09:03:29 Image size of job updated: 334
	334  -  MemoryUsage of job (MB)
	342808  -  ResidentSetSize of job (KB)
...
006 (605417.180.000) 02/28 09:04:30 Image size of job updated: 334
	334  -  MemoryUsage of job (MB)
	342812  -  ResidentSetSize of job (KB)
...
006 (605417.180.000) 02/28 09:05:31 Image size of job updated: 334
	334  -  MemoryUsage of job (MB)
	342820  -  ResidentSetSize of job (KB)
...
006 (605417.180.000) 02/28 09:12:35 Image size of job updated: 334
	328  -  MemoryUsage of job (MB)
	342820  -  ResidentSetSize of job (KB)
...
006 (605417.180.000) 02/28 09:13:36 Image size of job updated: 334
	329  -  MemoryUsage of job (MB)
	342820  -  ResidentSetSize of job (KB)
...
006 (605417.180.000) 02/28 09:16:38 Image size of job updated: 334
	330  -  MemoryUsage of job (MB)
	342820  -  ResidentSetSize of job (KB)
...
006 (605417.180.000) 02/28 09:22:41 Image size of job updated: 334
	328  -  MemoryUsage of job (MB)
	342820  -  ResidentSetSize of job (KB)
...
006 (605417.180.000) 02/28 09:24:42 Image size of job updated: 334
	329  -  MemoryUsage of job (MB)
	342820  -  ResidentSetSize of job (KB)
...
006 (605417.180.000) 02/28 09:26:43 Image size of job updated: 334
	330  -  MemoryUsage of job (MB)
	342820  -  ResidentSetSize of job (KB)
...
005 (605417.180.000) 02/28 09:32:56 Job terminated.
	(1) Normal termination (return value 0)
		Usr 0 01:52:15, Sys 0 00:15:44  -  Run Remote Usage
		Usr 0 00:00:00, Sys 0 00:00:00  -  Run Local Usage
		Usr 0 01:52:15, Sys 0 00:15:44  -  Total Remote Usage
		Usr 0 00:00:00, Sys 0 00:00:00  -  Total Local Usage
	217429  -  Run Bytes Sent By Job
	14407  -  Run Bytes Received By Job
	217429  -  Total Bytes Sent By Job
	14407  -  Total Bytes Received By Job
	Partitionable Resources :    Usage  Request Allocated 
	   Cpus                 :     0.00        1         1 
	   Disk (KB)            :   253           7   1629278 
	   Memory (MB)          :   330        2048      2048 
...
