000 (605417.154.000) 02/28 06:23:40 Job submitted from host: <131.225.188.55:9618?addrs=131.225.188.55-9618&noUDP&sock=1689_178c_3>
...
001 (605417.154.000) 02/28 06:29:27 Job executing on host: <131.225.190.36:9618?addrs=131.225.190.36-9618&noUDP&sock=56322_c92b_3>
...
006 (605417.154.000) 02/28 06:29:36 Image size of job updated: 15
	15  -  MemoryUsage of job (MB)
	16156  -  ResidentSetSize of job (KB)
...
006 (605417.154.000) 02/28 06:30:38 Image size of job updated: 98
	98  -  MemoryUsage of job (MB)
	100732  -  ResidentSetSize of job (KB)
...
006 (605417.154.000) 02/28 06:31:38 Image size of job updated: 266
	266  -  MemoryUsage of job (MB)
	272984  -  ResidentSetSize of job (KB)
...
006 (605417.154.000) 02/28 06:32:39 Image size of job updated: 297
	297  -  MemoryUsage of job (MB)
	304316  -  ResidentSetSize of job (KB)
...
006 (605417.154.000) 02/28 06:33:39 Image size of job updated: 298
	298  -  MemoryUsage of job (MB)
	305996  -  ResidentSetSize of job (KB)
...
006 (605417.154.000) 02/28 06:34:40 Image size of job updated: 298
	298  -  MemoryUsage of job (MB)
	306036  -  ResidentSetSize of job (KB)
...
006 (605417.154.000) 02/28 06:35:41 Image size of job updated: 299
	299  -  MemoryUsage of job (MB)
	306248  -  ResidentSetSize of job (KB)
...
006 (605417.154.000) 02/28 06:36:41 Image size of job updated: 299
	299  -  MemoryUsage of job (MB)
	306684  -  ResidentSetSize of job (KB)
...
006 (605417.154.000) 02/28 06:37:42 Image size of job updated: 299
	299  -  MemoryUsage of job (MB)
	306728  -  ResidentSetSize of job (KB)
...
006 (605417.154.000) 02/28 06:38:43 Image size of job updated: 299
	299  -  MemoryUsage of job (MB)
	306792  -  ResidentSetSize of job (KB)
...
006 (605417.154.000) 02/28 06:39:43 Image size of job updated: 299
	299  -  MemoryUsage of job (MB)
	306828  -  ResidentSetSize of job (KB)
...
006 (605417.154.000) 02/28 06:40:44 Image size of job updated: 299
	299  -  MemoryUsage of job (MB)
	306912  -  ResidentSetSize of job (KB)
...
006 (605417.154.000) 02/28 06:41:45 Image size of job updated: 299
	299  -  MemoryUsage of job (MB)
	307060  -  ResidentSetSize of job (KB)
...
006 (605417.154.000) 02/28 06:42:45 Image size of job updated: 299
	299  -  MemoryUsage of job (MB)
	307140  -  ResidentSetSize of job (KB)
...
006 (605417.154.000) 02/28 06:43:46 Image size of job updated: 306
	306  -  MemoryUsage of job (MB)
	314128  -  ResidentSetSize of job (KB)
...
006 (605417.154.000) 02/28 06:44:48 Image size of job updated: 306
	306  -  MemoryUsage of job (MB)
	314240  -  ResidentSetSize of job (KB)
...
006 (605417.154.000) 02/28 06:45:48 Image size of job updated: 307
	307  -  MemoryUsage of job (MB)
	314836  -  ResidentSetSize of job (KB)
...
006 (605417.154.000) 02/28 06:46:49 Image size of job updated: 307
	307  -  MemoryUsage of job (MB)
	315308  -  ResidentSetSize of job (KB)
...
006 (605417.154.000) 02/28 06:47:49 Image size of job updated: 308
	308  -  MemoryUsage of job (MB)
	315560  -  ResidentSetSize of job (KB)
...
006 (605417.154.000) 02/28 06:48:49 Image size of job updated: 308
	308  -  MemoryUsage of job (MB)
	316216  -  ResidentSetSize of job (KB)
...
006 (605417.154.000) 02/28 06:49:50 Image size of job updated: 308
	308  -  MemoryUsage of job (MB)
	316276  -  ResidentSetSize of job (KB)
...
006 (605417.154.000) 02/28 06:50:51 Image size of job updated: 308
	308  -  MemoryUsage of job (MB)
	316352  -  ResidentSetSize of job (KB)
...
006 (605417.154.000) 02/28 06:51:51 Image size of job updated: 308
	308  -  MemoryUsage of job (MB)
	316392  -  ResidentSetSize of job (KB)
...
006 (605417.154.000) 02/28 06:52:52 Image size of job updated: 310
	310  -  MemoryUsage of job (MB)
	317472  -  ResidentSetSize of job (KB)
...
006 (605417.154.000) 02/28 06:53:52 Image size of job updated: 310
	310  -  MemoryUsage of job (MB)
	317552  -  ResidentSetSize of job (KB)
...
006 (605417.154.000) 02/28 06:54:52 Image size of job updated: 310
	307  -  MemoryUsage of job (MB)
	317552  -  ResidentSetSize of job (KB)
...
006 (605417.154.000) 02/28 06:55:53 Image size of job updated: 310
	308  -  MemoryUsage of job (MB)
	317552  -  ResidentSetSize of job (KB)
...
006 (605417.154.000) 02/28 06:58:55 Image size of job updated: 311
	311  -  MemoryUsage of job (MB)
	318476  -  ResidentSetSize of job (KB)
...
006 (605417.154.000) 02/28 06:59:55 Image size of job updated: 311
	311  -  MemoryUsage of job (MB)
	318536  -  ResidentSetSize of job (KB)
...
006 (605417.154.000) 02/28 07:00:55 Image size of job updated: 311
	311  -  MemoryUsage of job (MB)
	318588  -  ResidentSetSize of job (KB)
...
006 (605417.154.000) 02/28 07:01:56 Image size of job updated: 311
	311  -  MemoryUsage of job (MB)
	318676  -  ResidentSetSize of job (KB)
...
006 (605417.154.000) 02/28 07:02:56 Image size of job updated: 311
	311  -  MemoryUsage of job (MB)
	318724  -  ResidentSetSize of job (KB)
...
006 (605417.154.000) 02/28 07:03:56 Image size of job updated: 311
	311  -  MemoryUsage of job (MB)
	318780  -  ResidentSetSize of job (KB)
...
006 (605417.154.000) 02/28 07:04:57 Image size of job updated: 311
	311  -  MemoryUsage of job (MB)
	318844  -  ResidentSetSize of job (KB)
...
006 (605417.154.000) 02/28 07:05:57 Image size of job updated: 311
	311  -  MemoryUsage of job (MB)
	318892  -  ResidentSetSize of job (KB)
...
006 (605417.154.000) 02/28 07:06:57 Image size of job updated: 311
	309  -  MemoryUsage of job (MB)
	318892  -  ResidentSetSize of job (KB)
...
006 (605417.154.000) 02/28 07:07:58 Image size of job updated: 311
	311  -  MemoryUsage of job (MB)
	318892  -  ResidentSetSize of job (KB)
...
006 (605417.154.000) 02/28 07:08:58 Image size of job updated: 311
	311  -  MemoryUsage of job (MB)
	319288  -  ResidentSetSize of job (KB)
...
006 (605417.154.000) 02/28 07:09:58 Image size of job updated: 311
	311  -  MemoryUsage of job (MB)
	319332  -  ResidentSetSize of job (KB)
...
006 (605417.154.000) 02/28 07:10:59 Image size of job updated: 311
	311  -  MemoryUsage of job (MB)
	319380  -  ResidentSetSize of job (KB)
...
006 (605417.154.000) 02/28 07:11:59 Image size of job updated: 311
	311  -  MemoryUsage of job (MB)
	319440  -  ResidentSetSize of job (KB)
...
006 (605417.154.000) 02/28 07:13:00 Image size of job updated: 312
	312  -  MemoryUsage of job (MB)
	319512  -  ResidentSetSize of job (KB)
...
006 (605417.154.000) 02/28 07:14:01 Image size of job updated: 312
	312  -  MemoryUsage of job (MB)
	319564  -  ResidentSetSize of job (KB)
...
006 (605417.154.000) 02/28 07:15:01 Image size of job updated: 312
	312  -  MemoryUsage of job (MB)
	319624  -  ResidentSetSize of job (KB)
...
006 (605417.154.000) 02/28 07:16:02 Image size of job updated: 312
	312  -  MemoryUsage of job (MB)
	319708  -  ResidentSetSize of job (KB)
...
006 (605417.154.000) 02/28 07:17:04 Image size of job updated: 312
	312  -  MemoryUsage of job (MB)
	319756  -  ResidentSetSize of job (KB)
...
006 (605417.154.000) 02/28 07:18:04 Image size of job updated: 312
	310  -  MemoryUsage of job (MB)
	319756  -  ResidentSetSize of job (KB)
...
006 (605417.154.000) 02/28 07:22:06 Image size of job updated: 312
	311  -  MemoryUsage of job (MB)
	319756  -  ResidentSetSize of job (KB)
...
006 (605417.154.000) 02/28 07:29:08 Image size of job updated: 312
	310  -  MemoryUsage of job (MB)
	319756  -  ResidentSetSize of job (KB)
...
006 (605417.154.000) 02/28 07:33:10 Image size of job updated: 312
	311  -  MemoryUsage of job (MB)
	319756  -  ResidentSetSize of job (KB)
...
006 (605417.154.000) 02/28 07:34:10 Image size of job updated: 313
	313  -  MemoryUsage of job (MB)
	321160  -  ResidentSetSize of job (KB)
...
006 (605417.154.000) 02/28 07:35:11 Image size of job updated: 314
	314  -  MemoryUsage of job (MB)
	321616  -  ResidentSetSize of job (KB)
...
006 (605417.154.000) 02/28 07:36:11 Image size of job updated: 314
	314  -  MemoryUsage of job (MB)
	321664  -  ResidentSetSize of job (KB)
...
006 (605417.154.000) 02/28 07:37:12 Image size of job updated: 314
	314  -  MemoryUsage of job (MB)
	321752  -  ResidentSetSize of job (KB)
...
006 (605417.154.000) 02/28 07:38:13 Image size of job updated: 314
	314  -  MemoryUsage of job (MB)
	321768  -  ResidentSetSize of job (KB)
...
006 (605417.154.000) 02/28 07:39:13 Image size of job updated: 314
	314  -  MemoryUsage of job (MB)
	321812  -  ResidentSetSize of job (KB)
...
006 (605417.154.000) 02/28 07:40:14 Image size of job updated: 314
	314  -  MemoryUsage of job (MB)
	321832  -  ResidentSetSize of job (KB)
...
006 (605417.154.000) 02/28 07:41:14 Image size of job updated: 314
	314  -  MemoryUsage of job (MB)
	321884  -  ResidentSetSize of job (KB)
...
006 (605417.154.000) 02/28 07:42:15 Image size of job updated: 314
	314  -  MemoryUsage of job (MB)
	321952  -  ResidentSetSize of job (KB)
...
006 (605417.154.000) 02/28 07:43:16 Image size of job updated: 314
	311  -  MemoryUsage of job (MB)
	321952  -  ResidentSetSize of job (KB)
...
006 (605417.154.000) 02/28 07:49:19 Image size of job updated: 314
	312  -  MemoryUsage of job (MB)
	321952  -  ResidentSetSize of job (KB)
...
006 (605417.154.000) 02/28 07:57:24 Image size of job updated: 314
	313  -  MemoryUsage of job (MB)
	321952  -  ResidentSetSize of job (KB)
...
006 (605417.154.000) 02/28 08:06:30 Image size of job updated: 314
	312  -  MemoryUsage of job (MB)
	321952  -  ResidentSetSize of job (KB)
...
006 (605417.154.000) 02/28 08:08:31 Image size of job updated: 314
	313  -  MemoryUsage of job (MB)
	321952  -  ResidentSetSize of job (KB)
...
006 (605417.154.000) 02/28 08:13:33 Image size of job updated: 314
	314  -  MemoryUsage of job (MB)
	322124  -  ResidentSetSize of job (KB)
...
006 (605417.154.000) 02/28 08:14:33 Image size of job updated: 314
	314  -  MemoryUsage of job (MB)
	322172  -  ResidentSetSize of job (KB)
...
006 (605417.154.000) 02/28 08:15:34 Image size of job updated: 314
	314  -  MemoryUsage of job (MB)
	322220  -  ResidentSetSize of job (KB)
...
006 (605417.154.000) 02/28 08:16:34 Image size of job updated: 314
	314  -  MemoryUsage of job (MB)
	322268  -  ResidentSetSize of job (KB)
...
006 (605417.154.000) 02/28 08:17:34 Image size of job updated: 314
	314  -  MemoryUsage of job (MB)
	322304  -  ResidentSetSize of job (KB)
...
006 (605417.154.000) 02/28 08:18:35 Image size of job updated: 314
	313  -  MemoryUsage of job (MB)
	322304  -  ResidentSetSize of job (KB)
...
006 (605417.154.000) 02/28 08:23:37 Image size of job updated: 314
	314  -  MemoryUsage of job (MB)
	322304  -  ResidentSetSize of job (KB)
...
006 (605417.154.000) 02/28 08:30:41 Image size of job updated: 315
	315  -  MemoryUsage of job (MB)
	323524  -  ResidentSetSize of job (KB)
...
006 (605417.154.000) 02/28 08:31:41 Image size of job updated: 316
	316  -  MemoryUsage of job (MB)
	324004  -  ResidentSetSize of job (KB)
...
006 (605417.154.000) 02/28 08:32:42 Image size of job updated: 316
	316  -  MemoryUsage of job (MB)
	324068  -  ResidentSetSize of job (KB)
...
006 (605417.154.000) 02/28 08:33:42 Image size of job updated: 316
	316  -  MemoryUsage of job (MB)
	324104  -  ResidentSetSize of job (KB)
...
006 (605417.154.000) 02/28 08:34:43 Image size of job updated: 316
	316  -  MemoryUsage of job (MB)
	324140  -  ResidentSetSize of job (KB)
...
006 (605417.154.000) 02/28 08:35:43 Image size of job updated: 316
	316  -  MemoryUsage of job (MB)
	324196  -  ResidentSetSize of job (KB)
...
006 (605417.154.000) 02/28 08:36:44 Image size of job updated: 316
	316  -  MemoryUsage of job (MB)
	324260  -  ResidentSetSize of job (KB)
...
006 (605417.154.000) 02/28 08:37:45 Image size of job updated: 316
	316  -  MemoryUsage of job (MB)
	324292  -  ResidentSetSize of job (KB)
...
006 (605417.154.000) 02/28 08:38:45 Image size of job updated: 316
	316  -  MemoryUsage of job (MB)
	324336  -  ResidentSetSize of job (KB)
...
006 (605417.154.000) 02/28 08:39:46 Image size of job updated: 316
	316  -  MemoryUsage of job (MB)
	324384  -  ResidentSetSize of job (KB)
...
006 (605417.154.000) 02/28 08:40:46 Image size of job updated: 316
	316  -  MemoryUsage of job (MB)
	324448  -  ResidentSetSize of job (KB)
...
006 (605417.154.000) 02/28 08:41:22 Image size of job updated: 316
	316  -  MemoryUsage of job (MB)
	324460  -  ResidentSetSize of job (KB)
...
005 (605417.154.000) 02/28 08:41:26 Job terminated.
	(1) Normal termination (return value 0)
		Usr 0 01:24:25, Sys 0 00:10:47  -  Run Remote Usage
		Usr 0 00:00:00, Sys 0 00:00:00  -  Run Local Usage
		Usr 0 01:24:25, Sys 0 00:10:47  -  Total Remote Usage
		Usr 0 00:00:00, Sys 0 00:00:00  -  Total Local Usage
	143703  -  Run Bytes Sent By Job
	14407  -  Run Bytes Received By Job
	143703  -  Total Bytes Sent By Job
	14407  -  Total Bytes Received By Job
	Partitionable Resources :    Usage  Request Allocated 
	   Cpus                 :        0        1         1 
	   Disk (KB)            :      177        7    841338 
	   Memory (MB)          :      316     2048      2048 
...
