000 (605417.161.000) 02/28 06:23:40 Job submitted from host: <131.225.188.55:9618?addrs=131.225.188.55-9618&noUDP&sock=1689_178c_3>
...
001 (605417.161.000) 02/28 06:29:58 Job executing on host: <131.225.206.194:9618?addrs=131.225.206.194-9618&noUDP&sock=30513_f561_3>
...
006 (605417.161.000) 02/28 06:30:07 Image size of job updated: 5
	5  -  MemoryUsage of job (MB)
	5660  -  ResidentSetSize of job (KB)
...
006 (605417.161.000) 02/28 06:31:09 Image size of job updated: 306
	306  -  MemoryUsage of job (MB)
	313516  -  ResidentSetSize of job (KB)
...
006 (605417.161.000) 02/28 06:32:09 Image size of job updated: 309
	309  -  MemoryUsage of job (MB)
	316456  -  ResidentSetSize of job (KB)
...
006 (605417.161.000) 02/28 06:33:09 Image size of job updated: 311
	311  -  MemoryUsage of job (MB)
	318940  -  ResidentSetSize of job (KB)
...
006 (605417.161.000) 02/28 06:34:09 Image size of job updated: 311
	311  -  MemoryUsage of job (MB)
	319344  -  ResidentSetSize of job (KB)
...
006 (605417.161.000) 02/28 06:35:09 Image size of job updated: 312
	312  -  MemoryUsage of job (MB)
	319608  -  ResidentSetSize of job (KB)
...
006 (605417.161.000) 02/28 06:36:09 Image size of job updated: 312
	312  -  MemoryUsage of job (MB)
	319700  -  ResidentSetSize of job (KB)
...
006 (605417.161.000) 02/28 06:37:09 Image size of job updated: 312
	312  -  MemoryUsage of job (MB)
	319884  -  ResidentSetSize of job (KB)
...
006 (605417.161.000) 02/28 06:38:09 Image size of job updated: 312
	312  -  MemoryUsage of job (MB)
	320108  -  ResidentSetSize of job (KB)
...
006 (605417.161.000) 02/28 06:39:10 Image size of job updated: 312
	312  -  MemoryUsage of job (MB)
	320332  -  ResidentSetSize of job (KB)
...
006 (605417.161.000) 02/28 06:40:11 Image size of job updated: 312
	312  -  MemoryUsage of job (MB)
	320440  -  ResidentSetSize of job (KB)
...
006 (605417.161.000) 02/28 06:41:12 Image size of job updated: 313
	313  -  MemoryUsage of job (MB)
	321004  -  ResidentSetSize of job (KB)
...
006 (605417.161.000) 02/28 06:42:13 Image size of job updated: 313
	313  -  MemoryUsage of job (MB)
	321080  -  ResidentSetSize of job (KB)
...
006 (605417.161.000) 02/28 06:43:14 Image size of job updated: 313
	313  -  MemoryUsage of job (MB)
	321204  -  ResidentSetSize of job (KB)
...
006 (605417.161.000) 02/28 06:44:14 Image size of job updated: 313
	313  -  MemoryUsage of job (MB)
	321328  -  ResidentSetSize of job (KB)
...
006 (605417.161.000) 02/28 06:45:14 Image size of job updated: 316
	316  -  MemoryUsage of job (MB)
	324540  -  ResidentSetSize of job (KB)
...
006 (605417.161.000) 02/28 06:46:14 Image size of job updated: 317
	317  -  MemoryUsage of job (MB)
	324864  -  ResidentSetSize of job (KB)
...
006 (605417.161.000) 02/28 06:47:14 Image size of job updated: 317
	317  -  MemoryUsage of job (MB)
	324920  -  ResidentSetSize of job (KB)
...
006 (605417.161.000) 02/28 06:48:15 Image size of job updated: 317
	317  -  MemoryUsage of job (MB)
	325064  -  ResidentSetSize of job (KB)
...
006 (605417.161.000) 02/28 06:49:16 Image size of job updated: 317
	317  -  MemoryUsage of job (MB)
	325160  -  ResidentSetSize of job (KB)
...
006 (605417.161.000) 02/28 06:50:17 Image size of job updated: 317
	317  -  MemoryUsage of job (MB)
	325296  -  ResidentSetSize of job (KB)
...
006 (605417.161.000) 02/28 06:51:18 Image size of job updated: 317
	317  -  MemoryUsage of job (MB)
	325408  -  ResidentSetSize of job (KB)
...
006 (605417.161.000) 02/28 06:52:18 Image size of job updated: 317
	317  -  MemoryUsage of job (MB)
	325500  -  ResidentSetSize of job (KB)
...
006 (605417.161.000) 02/28 06:53:18 Image size of job updated: 317
	317  -  MemoryUsage of job (MB)
	325584  -  ResidentSetSize of job (KB)
...
006 (605417.161.000) 02/28 06:54:18 Image size of job updated: 323
	323  -  MemoryUsage of job (MB)
	330792  -  ResidentSetSize of job (KB)
...
006 (605417.161.000) 02/28 06:55:18 Image size of job updated: 323
	323  -  MemoryUsage of job (MB)
	330888  -  ResidentSetSize of job (KB)
...
006 (605417.161.000) 02/28 06:56:18 Image size of job updated: 323
	323  -  MemoryUsage of job (MB)
	331000  -  ResidentSetSize of job (KB)
...
006 (605417.161.000) 02/28 06:57:19 Image size of job updated: 323
	323  -  MemoryUsage of job (MB)
	331096  -  ResidentSetSize of job (KB)
...
006 (605417.161.000) 02/28 06:58:20 Image size of job updated: 323
	323  -  MemoryUsage of job (MB)
	331228  -  ResidentSetSize of job (KB)
...
006 (605417.161.000) 02/28 06:59:21 Image size of job updated: 323
	323  -  MemoryUsage of job (MB)
	331308  -  ResidentSetSize of job (KB)
...
006 (605417.161.000) 02/28 07:00:23 Image size of job updated: 323
	323  -  MemoryUsage of job (MB)
	331396  -  ResidentSetSize of job (KB)
...
006 (605417.161.000) 02/28 07:01:23 Image size of job updated: 323
	320  -  MemoryUsage of job (MB)
	331396  -  ResidentSetSize of job (KB)
...
006 (605417.161.000) 02/28 07:03:23 Image size of job updated: 323
	321  -  MemoryUsage of job (MB)
	331396  -  ResidentSetSize of job (KB)
...
006 (605417.161.000) 02/28 07:05:23 Image size of job updated: 323
	322  -  MemoryUsage of job (MB)
	331396  -  ResidentSetSize of job (KB)
...
006 (605417.161.000) 02/28 07:07:25 Image size of job updated: 323
	323  -  MemoryUsage of job (MB)
	331396  -  ResidentSetSize of job (KB)
...
006 (605417.161.000) 02/28 07:08:26 Image size of job updated: 324
	324  -  MemoryUsage of job (MB)
	332740  -  ResidentSetSize of job (KB)
...
006 (605417.161.000) 02/28 07:09:27 Image size of job updated: 325
	325  -  MemoryUsage of job (MB)
	332856  -  ResidentSetSize of job (KB)
...
006 (605417.161.000) 02/28 07:10:27 Image size of job updated: 325
	325  -  MemoryUsage of job (MB)
	332944  -  ResidentSetSize of job (KB)
...
006 (605417.161.000) 02/28 07:11:27 Image size of job updated: 325
	325  -  MemoryUsage of job (MB)
	333060  -  ResidentSetSize of job (KB)
...
006 (605417.161.000) 02/28 07:12:27 Image size of job updated: 325
	325  -  MemoryUsage of job (MB)
	333192  -  ResidentSetSize of job (KB)
...
006 (605417.161.000) 02/28 07:13:27 Image size of job updated: 325
	325  -  MemoryUsage of job (MB)
	333324  -  ResidentSetSize of job (KB)
...
006 (605417.161.000) 02/28 07:14:28 Image size of job updated: 325
	323  -  MemoryUsage of job (MB)
	333324  -  ResidentSetSize of job (KB)
...
006 (605417.161.000) 02/28 07:15:29 Image size of job updated: 325
	324  -  MemoryUsage of job (MB)
	333324  -  ResidentSetSize of job (KB)
...
006 (605417.161.000) 02/28 07:20:33 Image size of job updated: 325
	325  -  MemoryUsage of job (MB)
	333324  -  ResidentSetSize of job (KB)
...
006 (605417.161.000) 02/28 07:24:35 Image size of job updated: 325
	325  -  MemoryUsage of job (MB)
	333464  -  ResidentSetSize of job (KB)
...
006 (605417.161.000) 02/28 07:25:35 Image size of job updated: 325
	325  -  MemoryUsage of job (MB)
	333624  -  ResidentSetSize of job (KB)
...
006 (605417.161.000) 02/28 07:26:36 Image size of job updated: 325
	325  -  MemoryUsage of job (MB)
	333744  -  ResidentSetSize of job (KB)
...
006 (605417.161.000) 02/28 07:27:37 Image size of job updated: 326
	326  -  MemoryUsage of job (MB)
	333876  -  ResidentSetSize of job (KB)
...
006 (605417.161.000) 02/28 07:28:37 Image size of job updated: 326
	322  -  MemoryUsage of job (MB)
	333876  -  ResidentSetSize of job (KB)
...
006 (605417.161.000) 02/28 07:29:37 Image size of job updated: 326
	323  -  MemoryUsage of job (MB)
	333876  -  ResidentSetSize of job (KB)
...
006 (605417.161.000) 02/28 07:32:38 Image size of job updated: 326
	324  -  MemoryUsage of job (MB)
	333876  -  ResidentSetSize of job (KB)
...
006 (605417.161.000) 02/28 07:39:43 Image size of job updated: 326
	325  -  MemoryUsage of job (MB)
	333876  -  ResidentSetSize of job (KB)
...
006 (605417.161.000) 02/28 07:41:43 Image size of job updated: 326
	323  -  MemoryUsage of job (MB)
	333876  -  ResidentSetSize of job (KB)
...
006 (605417.161.000) 02/28 07:42:43 Image size of job updated: 326
	324  -  MemoryUsage of job (MB)
	333876  -  ResidentSetSize of job (KB)
...
006 (605417.161.000) 02/28 07:45:45 Image size of job updated: 326
	325  -  MemoryUsage of job (MB)
	333876  -  ResidentSetSize of job (KB)
...
006 (605417.161.000) 02/28 07:49:47 Image size of job updated: 328
	328  -  MemoryUsage of job (MB)
	336428  -  ResidentSetSize of job (KB)
...
006 (605417.161.000) 02/28 07:50:47 Image size of job updated: 328
	328  -  MemoryUsage of job (MB)
	336572  -  ResidentSetSize of job (KB)
...
006 (605417.161.000) 02/28 07:51:48 Image size of job updated: 328
	328  -  MemoryUsage of job (MB)
	336760  -  ResidentSetSize of job (KB)
...
006 (605417.161.000) 02/28 07:52:49 Image size of job updated: 329
	329  -  MemoryUsage of job (MB)
	336924  -  ResidentSetSize of job (KB)
...
006 (605417.161.000) 02/28 07:53:50 Image size of job updated: 329
	325  -  MemoryUsage of job (MB)
	336924  -  ResidentSetSize of job (KB)
...
006 (605417.161.000) 02/28 07:57:51 Image size of job updated: 329
	326  -  MemoryUsage of job (MB)
	336924  -  ResidentSetSize of job (KB)
...
006 (605417.161.000) 02/28 08:05:54 Image size of job updated: 329
	327  -  MemoryUsage of job (MB)
	336924  -  ResidentSetSize of job (KB)
...
006 (605417.161.000) 02/28 08:07:56 Image size of job updated: 329
	328  -  MemoryUsage of job (MB)
	336924  -  ResidentSetSize of job (KB)
...
006 (605417.161.000) 02/28 08:08:57 Image size of job updated: 330
	330  -  MemoryUsage of job (MB)
	338632  -  ResidentSetSize of job (KB)
...
006 (605417.161.000) 02/28 08:09:58 Image size of job updated: 330
	330  -  MemoryUsage of job (MB)
	338812  -  ResidentSetSize of job (KB)
...
006 (605417.161.000) 02/28 08:10:58 Image size of job updated: 331
	331  -  MemoryUsage of job (MB)
	338952  -  ResidentSetSize of job (KB)
...
006 (605417.161.000) 02/28 08:11:58 Image size of job updated: 331
	331  -  MemoryUsage of job (MB)
	339112  -  ResidentSetSize of job (KB)
...
006 (605417.161.000) 02/28 08:12:58 Image size of job updated: 331
	331  -  MemoryUsage of job (MB)
	339468  -  ResidentSetSize of job (KB)
...
006 (605417.161.000) 02/28 08:13:58 Image size of job updated: 331
	331  -  MemoryUsage of job (MB)
	339664  -  ResidentSetSize of job (KB)
...
006 (605417.161.000) 02/28 08:14:59 Image size of job updated: 331
	331  -  MemoryUsage of job (MB)
	339776  -  ResidentSetSize of job (KB)
...
006 (605417.161.000) 02/28 08:16:00 Image size of job updated: 331
	331  -  MemoryUsage of job (MB)
	339864  -  ResidentSetSize of job (KB)
...
006 (605417.161.000) 02/28 08:17:01 Image size of job updated: 332
	332  -  MemoryUsage of job (MB)
	340428  -  ResidentSetSize of job (KB)
...
006 (605417.161.000) 02/28 08:18:01 Image size of job updated: 332
	332  -  MemoryUsage of job (MB)
	340568  -  ResidentSetSize of job (KB)
...
006 (605417.161.000) 02/28 08:19:01 Image size of job updated: 332
	332  -  MemoryUsage of job (MB)
	340704  -  ResidentSetSize of job (KB)
...
006 (605417.161.000) 02/28 08:20:01 Image size of job updated: 332
	332  -  MemoryUsage of job (MB)
	340852  -  ResidentSetSize of job (KB)
...
006 (605417.161.000) 02/28 08:21:02 Image size of job updated: 332
	328  -  MemoryUsage of job (MB)
	340852  -  ResidentSetSize of job (KB)
...
006 (605417.161.000) 02/28 08:24:05 Image size of job updated: 332
	329  -  MemoryUsage of job (MB)
	340852  -  ResidentSetSize of job (KB)
...
006 (605417.161.000) 02/28 08:31:09 Image size of job updated: 332
	330  -  MemoryUsage of job (MB)
	340852  -  ResidentSetSize of job (KB)
...
006 (605417.161.000) 02/28 08:33:09 Image size of job updated: 332
	331  -  MemoryUsage of job (MB)
	340852  -  ResidentSetSize of job (KB)
...
006 (605417.161.000) 02/28 08:34:09 Image size of job updated: 332
	332  -  MemoryUsage of job (MB)
	340852  -  ResidentSetSize of job (KB)
...
006 (605417.161.000) 02/28 08:37:11 Image size of job updated: 333
	333  -  MemoryUsage of job (MB)
	341248  -  ResidentSetSize of job (KB)
...
006 (605417.161.000) 02/28 08:38:12 Image size of job updated: 333
	333  -  MemoryUsage of job (MB)
	341444  -  ResidentSetSize of job (KB)
...
006 (605417.161.000) 02/28 08:39:13 Image size of job updated: 333
	333  -  MemoryUsage of job (MB)
	341592  -  ResidentSetSize of job (KB)
...
006 (605417.161.000) 02/28 08:40:13 Image size of job updated: 333
	333  -  MemoryUsage of job (MB)
	341692  -  ResidentSetSize of job (KB)
...
006 (605417.161.000) 02/28 08:41:13 Image size of job updated: 333
	333  -  MemoryUsage of job (MB)
	341828  -  ResidentSetSize of job (KB)
...
006 (605417.161.000) 02/28 08:42:13 Image size of job updated: 333
	333  -  MemoryUsage of job (MB)
	341996  -  ResidentSetSize of job (KB)
...
006 (605417.161.000) 02/28 08:43:13 Image size of job updated: 334
	334  -  MemoryUsage of job (MB)
	342112  -  ResidentSetSize of job (KB)
...
006 (605417.161.000) 02/28 08:44:14 Image size of job updated: 334
	334  -  MemoryUsage of job (MB)
	342256  -  ResidentSetSize of job (KB)
...
006 (605417.161.000) 02/28 08:45:15 Image size of job updated: 334
	333  -  MemoryUsage of job (MB)
	342256  -  ResidentSetSize of job (KB)
...
006 (605417.161.000) 02/28 08:46:16 Image size of job updated: 334
	334  -  MemoryUsage of job (MB)
	342256  -  ResidentSetSize of job (KB)
...
006 (605417.161.000) 02/28 08:47:17 Image size of job updated: 334
	334  -  MemoryUsage of job (MB)
	342380  -  ResidentSetSize of job (KB)
...
006 (605417.161.000) 02/28 08:48:17 Image size of job updated: 334
	334  -  MemoryUsage of job (MB)
	342712  -  ResidentSetSize of job (KB)
...
006 (605417.161.000) 02/28 08:49:17 Image size of job updated: 334
	334  -  MemoryUsage of job (MB)
	342816  -  ResidentSetSize of job (KB)
...
006 (605417.161.000) 02/28 08:50:17 Image size of job updated: 334
	334  -  MemoryUsage of job (MB)
	342952  -  ResidentSetSize of job (KB)
...
006 (605417.161.000) 02/28 08:51:17 Image size of job updated: 335
	335  -  MemoryUsage of job (MB)
	343252  -  ResidentSetSize of job (KB)
...
006 (605417.161.000) 02/28 08:52:18 Image size of job updated: 335
	335  -  MemoryUsage of job (MB)
	343408  -  ResidentSetSize of job (KB)
...
006 (605417.161.000) 02/28 08:53:19 Image size of job updated: 335
	335  -  MemoryUsage of job (MB)
	343532  -  ResidentSetSize of job (KB)
...
006 (605417.161.000) 02/28 08:54:19 Image size of job updated: 335
	335  -  MemoryUsage of job (MB)
	343668  -  ResidentSetSize of job (KB)
...
006 (605417.161.000) 02/28 08:55:19 Image size of job updated: 335
	335  -  MemoryUsage of job (MB)
	343812  -  ResidentSetSize of job (KB)
...
006 (605417.161.000) 02/28 08:56:19 Image size of job updated: 335
	335  -  MemoryUsage of job (MB)
	343964  -  ResidentSetSize of job (KB)
...
006 (605417.161.000) 02/28 08:57:19 Image size of job updated: 335
	335  -  MemoryUsage of job (MB)
	344052  -  ResidentSetSize of job (KB)
...
006 (605417.161.000) 02/28 08:58:20 Image size of job updated: 336
	336  -  MemoryUsage of job (MB)
	344176  -  ResidentSetSize of job (KB)
...
006 (605417.161.000) 02/28 08:58:52 Image size of job updated: 336
	336  -  MemoryUsage of job (MB)
	344260  -  ResidentSetSize of job (KB)
...
005 (605417.161.000) 02/28 08:59:01 Job terminated.
	(1) Normal termination (return value 0)
		Usr 0 01:38:15, Sys 0 00:11:35  -  Run Remote Usage
		Usr 0 00:00:00, Sys 0 00:00:00  -  Run Local Usage
		Usr 0 01:38:15, Sys 0 00:11:35  -  Total Remote Usage
		Usr 0 00:00:00, Sys 0 00:00:00  -  Total Local Usage
	167628  -  Run Bytes Sent By Job
	14407  -  Run Bytes Received By Job
	167628  -  Total Bytes Sent By Job
	14407  -  Total Bytes Received By Job
	Partitionable Resources :    Usage  Request Allocated 
	   Cpus                 :        0        1         1 
	   Disk (KB)            :      197        7    385051 
	   Memory (MB)          :      336     2048      2048 
...
