000 (605417.172.000) 02/28 06:23:40 Job submitted from host: <131.225.188.55:9618?addrs=131.225.188.55-9618&noUDP&sock=1689_178c_3>
...
001 (605417.172.000) 02/28 06:30:01 Job executing on host: <131.225.205.199:9618?addrs=131.225.205.199-9618&noUDP&sock=4501_e3dd_3>
...
006 (605417.172.000) 02/28 06:30:10 Image size of job updated: 2
	0  -  MemoryUsage of job (MB)
	872  -  ResidentSetSize of job (KB)
...
006 (605417.172.000) 02/28 06:31:10 Image size of job updated: 160
	160  -  MemoryUsage of job (MB)
	164552  -  ResidentSetSize of job (KB)
...
006 (605417.172.000) 02/28 06:32:11 Image size of job updated: 309
	309  -  MemoryUsage of job (MB)
	316848  -  ResidentSetSize of job (KB)
...
006 (605417.172.000) 02/28 06:33:12 Image size of job updated: 311
	311  -  MemoryUsage of job (MB)
	318948  -  ResidentSetSize of job (KB)
...
006 (605417.172.000) 02/28 06:34:12 Image size of job updated: 311
	311  -  MemoryUsage of job (MB)
	318984  -  ResidentSetSize of job (KB)
...
006 (605417.172.000) 02/28 06:35:13 Image size of job updated: 311
	311  -  MemoryUsage of job (MB)
	319444  -  ResidentSetSize of job (KB)
...
006 (605417.172.000) 02/28 06:36:14 Image size of job updated: 312
	312  -  MemoryUsage of job (MB)
	319580  -  ResidentSetSize of job (KB)
...
006 (605417.172.000) 02/28 06:37:14 Image size of job updated: 312
	312  -  MemoryUsage of job (MB)
	319648  -  ResidentSetSize of job (KB)
...
006 (605417.172.000) 02/28 06:38:15 Image size of job updated: 312
	312  -  MemoryUsage of job (MB)
	319740  -  ResidentSetSize of job (KB)
...
006 (605417.172.000) 02/28 06:39:15 Image size of job updated: 312
	312  -  MemoryUsage of job (MB)
	320244  -  ResidentSetSize of job (KB)
...
006 (605417.172.000) 02/28 06:40:15 Image size of job updated: 312
	312  -  MemoryUsage of job (MB)
	320320  -  ResidentSetSize of job (KB)
...
006 (605417.172.000) 02/28 06:41:16 Image size of job updated: 313
	313  -  MemoryUsage of job (MB)
	320552  -  ResidentSetSize of job (KB)
...
006 (605417.172.000) 02/28 06:42:16 Image size of job updated: 313
	313  -  MemoryUsage of job (MB)
	320620  -  ResidentSetSize of job (KB)
...
006 (605417.172.000) 02/28 06:43:16 Image size of job updated: 313
	313  -  MemoryUsage of job (MB)
	320692  -  ResidentSetSize of job (KB)
...
006 (605417.172.000) 02/28 06:44:17 Image size of job updated: 313
	313  -  MemoryUsage of job (MB)
	320740  -  ResidentSetSize of job (KB)
...
006 (605417.172.000) 02/28 06:45:17 Image size of job updated: 313
	313  -  MemoryUsage of job (MB)
	320804  -  ResidentSetSize of job (KB)
...
006 (605417.172.000) 02/28 06:46:18 Image size of job updated: 313
	313  -  MemoryUsage of job (MB)
	320880  -  ResidentSetSize of job (KB)
...
006 (605417.172.000) 02/28 06:47:19 Image size of job updated: 313
	313  -  MemoryUsage of job (MB)
	320964  -  ResidentSetSize of job (KB)
...
006 (605417.172.000) 02/28 06:48:19 Image size of job updated: 313
	313  -  MemoryUsage of job (MB)
	321056  -  ResidentSetSize of job (KB)
...
006 (605417.172.000) 02/28 06:49:20 Image size of job updated: 313
	313  -  MemoryUsage of job (MB)
	321116  -  ResidentSetSize of job (KB)
...
006 (605417.172.000) 02/28 06:50:21 Image size of job updated: 313
	313  -  MemoryUsage of job (MB)
	321176  -  ResidentSetSize of job (KB)
...
006 (605417.172.000) 02/28 06:51:21 Image size of job updated: 313
	313  -  MemoryUsage of job (MB)
	321276  -  ResidentSetSize of job (KB)
...
006 (605417.172.000) 02/28 06:52:22 Image size of job updated: 322
	322  -  MemoryUsage of job (MB)
	330048  -  ResidentSetSize of job (KB)
...
006 (605417.172.000) 02/28 06:53:22 Image size of job updated: 322
	322  -  MemoryUsage of job (MB)
	330164  -  ResidentSetSize of job (KB)
...
006 (605417.172.000) 02/28 06:54:22 Image size of job updated: 322
	322  -  MemoryUsage of job (MB)
	330264  -  ResidentSetSize of job (KB)
...
006 (605417.172.000) 02/28 06:55:23 Image size of job updated: 322
	322  -  MemoryUsage of job (MB)
	330348  -  ResidentSetSize of job (KB)
...
006 (605417.172.000) 02/28 06:56:23 Image size of job updated: 322
	322  -  MemoryUsage of job (MB)
	330432  -  ResidentSetSize of job (KB)
...
006 (605417.172.000) 02/28 06:57:24 Image size of job updated: 322
	322  -  MemoryUsage of job (MB)
	330480  -  ResidentSetSize of job (KB)
...
006 (605417.172.000) 02/28 06:58:25 Image size of job updated: 322
	322  -  MemoryUsage of job (MB)
	330648  -  ResidentSetSize of job (KB)
...
006 (605417.172.000) 02/28 06:59:25 Image size of job updated: 322
	322  -  MemoryUsage of job (MB)
	330728  -  ResidentSetSize of job (KB)
...
006 (605417.172.000) 02/28 07:00:26 Image size of job updated: 323
	323  -  MemoryUsage of job (MB)
	330768  -  ResidentSetSize of job (KB)
...
006 (605417.172.000) 02/28 07:01:27 Image size of job updated: 323
	323  -  MemoryUsage of job (MB)
	330900  -  ResidentSetSize of job (KB)
...
006 (605417.172.000) 02/28 07:02:27 Image size of job updated: 323
	323  -  MemoryUsage of job (MB)
	330932  -  ResidentSetSize of job (KB)
...
006 (605417.172.000) 02/28 07:03:28 Image size of job updated: 323
	323  -  MemoryUsage of job (MB)
	331008  -  ResidentSetSize of job (KB)
...
006 (605417.172.000) 02/28 07:04:28 Image size of job updated: 323
	323  -  MemoryUsage of job (MB)
	331084  -  ResidentSetSize of job (KB)
...
006 (605417.172.000) 02/28 07:05:29 Image size of job updated: 323
	323  -  MemoryUsage of job (MB)
	331172  -  ResidentSetSize of job (KB)
...
006 (605417.172.000) 02/28 07:06:29 Image size of job updated: 323
	323  -  MemoryUsage of job (MB)
	331272  -  ResidentSetSize of job (KB)
...
006 (605417.172.000) 02/28 07:07:29 Image size of job updated: 323
	323  -  MemoryUsage of job (MB)
	331360  -  ResidentSetSize of job (KB)
...
006 (605417.172.000) 02/28 07:08:30 Image size of job updated: 323
	323  -  MemoryUsage of job (MB)
	331456  -  ResidentSetSize of job (KB)
...
006 (605417.172.000) 02/28 07:09:31 Image size of job updated: 323
	323  -  MemoryUsage of job (MB)
	331520  -  ResidentSetSize of job (KB)
...
006 (605417.172.000) 02/28 07:10:31 Image size of job updated: 323
	323  -  MemoryUsage of job (MB)
	331540  -  ResidentSetSize of job (KB)
...
006 (605417.172.000) 02/28 07:11:32 Image size of job updated: 324
	324  -  MemoryUsage of job (MB)
	331900  -  ResidentSetSize of job (KB)
...
006 (605417.172.000) 02/28 07:12:32 Image size of job updated: 324
	324  -  MemoryUsage of job (MB)
	331968  -  ResidentSetSize of job (KB)
...
006 (605417.172.000) 02/28 07:13:32 Image size of job updated: 324
	324  -  MemoryUsage of job (MB)
	332016  -  ResidentSetSize of job (KB)
...
006 (605417.172.000) 02/28 07:14:33 Image size of job updated: 324
	324  -  MemoryUsage of job (MB)
	332112  -  ResidentSetSize of job (KB)
...
006 (605417.172.000) 02/28 07:15:33 Image size of job updated: 324
	324  -  MemoryUsage of job (MB)
	332164  -  ResidentSetSize of job (KB)
...
006 (605417.172.000) 02/28 07:16:33 Image size of job updated: 324
	324  -  MemoryUsage of job (MB)
	332224  -  ResidentSetSize of job (KB)
...
006 (605417.172.000) 02/28 07:17:34 Image size of job updated: 324
	324  -  MemoryUsage of job (MB)
	332324  -  ResidentSetSize of job (KB)
...
006 (605417.172.000) 02/28 07:18:34 Image size of job updated: 324
	324  -  MemoryUsage of job (MB)
	332404  -  ResidentSetSize of job (KB)
...
006 (605417.172.000) 02/28 07:19:35 Image size of job updated: 324
	324  -  MemoryUsage of job (MB)
	332484  -  ResidentSetSize of job (KB)
...
006 (605417.172.000) 02/28 07:20:35 Image size of job updated: 324
	324  -  MemoryUsage of job (MB)
	332552  -  ResidentSetSize of job (KB)
...
006 (605417.172.000) 02/28 07:21:35 Image size of job updated: 324
	324  -  MemoryUsage of job (MB)
	332616  -  ResidentSetSize of job (KB)
...
006 (605417.172.000) 02/28 07:22:36 Image size of job updated: 324
	324  -  MemoryUsage of job (MB)
	332724  -  ResidentSetSize of job (KB)
...
006 (605417.172.000) 02/28 07:23:36 Image size of job updated: 324
	324  -  MemoryUsage of job (MB)
	332744  -  ResidentSetSize of job (KB)
...
006 (605417.172.000) 02/28 07:24:37 Image size of job updated: 325
	325  -  MemoryUsage of job (MB)
	332856  -  ResidentSetSize of job (KB)
...
006 (605417.172.000) 02/28 07:25:37 Image size of job updated: 325
	325  -  MemoryUsage of job (MB)
	332920  -  ResidentSetSize of job (KB)
...
006 (605417.172.000) 02/28 07:26:38 Image size of job updated: 325
	325  -  MemoryUsage of job (MB)
	333068  -  ResidentSetSize of job (KB)
...
006 (605417.172.000) 02/28 07:27:38 Image size of job updated: 325
	325  -  MemoryUsage of job (MB)
	333124  -  ResidentSetSize of job (KB)
...
006 (605417.172.000) 02/28 07:28:38 Image size of job updated: 325
	323  -  MemoryUsage of job (MB)
	333124  -  ResidentSetSize of job (KB)
...
006 (605417.172.000) 02/28 07:29:39 Image size of job updated: 325
	325  -  MemoryUsage of job (MB)
	333124  -  ResidentSetSize of job (KB)
...
006 (605417.172.000) 02/28 07:32:40 Image size of job updated: 325
	325  -  MemoryUsage of job (MB)
	333168  -  ResidentSetSize of job (KB)
...
006 (605417.172.000) 02/28 07:33:41 Image size of job updated: 325
	325  -  MemoryUsage of job (MB)
	333204  -  ResidentSetSize of job (KB)
...
006 (605417.172.000) 02/28 07:34:41 Image size of job updated: 325
	325  -  MemoryUsage of job (MB)
	333292  -  ResidentSetSize of job (KB)
...
006 (605417.172.000) 02/28 07:35:41 Image size of job updated: 325
	325  -  MemoryUsage of job (MB)
	333808  -  ResidentSetSize of job (KB)
...
006 (605417.172.000) 02/28 07:36:42 Image size of job updated: 326
	326  -  MemoryUsage of job (MB)
	333832  -  ResidentSetSize of job (KB)
...
006 (605417.172.000) 02/28 07:37:42 Image size of job updated: 326
	326  -  MemoryUsage of job (MB)
	333968  -  ResidentSetSize of job (KB)
...
006 (605417.172.000) 02/28 07:38:43 Image size of job updated: 326
	326  -  MemoryUsage of job (MB)
	334004  -  ResidentSetSize of job (KB)
...
006 (605417.172.000) 02/28 07:39:43 Image size of job updated: 326
	326  -  MemoryUsage of job (MB)
	334612  -  ResidentSetSize of job (KB)
...
006 (605417.172.000) 02/28 07:40:44 Image size of job updated: 326
	326  -  MemoryUsage of job (MB)
	334672  -  ResidentSetSize of job (KB)
...
006 (605417.172.000) 02/28 07:41:44 Image size of job updated: 326
	326  -  MemoryUsage of job (MB)
	334748  -  ResidentSetSize of job (KB)
...
006 (605417.172.000) 02/28 07:42:44 Image size of job updated: 326
	326  -  MemoryUsage of job (MB)
	334816  -  ResidentSetSize of job (KB)
...
006 (605417.172.000) 02/28 07:43:44 Image size of job updated: 327
	327  -  MemoryUsage of job (MB)
	334892  -  ResidentSetSize of job (KB)
...
006 (605417.172.000) 02/28 07:44:44 Image size of job updated: 327
	327  -  MemoryUsage of job (MB)
	334988  -  ResidentSetSize of job (KB)
...
006 (605417.172.000) 02/28 07:45:45 Image size of job updated: 327
	324  -  MemoryUsage of job (MB)
	334988  -  ResidentSetSize of job (KB)
...
006 (605417.172.000) 02/28 07:46:45 Image size of job updated: 327
	325  -  MemoryUsage of job (MB)
	334988  -  ResidentSetSize of job (KB)
...
006 (605417.172.000) 02/28 07:48:47 Image size of job updated: 327
	326  -  MemoryUsage of job (MB)
	334988  -  ResidentSetSize of job (KB)
...
006 (605417.172.000) 02/28 07:56:50 Image size of job updated: 327
	327  -  MemoryUsage of job (MB)
	335388  -  ResidentSetSize of job (KB)
...
006 (605417.172.000) 02/28 07:57:50 Image size of job updated: 327
	327  -  MemoryUsage of job (MB)
	335440  -  ResidentSetSize of job (KB)
...
006 (605417.172.000) 02/28 07:58:50 Image size of job updated: 327
	327  -  MemoryUsage of job (MB)
	335512  -  ResidentSetSize of job (KB)
...
006 (605417.172.000) 02/28 07:59:51 Image size of job updated: 327
	327  -  MemoryUsage of job (MB)
	335616  -  ResidentSetSize of job (KB)
...
006 (605417.172.000) 02/28 08:00:51 Image size of job updated: 327
	327  -  MemoryUsage of job (MB)
	335724  -  ResidentSetSize of job (KB)
...
006 (605417.172.000) 02/28 08:01:51 Image size of job updated: 327
	325  -  MemoryUsage of job (MB)
	335724  -  ResidentSetSize of job (KB)
...
006 (605417.172.000) 02/28 08:02:52 Image size of job updated: 327
	326  -  MemoryUsage of job (MB)
	335724  -  ResidentSetSize of job (KB)
...
006 (605417.172.000) 02/28 08:03:52 Image size of job updated: 327
	327  -  MemoryUsage of job (MB)
	335724  -  ResidentSetSize of job (KB)
...
006 (605417.172.000) 02/28 08:09:55 Image size of job updated: 328
	328  -  MemoryUsage of job (MB)
	335904  -  ResidentSetSize of job (KB)
...
006 (605417.172.000) 02/28 08:10:56 Image size of job updated: 328
	328  -  MemoryUsage of job (MB)
	335936  -  ResidentSetSize of job (KB)
...
006 (605417.172.000) 02/28 08:11:56 Image size of job updated: 328
	328  -  MemoryUsage of job (MB)
	336044  -  ResidentSetSize of job (KB)
...
006 (605417.172.000) 02/28 08:12:57 Image size of job updated: 328
	328  -  MemoryUsage of job (MB)
	336112  -  ResidentSetSize of job (KB)
...
006 (605417.172.000) 02/28 08:13:57 Image size of job updated: 328
	328  -  MemoryUsage of job (MB)
	336180  -  ResidentSetSize of job (KB)
...
006 (605417.172.000) 02/28 08:14:57 Image size of job updated: 328
	328  -  MemoryUsage of job (MB)
	336252  -  ResidentSetSize of job (KB)
...
006 (605417.172.000) 02/28 08:15:58 Image size of job updated: 328
	328  -  MemoryUsage of job (MB)
	336288  -  ResidentSetSize of job (KB)
...
006 (605417.172.000) 02/28 08:16:58 Image size of job updated: 328
	328  -  MemoryUsage of job (MB)
	336364  -  ResidentSetSize of job (KB)
...
006 (605417.172.000) 02/28 08:17:59 Image size of job updated: 328
	328  -  MemoryUsage of job (MB)
	336460  -  ResidentSetSize of job (KB)
...
006 (605417.172.000) 02/28 08:19:00 Image size of job updated: 328
	328  -  MemoryUsage of job (MB)
	336496  -  ResidentSetSize of job (KB)
...
006 (605417.172.000) 02/28 08:20:00 Image size of job updated: 328
	328  -  MemoryUsage of job (MB)
	336568  -  ResidentSetSize of job (KB)
...
006 (605417.172.000) 02/28 08:21:01 Image size of job updated: 328
	328  -  MemoryUsage of job (MB)
	336652  -  ResidentSetSize of job (KB)
...
006 (605417.172.000) 02/28 08:22:01 Image size of job updated: 328
	327  -  MemoryUsage of job (MB)
	336652  -  ResidentSetSize of job (KB)
...
006 (605417.172.000) 02/28 08:23:02 Image size of job updated: 329
	329  -  MemoryUsage of job (MB)
	336968  -  ResidentSetSize of job (KB)
...
006 (605417.172.000) 02/28 08:24:04 Image size of job updated: 329
	329  -  MemoryUsage of job (MB)
	337036  -  ResidentSetSize of job (KB)
...
006 (605417.172.000) 02/28 08:25:04 Image size of job updated: 329
	329  -  MemoryUsage of job (MB)
	337104  -  ResidentSetSize of job (KB)
...
006 (605417.172.000) 02/28 08:26:05 Image size of job updated: 329
	329  -  MemoryUsage of job (MB)
	337192  -  ResidentSetSize of job (KB)
...
006 (605417.172.000) 02/28 08:27:05 Image size of job updated: 329
	329  -  MemoryUsage of job (MB)
	337216  -  ResidentSetSize of job (KB)
...
006 (605417.172.000) 02/28 08:28:06 Image size of job updated: 329
	329  -  MemoryUsage of job (MB)
	337280  -  ResidentSetSize of job (KB)
...
006 (605417.172.000) 02/28 08:29:06 Image size of job updated: 329
	329  -  MemoryUsage of job (MB)
	337396  -  ResidentSetSize of job (KB)
...
006 (605417.172.000) 02/28 08:30:07 Image size of job updated: 329
	329  -  MemoryUsage of job (MB)
	337444  -  ResidentSetSize of job (KB)
...
006 (605417.172.000) 02/28 08:31:07 Image size of job updated: 329
	329  -  MemoryUsage of job (MB)
	337472  -  ResidentSetSize of job (KB)
...
006 (605417.172.000) 02/28 08:32:08 Image size of job updated: 329
	329  -  MemoryUsage of job (MB)
	337524  -  ResidentSetSize of job (KB)
...
006 (605417.172.000) 02/28 08:33:08 Image size of job updated: 329
	329  -  MemoryUsage of job (MB)
	337588  -  ResidentSetSize of job (KB)
...
006 (605417.172.000) 02/28 08:34:09 Image size of job updated: 329
	329  -  MemoryUsage of job (MB)
	337668  -  ResidentSetSize of job (KB)
...
006 (605417.172.000) 02/28 08:35:10 Image size of job updated: 329
	329  -  MemoryUsage of job (MB)
	337760  -  ResidentSetSize of job (KB)
...
006 (605417.172.000) 02/28 08:36:10 Image size of job updated: 329
	329  -  MemoryUsage of job (MB)
	337816  -  ResidentSetSize of job (KB)
...
006 (605417.172.000) 02/28 08:37:11 Image size of job updated: 329
	329  -  MemoryUsage of job (MB)
	337900  -  ResidentSetSize of job (KB)
...
006 (605417.172.000) 02/28 08:38:11 Image size of job updated: 330
	330  -  MemoryUsage of job (MB)
	337964  -  ResidentSetSize of job (KB)
...
006 (605417.172.000) 02/28 08:39:12 Image size of job updated: 330
	330  -  MemoryUsage of job (MB)
	338004  -  ResidentSetSize of job (KB)
...
006 (605417.172.000) 02/28 08:40:12 Image size of job updated: 330
	330  -  MemoryUsage of job (MB)
	338108  -  ResidentSetSize of job (KB)
...
006 (605417.172.000) 02/28 08:41:13 Image size of job updated: 330
	328  -  MemoryUsage of job (MB)
	338108  -  ResidentSetSize of job (KB)
...
006 (605417.172.000) 02/28 08:42:13 Image size of job updated: 330
	329  -  MemoryUsage of job (MB)
	338108  -  ResidentSetSize of job (KB)
...
006 (605417.172.000) 02/28 08:45:14 Image size of job updated: 330
	330  -  MemoryUsage of job (MB)
	338108  -  ResidentSetSize of job (KB)
...
006 (605417.172.000) 02/28 08:47:15 Image size of job updated: 330
	330  -  MemoryUsage of job (MB)
	338192  -  ResidentSetSize of job (KB)
...
006 (605417.172.000) 02/28 08:48:16 Image size of job updated: 330
	330  -  MemoryUsage of job (MB)
	338248  -  ResidentSetSize of job (KB)
...
006 (605417.172.000) 02/28 08:49:16 Image size of job updated: 330
	330  -  MemoryUsage of job (MB)
	338304  -  ResidentSetSize of job (KB)
...
006 (605417.172.000) 02/28 08:50:17 Image size of job updated: 330
	330  -  MemoryUsage of job (MB)
	338408  -  ResidentSetSize of job (KB)
...
006 (605417.172.000) 02/28 08:51:18 Image size of job updated: 330
	330  -  MemoryUsage of job (MB)
	338452  -  ResidentSetSize of job (KB)
...
006 (605417.172.000) 02/28 08:52:18 Image size of job updated: 330
	330  -  MemoryUsage of job (MB)
	338540  -  ResidentSetSize of job (KB)
...
006 (605417.172.000) 02/28 08:53:19 Image size of job updated: 330
	330  -  MemoryUsage of job (MB)
	338600  -  ResidentSetSize of job (KB)
...
006 (605417.172.000) 02/28 08:54:19 Image size of job updated: 330
	330  -  MemoryUsage of job (MB)
	338664  -  ResidentSetSize of job (KB)
...
006 (605417.172.000) 02/28 08:55:20 Image size of job updated: 330
	330  -  MemoryUsage of job (MB)
	338800  -  ResidentSetSize of job (KB)
...
006 (605417.172.000) 02/28 08:56:20 Image size of job updated: 331
	331  -  MemoryUsage of job (MB)
	339936  -  ResidentSetSize of job (KB)
...
006 (605417.172.000) 02/28 08:57:21 Image size of job updated: 332
	332  -  MemoryUsage of job (MB)
	340060  -  ResidentSetSize of job (KB)
...
006 (605417.172.000) 02/28 08:58:21 Image size of job updated: 332
	332  -  MemoryUsage of job (MB)
	340092  -  ResidentSetSize of job (KB)
...
006 (605417.172.000) 02/28 08:59:21 Image size of job updated: 332
	329  -  MemoryUsage of job (MB)
	340092  -  ResidentSetSize of job (KB)
...
006 (605417.172.000) 02/28 09:00:22 Image size of job updated: 332
	330  -  MemoryUsage of job (MB)
	340092  -  ResidentSetSize of job (KB)
...
006 (605417.172.000) 02/28 09:04:24 Image size of job updated: 332
	331  -  MemoryUsage of job (MB)
	340092  -  ResidentSetSize of job (KB)
...
006 (605417.172.000) 02/28 09:05:24 Image size of job updated: 333
	333  -  MemoryUsage of job (MB)
	341388  -  ResidentSetSize of job (KB)
...
006 (605417.172.000) 02/28 09:06:25 Image size of job updated: 333
	333  -  MemoryUsage of job (MB)
	341436  -  ResidentSetSize of job (KB)
...
006 (605417.172.000) 02/28 09:07:25 Image size of job updated: 333
	333  -  MemoryUsage of job (MB)
	341548  -  ResidentSetSize of job (KB)
...
006 (605417.172.000) 02/28 09:08:26 Image size of job updated: 333
	333  -  MemoryUsage of job (MB)
	341620  -  ResidentSetSize of job (KB)
...
006 (605417.172.000) 02/28 09:09:26 Image size of job updated: 333
	333  -  MemoryUsage of job (MB)
	341740  -  ResidentSetSize of job (KB)
...
006 (605417.172.000) 02/28 09:10:27 Image size of job updated: 333
	333  -  MemoryUsage of job (MB)
	341808  -  ResidentSetSize of job (KB)
...
006 (605417.172.000) 02/28 09:11:27 Image size of job updated: 333
	333  -  MemoryUsage of job (MB)
	341904  -  ResidentSetSize of job (KB)
...
006 (605417.172.000) 02/28 09:12:28 Image size of job updated: 333
	333  -  MemoryUsage of job (MB)
	341980  -  ResidentSetSize of job (KB)
...
006 (605417.172.000) 02/28 09:13:28 Image size of job updated: 334
	334  -  MemoryUsage of job (MB)
	342020  -  ResidentSetSize of job (KB)
...
006 (605417.172.000) 02/28 09:14:29 Image size of job updated: 334
	334  -  MemoryUsage of job (MB)
	342116  -  ResidentSetSize of job (KB)
...
006 (605417.172.000) 02/28 09:15:29 Image size of job updated: 334
	334  -  MemoryUsage of job (MB)
	342168  -  ResidentSetSize of job (KB)
...
006 (605417.172.000) 02/28 09:15:54 Image size of job updated: 334
	334  -  MemoryUsage of job (MB)
	342204  -  ResidentSetSize of job (KB)
...
005 (605417.172.000) 02/28 09:16:03 Job terminated.
	(1) Normal termination (return value 0)
		Usr 0 01:47:24, Sys 0 00:12:38  -  Run Remote Usage
		Usr 0 00:00:00, Sys 0 00:00:00  -  Run Local Usage
		Usr 0 01:47:24, Sys 0 00:12:38  -  Total Remote Usage
		Usr 0 00:00:00, Sys 0 00:00:00  -  Total Local Usage
	128459  -  Run Bytes Sent By Job
	14407  -  Run Bytes Received By Job
	128459  -  Total Bytes Sent By Job
	14407  -  Total Bytes Received By Job
	Partitionable Resources :    Usage  Request Allocated 
	   Cpus                 :        0        1         1 
	   Disk (KB)            :      163        7   1695799 
	   Memory (MB)          :      334     2048      2048 
...
