000 (605417.146.000) 02/28 06:23:40 Job submitted from host: <131.225.188.55:9618?addrs=131.225.188.55-9618&noUDP&sock=1689_178c_3>
...
001 (605417.146.000) 02/28 06:29:23 Job executing on host: <131.225.188.217:9618?addrs=131.225.188.217-9618&noUDP&sock=2137_61fa_3>
...
006 (605417.146.000) 02/28 06:29:32 Image size of job updated: 15
	15  -  MemoryUsage of job (MB)
	16160  -  ResidentSetSize of job (KB)
...
006 (605417.146.000) 02/28 06:30:32 Image size of job updated: 194
	194  -  MemoryUsage of job (MB)
	199316  -  ResidentSetSize of job (KB)
...
006 (605417.146.000) 02/28 06:31:32 Image size of job updated: 298
	298  -  MemoryUsage of job (MB)
	305436  -  ResidentSetSize of job (KB)
...
006 (605417.146.000) 02/28 06:32:32 Image size of job updated: 298
	298  -  MemoryUsage of job (MB)
	305524  -  ResidentSetSize of job (KB)
...
006 (605417.146.000) 02/28 06:33:32 Image size of job updated: 298
	298  -  MemoryUsage of job (MB)
	305752  -  ResidentSetSize of job (KB)
...
006 (605417.146.000) 02/28 06:35:33 Image size of job updated: 298
	298  -  MemoryUsage of job (MB)
	305884  -  ResidentSetSize of job (KB)
...
006 (605417.146.000) 02/28 06:36:33 Image size of job updated: 298
	298  -  MemoryUsage of job (MB)
	305892  -  ResidentSetSize of job (KB)
...
006 (605417.146.000) 02/28 06:37:33 Image size of job updated: 299
	299  -  MemoryUsage of job (MB)
	306288  -  ResidentSetSize of job (KB)
...
006 (605417.146.000) 02/28 06:38:33 Image size of job updated: 299
	299  -  MemoryUsage of job (MB)
	306336  -  ResidentSetSize of job (KB)
...
006 (605417.146.000) 02/28 06:39:33 Image size of job updated: 299
	299  -  MemoryUsage of job (MB)
	306996  -  ResidentSetSize of job (KB)
...
006 (605417.146.000) 02/28 06:40:34 Image size of job updated: 311
	311  -  MemoryUsage of job (MB)
	318744  -  ResidentSetSize of job (KB)
...
006 (605417.146.000) 02/28 06:42:35 Image size of job updated: 311
	311  -  MemoryUsage of job (MB)
	318876  -  ResidentSetSize of job (KB)
...
006 (605417.146.000) 02/28 06:45:35 Image size of job updated: 311
	311  -  MemoryUsage of job (MB)
	319140  -  ResidentSetSize of job (KB)
...
006 (605417.146.000) 02/28 06:47:35 Image size of job updated: 311
	311  -  MemoryUsage of job (MB)
	319272  -  ResidentSetSize of job (KB)
...
006 (605417.146.000) 02/28 06:49:35 Image size of job updated: 311
	311  -  MemoryUsage of job (MB)
	319404  -  ResidentSetSize of job (KB)
...
006 (605417.146.000) 02/28 06:50:35 Image size of job updated: 311
	310  -  MemoryUsage of job (MB)
	319404  -  ResidentSetSize of job (KB)
...
006 (605417.146.000) 02/28 06:54:36 Image size of job updated: 314
	314  -  MemoryUsage of job (MB)
	321600  -  ResidentSetSize of job (KB)
...
006 (605417.146.000) 02/28 06:55:37 Image size of job updated: 314
	314  -  MemoryUsage of job (MB)
	321768  -  ResidentSetSize of job (KB)
...
006 (605417.146.000) 02/28 06:58:39 Image size of job updated: 314
	314  -  MemoryUsage of job (MB)
	322108  -  ResidentSetSize of job (KB)
...
006 (605417.146.000) 02/28 06:59:40 Image size of job updated: 314
	310  -  MemoryUsage of job (MB)
	322108  -  ResidentSetSize of job (KB)
...
006 (605417.146.000) 02/28 07:01:42 Image size of job updated: 314
	311  -  MemoryUsage of job (MB)
	322108  -  ResidentSetSize of job (KB)
...
006 (605417.146.000) 02/28 07:15:54 Image size of job updated: 314
	312  -  MemoryUsage of job (MB)
	322108  -  ResidentSetSize of job (KB)
...
006 (605417.146.000) 02/28 07:31:03 Image size of job updated: 314
	313  -  MemoryUsage of job (MB)
	322108  -  ResidentSetSize of job (KB)
...
006 (605417.146.000) 02/28 07:40:07 Image size of job updated: 314
	314  -  MemoryUsage of job (MB)
	322108  -  ResidentSetSize of job (KB)
...
006 (605417.146.000) 02/28 07:53:13 Image size of job updated: 314
	314  -  MemoryUsage of job (MB)
	322312  -  ResidentSetSize of job (KB)
...
006 (605417.146.000) 02/28 07:54:13 Image size of job updated: 314
	314  -  MemoryUsage of job (MB)
	322444  -  ResidentSetSize of job (KB)
...
006 (605417.146.000) 02/28 07:55:13 Image size of job updated: 314
	314  -  MemoryUsage of job (MB)
	322460  -  ResidentSetSize of job (KB)
...
006 (605417.146.000) 02/28 08:00:15 Image size of job updated: 314
	314  -  MemoryUsage of job (MB)
	322472  -  ResidentSetSize of job (KB)
...
006 (605417.146.000) 02/28 08:02:17 Image size of job updated: 315
	315  -  MemoryUsage of job (MB)
	322564  -  ResidentSetSize of job (KB)
...
006 (605417.146.000) 02/28 08:03:18 Image size of job updated: 315
	315  -  MemoryUsage of job (MB)
	322784  -  ResidentSetSize of job (KB)
...
006 (605417.146.000) 02/28 08:06:20 Image size of job updated: 315
	315  -  MemoryUsage of job (MB)
	323112  -  ResidentSetSize of job (KB)
...
006 (605417.146.000) 02/28 08:10:22 Image size of job updated: 315
	315  -  MemoryUsage of job (MB)
	323344  -  ResidentSetSize of job (KB)
...
005 (605417.146.000) 02/28 08:11:43 Job terminated.
	(1) Normal termination (return value 0)
		Usr 0 00:52:52, Sys 0 00:09:18  -  Run Remote Usage
		Usr 0 00:00:00, Sys 0 00:00:00  -  Run Local Usage
		Usr 0 00:52:52, Sys 0 00:09:18  -  Total Remote Usage
		Usr 0 00:00:00, Sys 0 00:00:00  -  Total Local Usage
	151775  -  Run Bytes Sent By Job
	14407  -  Run Bytes Received By Job
	151775  -  Total Bytes Sent By Job
	14407  -  Total Bytes Received By Job
	Partitionable Resources :    Usage  Request Allocated 
	   Cpus                 :        0        1         1 
	   Disk (KB)            :      190        7   1641407 
	   Memory (MB)          :      315     2048      2048 
...
