000 (605417.171.000) 02/28 06:23:40 Job submitted from host: <131.225.188.55:9618?addrs=131.225.188.55-9618&noUDP&sock=1689_178c_3>
...
001 (605417.171.000) 02/28 06:30:02 Job executing on host: <131.225.205.211:9618?addrs=131.225.205.211-9618&noUDP&sock=7337_2674_3>
...
006 (605417.171.000) 02/28 06:30:11 Image size of job updated: 3
	3  -  MemoryUsage of job (MB)
	3324  -  ResidentSetSize of job (KB)
...
006 (605417.171.000) 02/28 06:31:12 Image size of job updated: 306
	306  -  MemoryUsage of job (MB)
	313632  -  ResidentSetSize of job (KB)
...
006 (605417.171.000) 02/28 06:32:12 Image size of job updated: 309
	309  -  MemoryUsage of job (MB)
	317236  -  ResidentSetSize of job (KB)
...
006 (605417.171.000) 02/28 06:33:13 Image size of job updated: 309
	309  -  MemoryUsage of job (MB)
	317308  -  ResidentSetSize of job (KB)
...
006 (605417.171.000) 02/28 06:34:13 Image size of job updated: 310
	310  -  MemoryUsage of job (MB)
	317460  -  ResidentSetSize of job (KB)
...
006 (605417.171.000) 02/28 06:35:14 Image size of job updated: 310
	310  -  MemoryUsage of job (MB)
	318380  -  ResidentSetSize of job (KB)
...
006 (605417.171.000) 02/28 06:36:15 Image size of job updated: 311
	311  -  MemoryUsage of job (MB)
	319312  -  ResidentSetSize of job (KB)
...
006 (605417.171.000) 02/28 06:37:15 Image size of job updated: 311
	311  -  MemoryUsage of job (MB)
	319356  -  ResidentSetSize of job (KB)
...
006 (605417.171.000) 02/28 06:38:15 Image size of job updated: 311
	311  -  MemoryUsage of job (MB)
	319424  -  ResidentSetSize of job (KB)
...
006 (605417.171.000) 02/28 06:39:16 Image size of job updated: 312
	312  -  MemoryUsage of job (MB)
	319516  -  ResidentSetSize of job (KB)
...
006 (605417.171.000) 02/28 06:40:17 Image size of job updated: 312
	312  -  MemoryUsage of job (MB)
	319584  -  ResidentSetSize of job (KB)
...
006 (605417.171.000) 02/28 06:41:17 Image size of job updated: 312
	312  -  MemoryUsage of job (MB)
	319724  -  ResidentSetSize of job (KB)
...
006 (605417.171.000) 02/28 06:42:17 Image size of job updated: 312
	312  -  MemoryUsage of job (MB)
	319788  -  ResidentSetSize of job (KB)
...
006 (605417.171.000) 02/28 06:43:18 Image size of job updated: 312
	312  -  MemoryUsage of job (MB)
	319864  -  ResidentSetSize of job (KB)
...
006 (605417.171.000) 02/28 06:44:19 Image size of job updated: 312
	312  -  MemoryUsage of job (MB)
	319896  -  ResidentSetSize of job (KB)
...
006 (605417.171.000) 02/28 06:45:19 Image size of job updated: 312
	312  -  MemoryUsage of job (MB)
	319972  -  ResidentSetSize of job (KB)
...
006 (605417.171.000) 02/28 06:46:20 Image size of job updated: 312
	312  -  MemoryUsage of job (MB)
	320028  -  ResidentSetSize of job (KB)
...
006 (605417.171.000) 02/28 06:47:21 Image size of job updated: 312
	312  -  MemoryUsage of job (MB)
	320196  -  ResidentSetSize of job (KB)
...
006 (605417.171.000) 02/28 06:48:21 Image size of job updated: 312
	312  -  MemoryUsage of job (MB)
	320468  -  ResidentSetSize of job (KB)
...
006 (605417.171.000) 02/28 06:49:21 Image size of job updated: 313
	313  -  MemoryUsage of job (MB)
	320532  -  ResidentSetSize of job (KB)
...
006 (605417.171.000) 02/28 06:50:22 Image size of job updated: 313
	313  -  MemoryUsage of job (MB)
	320612  -  ResidentSetSize of job (KB)
...
006 (605417.171.000) 02/28 06:51:23 Image size of job updated: 313
	313  -  MemoryUsage of job (MB)
	320668  -  ResidentSetSize of job (KB)
...
006 (605417.171.000) 02/28 06:52:23 Image size of job updated: 320
	320  -  MemoryUsage of job (MB)
	328520  -  ResidentSetSize of job (KB)
...
006 (605417.171.000) 02/28 06:53:24 Image size of job updated: 320
	320  -  MemoryUsage of job (MB)
	328608  -  ResidentSetSize of job (KB)
...
006 (605417.171.000) 02/28 06:54:24 Image size of job updated: 320
	320  -  MemoryUsage of job (MB)
	328696  -  ResidentSetSize of job (KB)
...
006 (605417.171.000) 02/28 06:55:24 Image size of job updated: 321
	321  -  MemoryUsage of job (MB)
	328848  -  ResidentSetSize of job (KB)
...
006 (605417.171.000) 02/28 06:56:25 Image size of job updated: 321
	321  -  MemoryUsage of job (MB)
	328924  -  ResidentSetSize of job (KB)
...
006 (605417.171.000) 02/28 06:57:27 Image size of job updated: 321
	321  -  MemoryUsage of job (MB)
	328988  -  ResidentSetSize of job (KB)
...
006 (605417.171.000) 02/28 06:58:27 Image size of job updated: 321
	321  -  MemoryUsage of job (MB)
	329080  -  ResidentSetSize of job (KB)
...
006 (605417.171.000) 02/28 06:59:28 Image size of job updated: 321
	321  -  MemoryUsage of job (MB)
	329160  -  ResidentSetSize of job (KB)
...
006 (605417.171.000) 02/28 07:00:28 Image size of job updated: 321
	321  -  MemoryUsage of job (MB)
	329244  -  ResidentSetSize of job (KB)
...
006 (605417.171.000) 02/28 07:01:28 Image size of job updated: 321
	321  -  MemoryUsage of job (MB)
	329340  -  ResidentSetSize of job (KB)
...
006 (605417.171.000) 02/28 07:02:29 Image size of job updated: 321
	321  -  MemoryUsage of job (MB)
	329432  -  ResidentSetSize of job (KB)
...
006 (605417.171.000) 02/28 07:03:29 Image size of job updated: 322
	322  -  MemoryUsage of job (MB)
	329796  -  ResidentSetSize of job (KB)
...
006 (605417.171.000) 02/28 07:04:29 Image size of job updated: 322
	322  -  MemoryUsage of job (MB)
	329836  -  ResidentSetSize of job (KB)
...
006 (605417.171.000) 02/28 07:05:30 Image size of job updated: 322
	322  -  MemoryUsage of job (MB)
	329944  -  ResidentSetSize of job (KB)
...
006 (605417.171.000) 02/28 07:06:31 Image size of job updated: 322
	322  -  MemoryUsage of job (MB)
	330016  -  ResidentSetSize of job (KB)
...
006 (605417.171.000) 02/28 07:07:31 Image size of job updated: 322
	322  -  MemoryUsage of job (MB)
	330108  -  ResidentSetSize of job (KB)
...
006 (605417.171.000) 02/28 07:08:32 Image size of job updated: 322
	322  -  MemoryUsage of job (MB)
	330188  -  ResidentSetSize of job (KB)
...
006 (605417.171.000) 02/28 07:09:32 Image size of job updated: 322
	321  -  MemoryUsage of job (MB)
	330188  -  ResidentSetSize of job (KB)
...
006 (605417.171.000) 02/28 07:10:32 Image size of job updated: 322
	322  -  MemoryUsage of job (MB)
	330188  -  ResidentSetSize of job (KB)
...
006 (605417.171.000) 02/28 07:15:34 Image size of job updated: 323
	323  -  MemoryUsage of job (MB)
	330868  -  ResidentSetSize of job (KB)
...
006 (605417.171.000) 02/28 07:16:34 Image size of job updated: 323
	323  -  MemoryUsage of job (MB)
	330952  -  ResidentSetSize of job (KB)
...
006 (605417.171.000) 02/28 07:17:35 Image size of job updated: 323
	323  -  MemoryUsage of job (MB)
	331008  -  ResidentSetSize of job (KB)
...
006 (605417.171.000) 02/28 07:18:35 Image size of job updated: 323
	323  -  MemoryUsage of job (MB)
	331084  -  ResidentSetSize of job (KB)
...
006 (605417.171.000) 02/28 07:19:36 Image size of job updated: 323
	323  -  MemoryUsage of job (MB)
	331136  -  ResidentSetSize of job (KB)
...
006 (605417.171.000) 02/28 07:20:37 Image size of job updated: 323
	323  -  MemoryUsage of job (MB)
	331228  -  ResidentSetSize of job (KB)
...
006 (605417.171.000) 02/28 07:21:37 Image size of job updated: 323
	323  -  MemoryUsage of job (MB)
	331308  -  ResidentSetSize of job (KB)
...
006 (605417.171.000) 02/28 07:22:37 Image size of job updated: 323
	323  -  MemoryUsage of job (MB)
	331352  -  ResidentSetSize of job (KB)
...
006 (605417.171.000) 02/28 07:23:38 Image size of job updated: 323
	323  -  MemoryUsage of job (MB)
	331560  -  ResidentSetSize of job (KB)
...
006 (605417.171.000) 02/28 07:24:39 Image size of job updated: 323
	323  -  MemoryUsage of job (MB)
	331608  -  ResidentSetSize of job (KB)
...
006 (605417.171.000) 02/28 07:25:39 Image size of job updated: 323
	323  -  MemoryUsage of job (MB)
	331668  -  ResidentSetSize of job (KB)
...
006 (605417.171.000) 02/28 07:26:40 Image size of job updated: 323
	323  -  MemoryUsage of job (MB)
	331720  -  ResidentSetSize of job (KB)
...
006 (605417.171.000) 02/28 07:27:40 Image size of job updated: 324
	324  -  MemoryUsage of job (MB)
	331800  -  ResidentSetSize of job (KB)
...
006 (605417.171.000) 02/28 07:28:40 Image size of job updated: 324
	324  -  MemoryUsage of job (MB)
	331856  -  ResidentSetSize of job (KB)
...
006 (605417.171.000) 02/28 07:29:41 Image size of job updated: 324
	324  -  MemoryUsage of job (MB)
	331908  -  ResidentSetSize of job (KB)
...
006 (605417.171.000) 02/28 07:30:42 Image size of job updated: 324
	322  -  MemoryUsage of job (MB)
	331908  -  ResidentSetSize of job (KB)
...
006 (605417.171.000) 02/28 07:32:42 Image size of job updated: 324
	323  -  MemoryUsage of job (MB)
	331908  -  ResidentSetSize of job (KB)
...
006 (605417.171.000) 02/28 07:34:43 Image size of job updated: 324
	324  -  MemoryUsage of job (MB)
	332196  -  ResidentSetSize of job (KB)
...
006 (605417.171.000) 02/28 07:35:44 Image size of job updated: 324
	324  -  MemoryUsage of job (MB)
	332724  -  ResidentSetSize of job (KB)
...
006 (605417.171.000) 02/28 07:36:44 Image size of job updated: 325
	325  -  MemoryUsage of job (MB)
	332828  -  ResidentSetSize of job (KB)
...
006 (605417.171.000) 02/28 07:37:45 Image size of job updated: 325
	325  -  MemoryUsage of job (MB)
	332876  -  ResidentSetSize of job (KB)
...
006 (605417.171.000) 02/28 07:38:45 Image size of job updated: 325
	325  -  MemoryUsage of job (MB)
	332980  -  ResidentSetSize of job (KB)
...
006 (605417.171.000) 02/28 07:39:45 Image size of job updated: 325
	325  -  MemoryUsage of job (MB)
	333068  -  ResidentSetSize of job (KB)
...
006 (605417.171.000) 02/28 07:40:46 Image size of job updated: 325
	325  -  MemoryUsage of job (MB)
	333184  -  ResidentSetSize of job (KB)
...
006 (605417.171.000) 02/28 07:41:46 Image size of job updated: 325
	325  -  MemoryUsage of job (MB)
	333416  -  ResidentSetSize of job (KB)
...
006 (605417.171.000) 02/28 07:42:46 Image size of job updated: 325
	325  -  MemoryUsage of job (MB)
	333516  -  ResidentSetSize of job (KB)
...
006 (605417.171.000) 02/28 07:43:47 Image size of job updated: 325
	325  -  MemoryUsage of job (MB)
	333580  -  ResidentSetSize of job (KB)
...
006 (605417.171.000) 02/28 07:44:47 Image size of job updated: 325
	325  -  MemoryUsage of job (MB)
	333656  -  ResidentSetSize of job (KB)
...
006 (605417.171.000) 02/28 07:45:48 Image size of job updated: 325
	325  -  MemoryUsage of job (MB)
	333748  -  ResidentSetSize of job (KB)
...
006 (605417.171.000) 02/28 07:46:48 Image size of job updated: 326
	326  -  MemoryUsage of job (MB)
	333840  -  ResidentSetSize of job (KB)
...
006 (605417.171.000) 02/28 07:47:49 Image size of job updated: 326
	326  -  MemoryUsage of job (MB)
	334028  -  ResidentSetSize of job (KB)
...
006 (605417.171.000) 02/28 07:48:49 Image size of job updated: 326
	325  -  MemoryUsage of job (MB)
	334028  -  ResidentSetSize of job (KB)
...
006 (605417.171.000) 02/28 07:49:49 Image size of job updated: 326
	326  -  MemoryUsage of job (MB)
	334780  -  ResidentSetSize of job (KB)
...
006 (605417.171.000) 02/28 07:50:50 Image size of job updated: 327
	327  -  MemoryUsage of job (MB)
	334888  -  ResidentSetSize of job (KB)
...
006 (605417.171.000) 02/28 07:51:50 Image size of job updated: 327
	327  -  MemoryUsage of job (MB)
	334976  -  ResidentSetSize of job (KB)
...
006 (605417.171.000) 02/28 07:52:51 Image size of job updated: 327
	327  -  MemoryUsage of job (MB)
	335344  -  ResidentSetSize of job (KB)
...
006 (605417.171.000) 02/28 07:53:51 Image size of job updated: 327
	327  -  MemoryUsage of job (MB)
	335456  -  ResidentSetSize of job (KB)
...
006 (605417.171.000) 02/28 07:54:52 Image size of job updated: 327
	327  -  MemoryUsage of job (MB)
	335556  -  ResidentSetSize of job (KB)
...
006 (605417.171.000) 02/28 07:55:53 Image size of job updated: 327
	327  -  MemoryUsage of job (MB)
	335640  -  ResidentSetSize of job (KB)
...
006 (605417.171.000) 02/28 07:56:53 Image size of job updated: 327
	327  -  MemoryUsage of job (MB)
	335736  -  ResidentSetSize of job (KB)
...
006 (605417.171.000) 02/28 07:57:54 Image size of job updated: 327
	327  -  MemoryUsage of job (MB)
	335796  -  ResidentSetSize of job (KB)
...
006 (605417.171.000) 02/28 07:58:54 Image size of job updated: 328
	328  -  MemoryUsage of job (MB)
	335904  -  ResidentSetSize of job (KB)
...
006 (605417.171.000) 02/28 07:59:55 Image size of job updated: 328
	328  -  MemoryUsage of job (MB)
	335956  -  ResidentSetSize of job (KB)
...
006 (605417.171.000) 02/28 08:00:55 Image size of job updated: 328
	328  -  MemoryUsage of job (MB)
	336056  -  ResidentSetSize of job (KB)
...
006 (605417.171.000) 02/28 08:01:56 Image size of job updated: 328
	328  -  MemoryUsage of job (MB)
	336136  -  ResidentSetSize of job (KB)
...
006 (605417.171.000) 02/28 08:02:57 Image size of job updated: 328
	328  -  MemoryUsage of job (MB)
	336220  -  ResidentSetSize of job (KB)
...
006 (605417.171.000) 02/28 08:03:57 Image size of job updated: 328
	328  -  MemoryUsage of job (MB)
	336308  -  ResidentSetSize of job (KB)
...
006 (605417.171.000) 02/28 08:04:58 Image size of job updated: 328
	325  -  MemoryUsage of job (MB)
	336308  -  ResidentSetSize of job (KB)
...
006 (605417.171.000) 02/28 08:05:58 Image size of job updated: 328
	327  -  MemoryUsage of job (MB)
	336308  -  ResidentSetSize of job (KB)
...
006 (605417.171.000) 02/28 08:06:59 Image size of job updated: 330
	330  -  MemoryUsage of job (MB)
	338756  -  ResidentSetSize of job (KB)
...
006 (605417.171.000) 02/28 08:07:59 Image size of job updated: 330
	330  -  MemoryUsage of job (MB)
	338852  -  ResidentSetSize of job (KB)
...
006 (605417.171.000) 02/28 08:08:59 Image size of job updated: 330
	330  -  MemoryUsage of job (MB)
	338920  -  ResidentSetSize of job (KB)
...
006 (605417.171.000) 02/28 08:10:00 Image size of job updated: 331
	331  -  MemoryUsage of job (MB)
	339020  -  ResidentSetSize of job (KB)
...
006 (605417.171.000) 02/28 08:11:00 Image size of job updated: 331
	331  -  MemoryUsage of job (MB)
	339104  -  ResidentSetSize of job (KB)
...
006 (605417.171.000) 02/28 08:12:01 Image size of job updated: 331
	331  -  MemoryUsage of job (MB)
	339168  -  ResidentSetSize of job (KB)
...
006 (605417.171.000) 02/28 08:13:01 Image size of job updated: 331
	331  -  MemoryUsage of job (MB)
	339256  -  ResidentSetSize of job (KB)
...
006 (605417.171.000) 02/28 08:14:02 Image size of job updated: 331
	331  -  MemoryUsage of job (MB)
	339356  -  ResidentSetSize of job (KB)
...
006 (605417.171.000) 02/28 08:15:02 Image size of job updated: 331
	331  -  MemoryUsage of job (MB)
	339408  -  ResidentSetSize of job (KB)
...
006 (605417.171.000) 02/28 08:16:02 Image size of job updated: 331
	331  -  MemoryUsage of job (MB)
	339476  -  ResidentSetSize of job (KB)
...
006 (605417.171.000) 02/28 08:17:03 Image size of job updated: 331
	331  -  MemoryUsage of job (MB)
	339532  -  ResidentSetSize of job (KB)
...
006 (605417.171.000) 02/28 08:18:03 Image size of job updated: 331
	331  -  MemoryUsage of job (MB)
	339592  -  ResidentSetSize of job (KB)
...
006 (605417.171.000) 02/28 08:19:04 Image size of job updated: 331
	331  -  MemoryUsage of job (MB)
	339636  -  ResidentSetSize of job (KB)
...
006 (605417.171.000) 02/28 08:20:05 Image size of job updated: 331
	331  -  MemoryUsage of job (MB)
	339720  -  ResidentSetSize of job (KB)
...
006 (605417.171.000) 02/28 08:21:05 Image size of job updated: 331
	331  -  MemoryUsage of job (MB)
	339796  -  ResidentSetSize of job (KB)
...
006 (605417.171.000) 02/28 08:22:06 Image size of job updated: 331
	331  -  MemoryUsage of job (MB)
	339876  -  ResidentSetSize of job (KB)
...
006 (605417.171.000) 02/28 08:23:06 Image size of job updated: 331
	327  -  MemoryUsage of job (MB)
	339876  -  ResidentSetSize of job (KB)
...
006 (605417.171.000) 02/28 08:31:11 Image size of job updated: 331
	328  -  MemoryUsage of job (MB)
	339876  -  ResidentSetSize of job (KB)
...
006 (605417.171.000) 02/28 08:36:15 Image size of job updated: 334
	334  -  MemoryUsage of job (MB)
	342424  -  ResidentSetSize of job (KB)
...
006 (605417.171.000) 02/28 08:37:15 Image size of job updated: 334
	334  -  MemoryUsage of job (MB)
	342480  -  ResidentSetSize of job (KB)
...
006 (605417.171.000) 02/28 08:38:16 Image size of job updated: 334
	334  -  MemoryUsage of job (MB)
	342540  -  ResidentSetSize of job (KB)
...
006 (605417.171.000) 02/28 08:39:16 Image size of job updated: 334
	334  -  MemoryUsage of job (MB)
	342620  -  ResidentSetSize of job (KB)
...
006 (605417.171.000) 02/28 08:40:16 Image size of job updated: 334
	334  -  MemoryUsage of job (MB)
	342680  -  ResidentSetSize of job (KB)
...
006 (605417.171.000) 02/28 08:41:17 Image size of job updated: 334
	334  -  MemoryUsage of job (MB)
	342740  -  ResidentSetSize of job (KB)
...
006 (605417.171.000) 02/28 08:42:17 Image size of job updated: 334
	334  -  MemoryUsage of job (MB)
	342836  -  ResidentSetSize of job (KB)
...
006 (605417.171.000) 02/28 08:43:18 Image size of job updated: 334
	328  -  MemoryUsage of job (MB)
	342836  -  ResidentSetSize of job (KB)
...
006 (605417.171.000) 02/28 08:44:18 Image size of job updated: 334
	329  -  MemoryUsage of job (MB)
	342836  -  ResidentSetSize of job (KB)
...
006 (605417.171.000) 02/28 08:46:19 Image size of job updated: 334
	330  -  MemoryUsage of job (MB)
	342836  -  ResidentSetSize of job (KB)
...
006 (605417.171.000) 02/28 08:54:23 Image size of job updated: 334
	331  -  MemoryUsage of job (MB)
	342836  -  ResidentSetSize of job (KB)
...
006 (605417.171.000) 02/28 09:01:26 Image size of job updated: 334
	330  -  MemoryUsage of job (MB)
	342836  -  ResidentSetSize of job (KB)
...
006 (605417.171.000) 02/28 09:02:27 Image size of job updated: 334
	331  -  MemoryUsage of job (MB)
	342836  -  ResidentSetSize of job (KB)
...
006 (605417.171.000) 02/28 09:03:27 Image size of job updated: 334
	334  -  MemoryUsage of job (MB)
	342836  -  ResidentSetSize of job (KB)
...
006 (605417.171.000) 02/28 09:04:28 Image size of job updated: 334
	334  -  MemoryUsage of job (MB)
	342912  -  ResidentSetSize of job (KB)
...
006 (605417.171.000) 02/28 09:05:28 Image size of job updated: 334
	334  -  MemoryUsage of job (MB)
	343004  -  ResidentSetSize of job (KB)
...
006 (605417.171.000) 02/28 09:06:28 Image size of job updated: 335
	335  -  MemoryUsage of job (MB)
	343092  -  ResidentSetSize of job (KB)
...
006 (605417.171.000) 02/28 09:07:29 Image size of job updated: 335
	335  -  MemoryUsage of job (MB)
	343184  -  ResidentSetSize of job (KB)
...
006 (605417.171.000) 02/28 09:08:29 Image size of job updated: 335
	335  -  MemoryUsage of job (MB)
	343248  -  ResidentSetSize of job (KB)
...
006 (605417.171.000) 02/28 09:09:30 Image size of job updated: 335
	335  -  MemoryUsage of job (MB)
	343332  -  ResidentSetSize of job (KB)
...
006 (605417.171.000) 02/28 09:10:30 Image size of job updated: 335
	335  -  MemoryUsage of job (MB)
	343404  -  ResidentSetSize of job (KB)
...
006 (605417.171.000) 02/28 09:11:31 Image size of job updated: 335
	335  -  MemoryUsage of job (MB)
	343488  -  ResidentSetSize of job (KB)
...
006 (605417.171.000) 02/28 09:12:31 Image size of job updated: 335
	335  -  MemoryUsage of job (MB)
	343540  -  ResidentSetSize of job (KB)
...
006 (605417.171.000) 02/28 09:13:32 Image size of job updated: 335
	335  -  MemoryUsage of job (MB)
	343604  -  ResidentSetSize of job (KB)
...
006 (605417.171.000) 02/28 09:14:32 Image size of job updated: 335
	335  -  MemoryUsage of job (MB)
	343640  -  ResidentSetSize of job (KB)
...
006 (605417.171.000) 02/28 09:15:33 Image size of job updated: 335
	335  -  MemoryUsage of job (MB)
	343708  -  ResidentSetSize of job (KB)
...
006 (605417.171.000) 02/28 09:16:33 Image size of job updated: 335
	335  -  MemoryUsage of job (MB)
	343772  -  ResidentSetSize of job (KB)
...
006 (605417.171.000) 02/28 09:17:34 Image size of job updated: 335
	335  -  MemoryUsage of job (MB)
	343860  -  ResidentSetSize of job (KB)
...
006 (605417.171.000) 02/28 09:18:34 Image size of job updated: 335
	330  -  MemoryUsage of job (MB)
	343860  -  ResidentSetSize of job (KB)
...
006 (605417.171.000) 02/28 09:19:35 Image size of job updated: 335
	331  -  MemoryUsage of job (MB)
	343860  -  ResidentSetSize of job (KB)
...
005 (605417.171.000) 02/28 09:32:21 Job terminated.
	(1) Normal termination (return value 0)
		Usr 0 02:04:03, Sys 0 00:14:36  -  Run Remote Usage
		Usr 0 00:00:00, Sys 0 00:00:00  -  Run Local Usage
		Usr 0 02:04:03, Sys 0 00:14:36  -  Total Remote Usage
		Usr 0 00:00:00, Sys 0 00:00:00  -  Total Local Usage
	140158  -  Run Bytes Sent By Job
	14407  -  Run Bytes Received By Job
	140158  -  Total Bytes Sent By Job
	14407  -  Total Bytes Received By Job
	Partitionable Resources :    Usage  Request Allocated 
	   Cpus                 :     0.00        1         1 
	   Disk (KB)            :   174           7   1689020 
	   Memory (MB)          :   331        2048      2048 
...
