000 (605417.176.000) 02/28 06:23:40 Job submitted from host: <131.225.188.55:9618?addrs=131.225.188.55-9618&noUDP&sock=1689_178c_3>
...
001 (605417.176.000) 02/28 06:30:01 Job executing on host: <131.225.188.42:9618?addrs=131.225.188.42-9618&noUDP&sock=17154_cbb0_3>
...
006 (605417.176.000) 02/28 06:30:10 Image size of job updated: 15
	15  -  MemoryUsage of job (MB)
	16156  -  ResidentSetSize of job (KB)
...
006 (605417.176.000) 02/28 06:31:11 Image size of job updated: 305
	305  -  MemoryUsage of job (MB)
	312924  -  ResidentSetSize of job (KB)
...
006 (605417.176.000) 02/28 06:32:11 Image size of job updated: 306
	306  -  MemoryUsage of job (MB)
	313804  -  ResidentSetSize of job (KB)
...
006 (605417.176.000) 02/28 06:33:12 Image size of job updated: 309
	309  -  MemoryUsage of job (MB)
	316840  -  ResidentSetSize of job (KB)
...
006 (605417.176.000) 02/28 06:34:13 Image size of job updated: 310
	310  -  MemoryUsage of job (MB)
	318356  -  ResidentSetSize of job (KB)
...
006 (605417.176.000) 02/28 06:35:13 Image size of job updated: 311
	311  -  MemoryUsage of job (MB)
	318484  -  ResidentSetSize of job (KB)
...
006 (605417.176.000) 02/28 06:36:14 Image size of job updated: 311
	311  -  MemoryUsage of job (MB)
	319052  -  ResidentSetSize of job (KB)
...
006 (605417.176.000) 02/28 06:37:14 Image size of job updated: 311
	311  -  MemoryUsage of job (MB)
	319272  -  ResidentSetSize of job (KB)
...
006 (605417.176.000) 02/28 06:38:14 Image size of job updated: 312
	312  -  MemoryUsage of job (MB)
	319636  -  ResidentSetSize of job (KB)
...
006 (605417.176.000) 02/28 06:39:15 Image size of job updated: 312
	312  -  MemoryUsage of job (MB)
	319748  -  ResidentSetSize of job (KB)
...
006 (605417.176.000) 02/28 06:40:15 Image size of job updated: 312
	312  -  MemoryUsage of job (MB)
	320296  -  ResidentSetSize of job (KB)
...
006 (605417.176.000) 02/28 06:41:15 Image size of job updated: 312
	312  -  MemoryUsage of job (MB)
	320392  -  ResidentSetSize of job (KB)
...
006 (605417.176.000) 02/28 06:42:16 Image size of job updated: 313
	313  -  MemoryUsage of job (MB)
	320516  -  ResidentSetSize of job (KB)
...
006 (605417.176.000) 02/28 06:43:16 Image size of job updated: 313
	313  -  MemoryUsage of job (MB)
	320948  -  ResidentSetSize of job (KB)
...
006 (605417.176.000) 02/28 06:44:16 Image size of job updated: 313
	313  -  MemoryUsage of job (MB)
	321012  -  ResidentSetSize of job (KB)
...
006 (605417.176.000) 02/28 06:45:17 Image size of job updated: 313
	313  -  MemoryUsage of job (MB)
	321124  -  ResidentSetSize of job (KB)
...
006 (605417.176.000) 02/28 06:46:17 Image size of job updated: 318
	318  -  MemoryUsage of job (MB)
	326408  -  ResidentSetSize of job (KB)
...
006 (605417.176.000) 02/28 06:47:17 Image size of job updated: 320
	320  -  MemoryUsage of job (MB)
	327996  -  ResidentSetSize of job (KB)
...
006 (605417.176.000) 02/28 06:48:18 Image size of job updated: 320
	320  -  MemoryUsage of job (MB)
	328084  -  ResidentSetSize of job (KB)
...
006 (605417.176.000) 02/28 06:49:19 Image size of job updated: 320
	320  -  MemoryUsage of job (MB)
	328236  -  ResidentSetSize of job (KB)
...
006 (605417.176.000) 02/28 06:50:19 Image size of job updated: 320
	320  -  MemoryUsage of job (MB)
	328432  -  ResidentSetSize of job (KB)
...
006 (605417.176.000) 02/28 06:51:20 Image size of job updated: 320
	320  -  MemoryUsage of job (MB)
	328596  -  ResidentSetSize of job (KB)
...
006 (605417.176.000) 02/28 06:52:20 Image size of job updated: 321
	321  -  MemoryUsage of job (MB)
	328720  -  ResidentSetSize of job (KB)
...
006 (605417.176.000) 02/28 06:53:20 Image size of job updated: 321
	321  -  MemoryUsage of job (MB)
	328808  -  ResidentSetSize of job (KB)
...
006 (605417.176.000) 02/28 06:54:21 Image size of job updated: 321
	321  -  MemoryUsage of job (MB)
	328900  -  ResidentSetSize of job (KB)
...
006 (605417.176.000) 02/28 06:55:22 Image size of job updated: 321
	321  -  MemoryUsage of job (MB)
	329288  -  ResidentSetSize of job (KB)
...
006 (605417.176.000) 02/28 06:56:22 Image size of job updated: 321
	321  -  MemoryUsage of job (MB)
	329432  -  ResidentSetSize of job (KB)
...
006 (605417.176.000) 02/28 06:57:23 Image size of job updated: 321
	321  -  MemoryUsage of job (MB)
	329536  -  ResidentSetSize of job (KB)
...
006 (605417.176.000) 02/28 06:58:24 Image size of job updated: 321
	321  -  MemoryUsage of job (MB)
	329644  -  ResidentSetSize of job (KB)
...
006 (605417.176.000) 02/28 06:59:24 Image size of job updated: 322
	322  -  MemoryUsage of job (MB)
	329816  -  ResidentSetSize of job (KB)
...
006 (605417.176.000) 02/28 07:00:24 Image size of job updated: 322
	319  -  MemoryUsage of job (MB)
	329816  -  ResidentSetSize of job (KB)
...
006 (605417.176.000) 02/28 07:01:25 Image size of job updated: 322
	321  -  MemoryUsage of job (MB)
	329816  -  ResidentSetSize of job (KB)
...
006 (605417.176.000) 02/28 07:03:25 Image size of job updated: 322
	322  -  MemoryUsage of job (MB)
	330128  -  ResidentSetSize of job (KB)
...
006 (605417.176.000) 02/28 07:04:26 Image size of job updated: 322
	322  -  MemoryUsage of job (MB)
	330252  -  ResidentSetSize of job (KB)
...
006 (605417.176.000) 02/28 07:05:27 Image size of job updated: 322
	322  -  MemoryUsage of job (MB)
	330580  -  ResidentSetSize of job (KB)
...
006 (605417.176.000) 02/28 07:06:27 Image size of job updated: 322
	322  -  MemoryUsage of job (MB)
	330624  -  ResidentSetSize of job (KB)
...
006 (605417.176.000) 02/28 07:07:28 Image size of job updated: 322
	322  -  MemoryUsage of job (MB)
	330672  -  ResidentSetSize of job (KB)
...
006 (605417.176.000) 02/28 07:08:29 Image size of job updated: 323
	323  -  MemoryUsage of job (MB)
	330776  -  ResidentSetSize of job (KB)
...
006 (605417.176.000) 02/28 07:09:29 Image size of job updated: 323
	323  -  MemoryUsage of job (MB)
	330872  -  ResidentSetSize of job (KB)
...
006 (605417.176.000) 02/28 07:10:29 Image size of job updated: 323
	323  -  MemoryUsage of job (MB)
	330980  -  ResidentSetSize of job (KB)
...
006 (605417.176.000) 02/28 07:11:30 Image size of job updated: 323
	323  -  MemoryUsage of job (MB)
	331060  -  ResidentSetSize of job (KB)
...
006 (605417.176.000) 02/28 07:12:31 Image size of job updated: 323
	323  -  MemoryUsage of job (MB)
	331180  -  ResidentSetSize of job (KB)
...
006 (605417.176.000) 02/28 07:13:31 Image size of job updated: 323
	323  -  MemoryUsage of job (MB)
	331216  -  ResidentSetSize of job (KB)
...
006 (605417.176.000) 02/28 07:14:32 Image size of job updated: 323
	323  -  MemoryUsage of job (MB)
	331360  -  ResidentSetSize of job (KB)
...
006 (605417.176.000) 02/28 07:15:32 Image size of job updated: 323
	323  -  MemoryUsage of job (MB)
	331400  -  ResidentSetSize of job (KB)
...
006 (605417.176.000) 02/28 07:18:34 Image size of job updated: 325
	325  -  MemoryUsage of job (MB)
	333112  -  ResidentSetSize of job (KB)
...
006 (605417.176.000) 02/28 07:19:34 Image size of job updated: 325
	325  -  MemoryUsage of job (MB)
	333240  -  ResidentSetSize of job (KB)
...
006 (605417.176.000) 02/28 07:20:34 Image size of job updated: 325
	325  -  MemoryUsage of job (MB)
	333312  -  ResidentSetSize of job (KB)
...
006 (605417.176.000) 02/28 07:21:34 Image size of job updated: 325
	325  -  MemoryUsage of job (MB)
	333440  -  ResidentSetSize of job (KB)
...
006 (605417.176.000) 02/28 07:22:34 Image size of job updated: 325
	325  -  MemoryUsage of job (MB)
	333548  -  ResidentSetSize of job (KB)
...
006 (605417.176.000) 02/28 07:23:35 Image size of job updated: 325
	325  -  MemoryUsage of job (MB)
	333680  -  ResidentSetSize of job (KB)
...
006 (605417.176.000) 02/28 07:24:36 Image size of job updated: 326
	326  -  MemoryUsage of job (MB)
	333832  -  ResidentSetSize of job (KB)
...
006 (605417.176.000) 02/28 07:25:36 Image size of job updated: 326
	326  -  MemoryUsage of job (MB)
	333940  -  ResidentSetSize of job (KB)
...
006 (605417.176.000) 02/28 07:26:37 Image size of job updated: 326
	326  -  MemoryUsage of job (MB)
	334052  -  ResidentSetSize of job (KB)
...
006 (605417.176.000) 02/28 07:27:37 Image size of job updated: 328
	328  -  MemoryUsage of job (MB)
	336516  -  ResidentSetSize of job (KB)
...
006 (605417.176.000) 02/28 07:28:37 Image size of job updated: 328
	328  -  MemoryUsage of job (MB)
	336628  -  ResidentSetSize of job (KB)
...
006 (605417.176.000) 02/28 07:29:38 Image size of job updated: 328
	328  -  MemoryUsage of job (MB)
	336748  -  ResidentSetSize of job (KB)
...
006 (605417.176.000) 02/28 07:30:38 Image size of job updated: 328
	323  -  MemoryUsage of job (MB)
	336748  -  ResidentSetSize of job (KB)
...
006 (605417.176.000) 02/28 07:31:38 Image size of job updated: 328
	325  -  MemoryUsage of job (MB)
	336748  -  ResidentSetSize of job (KB)
...
006 (605417.176.000) 02/28 07:34:40 Image size of job updated: 328
	326  -  MemoryUsage of job (MB)
	336748  -  ResidentSetSize of job (KB)
...
006 (605417.176.000) 02/28 07:36:41 Image size of job updated: 328
	327  -  MemoryUsage of job (MB)
	336748  -  ResidentSetSize of job (KB)
...
006 (605417.176.000) 02/28 07:39:42 Image size of job updated: 328
	328  -  MemoryUsage of job (MB)
	336748  -  ResidentSetSize of job (KB)
...
006 (605417.176.000) 02/28 07:45:46 Image size of job updated: 328
	324  -  MemoryUsage of job (MB)
	336748  -  ResidentSetSize of job (KB)
...
006 (605417.176.000) 02/28 07:46:47 Image size of job updated: 328
	327  -  MemoryUsage of job (MB)
	336748  -  ResidentSetSize of job (KB)
...
006 (605417.176.000) 02/28 07:53:51 Image size of job updated: 328
	328  -  MemoryUsage of job (MB)
	336748  -  ResidentSetSize of job (KB)
...
006 (605417.176.000) 02/28 07:58:54 Image size of job updated: 328
	325  -  MemoryUsage of job (MB)
	336748  -  ResidentSetSize of job (KB)
...
006 (605417.176.000) 02/28 07:59:54 Image size of job updated: 328
	326  -  MemoryUsage of job (MB)
	336748  -  ResidentSetSize of job (KB)
...
006 (605417.176.000) 02/28 08:00:54 Image size of job updated: 328
	327  -  MemoryUsage of job (MB)
	336748  -  ResidentSetSize of job (KB)
...
006 (605417.176.000) 02/28 08:01:55 Image size of job updated: 328
	328  -  MemoryUsage of job (MB)
	336748  -  ResidentSetSize of job (KB)
...
006 (605417.176.000) 02/28 08:07:59 Image size of job updated: 328
	328  -  MemoryUsage of job (MB)
	336812  -  ResidentSetSize of job (KB)
...
006 (605417.176.000) 02/28 08:08:59 Image size of job updated: 328
	328  -  MemoryUsage of job (MB)
	336852  -  ResidentSetSize of job (KB)
...
006 (605417.176.000) 02/28 08:09:59 Image size of job updated: 329
	329  -  MemoryUsage of job (MB)
	336976  -  ResidentSetSize of job (KB)
...
006 (605417.176.000) 02/28 08:11:00 Image size of job updated: 329
	329  -  MemoryUsage of job (MB)
	337044  -  ResidentSetSize of job (KB)
...
006 (605417.176.000) 02/28 08:12:00 Image size of job updated: 329
	329  -  MemoryUsage of job (MB)
	337184  -  ResidentSetSize of job (KB)
...
006 (605417.176.000) 02/28 08:13:00 Image size of job updated: 329
	328  -  MemoryUsage of job (MB)
	337184  -  ResidentSetSize of job (KB)
...
006 (605417.176.000) 02/28 08:18:03 Image size of job updated: 329
	329  -  MemoryUsage of job (MB)
	337696  -  ResidentSetSize of job (KB)
...
006 (605417.176.000) 02/28 08:19:04 Image size of job updated: 329
	329  -  MemoryUsage of job (MB)
	337860  -  ResidentSetSize of job (KB)
...
006 (605417.176.000) 02/28 08:20:04 Image size of job updated: 330
	330  -  MemoryUsage of job (MB)
	337936  -  ResidentSetSize of job (KB)
...
006 (605417.176.000) 02/28 08:21:05 Image size of job updated: 330
	330  -  MemoryUsage of job (MB)
	338084  -  ResidentSetSize of job (KB)
...
006 (605417.176.000) 02/28 08:22:05 Image size of job updated: 330
	330  -  MemoryUsage of job (MB)
	338212  -  ResidentSetSize of job (KB)
...
006 (605417.176.000) 02/28 08:23:05 Image size of job updated: 330
	330  -  MemoryUsage of job (MB)
	338248  -  ResidentSetSize of job (KB)
...
006 (605417.176.000) 02/28 08:24:05 Image size of job updated: 330
	330  -  MemoryUsage of job (MB)
	338364  -  ResidentSetSize of job (KB)
...
006 (605417.176.000) 02/28 08:25:05 Image size of job updated: 330
	330  -  MemoryUsage of job (MB)
	338496  -  ResidentSetSize of job (KB)
...
006 (605417.176.000) 02/28 08:26:06 Image size of job updated: 330
	325  -  MemoryUsage of job (MB)
	338496  -  ResidentSetSize of job (KB)
...
006 (605417.176.000) 02/28 08:27:06 Image size of job updated: 332
	332  -  MemoryUsage of job (MB)
	340000  -  ResidentSetSize of job (KB)
...
006 (605417.176.000) 02/28 08:28:07 Image size of job updated: 332
	332  -  MemoryUsage of job (MB)
	340424  -  ResidentSetSize of job (KB)
...
006 (605417.176.000) 02/28 08:29:07 Image size of job updated: 332
	332  -  MemoryUsage of job (MB)
	340528  -  ResidentSetSize of job (KB)
...
006 (605417.176.000) 02/28 08:30:08 Image size of job updated: 332
	332  -  MemoryUsage of job (MB)
	340672  -  ResidentSetSize of job (KB)
...
006 (605417.176.000) 02/28 08:31:09 Image size of job updated: 332
	332  -  MemoryUsage of job (MB)
	340784  -  ResidentSetSize of job (KB)
...
006 (605417.176.000) 02/28 08:32:09 Image size of job updated: 332
	332  -  MemoryUsage of job (MB)
	340952  -  ResidentSetSize of job (KB)
...
006 (605417.176.000) 02/28 08:33:10 Image size of job updated: 333
	333  -  MemoryUsage of job (MB)
	341088  -  ResidentSetSize of job (KB)
...
006 (605417.176.000) 02/28 08:34:10 Image size of job updated: 333
	333  -  MemoryUsage of job (MB)
	341360  -  ResidentSetSize of job (KB)
...
006 (605417.176.000) 02/28 08:35:11 Image size of job updated: 333
	333  -  MemoryUsage of job (MB)
	341568  -  ResidentSetSize of job (KB)
...
006 (605417.176.000) 02/28 08:36:12 Image size of job updated: 333
	333  -  MemoryUsage of job (MB)
	341636  -  ResidentSetSize of job (KB)
...
006 (605417.176.000) 02/28 08:37:12 Image size of job updated: 333
	333  -  MemoryUsage of job (MB)
	341688  -  ResidentSetSize of job (KB)
...
006 (605417.176.000) 02/28 08:38:13 Image size of job updated: 333
	333  -  MemoryUsage of job (MB)
	341804  -  ResidentSetSize of job (KB)
...
006 (605417.176.000) 02/28 08:39:13 Image size of job updated: 333
	333  -  MemoryUsage of job (MB)
	341932  -  ResidentSetSize of job (KB)
...
006 (605417.176.000) 02/28 08:40:14 Image size of job updated: 333
	329  -  MemoryUsage of job (MB)
	341932  -  ResidentSetSize of job (KB)
...
006 (605417.176.000) 02/28 08:42:15 Image size of job updated: 333
	331  -  MemoryUsage of job (MB)
	341932  -  ResidentSetSize of job (KB)
...
006 (605417.176.000) 02/28 08:46:17 Image size of job updated: 333
	332  -  MemoryUsage of job (MB)
	341932  -  ResidentSetSize of job (KB)
...
006 (605417.176.000) 02/28 08:54:21 Image size of job updated: 334
	334  -  MemoryUsage of job (MB)
	342212  -  ResidentSetSize of job (KB)
...
006 (605417.176.000) 02/28 08:55:21 Image size of job updated: 334
	334  -  MemoryUsage of job (MB)
	342420  -  ResidentSetSize of job (KB)
...
006 (605417.176.000) 02/28 08:56:22 Image size of job updated: 334
	334  -  MemoryUsage of job (MB)
	342456  -  ResidentSetSize of job (KB)
...
006 (605417.176.000) 02/28 08:57:22 Image size of job updated: 334
	334  -  MemoryUsage of job (MB)
	342536  -  ResidentSetSize of job (KB)
...
006 (605417.176.000) 02/28 08:58:23 Image size of job updated: 334
	334  -  MemoryUsage of job (MB)
	342576  -  ResidentSetSize of job (KB)
...
006 (605417.176.000) 02/28 08:59:24 Image size of job updated: 334
	334  -  MemoryUsage of job (MB)
	342608  -  ResidentSetSize of job (KB)
...
006 (605417.176.000) 02/28 09:00:25 Image size of job updated: 334
	334  -  MemoryUsage of job (MB)
	342624  -  ResidentSetSize of job (KB)
...
006 (605417.176.000) 02/28 09:01:25 Image size of job updated: 334
	334  -  MemoryUsage of job (MB)
	342820  -  ResidentSetSize of job (KB)
...
006 (605417.176.000) 02/28 09:02:26 Image size of job updated: 334
	334  -  MemoryUsage of job (MB)
	342944  -  ResidentSetSize of job (KB)
...
006 (605417.176.000) 02/28 09:03:26 Image size of job updated: 335
	335  -  MemoryUsage of job (MB)
	343068  -  ResidentSetSize of job (KB)
...
006 (605417.176.000) 02/28 09:04:26 Image size of job updated: 335
	335  -  MemoryUsage of job (MB)
	343120  -  ResidentSetSize of job (KB)
...
006 (605417.176.000) 02/28 09:05:27 Image size of job updated: 335
	335  -  MemoryUsage of job (MB)
	343280  -  ResidentSetSize of job (KB)
...
006 (605417.176.000) 02/28 09:06:28 Image size of job updated: 335
	335  -  MemoryUsage of job (MB)
	343356  -  ResidentSetSize of job (KB)
...
006 (605417.176.000) 02/28 09:07:28 Image size of job updated: 335
	335  -  MemoryUsage of job (MB)
	343488  -  ResidentSetSize of job (KB)
...
006 (605417.176.000) 02/28 09:08:29 Image size of job updated: 335
	335  -  MemoryUsage of job (MB)
	343636  -  ResidentSetSize of job (KB)
...
006 (605417.176.000) 02/28 09:09:29 Image size of job updated: 335
	335  -  MemoryUsage of job (MB)
	343828  -  ResidentSetSize of job (KB)
...
006 (605417.176.000) 02/28 09:10:30 Image size of job updated: 335
	335  -  MemoryUsage of job (MB)
	343876  -  ResidentSetSize of job (KB)
...
006 (605417.176.000) 02/28 09:10:47 Image size of job updated: 335
	335  -  MemoryUsage of job (MB)
	343900  -  ResidentSetSize of job (KB)
...
005 (605417.176.000) 02/28 09:10:50 Job terminated.
	(1) Normal termination (return value 0)
		Usr 0 01:26:08, Sys 0 00:16:22  -  Run Remote Usage
		Usr 0 00:00:00, Sys 0 00:00:00  -  Run Local Usage
		Usr 0 01:26:08, Sys 0 00:16:22  -  Total Remote Usage
		Usr 0 00:00:00, Sys 0 00:00:00  -  Total Local Usage
	159976  -  Run Bytes Sent By Job
	14407  -  Run Bytes Received By Job
	159976  -  Total Bytes Sent By Job
	14407  -  Total Bytes Received By Job
	Partitionable Resources :    Usage  Request Allocated 
	   Cpus                 :     0.00        1         1 
	   Disk (KB)            :   195           7   1630878 
	   Memory (MB)          :   335        2048      2048 
...
