000 (605417.162.000) 02/28 06:23:40 Job submitted from host: <131.225.188.55:9618?addrs=131.225.188.55-9618&noUDP&sock=1689_178c_3>
...
001 (605417.162.000) 02/28 06:29:58 Job executing on host: <131.225.206.227:9618?addrs=131.225.206.227-9618&noUDP&sock=1864_209f_3>
...
006 (605417.162.000) 02/28 06:30:07 Image size of job updated: 2
	2  -  MemoryUsage of job (MB)
	2896  -  ResidentSetSize of job (KB)
...
006 (605417.162.000) 02/28 06:31:07 Image size of job updated: 209
	209  -  MemoryUsage of job (MB)
	214028  -  ResidentSetSize of job (KB)
...
006 (605417.162.000) 02/28 06:32:08 Image size of job updated: 315
	315  -  MemoryUsage of job (MB)
	323120  -  ResidentSetSize of job (KB)
...
006 (605417.162.000) 02/28 06:33:09 Image size of job updated: 318
	318  -  MemoryUsage of job (MB)
	326404  -  ResidentSetSize of job (KB)
...
006 (605417.162.000) 02/28 06:34:10 Image size of job updated: 322
	322  -  MemoryUsage of job (MB)
	329876  -  ResidentSetSize of job (KB)
...
006 (605417.162.000) 02/28 06:35:11 Image size of job updated: 322
	322  -  MemoryUsage of job (MB)
	329984  -  ResidentSetSize of job (KB)
...
006 (605417.162.000) 02/28 06:36:11 Image size of job updated: 322
	322  -  MemoryUsage of job (MB)
	330112  -  ResidentSetSize of job (KB)
...
006 (605417.162.000) 02/28 06:37:11 Image size of job updated: 322
	322  -  MemoryUsage of job (MB)
	330196  -  ResidentSetSize of job (KB)
...
006 (605417.162.000) 02/28 06:38:11 Image size of job updated: 322
	322  -  MemoryUsage of job (MB)
	330276  -  ResidentSetSize of job (KB)
...
006 (605417.162.000) 02/28 06:39:11 Image size of job updated: 322
	322  -  MemoryUsage of job (MB)
	330380  -  ResidentSetSize of job (KB)
...
006 (605417.162.000) 02/28 06:40:12 Image size of job updated: 322
	322  -  MemoryUsage of job (MB)
	330480  -  ResidentSetSize of job (KB)
...
006 (605417.162.000) 02/28 06:41:13 Image size of job updated: 322
	322  -  MemoryUsage of job (MB)
	330592  -  ResidentSetSize of job (KB)
...
006 (605417.162.000) 02/28 06:42:15 Image size of job updated: 322
	322  -  MemoryUsage of job (MB)
	330744  -  ResidentSetSize of job (KB)
...
006 (605417.162.000) 02/28 06:43:15 Image size of job updated: 323
	323  -  MemoryUsage of job (MB)
	330816  -  ResidentSetSize of job (KB)
...
006 (605417.162.000) 02/28 06:44:15 Image size of job updated: 323
	323  -  MemoryUsage of job (MB)
	330920  -  ResidentSetSize of job (KB)
...
006 (605417.162.000) 02/28 06:45:15 Image size of job updated: 323
	323  -  MemoryUsage of job (MB)
	331032  -  ResidentSetSize of job (KB)
...
006 (605417.162.000) 02/28 06:46:15 Image size of job updated: 323
	323  -  MemoryUsage of job (MB)
	331124  -  ResidentSetSize of job (KB)
...
006 (605417.162.000) 02/28 06:47:15 Image size of job updated: 323
	323  -  MemoryUsage of job (MB)
	331236  -  ResidentSetSize of job (KB)
...
006 (605417.162.000) 02/28 06:48:16 Image size of job updated: 323
	323  -  MemoryUsage of job (MB)
	331284  -  ResidentSetSize of job (KB)
...
006 (605417.162.000) 02/28 06:49:17 Image size of job updated: 323
	323  -  MemoryUsage of job (MB)
	331412  -  ResidentSetSize of job (KB)
...
006 (605417.162.000) 02/28 06:50:18 Image size of job updated: 323
	323  -  MemoryUsage of job (MB)
	331508  -  ResidentSetSize of job (KB)
...
006 (605417.162.000) 02/28 06:51:19 Image size of job updated: 323
	323  -  MemoryUsage of job (MB)
	331596  -  ResidentSetSize of job (KB)
...
006 (605417.162.000) 02/28 06:52:19 Image size of job updated: 323
	323  -  MemoryUsage of job (MB)
	331680  -  ResidentSetSize of job (KB)
...
006 (605417.162.000) 02/28 06:53:19 Image size of job updated: 324
	324  -  MemoryUsage of job (MB)
	331776  -  ResidentSetSize of job (KB)
...
006 (605417.162.000) 02/28 06:54:19 Image size of job updated: 324
	324  -  MemoryUsage of job (MB)
	331840  -  ResidentSetSize of job (KB)
...
006 (605417.162.000) 02/28 06:55:20 Image size of job updated: 324
	324  -  MemoryUsage of job (MB)
	331912  -  ResidentSetSize of job (KB)
...
006 (605417.162.000) 02/28 06:56:21 Image size of job updated: 324
	324  -  MemoryUsage of job (MB)
	331972  -  ResidentSetSize of job (KB)
...
006 (605417.162.000) 02/28 06:57:22 Image size of job updated: 324
	324  -  MemoryUsage of job (MB)
	332052  -  ResidentSetSize of job (KB)
...
006 (605417.162.000) 02/28 06:58:23 Image size of job updated: 324
	324  -  MemoryUsage of job (MB)
	332136  -  ResidentSetSize of job (KB)
...
006 (605417.162.000) 02/28 06:59:24 Image size of job updated: 324
	322  -  MemoryUsage of job (MB)
	332136  -  ResidentSetSize of job (KB)
...
006 (605417.162.000) 02/28 07:00:24 Image size of job updated: 324
	323  -  MemoryUsage of job (MB)
	332136  -  ResidentSetSize of job (KB)
...
006 (605417.162.000) 02/28 07:04:25 Image size of job updated: 324
	324  -  MemoryUsage of job (MB)
	332136  -  ResidentSetSize of job (KB)
...
006 (605417.162.000) 02/28 07:06:27 Image size of job updated: 324
	324  -  MemoryUsage of job (MB)
	332340  -  ResidentSetSize of job (KB)
...
006 (605417.162.000) 02/28 07:07:28 Image size of job updated: 324
	324  -  MemoryUsage of job (MB)
	332560  -  ResidentSetSize of job (KB)
...
006 (605417.162.000) 02/28 07:08:28 Image size of job updated: 324
	324  -  MemoryUsage of job (MB)
	332640  -  ResidentSetSize of job (KB)
...
006 (605417.162.000) 02/28 07:09:28 Image size of job updated: 324
	324  -  MemoryUsage of job (MB)
	332724  -  ResidentSetSize of job (KB)
...
006 (605417.162.000) 02/28 07:10:28 Image size of job updated: 324
	324  -  MemoryUsage of job (MB)
	332792  -  ResidentSetSize of job (KB)
...
006 (605417.162.000) 02/28 07:11:28 Image size of job updated: 325
	325  -  MemoryUsage of job (MB)
	332924  -  ResidentSetSize of job (KB)
...
006 (605417.162.000) 02/28 07:12:29 Image size of job updated: 325
	325  -  MemoryUsage of job (MB)
	333044  -  ResidentSetSize of job (KB)
...
006 (605417.162.000) 02/28 07:13:30 Image size of job updated: 325
	325  -  MemoryUsage of job (MB)
	333200  -  ResidentSetSize of job (KB)
...
006 (605417.162.000) 02/28 07:14:31 Image size of job updated: 325
	325  -  MemoryUsage of job (MB)
	333260  -  ResidentSetSize of job (KB)
...
006 (605417.162.000) 02/28 07:15:32 Image size of job updated: 325
	325  -  MemoryUsage of job (MB)
	333348  -  ResidentSetSize of job (KB)
...
006 (605417.162.000) 02/28 07:16:32 Image size of job updated: 325
	325  -  MemoryUsage of job (MB)
	333408  -  ResidentSetSize of job (KB)
...
006 (605417.162.000) 02/28 07:17:32 Image size of job updated: 325
	325  -  MemoryUsage of job (MB)
	333512  -  ResidentSetSize of job (KB)
...
006 (605417.162.000) 02/28 07:18:32 Image size of job updated: 325
	325  -  MemoryUsage of job (MB)
	333624  -  ResidentSetSize of job (KB)
...
006 (605417.162.000) 02/28 07:19:32 Image size of job updated: 325
	325  -  MemoryUsage of job (MB)
	333700  -  ResidentSetSize of job (KB)
...
006 (605417.162.000) 02/28 07:20:33 Image size of job updated: 325
	325  -  MemoryUsage of job (MB)
	333816  -  ResidentSetSize of job (KB)
...
006 (605417.162.000) 02/28 07:21:34 Image size of job updated: 326
	326  -  MemoryUsage of job (MB)
	333904  -  ResidentSetSize of job (KB)
...
006 (605417.162.000) 02/28 07:22:35 Image size of job updated: 326
	326  -  MemoryUsage of job (MB)
	334004  -  ResidentSetSize of job (KB)
...
006 (605417.162.000) 02/28 07:23:36 Image size of job updated: 326
	326  -  MemoryUsage of job (MB)
	334068  -  ResidentSetSize of job (KB)
...
006 (605417.162.000) 02/28 07:24:36 Image size of job updated: 326
	326  -  MemoryUsage of job (MB)
	334184  -  ResidentSetSize of job (KB)
...
006 (605417.162.000) 02/28 07:25:36 Image size of job updated: 326
	326  -  MemoryUsage of job (MB)
	334288  -  ResidentSetSize of job (KB)
...
006 (605417.162.000) 02/28 07:26:36 Image size of job updated: 326
	326  -  MemoryUsage of job (MB)
	334336  -  ResidentSetSize of job (KB)
...
006 (605417.162.000) 02/28 07:27:36 Image size of job updated: 327
	327  -  MemoryUsage of job (MB)
	335776  -  ResidentSetSize of job (KB)
...
006 (605417.162.000) 02/28 07:28:37 Image size of job updated: 328
	328  -  MemoryUsage of job (MB)
	335872  -  ResidentSetSize of job (KB)
...
006 (605417.162.000) 02/28 07:29:38 Image size of job updated: 328
	328  -  MemoryUsage of job (MB)
	335968  -  ResidentSetSize of job (KB)
...
006 (605417.162.000) 02/28 07:30:40 Image size of job updated: 328
	328  -  MemoryUsage of job (MB)
	336100  -  ResidentSetSize of job (KB)
...
006 (605417.162.000) 02/28 07:31:40 Image size of job updated: 328
	328  -  MemoryUsage of job (MB)
	336228  -  ResidentSetSize of job (KB)
...
006 (605417.162.000) 02/28 07:32:40 Image size of job updated: 328
	328  -  MemoryUsage of job (MB)
	336308  -  ResidentSetSize of job (KB)
...
006 (605417.162.000) 02/28 07:33:40 Image size of job updated: 328
	328  -  MemoryUsage of job (MB)
	336440  -  ResidentSetSize of job (KB)
...
006 (605417.162.000) 02/28 07:34:40 Image size of job updated: 328
	328  -  MemoryUsage of job (MB)
	336564  -  ResidentSetSize of job (KB)
...
006 (605417.162.000) 02/28 07:35:41 Image size of job updated: 328
	328  -  MemoryUsage of job (MB)
	336680  -  ResidentSetSize of job (KB)
...
006 (605417.162.000) 02/28 07:36:42 Image size of job updated: 328
	328  -  MemoryUsage of job (MB)
	336800  -  ResidentSetSize of job (KB)
...
006 (605417.162.000) 02/28 07:37:44 Image size of job updated: 329
	329  -  MemoryUsage of job (MB)
	336900  -  ResidentSetSize of job (KB)
...
006 (605417.162.000) 02/28 07:38:44 Image size of job updated: 329
	329  -  MemoryUsage of job (MB)
	336984  -  ResidentSetSize of job (KB)
...
006 (605417.162.000) 02/28 07:39:44 Image size of job updated: 329
	329  -  MemoryUsage of job (MB)
	337084  -  ResidentSetSize of job (KB)
...
006 (605417.162.000) 02/28 07:40:44 Image size of job updated: 329
	325  -  MemoryUsage of job (MB)
	337084  -  ResidentSetSize of job (KB)
...
006 (605417.162.000) 02/28 07:42:45 Image size of job updated: 329
	326  -  MemoryUsage of job (MB)
	337084  -  ResidentSetSize of job (KB)
...
006 (605417.162.000) 02/28 07:43:46 Image size of job updated: 329
	327  -  MemoryUsage of job (MB)
	337084  -  ResidentSetSize of job (KB)
...
006 (605417.162.000) 02/28 07:46:47 Image size of job updated: 329
	328  -  MemoryUsage of job (MB)
	337084  -  ResidentSetSize of job (KB)
...
006 (605417.162.000) 02/28 07:55:52 Image size of job updated: 330
	330  -  MemoryUsage of job (MB)
	338376  -  ResidentSetSize of job (KB)
...
006 (605417.162.000) 02/28 07:56:52 Image size of job updated: 330
	330  -  MemoryUsage of job (MB)
	338664  -  ResidentSetSize of job (KB)
...
006 (605417.162.000) 02/28 07:57:52 Image size of job updated: 330
	330  -  MemoryUsage of job (MB)
	338780  -  ResidentSetSize of job (KB)
...
006 (605417.162.000) 02/28 07:58:53 Image size of job updated: 330
	330  -  MemoryUsage of job (MB)
	338920  -  ResidentSetSize of job (KB)
...
006 (605417.162.000) 02/28 07:59:53 Image size of job updated: 331
	331  -  MemoryUsage of job (MB)
	339044  -  ResidentSetSize of job (KB)
...
006 (605417.162.000) 02/28 08:00:53 Image size of job updated: 331
	331  -  MemoryUsage of job (MB)
	339172  -  ResidentSetSize of job (KB)
...
006 (605417.162.000) 02/28 08:01:53 Image size of job updated: 331
	331  -  MemoryUsage of job (MB)
	339256  -  ResidentSetSize of job (KB)
...
006 (605417.162.000) 02/28 08:02:54 Image size of job updated: 331
	331  -  MemoryUsage of job (MB)
	339352  -  ResidentSetSize of job (KB)
...
006 (605417.162.000) 02/28 08:03:55 Image size of job updated: 331
	331  -  MemoryUsage of job (MB)
	339440  -  ResidentSetSize of job (KB)
...
006 (605417.162.000) 02/28 08:04:56 Image size of job updated: 331
	331  -  MemoryUsage of job (MB)
	339536  -  ResidentSetSize of job (KB)
...
006 (605417.162.000) 02/28 08:05:57 Image size of job updated: 331
	331  -  MemoryUsage of job (MB)
	339648  -  ResidentSetSize of job (KB)
...
006 (605417.162.000) 02/28 08:06:57 Image size of job updated: 331
	331  -  MemoryUsage of job (MB)
	339820  -  ResidentSetSize of job (KB)
...
006 (605417.162.000) 02/28 08:07:57 Image size of job updated: 331
	331  -  MemoryUsage of job (MB)
	339904  -  ResidentSetSize of job (KB)
...
006 (605417.162.000) 02/28 08:08:57 Image size of job updated: 332
	332  -  MemoryUsage of job (MB)
	340008  -  ResidentSetSize of job (KB)
...
006 (605417.162.000) 02/28 08:09:58 Image size of job updated: 332
	328  -  MemoryUsage of job (MB)
	340008  -  ResidentSetSize of job (KB)
...
006 (605417.162.000) 02/28 08:18:04 Image size of job updated: 332
	329  -  MemoryUsage of job (MB)
	340008  -  ResidentSetSize of job (KB)
...
006 (605417.162.000) 02/28 08:22:04 Image size of job updated: 332
	330  -  MemoryUsage of job (MB)
	340008  -  ResidentSetSize of job (KB)
...
006 (605417.162.000) 02/28 08:24:06 Image size of job updated: 332
	331  -  MemoryUsage of job (MB)
	340008  -  ResidentSetSize of job (KB)
...
006 (605417.162.000) 02/28 08:25:07 Image size of job updated: 332
	332  -  MemoryUsage of job (MB)
	340440  -  ResidentSetSize of job (KB)
...
006 (605417.162.000) 02/28 08:26:07 Image size of job updated: 332
	332  -  MemoryUsage of job (MB)
	340800  -  ResidentSetSize of job (KB)
...
006 (605417.162.000) 02/28 08:27:07 Image size of job updated: 332
	332  -  MemoryUsage of job (MB)
	340892  -  ResidentSetSize of job (KB)
...
006 (605417.162.000) 02/28 08:28:07 Image size of job updated: 333
	333  -  MemoryUsage of job (MB)
	341440  -  ResidentSetSize of job (KB)
...
006 (605417.162.000) 02/28 08:29:08 Image size of job updated: 333
	333  -  MemoryUsage of job (MB)
	341560  -  ResidentSetSize of job (KB)
...
006 (605417.162.000) 02/28 08:30:10 Image size of job updated: 333
	333  -  MemoryUsage of job (MB)
	341652  -  ResidentSetSize of job (KB)
...
006 (605417.162.000) 02/28 08:31:10 Image size of job updated: 333
	333  -  MemoryUsage of job (MB)
	341756  -  ResidentSetSize of job (KB)
...
006 (605417.162.000) 02/28 08:32:10 Image size of job updated: 333
	333  -  MemoryUsage of job (MB)
	341832  -  ResidentSetSize of job (KB)
...
006 (605417.162.000) 02/28 08:33:10 Image size of job updated: 333
	333  -  MemoryUsage of job (MB)
	341948  -  ResidentSetSize of job (KB)
...
006 (605417.162.000) 02/28 08:34:10 Image size of job updated: 334
	334  -  MemoryUsage of job (MB)
	342056  -  ResidentSetSize of job (KB)
...
006 (605417.162.000) 02/28 08:35:11 Image size of job updated: 334
	330  -  MemoryUsage of job (MB)
	342056  -  ResidentSetSize of job (KB)
...
006 (605417.162.000) 02/28 08:38:14 Image size of job updated: 334
	331  -  MemoryUsage of job (MB)
	342056  -  ResidentSetSize of job (KB)
...
006 (605417.162.000) 02/28 08:40:14 Image size of job updated: 334
	332  -  MemoryUsage of job (MB)
	342056  -  ResidentSetSize of job (KB)
...
006 (605417.162.000) 02/28 08:43:14 Image size of job updated: 334
	333  -  MemoryUsage of job (MB)
	342056  -  ResidentSetSize of job (KB)
...
006 (605417.162.000) 02/28 08:54:21 Image size of job updated: 334
	334  -  MemoryUsage of job (MB)
	342748  -  ResidentSetSize of job (KB)
...
006 (605417.162.000) 02/28 08:55:22 Image size of job updated: 335
	335  -  MemoryUsage of job (MB)
	343684  -  ResidentSetSize of job (KB)
...
006 (605417.162.000) 02/28 08:56:22 Image size of job updated: 337
	337  -  MemoryUsage of job (MB)
	345632  -  ResidentSetSize of job (KB)
...
006 (605417.162.000) 02/28 08:57:22 Image size of job updated: 337
	337  -  MemoryUsage of job (MB)
	345704  -  ResidentSetSize of job (KB)
...
006 (605417.162.000) 02/28 08:58:22 Image size of job updated: 337
	337  -  MemoryUsage of job (MB)
	345776  -  ResidentSetSize of job (KB)
...
006 (605417.162.000) 02/28 08:59:22 Image size of job updated: 337
	337  -  MemoryUsage of job (MB)
	345864  -  ResidentSetSize of job (KB)
...
006 (605417.162.000) 02/28 09:00:23 Image size of job updated: 337
	337  -  MemoryUsage of job (MB)
	345928  -  ResidentSetSize of job (KB)
...
006 (605417.162.000) 02/28 09:01:24 Image size of job updated: 337
	337  -  MemoryUsage of job (MB)
	346016  -  ResidentSetSize of job (KB)
...
006 (605417.162.000) 02/28 09:02:25 Image size of job updated: 338
	338  -  MemoryUsage of job (MB)
	346124  -  ResidentSetSize of job (KB)
...
006 (605417.162.000) 02/28 09:03:27 Image size of job updated: 338
	338  -  MemoryUsage of job (MB)
	346212  -  ResidentSetSize of job (KB)
...
006 (605417.162.000) 02/28 09:04:27 Image size of job updated: 338
	338  -  MemoryUsage of job (MB)
	346328  -  ResidentSetSize of job (KB)
...
006 (605417.162.000) 02/28 09:05:27 Image size of job updated: 338
	333  -  MemoryUsage of job (MB)
	346328  -  ResidentSetSize of job (KB)
...
006 (605417.162.000) 02/28 09:14:32 Image size of job updated: 338
	334  -  MemoryUsage of job (MB)
	346328  -  ResidentSetSize of job (KB)
...
006 (605417.162.000) 02/28 09:17:32 Image size of job updated: 339
	339  -  MemoryUsage of job (MB)
	347516  -  ResidentSetSize of job (KB)
...
006 (605417.162.000) 02/28 09:18:33 Image size of job updated: 339
	339  -  MemoryUsage of job (MB)
	347628  -  ResidentSetSize of job (KB)
...
006 (605417.162.000) 02/28 09:19:34 Image size of job updated: 339
	336  -  MemoryUsage of job (MB)
	347628  -  ResidentSetSize of job (KB)
...
006 (605417.162.000) 02/28 09:20:35 Image size of job updated: 339
	337  -  MemoryUsage of job (MB)
	347628  -  ResidentSetSize of job (KB)
...
006 (605417.162.000) 02/28 09:29:39 Image size of job updated: 339
	338  -  MemoryUsage of job (MB)
	347628  -  ResidentSetSize of job (KB)
...
006 (605417.162.000) 02/28 09:32:40 Image size of job updated: 339
	334  -  MemoryUsage of job (MB)
	347628  -  ResidentSetSize of job (KB)
...
006 (605417.162.000) 02/28 09:48:49 Image size of job updated: 339
	335  -  MemoryUsage of job (MB)
	347628  -  ResidentSetSize of job (KB)
...
005 (605417.162.000) 02/28 09:57:25 Job terminated.
	(1) Normal termination (return value 0)
		Usr 0 02:10:22, Sys 0 00:16:11  -  Run Remote Usage
		Usr 0 00:00:00, Sys 0 00:00:00  -  Run Local Usage
		Usr 0 02:10:22, Sys 0 00:16:11  -  Total Remote Usage
		Usr 0 00:00:00, Sys 0 00:00:00  -  Total Local Usage
	221900  -  Run Bytes Sent By Job
	14407  -  Run Bytes Received By Job
	221900  -  Total Bytes Sent By Job
	14407  -  Total Bytes Received By Job
	Partitionable Resources :    Usage  Request Allocated 
	   Cpus                 :     0.00        1         1 
	   Disk (KB)            :   250           7    385051 
	   Memory (MB)          :   335        2048      2048 
...
