000 (605417.149.000) 02/28 06:23:40 Job submitted from host: <131.225.188.55:9618?addrs=131.225.188.55-9618&noUDP&sock=1689_178c_3>
...
001 (605417.149.000) 02/28 06:29:24 Job executing on host: <131.225.188.160:9618?addrs=131.225.188.160-9618&noUDP&sock=1856_a3dd_3>
...
006 (605417.149.000) 02/28 06:29:33 Image size of job updated: 12
	12  -  MemoryUsage of job (MB)
	13028  -  ResidentSetSize of job (KB)
...
006 (605417.149.000) 02/28 06:30:33 Image size of job updated: 177
	177  -  MemoryUsage of job (MB)
	182056  -  ResidentSetSize of job (KB)
...
006 (605417.149.000) 02/28 06:31:33 Image size of job updated: 295
	295  -  MemoryUsage of job (MB)
	302164  -  ResidentSetSize of job (KB)
...
006 (605417.149.000) 02/28 06:32:33 Image size of job updated: 295
	295  -  MemoryUsage of job (MB)
	303088  -  ResidentSetSize of job (KB)
...
006 (605417.149.000) 02/28 06:33:33 Image size of job updated: 296
	296  -  MemoryUsage of job (MB)
	303352  -  ResidentSetSize of job (KB)
...
006 (605417.149.000) 02/28 06:34:33 Image size of job updated: 297
	297  -  MemoryUsage of job (MB)
	304276  -  ResidentSetSize of job (KB)
...
006 (605417.149.000) 02/28 06:35:34 Image size of job updated: 297
	297  -  MemoryUsage of job (MB)
	304408  -  ResidentSetSize of job (KB)
...
006 (605417.149.000) 02/28 06:40:38 Image size of job updated: 297
	297  -  MemoryUsage of job (MB)
	304540  -  ResidentSetSize of job (KB)
...
006 (605417.149.000) 02/28 06:41:39 Image size of job updated: 297
	297  -  MemoryUsage of job (MB)
	304672  -  ResidentSetSize of job (KB)
...
006 (605417.149.000) 02/28 06:42:40 Image size of job updated: 299
	299  -  MemoryUsage of job (MB)
	306652  -  ResidentSetSize of job (KB)
...
006 (605417.149.000) 02/28 06:43:41 Image size of job updated: 299
	299  -  MemoryUsage of job (MB)
	307048  -  ResidentSetSize of job (KB)
...
006 (605417.149.000) 02/28 06:45:43 Image size of job updated: 310
	310  -  MemoryUsage of job (MB)
	317740  -  ResidentSetSize of job (KB)
...
006 (605417.149.000) 02/28 06:46:44 Image size of job updated: 310
	310  -  MemoryUsage of job (MB)
	318004  -  ResidentSetSize of job (KB)
...
006 (605417.149.000) 02/28 06:50:48 Image size of job updated: 310
	310  -  MemoryUsage of job (MB)
	318136  -  ResidentSetSize of job (KB)
...
006 (605417.149.000) 02/28 06:53:51 Image size of job updated: 310
	310  -  MemoryUsage of job (MB)
	318268  -  ResidentSetSize of job (KB)
...
006 (605417.149.000) 02/28 06:54:52 Image size of job updated: 310
	310  -  MemoryUsage of job (MB)
	318400  -  ResidentSetSize of job (KB)
...
006 (605417.149.000) 02/28 06:58:54 Image size of job updated: 310
	308  -  MemoryUsage of job (MB)
	318400  -  ResidentSetSize of job (KB)
...
006 (605417.149.000) 02/28 06:59:54 Image size of job updated: 310
	309  -  MemoryUsage of job (MB)
	318400  -  ResidentSetSize of job (KB)
...
006 (605417.149.000) 02/28 07:00:54 Image size of job updated: 310
	310  -  MemoryUsage of job (MB)
	318400  -  ResidentSetSize of job (KB)
...
006 (605417.149.000) 02/28 07:08:56 Image size of job updated: 311
	311  -  MemoryUsage of job (MB)
	318480  -  ResidentSetSize of job (KB)
...
006 (605417.149.000) 02/28 07:09:57 Image size of job updated: 311
	309  -  MemoryUsage of job (MB)
	318480  -  ResidentSetSize of job (KB)
...
006 (605417.149.000) 02/28 07:10:58 Image size of job updated: 312
	312  -  MemoryUsage of job (MB)
	319704  -  ResidentSetSize of job (KB)
...
006 (605417.149.000) 02/28 07:16:00 Image size of job updated: 312
	312  -  MemoryUsage of job (MB)
	319968  -  ResidentSetSize of job (KB)
...
006 (605417.149.000) 02/28 07:18:01 Image size of job updated: 312
	308  -  MemoryUsage of job (MB)
	319968  -  ResidentSetSize of job (KB)
...
006 (605417.149.000) 02/28 07:19:02 Image size of job updated: 312
	310  -  MemoryUsage of job (MB)
	319968  -  ResidentSetSize of job (KB)
...
006 (605417.149.000) 02/28 07:20:03 Image size of job updated: 312
	311  -  MemoryUsage of job (MB)
	319968  -  ResidentSetSize of job (KB)
...
006 (605417.149.000) 02/28 07:21:03 Image size of job updated: 312
	312  -  MemoryUsage of job (MB)
	320292  -  ResidentSetSize of job (KB)
...
006 (605417.149.000) 02/28 07:22:03 Image size of job updated: 312
	312  -  MemoryUsage of job (MB)
	320424  -  ResidentSetSize of job (KB)
...
006 (605417.149.000) 02/28 07:27:05 Image size of job updated: 313
	313  -  MemoryUsage of job (MB)
	320820  -  ResidentSetSize of job (KB)
...
006 (605417.149.000) 02/28 07:28:05 Image size of job updated: 313
	311  -  MemoryUsage of job (MB)
	320820  -  ResidentSetSize of job (KB)
...
006 (605417.149.000) 02/28 07:31:05 Image size of job updated: 313
	312  -  MemoryUsage of job (MB)
	320820  -  ResidentSetSize of job (KB)
...
006 (605417.149.000) 02/28 07:36:07 Image size of job updated: 313
	310  -  MemoryUsage of job (MB)
	320820  -  ResidentSetSize of job (KB)
...
006 (605417.149.000) 02/28 07:37:08 Image size of job updated: 313
	311  -  MemoryUsage of job (MB)
	320820  -  ResidentSetSize of job (KB)
...
006 (605417.149.000) 02/28 07:42:09 Image size of job updated: 313
	312  -  MemoryUsage of job (MB)
	320820  -  ResidentSetSize of job (KB)
...
006 (605417.149.000) 02/28 07:43:10 Image size of job updated: 313
	313  -  MemoryUsage of job (MB)
	320820  -  ResidentSetSize of job (KB)
...
006 (605417.149.000) 02/28 07:45:11 Image size of job updated: 313
	312  -  MemoryUsage of job (MB)
	320820  -  ResidentSetSize of job (KB)
...
006 (605417.149.000) 02/28 07:46:11 Image size of job updated: 313
	313  -  MemoryUsage of job (MB)
	320820  -  ResidentSetSize of job (KB)
...
006 (605417.149.000) 02/28 07:52:13 Image size of job updated: 313
	313  -  MemoryUsage of job (MB)
	320952  -  ResidentSetSize of job (KB)
...
006 (605417.149.000) 02/28 07:53:13 Image size of job updated: 313
	313  -  MemoryUsage of job (MB)
	321348  -  ResidentSetSize of job (KB)
...
006 (605417.149.000) 02/28 07:54:13 Image size of job updated: 313
	311  -  MemoryUsage of job (MB)
	321348  -  ResidentSetSize of job (KB)
...
006 (605417.149.000) 02/28 07:55:14 Image size of job updated: 313
	312  -  MemoryUsage of job (MB)
	321348  -  ResidentSetSize of job (KB)
...
006 (605417.149.000) 02/28 07:56:15 Image size of job updated: 313
	313  -  MemoryUsage of job (MB)
	321348  -  ResidentSetSize of job (KB)
...
006 (605417.149.000) 02/28 07:57:16 Image size of job updated: 315
	315  -  MemoryUsage of job (MB)
	323368  -  ResidentSetSize of job (KB)
...
006 (605417.149.000) 02/28 07:58:16 Image size of job updated: 315
	315  -  MemoryUsage of job (MB)
	323500  -  ResidentSetSize of job (KB)
...
006 (605417.149.000) 02/28 08:00:16 Image size of job updated: 316
	316  -  MemoryUsage of job (MB)
	323632  -  ResidentSetSize of job (KB)
...
006 (605417.149.000) 02/28 08:02:18 Image size of job updated: 316
	311  -  MemoryUsage of job (MB)
	323632  -  ResidentSetSize of job (KB)
...
006 (605417.149.000) 02/28 08:03:19 Image size of job updated: 316
	312  -  MemoryUsage of job (MB)
	323632  -  ResidentSetSize of job (KB)
...
006 (605417.149.000) 02/28 08:04:19 Image size of job updated: 316
	313  -  MemoryUsage of job (MB)
	323632  -  ResidentSetSize of job (KB)
...
006 (605417.149.000) 02/28 08:06:20 Image size of job updated: 316
	314  -  MemoryUsage of job (MB)
	323632  -  ResidentSetSize of job (KB)
...
006 (605417.149.000) 02/28 08:07:21 Image size of job updated: 316
	315  -  MemoryUsage of job (MB)
	323632  -  ResidentSetSize of job (KB)
...
006 (605417.149.000) 02/28 08:08:21 Image size of job updated: 316
	316  -  MemoryUsage of job (MB)
	323680  -  ResidentSetSize of job (KB)
...
006 (605417.149.000) 02/28 08:11:22 Image size of job updated: 316
	313  -  MemoryUsage of job (MB)
	323680  -  ResidentSetSize of job (KB)
...
006 (605417.149.000) 02/28 08:12:22 Image size of job updated: 316
	314  -  MemoryUsage of job (MB)
	323680  -  ResidentSetSize of job (KB)
...
006 (605417.149.000) 02/28 08:13:22 Image size of job updated: 316
	316  -  MemoryUsage of job (MB)
	323680  -  ResidentSetSize of job (KB)
...
006 (605417.149.000) 02/28 08:14:23 Image size of job updated: 316
	316  -  MemoryUsage of job (MB)
	323792  -  ResidentSetSize of job (KB)
...
006 (605417.149.000) 02/28 08:17:24 Image size of job updated: 316
	316  -  MemoryUsage of job (MB)
	323924  -  ResidentSetSize of job (KB)
...
006 (605417.149.000) 02/28 08:19:17 Image size of job updated: 316
	316  -  MemoryUsage of job (MB)
	324056  -  ResidentSetSize of job (KB)
...
005 (605417.149.000) 02/28 08:19:17 Job terminated.
	(1) Normal termination (return value 0)
		Usr 0 00:53:04, Sys 0 00:08:46  -  Run Remote Usage
		Usr 0 00:00:00, Sys 0 00:00:00  -  Run Local Usage
		Usr 0 00:53:04, Sys 0 00:08:46  -  Total Remote Usage
		Usr 0 00:00:00, Sys 0 00:00:00  -  Total Local Usage
	151878  -  Run Bytes Sent By Job
	14407  -  Run Bytes Received By Job
	151878  -  Total Bytes Sent By Job
	14407  -  Total Bytes Received By Job
	Partitionable Resources :    Usage  Request Allocated 
	   Cpus                 :     0.00        1         1 
	   Disk (KB)            :   191           7   1629000 
	   Memory (MB)          :   316        2048      2048 
...
