000 (605417.165.000) 02/28 06:23:40 Job submitted from host: <131.225.188.55:9618?addrs=131.225.188.55-9618&noUDP&sock=1689_178c_3>
...
001 (605417.165.000) 02/28 06:30:00 Job executing on host: <131.225.206.226:9618?addrs=131.225.206.226-9618&noUDP&sock=12663_57dc_3>
...
006 (605417.165.000) 02/28 06:30:09 Image size of job updated: 3
	3  -  MemoryUsage of job (MB)
	3748  -  ResidentSetSize of job (KB)
...
006 (605417.165.000) 02/28 06:31:10 Image size of job updated: 309
	309  -  MemoryUsage of job (MB)
	316996  -  ResidentSetSize of job (KB)
...
006 (605417.165.000) 02/28 06:32:11 Image size of job updated: 309
	309  -  MemoryUsage of job (MB)
	317212  -  ResidentSetSize of job (KB)
...
006 (605417.165.000) 02/28 06:33:12 Image size of job updated: 311
	311  -  MemoryUsage of job (MB)
	318612  -  ResidentSetSize of job (KB)
...
006 (605417.165.000) 02/28 06:34:12 Image size of job updated: 311
	311  -  MemoryUsage of job (MB)
	318684  -  ResidentSetSize of job (KB)
...
006 (605417.165.000) 02/28 06:35:12 Image size of job updated: 311
	311  -  MemoryUsage of job (MB)
	318840  -  ResidentSetSize of job (KB)
...
006 (605417.165.000) 02/28 06:36:12 Image size of job updated: 311
	311  -  MemoryUsage of job (MB)
	318956  -  ResidentSetSize of job (KB)
...
006 (605417.165.000) 02/28 06:37:12 Image size of job updated: 311
	311  -  MemoryUsage of job (MB)
	319216  -  ResidentSetSize of job (KB)
...
006 (605417.165.000) 02/28 06:38:13 Image size of job updated: 311
	311  -  MemoryUsage of job (MB)
	319344  -  ResidentSetSize of job (KB)
...
006 (605417.165.000) 02/28 06:39:14 Image size of job updated: 312
	312  -  MemoryUsage of job (MB)
	319488  -  ResidentSetSize of job (KB)
...
006 (605417.165.000) 02/28 06:40:15 Image size of job updated: 312
	312  -  MemoryUsage of job (MB)
	319552  -  ResidentSetSize of job (KB)
...
006 (605417.165.000) 02/28 06:41:16 Image size of job updated: 312
	312  -  MemoryUsage of job (MB)
	319652  -  ResidentSetSize of job (KB)
...
006 (605417.165.000) 02/28 06:42:16 Image size of job updated: 312
	312  -  MemoryUsage of job (MB)
	319736  -  ResidentSetSize of job (KB)
...
006 (605417.165.000) 02/28 06:43:16 Image size of job updated: 320
	320  -  MemoryUsage of job (MB)
	327888  -  ResidentSetSize of job (KB)
...
006 (605417.165.000) 02/28 06:44:16 Image size of job updated: 320
	320  -  MemoryUsage of job (MB)
	328236  -  ResidentSetSize of job (KB)
...
006 (605417.165.000) 02/28 06:45:16 Image size of job updated: 320
	320  -  MemoryUsage of job (MB)
	328456  -  ResidentSetSize of job (KB)
...
006 (605417.165.000) 02/28 06:46:16 Image size of job updated: 320
	320  -  MemoryUsage of job (MB)
	328600  -  ResidentSetSize of job (KB)
...
006 (605417.165.000) 02/28 06:47:17 Image size of job updated: 320
	320  -  MemoryUsage of job (MB)
	328688  -  ResidentSetSize of job (KB)
...
006 (605417.165.000) 02/28 06:48:18 Image size of job updated: 321
	321  -  MemoryUsage of job (MB)
	328820  -  ResidentSetSize of job (KB)
...
006 (605417.165.000) 02/28 06:49:19 Image size of job updated: 321
	321  -  MemoryUsage of job (MB)
	328896  -  ResidentSetSize of job (KB)
...
006 (605417.165.000) 02/28 06:50:20 Image size of job updated: 321
	321  -  MemoryUsage of job (MB)
	329004  -  ResidentSetSize of job (KB)
...
006 (605417.165.000) 02/28 06:51:20 Image size of job updated: 321
	321  -  MemoryUsage of job (MB)
	329084  -  ResidentSetSize of job (KB)
...
006 (605417.165.000) 02/28 06:52:20 Image size of job updated: 321
	321  -  MemoryUsage of job (MB)
	329252  -  ResidentSetSize of job (KB)
...
006 (605417.165.000) 02/28 06:53:20 Image size of job updated: 321
	321  -  MemoryUsage of job (MB)
	329260  -  ResidentSetSize of job (KB)
...
006 (605417.165.000) 02/28 06:54:20 Image size of job updated: 322
	322  -  MemoryUsage of job (MB)
	330276  -  ResidentSetSize of job (KB)
...
006 (605417.165.000) 02/28 06:55:21 Image size of job updated: 322
	322  -  MemoryUsage of job (MB)
	330332  -  ResidentSetSize of job (KB)
...
006 (605417.165.000) 02/28 06:56:22 Image size of job updated: 322
	322  -  MemoryUsage of job (MB)
	330440  -  ResidentSetSize of job (KB)
...
006 (605417.165.000) 02/28 06:57:23 Image size of job updated: 322
	322  -  MemoryUsage of job (MB)
	330480  -  ResidentSetSize of job (KB)
...
006 (605417.165.000) 02/28 06:58:24 Image size of job updated: 322
	322  -  MemoryUsage of job (MB)
	330592  -  ResidentSetSize of job (KB)
...
006 (605417.165.000) 02/28 06:59:24 Image size of job updated: 322
	322  -  MemoryUsage of job (MB)
	330720  -  ResidentSetSize of job (KB)
...
006 (605417.165.000) 02/28 07:00:24 Image size of job updated: 323
	323  -  MemoryUsage of job (MB)
	330828  -  ResidentSetSize of job (KB)
...
006 (605417.165.000) 02/28 07:01:24 Image size of job updated: 323
	323  -  MemoryUsage of job (MB)
	331064  -  ResidentSetSize of job (KB)
...
006 (605417.165.000) 02/28 07:02:24 Image size of job updated: 323
	323  -  MemoryUsage of job (MB)
	331152  -  ResidentSetSize of job (KB)
...
006 (605417.165.000) 02/28 07:03:25 Image size of job updated: 323
	323  -  MemoryUsage of job (MB)
	331220  -  ResidentSetSize of job (KB)
...
006 (605417.165.000) 02/28 07:04:26 Image size of job updated: 323
	323  -  MemoryUsage of job (MB)
	331284  -  ResidentSetSize of job (KB)
...
006 (605417.165.000) 02/28 07:05:27 Image size of job updated: 323
	323  -  MemoryUsage of job (MB)
	331420  -  ResidentSetSize of job (KB)
...
006 (605417.165.000) 02/28 07:07:29 Image size of job updated: 324
	324  -  MemoryUsage of job (MB)
	332404  -  ResidentSetSize of job (KB)
...
006 (605417.165.000) 02/28 07:08:29 Image size of job updated: 324
	324  -  MemoryUsage of job (MB)
	332488  -  ResidentSetSize of job (KB)
...
006 (605417.165.000) 02/28 07:09:29 Image size of job updated: 324
	324  -  MemoryUsage of job (MB)
	332568  -  ResidentSetSize of job (KB)
...
006 (605417.165.000) 02/28 07:10:29 Image size of job updated: 324
	324  -  MemoryUsage of job (MB)
	332632  -  ResidentSetSize of job (KB)
...
006 (605417.165.000) 02/28 07:11:29 Image size of job updated: 324
	324  -  MemoryUsage of job (MB)
	332752  -  ResidentSetSize of job (KB)
...
006 (605417.165.000) 02/28 07:12:30 Image size of job updated: 325
	325  -  MemoryUsage of job (MB)
	332840  -  ResidentSetSize of job (KB)
...
006 (605417.165.000) 02/28 07:13:31 Image size of job updated: 325
	325  -  MemoryUsage of job (MB)
	332940  -  ResidentSetSize of job (KB)
...
006 (605417.165.000) 02/28 07:14:32 Image size of job updated: 325
	325  -  MemoryUsage of job (MB)
	333060  -  ResidentSetSize of job (KB)
...
006 (605417.165.000) 02/28 07:15:33 Image size of job updated: 325
	325  -  MemoryUsage of job (MB)
	333148  -  ResidentSetSize of job (KB)
...
006 (605417.165.000) 02/28 07:16:33 Image size of job updated: 325
	325  -  MemoryUsage of job (MB)
	333272  -  ResidentSetSize of job (KB)
...
006 (605417.165.000) 02/28 07:17:33 Image size of job updated: 325
	324  -  MemoryUsage of job (MB)
	333272  -  ResidentSetSize of job (KB)
...
006 (605417.165.000) 02/28 07:19:33 Image size of job updated: 325
	325  -  MemoryUsage of job (MB)
	333272  -  ResidentSetSize of job (KB)
...
006 (605417.165.000) 02/28 07:20:34 Image size of job updated: 325
	325  -  MemoryUsage of job (MB)
	333700  -  ResidentSetSize of job (KB)
...
006 (605417.165.000) 02/28 07:21:35 Image size of job updated: 325
	325  -  MemoryUsage of job (MB)
	333792  -  ResidentSetSize of job (KB)
...
006 (605417.165.000) 02/28 07:22:36 Image size of job updated: 326
	326  -  MemoryUsage of job (MB)
	333908  -  ResidentSetSize of job (KB)
...
006 (605417.165.000) 02/28 07:23:37 Image size of job updated: 326
	326  -  MemoryUsage of job (MB)
	334036  -  ResidentSetSize of job (KB)
...
006 (605417.165.000) 02/28 07:24:37 Image size of job updated: 326
	326  -  MemoryUsage of job (MB)
	334220  -  ResidentSetSize of job (KB)
...
006 (605417.165.000) 02/28 07:25:37 Image size of job updated: 326
	326  -  MemoryUsage of job (MB)
	334320  -  ResidentSetSize of job (KB)
...
006 (605417.165.000) 02/28 07:26:37 Image size of job updated: 326
	326  -  MemoryUsage of job (MB)
	334436  -  ResidentSetSize of job (KB)
...
006 (605417.165.000) 02/28 07:27:38 Image size of job updated: 326
	326  -  MemoryUsage of job (MB)
	334496  -  ResidentSetSize of job (KB)
...
006 (605417.165.000) 02/28 07:29:40 Image size of job updated: 326
	326  -  MemoryUsage of job (MB)
	334596  -  ResidentSetSize of job (KB)
...
006 (605417.165.000) 02/28 07:30:41 Image size of job updated: 326
	326  -  MemoryUsage of job (MB)
	334684  -  ResidentSetSize of job (KB)
...
006 (605417.165.000) 02/28 07:31:41 Image size of job updated: 327
	327  -  MemoryUsage of job (MB)
	334848  -  ResidentSetSize of job (KB)
...
006 (605417.165.000) 02/28 07:32:41 Image size of job updated: 327
	327  -  MemoryUsage of job (MB)
	334924  -  ResidentSetSize of job (KB)
...
006 (605417.165.000) 02/28 07:33:41 Image size of job updated: 327
	327  -  MemoryUsage of job (MB)
	335000  -  ResidentSetSize of job (KB)
...
006 (605417.165.000) 02/28 07:34:42 Image size of job updated: 327
	327  -  MemoryUsage of job (MB)
	335340  -  ResidentSetSize of job (KB)
...
006 (605417.165.000) 02/28 07:35:43 Image size of job updated: 327
	327  -  MemoryUsage of job (MB)
	335448  -  ResidentSetSize of job (KB)
...
006 (605417.165.000) 02/28 07:36:44 Image size of job updated: 327
	327  -  MemoryUsage of job (MB)
	335528  -  ResidentSetSize of job (KB)
...
006 (605417.165.000) 02/28 07:37:45 Image size of job updated: 327
	327  -  MemoryUsage of job (MB)
	335628  -  ResidentSetSize of job (KB)
...
006 (605417.165.000) 02/28 07:38:45 Image size of job updated: 327
	321  -  MemoryUsage of job (MB)
	335628  -  ResidentSetSize of job (KB)
...
006 (605417.165.000) 02/28 07:39:45 Image size of job updated: 327
	327  -  MemoryUsage of job (MB)
	335628  -  ResidentSetSize of job (KB)
...
006 (605417.165.000) 02/28 07:41:46 Image size of job updated: 327
	327  -  MemoryUsage of job (MB)
	335708  -  ResidentSetSize of job (KB)
...
006 (605417.165.000) 02/28 07:42:47 Image size of job updated: 327
	327  -  MemoryUsage of job (MB)
	335808  -  ResidentSetSize of job (KB)
...
006 (605417.165.000) 02/28 07:43:48 Image size of job updated: 328
	328  -  MemoryUsage of job (MB)
	335940  -  ResidentSetSize of job (KB)
...
006 (605417.165.000) 02/28 07:44:49 Image size of job updated: 328
	328  -  MemoryUsage of job (MB)
	336092  -  ResidentSetSize of job (KB)
...
006 (605417.165.000) 02/28 07:45:49 Image size of job updated: 328
	328  -  MemoryUsage of job (MB)
	336132  -  ResidentSetSize of job (KB)
...
006 (605417.165.000) 02/28 07:46:49 Image size of job updated: 328
	328  -  MemoryUsage of job (MB)
	336300  -  ResidentSetSize of job (KB)
...
006 (605417.165.000) 02/28 07:47:49 Image size of job updated: 328
	328  -  MemoryUsage of job (MB)
	336448  -  ResidentSetSize of job (KB)
...
006 (605417.165.000) 02/28 07:49:50 Image size of job updated: 329
	329  -  MemoryUsage of job (MB)
	336940  -  ResidentSetSize of job (KB)
...
006 (605417.165.000) 02/28 07:50:51 Image size of job updated: 329
	329  -  MemoryUsage of job (MB)
	337072  -  ResidentSetSize of job (KB)
...
006 (605417.165.000) 02/28 07:51:52 Image size of job updated: 329
	329  -  MemoryUsage of job (MB)
	337724  -  ResidentSetSize of job (KB)
...
006 (605417.165.000) 02/28 07:52:52 Image size of job updated: 329
	329  -  MemoryUsage of job (MB)
	337884  -  ResidentSetSize of job (KB)
...
006 (605417.165.000) 02/28 07:53:52 Image size of job updated: 330
	330  -  MemoryUsage of job (MB)
	338020  -  ResidentSetSize of job (KB)
...
006 (605417.165.000) 02/28 07:54:52 Image size of job updated: 330
	330  -  MemoryUsage of job (MB)
	338108  -  ResidentSetSize of job (KB)
...
006 (605417.165.000) 02/28 07:55:52 Image size of job updated: 330
	330  -  MemoryUsage of job (MB)
	338284  -  ResidentSetSize of job (KB)
...
006 (605417.165.000) 02/28 07:56:53 Image size of job updated: 330
	330  -  MemoryUsage of job (MB)
	338340  -  ResidentSetSize of job (KB)
...
006 (605417.165.000) 02/28 07:57:54 Image size of job updated: 330
	330  -  MemoryUsage of job (MB)
	338500  -  ResidentSetSize of job (KB)
...
006 (605417.165.000) 02/28 07:58:55 Image size of job updated: 330
	327  -  MemoryUsage of job (MB)
	338500  -  ResidentSetSize of job (KB)
...
006 (605417.165.000) 02/28 07:59:55 Image size of job updated: 330
	329  -  MemoryUsage of job (MB)
	338500  -  ResidentSetSize of job (KB)
...
006 (605417.165.000) 02/28 08:04:57 Image size of job updated: 330
	330  -  MemoryUsage of job (MB)
	338500  -  ResidentSetSize of job (KB)
...
006 (605417.165.000) 02/28 08:08:58 Image size of job updated: 330
	329  -  MemoryUsage of job (MB)
	338500  -  ResidentSetSize of job (KB)
...
006 (605417.165.000) 02/28 08:09:58 Image size of job updated: 330
	330  -  MemoryUsage of job (MB)
	338776  -  ResidentSetSize of job (KB)
...
006 (605417.165.000) 02/28 08:10:59 Image size of job updated: 331
	331  -  MemoryUsage of job (MB)
	338972  -  ResidentSetSize of job (KB)
...
006 (605417.165.000) 02/28 08:12:00 Image size of job updated: 331
	331  -  MemoryUsage of job (MB)
	339192  -  ResidentSetSize of job (KB)
...
006 (605417.165.000) 02/28 08:13:01 Image size of job updated: 331
	331  -  MemoryUsage of job (MB)
	339240  -  ResidentSetSize of job (KB)
...
006 (605417.165.000) 02/28 08:14:01 Image size of job updated: 331
	331  -  MemoryUsage of job (MB)
	339380  -  ResidentSetSize of job (KB)
...
006 (605417.165.000) 02/28 08:15:01 Image size of job updated: 331
	331  -  MemoryUsage of job (MB)
	339896  -  ResidentSetSize of job (KB)
...
006 (605417.165.000) 02/28 08:16:01 Image size of job updated: 332
	332  -  MemoryUsage of job (MB)
	340080  -  ResidentSetSize of job (KB)
...
006 (605417.165.000) 02/28 08:17:01 Image size of job updated: 332
	332  -  MemoryUsage of job (MB)
	340184  -  ResidentSetSize of job (KB)
...
006 (605417.165.000) 02/28 08:18:02 Image size of job updated: 332
	332  -  MemoryUsage of job (MB)
	340260  -  ResidentSetSize of job (KB)
...
006 (605417.165.000) 02/28 08:19:03 Image size of job updated: 332
	332  -  MemoryUsage of job (MB)
	340288  -  ResidentSetSize of job (KB)
...
006 (605417.165.000) 02/28 08:20:04 Image size of job updated: 332
	326  -  MemoryUsage of job (MB)
	340288  -  ResidentSetSize of job (KB)
...
006 (605417.165.000) 02/28 08:21:04 Image size of job updated: 332
	331  -  MemoryUsage of job (MB)
	340288  -  ResidentSetSize of job (KB)
...
006 (605417.165.000) 02/28 08:26:07 Image size of job updated: 332
	332  -  MemoryUsage of job (MB)
	340288  -  ResidentSetSize of job (KB)
...
006 (605417.165.000) 02/28 08:28:07 Image size of job updated: 332
	332  -  MemoryUsage of job (MB)
	340352  -  ResidentSetSize of job (KB)
...
006 (605417.165.000) 02/28 08:29:07 Image size of job updated: 332
	332  -  MemoryUsage of job (MB)
	340512  -  ResidentSetSize of job (KB)
...
006 (605417.165.000) 02/28 08:29:46 Image size of job updated: 332
	332  -  MemoryUsage of job (MB)
	340568  -  ResidentSetSize of job (KB)
...
005 (605417.165.000) 02/28 08:29:50 Job terminated.
	(1) Normal termination (return value 0)
		Usr 0 01:11:37, Sys 0 00:08:33  -  Run Remote Usage
		Usr 0 00:00:00, Sys 0 00:00:00  -  Run Local Usage
		Usr 0 01:11:37, Sys 0 00:08:33  -  Total Remote Usage
		Usr 0 00:00:00, Sys 0 00:00:00  -  Total Local Usage
	147268  -  Run Bytes Sent By Job
	14407  -  Run Bytes Received By Job
	147268  -  Total Bytes Sent By Job
	14407  -  Total Bytes Received By Job
	Partitionable Resources :    Usage  Request Allocated 
	   Cpus                 :     0.01        1         1 
	   Disk (KB)            :   177           7    385051 
	   Memory (MB)          :   332        2048      2048 
...
