000 (605417.145.000) 02/28 06:23:40 Job submitted from host: <131.225.188.55:9618?addrs=131.225.188.55-9618&noUDP&sock=1689_178c_3>
...
001 (605417.145.000) 02/28 06:29:24 Job executing on host: <131.225.188.17:9618?addrs=131.225.188.17-9618&noUDP&sock=22048_ac2f_3>
...
006 (605417.145.000) 02/28 06:29:33 Image size of job updated: 2
	2  -  MemoryUsage of job (MB)
	2776  -  ResidentSetSize of job (KB)
...
006 (605417.145.000) 02/28 06:30:33 Image size of job updated: 283
	283  -  MemoryUsage of job (MB)
	290556  -  ResidentSetSize of job (KB)
...
006 (605417.145.000) 02/28 06:31:33 Image size of job updated: 285
	285  -  MemoryUsage of job (MB)
	292492  -  ResidentSetSize of job (KB)
...
006 (605417.145.000) 02/28 06:32:34 Image size of job updated: 285
	285  -  MemoryUsage of job (MB)
	292540  -  ResidentSetSize of job (KB)
...
006 (605417.145.000) 02/28 06:33:35 Image size of job updated: 285
	285  -  MemoryUsage of job (MB)
	292600  -  ResidentSetSize of job (KB)
...
006 (605417.145.000) 02/28 06:33:55 Image size of job updated: 285
	285  -  MemoryUsage of job (MB)
	292612  -  ResidentSetSize of job (KB)
...
005 (605417.145.000) 02/28 06:33:56 Job terminated.
	(1) Normal termination (return value 0)
		Usr 0 00:02:08, Sys 0 00:00:29  -  Run Remote Usage
		Usr 0 00:00:00, Sys 0 00:00:00  -  Run Local Usage
		Usr 0 00:02:08, Sys 0 00:00:29  -  Total Remote Usage
		Usr 0 00:00:00, Sys 0 00:00:00  -  Total Local Usage
	17805  -  Run Bytes Sent By Job
	14407  -  Run Bytes Received By Job
	17805  -  Total Bytes Sent By Job
	14407  -  Total Bytes Received By Job
	Partitionable Resources :    Usage  Request Allocated 
	   Cpus                 :        0        1         1 
	   Disk (KB)            :       61        7   1635653 
	   Memory (MB)          :      285     2048      2048 
...
