000 (605417.167.000) 02/28 06:23:40 Job submitted from host: <131.225.188.55:9618?addrs=131.225.188.55-9618&noUDP&sock=1689_178c_3>
...
001 (605417.167.000) 02/28 06:30:02 Job executing on host: <131.225.191.223:9618?addrs=131.225.191.223-9618&noUDP&sock=59051_a71f_3>
...
006 (605417.167.000) 02/28 06:30:11 Image size of job updated: 2
	0  -  MemoryUsage of job (MB)
	600  -  ResidentSetSize of job (KB)
...
006 (605417.167.000) 02/28 06:31:12 Image size of job updated: 235
	235  -  MemoryUsage of job (MB)
	241028  -  ResidentSetSize of job (KB)
...
006 (605417.167.000) 02/28 06:32:12 Image size of job updated: 308
	308  -  MemoryUsage of job (MB)
	315752  -  ResidentSetSize of job (KB)
...
006 (605417.167.000) 02/28 06:33:13 Image size of job updated: 309
	309  -  MemoryUsage of job (MB)
	316956  -  ResidentSetSize of job (KB)
...
006 (605417.167.000) 02/28 06:34:14 Image size of job updated: 309
	309  -  MemoryUsage of job (MB)
	317024  -  ResidentSetSize of job (KB)
...
006 (605417.167.000) 02/28 06:35:14 Image size of job updated: 310
	310  -  MemoryUsage of job (MB)
	317440  -  ResidentSetSize of job (KB)
...
006 (605417.167.000) 02/28 06:36:15 Image size of job updated: 310
	310  -  MemoryUsage of job (MB)
	317608  -  ResidentSetSize of job (KB)
...
006 (605417.167.000) 02/28 06:37:15 Image size of job updated: 310
	310  -  MemoryUsage of job (MB)
	317736  -  ResidentSetSize of job (KB)
...
006 (605417.167.000) 02/28 06:38:15 Image size of job updated: 310
	310  -  MemoryUsage of job (MB)
	318096  -  ResidentSetSize of job (KB)
...
006 (605417.167.000) 02/28 06:39:16 Image size of job updated: 310
	310  -  MemoryUsage of job (MB)
	318136  -  ResidentSetSize of job (KB)
...
006 (605417.167.000) 02/28 06:40:16 Image size of job updated: 310
	310  -  MemoryUsage of job (MB)
	318204  -  ResidentSetSize of job (KB)
...
006 (605417.167.000) 02/28 06:41:17 Image size of job updated: 310
	310  -  MemoryUsage of job (MB)
	318272  -  ResidentSetSize of job (KB)
...
006 (605417.167.000) 02/28 06:42:17 Image size of job updated: 310
	310  -  MemoryUsage of job (MB)
	318360  -  ResidentSetSize of job (KB)
...
006 (605417.167.000) 02/28 06:43:18 Image size of job updated: 310
	310  -  MemoryUsage of job (MB)
	318428  -  ResidentSetSize of job (KB)
...
006 (605417.167.000) 02/28 06:44:19 Image size of job updated: 311
	311  -  MemoryUsage of job (MB)
	318520  -  ResidentSetSize of job (KB)
...
006 (605417.167.000) 02/28 06:45:19 Image size of job updated: 311
	311  -  MemoryUsage of job (MB)
	318640  -  ResidentSetSize of job (KB)
...
006 (605417.167.000) 02/28 06:46:20 Image size of job updated: 311
	311  -  MemoryUsage of job (MB)
	318696  -  ResidentSetSize of job (KB)
...
006 (605417.167.000) 02/28 06:47:20 Image size of job updated: 311
	311  -  MemoryUsage of job (MB)
	318768  -  ResidentSetSize of job (KB)
...
006 (605417.167.000) 02/28 06:48:21 Image size of job updated: 311
	311  -  MemoryUsage of job (MB)
	318872  -  ResidentSetSize of job (KB)
...
006 (605417.167.000) 02/28 06:49:22 Image size of job updated: 312
	312  -  MemoryUsage of job (MB)
	320404  -  ResidentSetSize of job (KB)
...
006 (605417.167.000) 02/28 06:50:22 Image size of job updated: 320
	320  -  MemoryUsage of job (MB)
	328340  -  ResidentSetSize of job (KB)
...
006 (605417.167.000) 02/28 06:51:23 Image size of job updated: 320
	320  -  MemoryUsage of job (MB)
	328428  -  ResidentSetSize of job (KB)
...
006 (605417.167.000) 02/28 06:52:24 Image size of job updated: 320
	320  -  MemoryUsage of job (MB)
	328516  -  ResidentSetSize of job (KB)
...
006 (605417.167.000) 02/28 06:53:24 Image size of job updated: 320
	320  -  MemoryUsage of job (MB)
	328592  -  ResidentSetSize of job (KB)
...
006 (605417.167.000) 02/28 06:54:25 Image size of job updated: 321
	321  -  MemoryUsage of job (MB)
	328708  -  ResidentSetSize of job (KB)
...
006 (605417.167.000) 02/28 06:55:25 Image size of job updated: 321
	321  -  MemoryUsage of job (MB)
	328808  -  ResidentSetSize of job (KB)
...
006 (605417.167.000) 02/28 06:56:25 Image size of job updated: 321
	321  -  MemoryUsage of job (MB)
	328860  -  ResidentSetSize of job (KB)
...
006 (605417.167.000) 02/28 06:57:26 Image size of job updated: 321
	321  -  MemoryUsage of job (MB)
	328968  -  ResidentSetSize of job (KB)
...
006 (605417.167.000) 02/28 06:58:26 Image size of job updated: 321
	321  -  MemoryUsage of job (MB)
	329084  -  ResidentSetSize of job (KB)
...
006 (605417.167.000) 02/28 06:59:26 Image size of job updated: 321
	321  -  MemoryUsage of job (MB)
	329140  -  ResidentSetSize of job (KB)
...
006 (605417.167.000) 02/28 07:00:27 Image size of job updated: 321
	321  -  MemoryUsage of job (MB)
	329228  -  ResidentSetSize of job (KB)
...
006 (605417.167.000) 02/28 07:01:27 Image size of job updated: 321
	321  -  MemoryUsage of job (MB)
	329304  -  ResidentSetSize of job (KB)
...
006 (605417.167.000) 02/28 07:02:27 Image size of job updated: 321
	321  -  MemoryUsage of job (MB)
	329384  -  ResidentSetSize of job (KB)
...
006 (605417.167.000) 02/28 07:03:28 Image size of job updated: 321
	321  -  MemoryUsage of job (MB)
	329456  -  ResidentSetSize of job (KB)
...
006 (605417.167.000) 02/28 07:04:29 Image size of job updated: 322
	322  -  MemoryUsage of job (MB)
	330728  -  ResidentSetSize of job (KB)
...
006 (605417.167.000) 02/28 07:05:29 Image size of job updated: 323
	323  -  MemoryUsage of job (MB)
	330792  -  ResidentSetSize of job (KB)
...
006 (605417.167.000) 02/28 07:06:30 Image size of job updated: 323
	323  -  MemoryUsage of job (MB)
	330884  -  ResidentSetSize of job (KB)
...
006 (605417.167.000) 02/28 07:07:30 Image size of job updated: 323
	323  -  MemoryUsage of job (MB)
	331088  -  ResidentSetSize of job (KB)
...
006 (605417.167.000) 02/28 07:08:30 Image size of job updated: 323
	323  -  MemoryUsage of job (MB)
	331164  -  ResidentSetSize of job (KB)
...
006 (605417.167.000) 02/28 07:09:31 Image size of job updated: 323
	323  -  MemoryUsage of job (MB)
	331252  -  ResidentSetSize of job (KB)
...
006 (605417.167.000) 02/28 07:10:31 Image size of job updated: 323
	323  -  MemoryUsage of job (MB)
	331336  -  ResidentSetSize of job (KB)
...
006 (605417.167.000) 02/28 07:11:31 Image size of job updated: 323
	323  -  MemoryUsage of job (MB)
	331440  -  ResidentSetSize of job (KB)
...
006 (605417.167.000) 02/28 07:12:32 Image size of job updated: 323
	323  -  MemoryUsage of job (MB)
	331516  -  ResidentSetSize of job (KB)
...
006 (605417.167.000) 02/28 07:13:32 Image size of job updated: 323
	323  -  MemoryUsage of job (MB)
	331588  -  ResidentSetSize of job (KB)
...
006 (605417.167.000) 02/28 07:14:32 Image size of job updated: 323
	323  -  MemoryUsage of job (MB)
	331656  -  ResidentSetSize of job (KB)
...
006 (605417.167.000) 02/28 07:15:33 Image size of job updated: 323
	323  -  MemoryUsage of job (MB)
	331708  -  ResidentSetSize of job (KB)
...
006 (605417.167.000) 02/28 07:16:34 Image size of job updated: 324
	324  -  MemoryUsage of job (MB)
	331776  -  ResidentSetSize of job (KB)
...
006 (605417.167.000) 02/28 07:17:34 Image size of job updated: 324
	324  -  MemoryUsage of job (MB)
	331828  -  ResidentSetSize of job (KB)
...
006 (605417.167.000) 02/28 07:18:35 Image size of job updated: 324
	324  -  MemoryUsage of job (MB)
	331908  -  ResidentSetSize of job (KB)
...
006 (605417.167.000) 02/28 07:19:36 Image size of job updated: 324
	324  -  MemoryUsage of job (MB)
	331952  -  ResidentSetSize of job (KB)
...
006 (605417.167.000) 02/28 07:21:37 Image size of job updated: 324
	324  -  MemoryUsage of job (MB)
	332320  -  ResidentSetSize of job (KB)
...
006 (605417.167.000) 02/28 07:22:37 Image size of job updated: 324
	324  -  MemoryUsage of job (MB)
	332392  -  ResidentSetSize of job (KB)
...
006 (605417.167.000) 02/28 07:23:37 Image size of job updated: 324
	324  -  MemoryUsage of job (MB)
	332664  -  ResidentSetSize of job (KB)
...
006 (605417.167.000) 02/28 07:24:38 Image size of job updated: 324
	324  -  MemoryUsage of job (MB)
	332780  -  ResidentSetSize of job (KB)
...
006 (605417.167.000) 02/28 07:25:38 Image size of job updated: 325
	325  -  MemoryUsage of job (MB)
	332868  -  ResidentSetSize of job (KB)
...
006 (605417.167.000) 02/28 07:26:39 Image size of job updated: 325
	325  -  MemoryUsage of job (MB)
	333512  -  ResidentSetSize of job (KB)
...
006 (605417.167.000) 02/28 07:27:39 Image size of job updated: 325
	325  -  MemoryUsage of job (MB)
	333624  -  ResidentSetSize of job (KB)
...
006 (605417.167.000) 02/28 07:28:39 Image size of job updated: 325
	325  -  MemoryUsage of job (MB)
	333708  -  ResidentSetSize of job (KB)
...
006 (605417.167.000) 02/28 07:29:40 Image size of job updated: 325
	325  -  MemoryUsage of job (MB)
	333792  -  ResidentSetSize of job (KB)
...
006 (605417.167.000) 02/28 07:30:40 Image size of job updated: 326
	326  -  MemoryUsage of job (MB)
	333868  -  ResidentSetSize of job (KB)
...
006 (605417.167.000) 02/28 07:31:41 Image size of job updated: 326
	326  -  MemoryUsage of job (MB)
	333924  -  ResidentSetSize of job (KB)
...
006 (605417.167.000) 02/28 07:32:43 Image size of job updated: 326
	326  -  MemoryUsage of job (MB)
	334016  -  ResidentSetSize of job (KB)
...
006 (605417.167.000) 02/28 07:33:43 Image size of job updated: 326
	326  -  MemoryUsage of job (MB)
	334056  -  ResidentSetSize of job (KB)
...
006 (605417.167.000) 02/28 07:34:44 Image size of job updated: 326
	323  -  MemoryUsage of job (MB)
	334056  -  ResidentSetSize of job (KB)
...
006 (605417.167.000) 02/28 07:42:47 Image size of job updated: 326
	324  -  MemoryUsage of job (MB)
	334056  -  ResidentSetSize of job (KB)
...
006 (605417.167.000) 02/28 07:45:48 Image size of job updated: 326
	325  -  MemoryUsage of job (MB)
	334056  -  ResidentSetSize of job (KB)
...
006 (605417.167.000) 02/28 07:49:51 Image size of job updated: 326
	326  -  MemoryUsage of job (MB)
	334056  -  ResidentSetSize of job (KB)
...
006 (605417.167.000) 02/28 07:53:52 Image size of job updated: 326
	326  -  MemoryUsage of job (MB)
	334164  -  ResidentSetSize of job (KB)
...
006 (605417.167.000) 02/28 07:54:52 Image size of job updated: 326
	326  -  MemoryUsage of job (MB)
	334248  -  ResidentSetSize of job (KB)
...
006 (605417.167.000) 02/28 07:55:52 Image size of job updated: 326
	326  -  MemoryUsage of job (MB)
	334320  -  ResidentSetSize of job (KB)
...
006 (605417.167.000) 02/28 07:56:53 Image size of job updated: 326
	326  -  MemoryUsage of job (MB)
	334392  -  ResidentSetSize of job (KB)
...
006 (605417.167.000) 02/28 07:57:53 Image size of job updated: 326
	326  -  MemoryUsage of job (MB)
	334448  -  ResidentSetSize of job (KB)
...
006 (605417.167.000) 02/28 07:58:53 Image size of job updated: 326
	326  -  MemoryUsage of job (MB)
	334556  -  ResidentSetSize of job (KB)
...
006 (605417.167.000) 02/28 07:59:54 Image size of job updated: 326
	326  -  MemoryUsage of job (MB)
	334592  -  ResidentSetSize of job (KB)
...
006 (605417.167.000) 02/28 08:00:54 Image size of job updated: 326
	326  -  MemoryUsage of job (MB)
	334836  -  ResidentSetSize of job (KB)
...
006 (605417.167.000) 02/28 08:01:55 Image size of job updated: 327
	327  -  MemoryUsage of job (MB)
	335224  -  ResidentSetSize of job (KB)
...
006 (605417.167.000) 02/28 08:02:56 Image size of job updated: 327
	327  -  MemoryUsage of job (MB)
	335288  -  ResidentSetSize of job (KB)
...
006 (605417.167.000) 02/28 08:03:56 Image size of job updated: 327
	327  -  MemoryUsage of job (MB)
	335652  -  ResidentSetSize of job (KB)
...
006 (605417.167.000) 02/28 08:04:57 Image size of job updated: 328
	328  -  MemoryUsage of job (MB)
	336256  -  ResidentSetSize of job (KB)
...
006 (605417.167.000) 02/28 08:05:57 Image size of job updated: 328
	328  -  MemoryUsage of job (MB)
	336436  -  ResidentSetSize of job (KB)
...
006 (605417.167.000) 02/28 08:06:57 Image size of job updated: 328
	328  -  MemoryUsage of job (MB)
	336696  -  ResidentSetSize of job (KB)
...
006 (605417.167.000) 02/28 08:07:58 Image size of job updated: 328
	328  -  MemoryUsage of job (MB)
	336760  -  ResidentSetSize of job (KB)
...
006 (605417.167.000) 02/28 08:08:58 Image size of job updated: 328
	328  -  MemoryUsage of job (MB)
	336840  -  ResidentSetSize of job (KB)
...
006 (605417.167.000) 02/28 08:09:59 Image size of job updated: 329
	329  -  MemoryUsage of job (MB)
	336924  -  ResidentSetSize of job (KB)
...
006 (605417.167.000) 02/28 08:10:59 Image size of job updated: 329
	329  -  MemoryUsage of job (MB)
	337004  -  ResidentSetSize of job (KB)
...
006 (605417.167.000) 02/28 08:11:59 Image size of job updated: 329
	329  -  MemoryUsage of job (MB)
	337076  -  ResidentSetSize of job (KB)
...
006 (605417.167.000) 02/28 08:13:00 Image size of job updated: 329
	329  -  MemoryUsage of job (MB)
	337152  -  ResidentSetSize of job (KB)
...
006 (605417.167.000) 02/28 08:14:00 Image size of job updated: 329
	329  -  MemoryUsage of job (MB)
	337308  -  ResidentSetSize of job (KB)
...
006 (605417.167.000) 02/28 08:15:01 Image size of job updated: 329
	329  -  MemoryUsage of job (MB)
	337548  -  ResidentSetSize of job (KB)
...
006 (605417.167.000) 02/28 08:16:01 Image size of job updated: 329
	328  -  MemoryUsage of job (MB)
	337548  -  ResidentSetSize of job (KB)
...
006 (605417.167.000) 02/28 08:21:05 Image size of job updated: 329
	329  -  MemoryUsage of job (MB)
	337548  -  ResidentSetSize of job (KB)
...
006 (605417.167.000) 02/28 08:24:06 Image size of job updated: 329
	329  -  MemoryUsage of job (MB)
	337556  -  ResidentSetSize of job (KB)
...
006 (605417.167.000) 02/28 08:25:07 Image size of job updated: 329
	329  -  MemoryUsage of job (MB)
	337644  -  ResidentSetSize of job (KB)
...
006 (605417.167.000) 02/28 08:26:08 Image size of job updated: 329
	329  -  MemoryUsage of job (MB)
	337716  -  ResidentSetSize of job (KB)
...
006 (605417.167.000) 02/28 08:27:08 Image size of job updated: 329
	329  -  MemoryUsage of job (MB)
	337796  -  ResidentSetSize of job (KB)
...
006 (605417.167.000) 02/28 08:28:09 Image size of job updated: 329
	329  -  MemoryUsage of job (MB)
	337864  -  ResidentSetSize of job (KB)
...
006 (605417.167.000) 02/28 08:29:09 Image size of job updated: 330
	330  -  MemoryUsage of job (MB)
	338172  -  ResidentSetSize of job (KB)
...
006 (605417.167.000) 02/28 08:30:10 Image size of job updated: 330
	327  -  MemoryUsage of job (MB)
	338172  -  ResidentSetSize of job (KB)
...
006 (605417.167.000) 02/28 08:31:10 Image size of job updated: 330
	329  -  MemoryUsage of job (MB)
	338172  -  ResidentSetSize of job (KB)
...
006 (605417.167.000) 02/28 08:34:12 Image size of job updated: 330
	330  -  MemoryUsage of job (MB)
	338172  -  ResidentSetSize of job (KB)
...
006 (605417.167.000) 02/28 08:36:13 Image size of job updated: 330
	330  -  MemoryUsage of job (MB)
	338492  -  ResidentSetSize of job (KB)
...
006 (605417.167.000) 02/28 08:37:13 Image size of job updated: 330
	330  -  MemoryUsage of job (MB)
	338564  -  ResidentSetSize of job (KB)
...
006 (605417.167.000) 02/28 08:38:14 Image size of job updated: 330
	330  -  MemoryUsage of job (MB)
	338628  -  ResidentSetSize of job (KB)
...
006 (605417.167.000) 02/28 08:39:14 Image size of job updated: 330
	330  -  MemoryUsage of job (MB)
	338712  -  ResidentSetSize of job (KB)
...
006 (605417.167.000) 02/28 08:40:14 Image size of job updated: 330
	330  -  MemoryUsage of job (MB)
	338820  -  ResidentSetSize of job (KB)
...
006 (605417.167.000) 02/28 08:41:15 Image size of job updated: 330
	330  -  MemoryUsage of job (MB)
	338916  -  ResidentSetSize of job (KB)
...
006 (605417.167.000) 02/28 08:42:15 Image size of job updated: 331
	331  -  MemoryUsage of job (MB)
	338964  -  ResidentSetSize of job (KB)
...
006 (605417.167.000) 02/28 08:43:16 Image size of job updated: 331
	331  -  MemoryUsage of job (MB)
	339036  -  ResidentSetSize of job (KB)
...
006 (605417.167.000) 02/28 08:44:16 Image size of job updated: 331
	331  -  MemoryUsage of job (MB)
	339128  -  ResidentSetSize of job (KB)
...
006 (605417.167.000) 02/28 08:45:17 Image size of job updated: 331
	331  -  MemoryUsage of job (MB)
	339192  -  ResidentSetSize of job (KB)
...
006 (605417.167.000) 02/28 08:46:17 Image size of job updated: 331
	330  -  MemoryUsage of job (MB)
	339192  -  ResidentSetSize of job (KB)
...
006 (605417.167.000) 02/28 08:47:18 Image size of job updated: 331
	331  -  MemoryUsage of job (MB)
	339296  -  ResidentSetSize of job (KB)
...
006 (605417.167.000) 02/28 08:48:18 Image size of job updated: 331
	331  -  MemoryUsage of job (MB)
	339364  -  ResidentSetSize of job (KB)
...
006 (605417.167.000) 02/28 08:49:19 Image size of job updated: 331
	331  -  MemoryUsage of job (MB)
	339608  -  ResidentSetSize of job (KB)
...
006 (605417.167.000) 02/28 08:50:19 Image size of job updated: 331
	331  -  MemoryUsage of job (MB)
	339836  -  ResidentSetSize of job (KB)
...
006 (605417.167.000) 02/28 08:51:19 Image size of job updated: 331
	331  -  MemoryUsage of job (MB)
	339916  -  ResidentSetSize of job (KB)
...
006 (605417.167.000) 02/28 08:52:20 Image size of job updated: 332
	332  -  MemoryUsage of job (MB)
	339976  -  ResidentSetSize of job (KB)
...
006 (605417.167.000) 02/28 08:53:20 Image size of job updated: 332
	332  -  MemoryUsage of job (MB)
	340068  -  ResidentSetSize of job (KB)
...
006 (605417.167.000) 02/28 08:54:21 Image size of job updated: 332
	332  -  MemoryUsage of job (MB)
	340124  -  ResidentSetSize of job (KB)
...
006 (605417.167.000) 02/28 08:55:22 Image size of job updated: 332
	332  -  MemoryUsage of job (MB)
	340176  -  ResidentSetSize of job (KB)
...
006 (605417.167.000) 02/28 08:56:22 Image size of job updated: 332
	332  -  MemoryUsage of job (MB)
	340228  -  ResidentSetSize of job (KB)
...
006 (605417.167.000) 02/28 08:57:23 Image size of job updated: 332
	332  -  MemoryUsage of job (MB)
	340276  -  ResidentSetSize of job (KB)
...
006 (605417.167.000) 02/28 08:58:23 Image size of job updated: 332
	332  -  MemoryUsage of job (MB)
	340328  -  ResidentSetSize of job (KB)
...
006 (605417.167.000) 02/28 08:59:24 Image size of job updated: 332
	332  -  MemoryUsage of job (MB)
	340412  -  ResidentSetSize of job (KB)
...
006 (605417.167.000) 02/28 09:00:25 Image size of job updated: 332
	332  -  MemoryUsage of job (MB)
	340460  -  ResidentSetSize of job (KB)
...
006 (605417.167.000) 02/28 09:01:25 Image size of job updated: 332
	332  -  MemoryUsage of job (MB)
	340524  -  ResidentSetSize of job (KB)
...
006 (605417.167.000) 02/28 09:02:26 Image size of job updated: 332
	332  -  MemoryUsage of job (MB)
	340580  -  ResidentSetSize of job (KB)
...
006 (605417.167.000) 02/28 09:03:26 Image size of job updated: 332
	332  -  MemoryUsage of job (MB)
	340624  -  ResidentSetSize of job (KB)
...
006 (605417.167.000) 02/28 09:04:27 Image size of job updated: 332
	332  -  MemoryUsage of job (MB)
	340696  -  ResidentSetSize of job (KB)
...
006 (605417.167.000) 02/28 09:05:27 Image size of job updated: 332
	329  -  MemoryUsage of job (MB)
	340696  -  ResidentSetSize of job (KB)
...
006 (605417.167.000) 02/28 09:06:28 Image size of job updated: 332
	331  -  MemoryUsage of job (MB)
	340696  -  ResidentSetSize of job (KB)
...
006 (605417.167.000) 02/28 09:12:31 Image size of job updated: 332
	332  -  MemoryUsage of job (MB)
	340696  -  ResidentSetSize of job (KB)
...
006 (605417.167.000) 02/28 09:19:36 Image size of job updated: 332
	332  -  MemoryUsage of job (MB)
	340744  -  ResidentSetSize of job (KB)
...
006 (605417.167.000) 02/28 09:20:03 Image size of job updated: 332
	332  -  MemoryUsage of job (MB)
	340776  -  ResidentSetSize of job (KB)
...
005 (605417.167.000) 02/28 09:20:04 Job terminated.
	(1) Normal termination (return value 0)
		Usr 0 01:51:10, Sys 0 00:15:01  -  Run Remote Usage
		Usr 0 00:00:00, Sys 0 00:00:00  -  Run Local Usage
		Usr 0 01:51:10, Sys 0 00:15:01  -  Total Remote Usage
		Usr 0 00:00:00, Sys 0 00:00:00  -  Total Local Usage
	144444  -  Run Bytes Sent By Job
	14407  -  Run Bytes Received By Job
	144444  -  Total Bytes Sent By Job
	14407  -  Total Bytes Received By Job
	Partitionable Resources :    Usage  Request Allocated 
	   Cpus                 :     0.00        1         1 
	   Disk (KB)            :   179           7    841338 
	   Memory (MB)          :   332        2048      2048 
...
