000 (605417.170.000) 02/28 06:23:40 Job submitted from host: <131.225.188.55:9618?addrs=131.225.188.55-9618&noUDP&sock=1689_178c_3>
...
001 (605417.170.000) 02/28 06:30:01 Job executing on host: <131.225.205.194:9618?addrs=131.225.205.194-9618&noUDP&sock=7492_77a2_3>
...
006 (605417.170.000) 02/28 06:30:10 Image size of job updated: 16
	16  -  MemoryUsage of job (MB)
	16536  -  ResidentSetSize of job (KB)
...
006 (605417.170.000) 02/28 06:31:11 Image size of job updated: 181
	181  -  MemoryUsage of job (MB)
	185924  -  ResidentSetSize of job (KB)
...
006 (605417.170.000) 02/28 06:32:11 Image size of job updated: 306
	306  -  MemoryUsage of job (MB)
	314200  -  ResidentSetSize of job (KB)
...
006 (605417.170.000) 02/28 06:33:12 Image size of job updated: 310
	310  -  MemoryUsage of job (MB)
	318072  -  ResidentSetSize of job (KB)
...
006 (605417.170.000) 02/28 06:34:13 Image size of job updated: 311
	311  -  MemoryUsage of job (MB)
	318560  -  ResidentSetSize of job (KB)
...
006 (605417.170.000) 02/28 06:35:13 Image size of job updated: 311
	311  -  MemoryUsage of job (MB)
	319324  -  ResidentSetSize of job (KB)
...
006 (605417.170.000) 02/28 06:36:14 Image size of job updated: 311
	311  -  MemoryUsage of job (MB)
	319444  -  ResidentSetSize of job (KB)
...
006 (605417.170.000) 02/28 06:37:15 Image size of job updated: 312
	312  -  MemoryUsage of job (MB)
	319512  -  ResidentSetSize of job (KB)
...
006 (605417.170.000) 02/28 06:38:15 Image size of job updated: 312
	312  -  MemoryUsage of job (MB)
	319596  -  ResidentSetSize of job (KB)
...
006 (605417.170.000) 02/28 06:39:16 Image size of job updated: 312
	312  -  MemoryUsage of job (MB)
	319636  -  ResidentSetSize of job (KB)
...
006 (605417.170.000) 02/28 06:40:16 Image size of job updated: 312
	312  -  MemoryUsage of job (MB)
	319740  -  ResidentSetSize of job (KB)
...
006 (605417.170.000) 02/28 06:41:16 Image size of job updated: 312
	312  -  MemoryUsage of job (MB)
	319872  -  ResidentSetSize of job (KB)
...
006 (605417.170.000) 02/28 06:42:17 Image size of job updated: 312
	312  -  MemoryUsage of job (MB)
	319908  -  ResidentSetSize of job (KB)
...
006 (605417.170.000) 02/28 06:43:17 Image size of job updated: 312
	312  -  MemoryUsage of job (MB)
	319936  -  ResidentSetSize of job (KB)
...
006 (605417.170.000) 02/28 06:44:17 Image size of job updated: 312
	312  -  MemoryUsage of job (MB)
	320012  -  ResidentSetSize of job (KB)
...
006 (605417.170.000) 02/28 06:45:18 Image size of job updated: 312
	312  -  MemoryUsage of job (MB)
	320088  -  ResidentSetSize of job (KB)
...
006 (605417.170.000) 02/28 06:46:18 Image size of job updated: 312
	312  -  MemoryUsage of job (MB)
	320304  -  ResidentSetSize of job (KB)
...
006 (605417.170.000) 02/28 06:47:19 Image size of job updated: 312
	312  -  MemoryUsage of job (MB)
	320360  -  ResidentSetSize of job (KB)
...
006 (605417.170.000) 02/28 06:48:20 Image size of job updated: 312
	312  -  MemoryUsage of job (MB)
	320464  -  ResidentSetSize of job (KB)
...
006 (605417.170.000) 02/28 06:49:20 Image size of job updated: 312
	312  -  MemoryUsage of job (MB)
	320508  -  ResidentSetSize of job (KB)
...
006 (605417.170.000) 02/28 06:50:21 Image size of job updated: 313
	313  -  MemoryUsage of job (MB)
	320564  -  ResidentSetSize of job (KB)
...
006 (605417.170.000) 02/28 06:51:22 Image size of job updated: 321
	321  -  MemoryUsage of job (MB)
	328868  -  ResidentSetSize of job (KB)
...
006 (605417.170.000) 02/28 06:52:22 Image size of job updated: 321
	321  -  MemoryUsage of job (MB)
	328960  -  ResidentSetSize of job (KB)
...
006 (605417.170.000) 02/28 06:53:23 Image size of job updated: 321
	321  -  MemoryUsage of job (MB)
	329104  -  ResidentSetSize of job (KB)
...
006 (605417.170.000) 02/28 06:54:23 Image size of job updated: 321
	321  -  MemoryUsage of job (MB)
	329148  -  ResidentSetSize of job (KB)
...
006 (605417.170.000) 02/28 06:55:24 Image size of job updated: 321
	321  -  MemoryUsage of job (MB)
	329216  -  ResidentSetSize of job (KB)
...
006 (605417.170.000) 02/28 06:56:25 Image size of job updated: 321
	321  -  MemoryUsage of job (MB)
	329276  -  ResidentSetSize of job (KB)
...
006 (605417.170.000) 02/28 06:57:25 Image size of job updated: 321
	321  -  MemoryUsage of job (MB)
	329316  -  ResidentSetSize of job (KB)
...
006 (605417.170.000) 02/28 06:58:25 Image size of job updated: 321
	321  -  MemoryUsage of job (MB)
	329556  -  ResidentSetSize of job (KB)
...
006 (605417.170.000) 02/28 06:59:26 Image size of job updated: 321
	321  -  MemoryUsage of job (MB)
	329692  -  ResidentSetSize of job (KB)
...
006 (605417.170.000) 02/28 07:00:27 Image size of job updated: 322
	322  -  MemoryUsage of job (MB)
	329736  -  ResidentSetSize of job (KB)
...
006 (605417.170.000) 02/28 07:01:27 Image size of job updated: 322
	322  -  MemoryUsage of job (MB)
	329844  -  ResidentSetSize of job (KB)
...
006 (605417.170.000) 02/28 07:02:28 Image size of job updated: 322
	322  -  MemoryUsage of job (MB)
	329900  -  ResidentSetSize of job (KB)
...
006 (605417.170.000) 02/28 07:03:28 Image size of job updated: 322
	322  -  MemoryUsage of job (MB)
	329936  -  ResidentSetSize of job (KB)
...
006 (605417.170.000) 02/28 07:04:29 Image size of job updated: 322
	322  -  MemoryUsage of job (MB)
	330684  -  ResidentSetSize of job (KB)
...
006 (605417.170.000) 02/28 07:05:30 Image size of job updated: 323
	323  -  MemoryUsage of job (MB)
	330772  -  ResidentSetSize of job (KB)
...
006 (605417.170.000) 02/28 07:06:30 Image size of job updated: 323
	323  -  MemoryUsage of job (MB)
	330952  -  ResidentSetSize of job (KB)
...
006 (605417.170.000) 02/28 07:07:31 Image size of job updated: 323
	323  -  MemoryUsage of job (MB)
	331208  -  ResidentSetSize of job (KB)
...
006 (605417.170.000) 02/28 07:08:32 Image size of job updated: 324
	324  -  MemoryUsage of job (MB)
	332396  -  ResidentSetSize of job (KB)
...
006 (605417.170.000) 02/28 07:09:32 Image size of job updated: 324
	324  -  MemoryUsage of job (MB)
	332488  -  ResidentSetSize of job (KB)
...
006 (605417.170.000) 02/28 07:10:33 Image size of job updated: 324
	324  -  MemoryUsage of job (MB)
	332564  -  ResidentSetSize of job (KB)
...
006 (605417.170.000) 02/28 07:11:33 Image size of job updated: 324
	324  -  MemoryUsage of job (MB)
	332692  -  ResidentSetSize of job (KB)
...
006 (605417.170.000) 02/28 07:12:34 Image size of job updated: 325
	325  -  MemoryUsage of job (MB)
	332820  -  ResidentSetSize of job (KB)
...
006 (605417.170.000) 02/28 07:13:35 Image size of job updated: 325
	322  -  MemoryUsage of job (MB)
	332820  -  ResidentSetSize of job (KB)
...
006 (605417.170.000) 02/28 07:14:35 Image size of job updated: 325
	323  -  MemoryUsage of job (MB)
	332820  -  ResidentSetSize of job (KB)
...
006 (605417.170.000) 02/28 07:17:37 Image size of job updated: 325
	324  -  MemoryUsage of job (MB)
	332820  -  ResidentSetSize of job (KB)
...
006 (605417.170.000) 02/28 07:24:40 Image size of job updated: 325
	325  -  MemoryUsage of job (MB)
	332832  -  ResidentSetSize of job (KB)
...
006 (605417.170.000) 02/28 07:25:41 Image size of job updated: 325
	325  -  MemoryUsage of job (MB)
	332888  -  ResidentSetSize of job (KB)
...
006 (605417.170.000) 02/28 07:26:41 Image size of job updated: 325
	325  -  MemoryUsage of job (MB)
	332908  -  ResidentSetSize of job (KB)
...
006 (605417.170.000) 02/28 07:27:42 Image size of job updated: 325
	325  -  MemoryUsage of job (MB)
	333032  -  ResidentSetSize of job (KB)
...
006 (605417.170.000) 02/28 07:28:42 Image size of job updated: 325
	325  -  MemoryUsage of job (MB)
	333080  -  ResidentSetSize of job (KB)
...
006 (605417.170.000) 02/28 07:29:42 Image size of job updated: 325
	325  -  MemoryUsage of job (MB)
	333168  -  ResidentSetSize of job (KB)
...
006 (605417.170.000) 02/28 07:30:43 Image size of job updated: 325
	325  -  MemoryUsage of job (MB)
	333248  -  ResidentSetSize of job (KB)
...
006 (605417.170.000) 02/28 07:31:43 Image size of job updated: 325
	325  -  MemoryUsage of job (MB)
	333264  -  ResidentSetSize of job (KB)
...
006 (605417.170.000) 02/28 07:32:44 Image size of job updated: 325
	319  -  MemoryUsage of job (MB)
	333264  -  ResidentSetSize of job (KB)
...
006 (605417.170.000) 02/28 07:33:44 Image size of job updated: 325
	324  -  MemoryUsage of job (MB)
	333264  -  ResidentSetSize of job (KB)
...
006 (605417.170.000) 02/28 07:35:45 Image size of job updated: 325
	325  -  MemoryUsage of job (MB)
	333264  -  ResidentSetSize of job (KB)
...
006 (605417.170.000) 02/28 07:39:47 Image size of job updated: 325
	325  -  MemoryUsage of job (MB)
	333316  -  ResidentSetSize of job (KB)
...
006 (605417.170.000) 02/28 07:40:47 Image size of job updated: 325
	325  -  MemoryUsage of job (MB)
	333404  -  ResidentSetSize of job (KB)
...
006 (605417.170.000) 02/28 07:41:48 Image size of job updated: 325
	325  -  MemoryUsage of job (MB)
	333520  -  ResidentSetSize of job (KB)
...
006 (605417.170.000) 02/28 07:42:49 Image size of job updated: 325
	325  -  MemoryUsage of job (MB)
	333592  -  ResidentSetSize of job (KB)
...
006 (605417.170.000) 02/28 07:43:49 Image size of job updated: 325
	325  -  MemoryUsage of job (MB)
	333712  -  ResidentSetSize of job (KB)
...
006 (605417.170.000) 02/28 07:44:50 Image size of job updated: 325
	325  -  MemoryUsage of job (MB)
	333776  -  ResidentSetSize of job (KB)
...
006 (605417.170.000) 02/28 07:45:50 Image size of job updated: 326
	326  -  MemoryUsage of job (MB)
	334392  -  ResidentSetSize of job (KB)
...
006 (605417.170.000) 02/28 07:46:51 Image size of job updated: 326
	326  -  MemoryUsage of job (MB)
	334488  -  ResidentSetSize of job (KB)
...
006 (605417.170.000) 02/28 07:47:52 Image size of job updated: 326
	326  -  MemoryUsage of job (MB)
	334620  -  ResidentSetSize of job (KB)
...
006 (605417.170.000) 02/28 07:48:52 Image size of job updated: 326
	326  -  MemoryUsage of job (MB)
	334724  -  ResidentSetSize of job (KB)
...
006 (605417.170.000) 02/28 07:49:53 Image size of job updated: 326
	325  -  MemoryUsage of job (MB)
	334724  -  ResidentSetSize of job (KB)
...
006 (605417.170.000) 02/28 07:50:53 Image size of job updated: 327
	327  -  MemoryUsage of job (MB)
	335200  -  ResidentSetSize of job (KB)
...
006 (605417.170.000) 02/28 07:51:54 Image size of job updated: 327
	327  -  MemoryUsage of job (MB)
	335564  -  ResidentSetSize of job (KB)
...
006 (605417.170.000) 02/28 07:52:56 Image size of job updated: 327
	327  -  MemoryUsage of job (MB)
	335800  -  ResidentSetSize of job (KB)
...
006 (605417.170.000) 02/28 07:53:56 Image size of job updated: 328
	328  -  MemoryUsage of job (MB)
	336144  -  ResidentSetSize of job (KB)
...
006 (605417.170.000) 02/28 07:54:57 Image size of job updated: 328
	328  -  MemoryUsage of job (MB)
	336224  -  ResidentSetSize of job (KB)
...
006 (605417.170.000) 02/28 07:55:57 Image size of job updated: 328
	328  -  MemoryUsage of job (MB)
	336380  -  ResidentSetSize of job (KB)
...
006 (605417.170.000) 02/28 07:56:58 Image size of job updated: 328
	328  -  MemoryUsage of job (MB)
	336736  -  ResidentSetSize of job (KB)
...
006 (605417.170.000) 02/28 07:57:58 Image size of job updated: 328
	328  -  MemoryUsage of job (MB)
	336760  -  ResidentSetSize of job (KB)
...
006 (605417.170.000) 02/28 07:58:58 Image size of job updated: 329
	329  -  MemoryUsage of job (MB)
	337124  -  ResidentSetSize of job (KB)
...
006 (605417.170.000) 02/28 07:59:59 Image size of job updated: 329
	329  -  MemoryUsage of job (MB)
	337192  -  ResidentSetSize of job (KB)
...
006 (605417.170.000) 02/28 08:00:59 Image size of job updated: 329
	329  -  MemoryUsage of job (MB)
	337240  -  ResidentSetSize of job (KB)
...
006 (605417.170.000) 02/28 08:02:00 Image size of job updated: 329
	329  -  MemoryUsage of job (MB)
	337332  -  ResidentSetSize of job (KB)
...
006 (605417.170.000) 02/28 08:03:00 Image size of job updated: 329
	329  -  MemoryUsage of job (MB)
	337400  -  ResidentSetSize of job (KB)
...
006 (605417.170.000) 02/28 08:04:01 Image size of job updated: 329
	329  -  MemoryUsage of job (MB)
	337536  -  ResidentSetSize of job (KB)
...
006 (605417.170.000) 02/28 08:05:02 Image size of job updated: 329
	329  -  MemoryUsage of job (MB)
	337592  -  ResidentSetSize of job (KB)
...
006 (605417.170.000) 02/28 08:06:02 Image size of job updated: 329
	322  -  MemoryUsage of job (MB)
	337592  -  ResidentSetSize of job (KB)
...
006 (605417.170.000) 02/28 08:07:03 Image size of job updated: 329
	326  -  MemoryUsage of job (MB)
	337592  -  ResidentSetSize of job (KB)
...
006 (605417.170.000) 02/28 08:09:04 Image size of job updated: 329
	327  -  MemoryUsage of job (MB)
	337592  -  ResidentSetSize of job (KB)
...
006 (605417.170.000) 02/28 08:16:08 Image size of job updated: 329
	328  -  MemoryUsage of job (MB)
	337592  -  ResidentSetSize of job (KB)
...
006 (605417.170.000) 02/28 08:24:11 Image size of job updated: 329
	327  -  MemoryUsage of job (MB)
	337592  -  ResidentSetSize of job (KB)
...
006 (605417.170.000) 02/28 08:25:12 Image size of job updated: 329
	329  -  MemoryUsage of job (MB)
	337592  -  ResidentSetSize of job (KB)
...
006 (605417.170.000) 02/28 08:26:12 Image size of job updated: 329
	329  -  MemoryUsage of job (MB)
	337872  -  ResidentSetSize of job (KB)
...
006 (605417.170.000) 02/28 08:27:13 Image size of job updated: 330
	330  -  MemoryUsage of job (MB)
	338332  -  ResidentSetSize of job (KB)
...
006 (605417.170.000) 02/28 08:28:14 Image size of job updated: 330
	330  -  MemoryUsage of job (MB)
	338376  -  ResidentSetSize of job (KB)
...
006 (605417.170.000) 02/28 08:29:15 Image size of job updated: 330
	330  -  MemoryUsage of job (MB)
	338636  -  ResidentSetSize of job (KB)
...
006 (605417.170.000) 02/28 08:30:16 Image size of job updated: 330
	330  -  MemoryUsage of job (MB)
	338864  -  ResidentSetSize of job (KB)
...
006 (605417.170.000) 02/28 08:31:16 Image size of job updated: 331
	331  -  MemoryUsage of job (MB)
	338980  -  ResidentSetSize of job (KB)
...
006 (605417.170.000) 02/28 08:32:17 Image size of job updated: 331
	331  -  MemoryUsage of job (MB)
	339232  -  ResidentSetSize of job (KB)
...
006 (605417.170.000) 02/28 08:33:18 Image size of job updated: 331
	331  -  MemoryUsage of job (MB)
	339348  -  ResidentSetSize of job (KB)
...
006 (605417.170.000) 02/28 08:34:18 Image size of job updated: 331
	331  -  MemoryUsage of job (MB)
	339404  -  ResidentSetSize of job (KB)
...
006 (605417.170.000) 02/28 08:35:19 Image size of job updated: 331
	331  -  MemoryUsage of job (MB)
	339448  -  ResidentSetSize of job (KB)
...
006 (605417.170.000) 02/28 08:36:19 Image size of job updated: 331
	331  -  MemoryUsage of job (MB)
	339524  -  ResidentSetSize of job (KB)
...
006 (605417.170.000) 02/28 08:37:20 Image size of job updated: 331
	331  -  MemoryUsage of job (MB)
	339600  -  ResidentSetSize of job (KB)
...
006 (605417.170.000) 02/28 08:38:20 Image size of job updated: 331
	331  -  MemoryUsage of job (MB)
	339668  -  ResidentSetSize of job (KB)
...
006 (605417.170.000) 02/28 08:39:21 Image size of job updated: 331
	331  -  MemoryUsage of job (MB)
	339768  -  ResidentSetSize of job (KB)
...
006 (605417.170.000) 02/28 08:40:22 Image size of job updated: 331
	331  -  MemoryUsage of job (MB)
	339804  -  ResidentSetSize of job (KB)
...
006 (605417.170.000) 02/28 08:41:22 Image size of job updated: 331
	329  -  MemoryUsage of job (MB)
	339804  -  ResidentSetSize of job (KB)
...
006 (605417.170.000) 02/28 08:42:23 Image size of job updated: 331
	330  -  MemoryUsage of job (MB)
	339804  -  ResidentSetSize of job (KB)
...
006 (605417.170.000) 02/28 08:45:25 Image size of job updated: 331
	331  -  MemoryUsage of job (MB)
	339804  -  ResidentSetSize of job (KB)
...
006 (605417.170.000) 02/28 08:47:26 Image size of job updated: 331
	331  -  MemoryUsage of job (MB)
	339872  -  ResidentSetSize of job (KB)
...
006 (605417.170.000) 02/28 08:48:26 Image size of job updated: 331
	331  -  MemoryUsage of job (MB)
	339956  -  ResidentSetSize of job (KB)
...
006 (605417.170.000) 02/28 08:49:27 Image size of job updated: 332
	332  -  MemoryUsage of job (MB)
	340064  -  ResidentSetSize of job (KB)
...
006 (605417.170.000) 02/28 08:50:27 Image size of job updated: 332
	332  -  MemoryUsage of job (MB)
	340112  -  ResidentSetSize of job (KB)
...
006 (605417.170.000) 02/28 08:51:28 Image size of job updated: 332
	332  -  MemoryUsage of job (MB)
	340168  -  ResidentSetSize of job (KB)
...
006 (605417.170.000) 02/28 08:52:29 Image size of job updated: 332
	332  -  MemoryUsage of job (MB)
	340256  -  ResidentSetSize of job (KB)
...
006 (605417.170.000) 02/28 08:53:29 Image size of job updated: 332
	332  -  MemoryUsage of job (MB)
	340304  -  ResidentSetSize of job (KB)
...
006 (605417.170.000) 02/28 08:54:30 Image size of job updated: 332
	332  -  MemoryUsage of job (MB)
	340344  -  ResidentSetSize of job (KB)
...
006 (605417.170.000) 02/28 08:55:30 Image size of job updated: 332
	332  -  MemoryUsage of job (MB)
	340448  -  ResidentSetSize of job (KB)
...
006 (605417.170.000) 02/28 08:56:30 Image size of job updated: 332
	332  -  MemoryUsage of job (MB)
	340500  -  ResidentSetSize of job (KB)
...
006 (605417.170.000) 02/28 08:57:31 Image size of job updated: 332
	332  -  MemoryUsage of job (MB)
	340528  -  ResidentSetSize of job (KB)
...
006 (605417.170.000) 02/28 08:58:31 Image size of job updated: 332
	332  -  MemoryUsage of job (MB)
	340592  -  ResidentSetSize of job (KB)
...
006 (605417.170.000) 02/28 08:59:32 Image size of job updated: 332
	332  -  MemoryUsage of job (MB)
	340696  -  ResidentSetSize of job (KB)
...
006 (605417.170.000) 02/28 09:00:33 Image size of job updated: 332
	329  -  MemoryUsage of job (MB)
	340696  -  ResidentSetSize of job (KB)
...
006 (605417.170.000) 02/28 09:01:33 Image size of job updated: 332
	331  -  MemoryUsage of job (MB)
	340696  -  ResidentSetSize of job (KB)
...
006 (605417.170.000) 02/28 09:09:37 Image size of job updated: 332
	332  -  MemoryUsage of job (MB)
	340696  -  ResidentSetSize of job (KB)
...
006 (605417.170.000) 02/28 09:16:19 Image size of job updated: 332
	5  -  MemoryUsage of job (MB)
	340696  -  ResidentSetSize of job (KB)
...
005 (605417.170.000) 02/28 09:16:21 Job terminated.
	(1) Normal termination (return value 0)
		Usr 0 01:50:17, Sys 0 00:13:24  -  Run Remote Usage
		Usr 0 00:00:00, Sys 0 00:00:00  -  Run Local Usage
		Usr 0 01:50:17, Sys 0 00:13:24  -  Total Remote Usage
		Usr 0 00:00:00, Sys 0 00:00:00  -  Total Local Usage
	133077  -  Run Bytes Sent By Job
	14407  -  Run Bytes Received By Job
	133077  -  Total Bytes Sent By Job
	14407  -  Total Bytes Received By Job
	Partitionable Resources :    Usage  Request Allocated 
	   Cpus                 :     0.00        1         1 
	   Disk (KB)            :   167           7   1752060 
	   Memory (MB)          :     5        2048      2048 
...
