000 (605417.106.000) 02/28 06:23:38 Job submitted from host: <131.225.188.55:9618?addrs=131.225.188.55-9618&noUDP&sock=1689_178c_3>
...
001 (605417.106.000) 02/28 06:28:18 Job executing on host: <131.225.190.29:9618?addrs=131.225.190.29-9618&noUDP&sock=44768_b3ec_3>
...
006 (605417.106.000) 02/28 06:28:27 Image size of job updated: 13
	13  -  MemoryUsage of job (MB)
	14292  -  ResidentSetSize of job (KB)
...
006 (605417.106.000) 02/28 06:29:28 Image size of job updated: 235
	235  -  MemoryUsage of job (MB)
	241024  -  ResidentSetSize of job (KB)
...
006 (605417.106.000) 02/28 06:30:30 Image size of job updated: 235
	235  -  MemoryUsage of job (MB)
	241036  -  ResidentSetSize of job (KB)
...
006 (605417.106.000) 02/28 06:32:31 Image size of job updated: 235
	235  -  MemoryUsage of job (MB)
	241084  -  ResidentSetSize of job (KB)
...
006 (605417.106.000) 02/28 06:33:31 Image size of job updated: 235
	235  -  MemoryUsage of job (MB)
	241088  -  ResidentSetSize of job (KB)
...
006 (605417.106.000) 02/28 06:34:31 Image size of job updated: 235
	235  -  MemoryUsage of job (MB)
	241092  -  ResidentSetSize of job (KB)
...
006 (605417.106.000) 02/28 06:35:32 Image size of job updated: 235
	235  -  MemoryUsage of job (MB)
	241096  -  ResidentSetSize of job (KB)
...
006 (605417.106.000) 02/28 06:36:32 Image size of job updated: 235
	235  -  MemoryUsage of job (MB)
	241100  -  ResidentSetSize of job (KB)
...
006 (605417.106.000) 02/28 06:38:33 Image size of job updated: 235
	235  -  MemoryUsage of job (MB)
	241104  -  ResidentSetSize of job (KB)
...
006 (605417.106.000) 02/28 06:40:34 Image size of job updated: 235
	235  -  MemoryUsage of job (MB)
	241108  -  ResidentSetSize of job (KB)
...
006 (605417.106.000) 02/28 06:41:35 Image size of job updated: 281
	281  -  MemoryUsage of job (MB)
	287760  -  ResidentSetSize of job (KB)
...
006 (605417.106.000) 02/28 06:42:35 Image size of job updated: 282
	282  -  MemoryUsage of job (MB)
	289632  -  ResidentSetSize of job (KB)
...
006 (605417.106.000) 02/28 06:43:36 Image size of job updated: 284
	284  -  MemoryUsage of job (MB)
	291376  -  ResidentSetSize of job (KB)
...
006 (605417.106.000) 02/28 06:44:37 Image size of job updated: 285
	285  -  MemoryUsage of job (MB)
	292484  -  ResidentSetSize of job (KB)
...
006 (605417.106.000) 02/28 06:45:37 Image size of job updated: 287
	287  -  MemoryUsage of job (MB)
	294208  -  ResidentSetSize of job (KB)
...
006 (605417.106.000) 02/28 06:46:38 Image size of job updated: 289
	289  -  MemoryUsage of job (MB)
	295944  -  ResidentSetSize of job (KB)
...
006 (605417.106.000) 02/28 06:47:39 Image size of job updated: 290
	290  -  MemoryUsage of job (MB)
	297544  -  ResidentSetSize of job (KB)
...
006 (605417.106.000) 02/28 06:48:39 Image size of job updated: 292
	292  -  MemoryUsage of job (MB)
	299260  -  ResidentSetSize of job (KB)
...
006 (605417.106.000) 02/28 06:49:40 Image size of job updated: 294
	294  -  MemoryUsage of job (MB)
	301124  -  ResidentSetSize of job (KB)
...
006 (605417.106.000) 02/28 06:50:40 Image size of job updated: 295
	295  -  MemoryUsage of job (MB)
	302404  -  ResidentSetSize of job (KB)
...
006 (605417.106.000) 02/28 06:51:41 Image size of job updated: 297
	297  -  MemoryUsage of job (MB)
	304200  -  ResidentSetSize of job (KB)
...
006 (605417.106.000) 02/28 06:52:42 Image size of job updated: 298
	298  -  MemoryUsage of job (MB)
	305844  -  ResidentSetSize of job (KB)
...
006 (605417.106.000) 02/28 06:53:42 Image size of job updated: 298
	298  -  MemoryUsage of job (MB)
	306172  -  ResidentSetSize of job (KB)
...
006 (605417.106.000) 02/28 06:54:43 Image size of job updated: 306
	306  -  MemoryUsage of job (MB)
	313444  -  ResidentSetSize of job (KB)
...
006 (605417.106.000) 02/28 06:55:43 Image size of job updated: 308
	308  -  MemoryUsage of job (MB)
	316408  -  ResidentSetSize of job (KB)
...
006 (605417.106.000) 02/28 07:07:50 Image size of job updated: 308
	308  -  MemoryUsage of job (MB)
	316412  -  ResidentSetSize of job (KB)
...
006 (605417.106.000) 02/28 07:08:51 Image size of job updated: 309
	309  -  MemoryUsage of job (MB)
	316780  -  ResidentSetSize of job (KB)
...
006 (605417.106.000) 02/28 07:23:57 Image size of job updated: 309
	309  -  MemoryUsage of job (MB)
	316868  -  ResidentSetSize of job (KB)
...
006 (605417.106.000) 02/28 07:25:58 Image size of job updated: 485
	485  -  MemoryUsage of job (MB)
	497296  -  ResidentSetSize of job (KB)
...
006 (605417.106.000) 02/28 07:27:59 Image size of job updated: 487
	487  -  MemoryUsage of job (MB)
	498864  -  ResidentSetSize of job (KB)
...
006 (605417.106.000) 02/28 07:40:06 Image size of job updated: 487
	487  -  MemoryUsage of job (MB)
	498904  -  ResidentSetSize of job (KB)
...
006 (605417.106.000) 02/28 08:35:38 Image size of job updated: 487
	487  -  MemoryUsage of job (MB)
	498908  -  ResidentSetSize of job (KB)
...
005 (605417.106.000) 02/28 09:16:35 Job terminated.
	(1) Normal termination (return value 0)
		Usr 0 01:58:26, Sys 0 00:09:46  -  Run Remote Usage
		Usr 0 00:00:00, Sys 0 00:00:00  -  Run Local Usage
		Usr 0 01:58:26, Sys 0 00:09:46  -  Total Remote Usage
		Usr 0 00:00:00, Sys 0 00:00:00  -  Total Local Usage
	87369  -  Run Bytes Sent By Job
	14407  -  Run Bytes Received By Job
	87369  -  Total Bytes Sent By Job
	14407  -  Total Bytes Received By Job
	Partitionable Resources :    Usage  Request Allocated 
	   Cpus                 :     0.00        1         1 
	   Disk (KB)            :   124           7    841338 
	   Memory (MB)          :   487        2048      2048 
...
