000 (605417.110.000) 02/28 06:23:38 Job submitted from host: <131.225.188.55:9618?addrs=131.225.188.55-9618&noUDP&sock=1689_178c_3>
...
001 (605417.110.000) 02/28 06:28:30 Job executing on host: <131.225.206.254:9618?addrs=131.225.206.254-9618&noUDP&sock=4852_a59b_3>
...
006 (605417.110.000) 02/28 06:28:38 Image size of job updated: 2
	2  -  MemoryUsage of job (MB)
	2816  -  ResidentSetSize of job (KB)
...
006 (605417.110.000) 02/28 06:29:38 Image size of job updated: 235
	235  -  MemoryUsage of job (MB)
	240784  -  ResidentSetSize of job (KB)
...
006 (605417.110.000) 02/28 06:30:38 Image size of job updated: 235
	235  -  MemoryUsage of job (MB)
	240788  -  ResidentSetSize of job (KB)
...
006 (605417.110.000) 02/28 06:31:38 Image size of job updated: 235
	235  -  MemoryUsage of job (MB)
	241072  -  ResidentSetSize of job (KB)
...
006 (605417.110.000) 02/28 06:32:38 Image size of job updated: 235
	235  -  MemoryUsage of job (MB)
	241600  -  ResidentSetSize of job (KB)
...
006 (605417.110.000) 02/28 06:33:38 Image size of job updated: 236
	236  -  MemoryUsage of job (MB)
	241668  -  ResidentSetSize of job (KB)
...
006 (605417.110.000) 02/28 06:34:39 Image size of job updated: 236
	236  -  MemoryUsage of job (MB)
	241672  -  ResidentSetSize of job (KB)
...
006 (605417.110.000) 02/28 06:35:40 Image size of job updated: 236
	236  -  MemoryUsage of job (MB)
	241692  -  ResidentSetSize of job (KB)
...
006 (605417.110.000) 02/28 06:37:43 Image size of job updated: 236
	236  -  MemoryUsage of job (MB)
	241696  -  ResidentSetSize of job (KB)
...
006 (605417.110.000) 02/28 06:39:43 Image size of job updated: 236
	236  -  MemoryUsage of job (MB)
	241700  -  ResidentSetSize of job (KB)
...
006 (605417.110.000) 02/28 06:40:44 Image size of job updated: 236
	236  -  MemoryUsage of job (MB)
	241704  -  ResidentSetSize of job (KB)
...
006 (605417.110.000) 02/28 06:41:45 Image size of job updated: 279
	279  -  MemoryUsage of job (MB)
	286280  -  ResidentSetSize of job (KB)
...
006 (605417.110.000) 02/28 06:42:46 Image size of job updated: 281
	281  -  MemoryUsage of job (MB)
	288340  -  ResidentSetSize of job (KB)
...
006 (605417.110.000) 02/28 06:43:47 Image size of job updated: 283
	283  -  MemoryUsage of job (MB)
	289796  -  ResidentSetSize of job (KB)
...
006 (605417.110.000) 02/28 06:44:47 Image size of job updated: 284
	284  -  MemoryUsage of job (MB)
	291792  -  ResidentSetSize of job (KB)
...
006 (605417.110.000) 02/28 06:45:47 Image size of job updated: 286
	286  -  MemoryUsage of job (MB)
	293676  -  ResidentSetSize of job (KB)
...
006 (605417.110.000) 02/28 06:46:47 Image size of job updated: 289
	289  -  MemoryUsage of job (MB)
	295984  -  ResidentSetSize of job (KB)
...
006 (605417.110.000) 02/28 06:47:47 Image size of job updated: 290
	290  -  MemoryUsage of job (MB)
	297864  -  ResidentSetSize of job (KB)
...
006 (605417.110.000) 02/28 06:48:48 Image size of job updated: 292
	292  -  MemoryUsage of job (MB)
	299120  -  ResidentSetSize of job (KB)
...
006 (605417.110.000) 02/28 06:49:49 Image size of job updated: 294
	294  -  MemoryUsage of job (MB)
	301160  -  ResidentSetSize of job (KB)
...
006 (605417.110.000) 02/28 06:50:50 Image size of job updated: 295
	295  -  MemoryUsage of job (MB)
	303092  -  ResidentSetSize of job (KB)
...
006 (605417.110.000) 02/28 06:51:51 Image size of job updated: 297
	297  -  MemoryUsage of job (MB)
	304940  -  ResidentSetSize of job (KB)
...
006 (605417.110.000) 02/28 06:52:51 Image size of job updated: 298
	298  -  MemoryUsage of job (MB)
	305980  -  ResidentSetSize of job (KB)
...
006 (605417.110.000) 02/28 06:53:51 Image size of job updated: 308
	308  -  MemoryUsage of job (MB)
	315544  -  ResidentSetSize of job (KB)
...
006 (605417.110.000) 02/28 06:54:51 Image size of job updated: 308
	308  -  MemoryUsage of job (MB)
	315556  -  ResidentSetSize of job (KB)
...
006 (605417.110.000) 02/28 06:55:51 Image size of job updated: 308
	308  -  MemoryUsage of job (MB)
	315564  -  ResidentSetSize of job (KB)
...
006 (605417.110.000) 02/28 06:56:52 Image size of job updated: 308
	308  -  MemoryUsage of job (MB)
	315576  -  ResidentSetSize of job (KB)
...
006 (605417.110.000) 02/28 06:57:53 Image size of job updated: 308
	308  -  MemoryUsage of job (MB)
	315600  -  ResidentSetSize of job (KB)
...
006 (605417.110.000) 02/28 06:59:55 Image size of job updated: 308
	308  -  MemoryUsage of job (MB)
	315604  -  ResidentSetSize of job (KB)
...
006 (605417.110.000) 02/28 07:03:56 Image size of job updated: 308
	308  -  MemoryUsage of job (MB)
	315608  -  ResidentSetSize of job (KB)
...
006 (605417.110.000) 02/28 07:04:56 Image size of job updated: 308
	308  -  MemoryUsage of job (MB)
	315640  -  ResidentSetSize of job (KB)
...
006 (605417.110.000) 02/28 07:05:57 Image size of job updated: 308
	308  -  MemoryUsage of job (MB)
	316184  -  ResidentSetSize of job (KB)
...
006 (605417.110.000) 02/28 07:06:58 Image size of job updated: 308
	308  -  MemoryUsage of job (MB)
	316296  -  ResidentSetSize of job (KB)
...
006 (605417.110.000) 02/28 07:07:59 Image size of job updated: 308
	308  -  MemoryUsage of job (MB)
	316352  -  ResidentSetSize of job (KB)
...
006 (605417.110.000) 02/28 07:09:00 Image size of job updated: 308
	308  -  MemoryUsage of job (MB)
	316400  -  ResidentSetSize of job (KB)
...
006 (605417.110.000) 02/28 07:10:00 Image size of job updated: 308
	308  -  MemoryUsage of job (MB)
	316404  -  ResidentSetSize of job (KB)
...
006 (605417.110.000) 02/28 07:12:00 Image size of job updated: 308
	308  -  MemoryUsage of job (MB)
	316408  -  ResidentSetSize of job (KB)
...
006 (605417.110.000) 02/28 07:14:01 Image size of job updated: 309
	309  -  MemoryUsage of job (MB)
	316420  -  ResidentSetSize of job (KB)
...
006 (605417.110.000) 02/28 07:18:04 Image size of job updated: 484
	484  -  MemoryUsage of job (MB)
	496404  -  ResidentSetSize of job (KB)
...
006 (605417.110.000) 02/28 07:28:08 Image size of job updated: 484
	484  -  MemoryUsage of job (MB)
	496424  -  ResidentSetSize of job (KB)
...
006 (605417.110.000) 02/28 07:39:13 Image size of job updated: 484
	484  -  MemoryUsage of job (MB)
	496428  -  ResidentSetSize of job (KB)
...
006 (605417.110.000) 02/28 08:03:25 Image size of job updated: 484
	484  -  MemoryUsage of job (MB)
	496464  -  ResidentSetSize of job (KB)
...
005 (605417.110.000) 02/28 08:37:57 Job terminated.
	(1) Normal termination (return value 0)
		Usr 0 01:21:07, Sys 0 00:06:31  -  Run Remote Usage
		Usr 0 00:00:00, Sys 0 00:00:00  -  Run Local Usage
		Usr 0 01:21:07, Sys 0 00:06:31  -  Total Remote Usage
		Usr 0 00:00:00, Sys 0 00:00:00  -  Total Local Usage
	84662  -  Run Bytes Sent By Job
	14407  -  Run Bytes Received By Job
	84662  -  Total Bytes Sent By Job
	14407  -  Total Bytes Received By Job
	Partitionable Resources :    Usage  Request Allocated 
	   Cpus                 :     0.00        1         1 
	   Disk (KB)            :   116           7    372733 
	   Memory (MB)          :   484        2048      2048 
...
