000 (605417.107.000) 02/28 06:23:38 Job submitted from host: <131.225.188.55:9618?addrs=131.225.188.55-9618&noUDP&sock=1689_178c_3>
...
001 (605417.107.000) 02/28 06:28:18 Job executing on host: <131.225.204.31:9618?addrs=131.225.204.31-9618&noUDP&sock=14048_5688_3>
...
006 (605417.107.000) 02/28 06:28:27 Image size of job updated: 3
	3  -  MemoryUsage of job (MB)
	3888  -  ResidentSetSize of job (KB)
...
006 (605417.107.000) 02/28 06:29:28 Image size of job updated: 235
	235  -  MemoryUsage of job (MB)
	240808  -  ResidentSetSize of job (KB)
...
006 (605417.107.000) 02/28 06:32:28 Image size of job updated: 235
	235  -  MemoryUsage of job (MB)
	240940  -  ResidentSetSize of job (KB)
...
006 (605417.107.000) 02/28 06:34:30 Image size of job updated: 235
	235  -  MemoryUsage of job (MB)
	241072  -  ResidentSetSize of job (KB)
...
006 (605417.107.000) 02/28 06:43:34 Image size of job updated: 280
	280  -  MemoryUsage of job (MB)
	287668  -  ResidentSetSize of job (KB)
...
006 (605417.107.000) 02/28 06:44:34 Image size of job updated: 282
	282  -  MemoryUsage of job (MB)
	289648  -  ResidentSetSize of job (KB)
...
006 (605417.107.000) 02/28 06:45:35 Image size of job updated: 285
	285  -  MemoryUsage of job (MB)
	291892  -  ResidentSetSize of job (KB)
...
006 (605417.107.000) 02/28 06:46:36 Image size of job updated: 286
	286  -  MemoryUsage of job (MB)
	293872  -  ResidentSetSize of job (KB)
...
006 (605417.107.000) 02/28 06:47:36 Image size of job updated: 288
	288  -  MemoryUsage of job (MB)
	295060  -  ResidentSetSize of job (KB)
...
006 (605417.107.000) 02/28 06:48:36 Image size of job updated: 290
	290  -  MemoryUsage of job (MB)
	297080  -  ResidentSetSize of job (KB)
...
006 (605417.107.000) 02/28 06:49:36 Image size of job updated: 291
	291  -  MemoryUsage of job (MB)
	298928  -  ResidentSetSize of job (KB)
...
006 (605417.107.000) 02/28 06:50:37 Image size of job updated: 293
	293  -  MemoryUsage of job (MB)
	301040  -  ResidentSetSize of job (KB)
...
006 (605417.107.000) 02/28 06:51:38 Image size of job updated: 295
	295  -  MemoryUsage of job (MB)
	302756  -  ResidentSetSize of job (KB)
...
006 (605417.107.000) 02/28 06:52:38 Image size of job updated: 297
	297  -  MemoryUsage of job (MB)
	304736  -  ResidentSetSize of job (KB)
...
006 (605417.107.000) 02/28 06:53:38 Image size of job updated: 298
	298  -  MemoryUsage of job (MB)
	305528  -  ResidentSetSize of job (KB)
...
006 (605417.107.000) 02/28 06:55:39 Image size of job updated: 308
	308  -  MemoryUsage of job (MB)
	315560  -  ResidentSetSize of job (KB)
...
006 (605417.107.000) 02/28 07:06:47 Image size of job updated: 308
	308  -  MemoryUsage of job (MB)
	316216  -  ResidentSetSize of job (KB)
...
006 (605417.107.000) 02/28 07:18:51 Image size of job updated: 485
	485  -  MemoryUsage of job (MB)
	497320  -  ResidentSetSize of job (KB)
...
006 (605417.107.000) 02/28 07:19:51 Image size of job updated: 490
	490  -  MemoryUsage of job (MB)
	502732  -  ResidentSetSize of job (KB)
...
006 (605417.107.000) 02/28 07:45:07 Image size of job updated: 491
	491  -  MemoryUsage of job (MB)
	502852  -  ResidentSetSize of job (KB)
...
006 (605417.107.000) 02/28 08:02:15 Image size of job updated: 491
	491  -  MemoryUsage of job (MB)
	503056  -  ResidentSetSize of job (KB)
...
006 (605417.107.000) 02/28 08:07:17 Image size of job updated: 491
	491  -  MemoryUsage of job (MB)
	503120  -  ResidentSetSize of job (KB)
...
006 (605417.107.000) 02/28 08:33:32 Image size of job updated: 491
	491  -  MemoryUsage of job (MB)
	503128  -  ResidentSetSize of job (KB)
...
006 (605417.107.000) 02/28 08:42:36 Image size of job updated: 491
	491  -  MemoryUsage of job (MB)
	503196  -  ResidentSetSize of job (KB)
...
006 (605417.107.000) 02/28 08:43:37 Image size of job updated: 491
	491  -  MemoryUsage of job (MB)
	503260  -  ResidentSetSize of job (KB)
...
006 (605417.107.000) 02/28 08:44:38 Image size of job updated: 491
	491  -  MemoryUsage of job (MB)
	503276  -  ResidentSetSize of job (KB)
...
006 (605417.107.000) 02/28 08:45:38 Image size of job updated: 491
	491  -  MemoryUsage of job (MB)
	503400  -  ResidentSetSize of job (KB)
...
006 (605417.107.000) 02/28 08:46:38 Image size of job updated: 491
	491  -  MemoryUsage of job (MB)
	503484  -  ResidentSetSize of job (KB)
...
005 (605417.107.000) 02/28 08:47:12 Job terminated.
	(1) Normal termination (return value 0)
		Usr 0 01:35:32, Sys 0 00:10:36  -  Run Remote Usage
		Usr 0 00:00:00, Sys 0 00:00:00  -  Run Local Usage
		Usr 0 01:35:32, Sys 0 00:10:36  -  Total Remote Usage
		Usr 0 00:00:00, Sys 0 00:00:00  -  Total Local Usage
	92457  -  Run Bytes Sent By Job
	14407  -  Run Bytes Received By Job
	92457  -  Total Bytes Sent By Job
	14407  -  Total Bytes Received By Job
	Partitionable Resources :    Usage  Request Allocated 
	   Cpus                 :     0.00        1         1 
	   Disk (KB)            :   124           7    359358 
	   Memory (MB)          :   491        2048      2048 
...
