000 (605417.114.000) 02/28 06:23:39 Job submitted from host: <131.225.188.55:9618?addrs=131.225.188.55-9618&noUDP&sock=1689_178c_3>
...
001 (605417.114.000) 02/28 06:28:33 Job executing on host: <131.225.188.21:9618?addrs=131.225.188.21-9618&noUDP&sock=6402_d167_3>
...
006 (605417.114.000) 02/28 06:28:42 Image size of job updated: 2
	0  -  MemoryUsage of job (MB)
	496  -  ResidentSetSize of job (KB)
...
006 (605417.114.000) 02/28 06:29:43 Image size of job updated: 256
	256  -  MemoryUsage of job (MB)
	262800  -  ResidentSetSize of job (KB)
...
006 (605417.114.000) 02/28 06:31:46 Image size of job updated: 271
	271  -  MemoryUsage of job (MB)
	278508  -  ResidentSetSize of job (KB)
...
006 (605417.114.000) 02/28 06:32:47 Image size of job updated: 274
	274  -  MemoryUsage of job (MB)
	281372  -  ResidentSetSize of job (KB)
...
006 (605417.114.000) 02/28 06:33:47 Image size of job updated: 277
	277  -  MemoryUsage of job (MB)
	283964  -  ResidentSetSize of job (KB)
...
006 (605417.114.000) 02/28 06:34:47 Image size of job updated: 279
	279  -  MemoryUsage of job (MB)
	286112  -  ResidentSetSize of job (KB)
...
006 (605417.114.000) 02/28 06:35:47 Image size of job updated: 281
	281  -  MemoryUsage of job (MB)
	288512  -  ResidentSetSize of job (KB)
...
006 (605417.114.000) 02/28 06:36:47 Image size of job updated: 283
	283  -  MemoryUsage of job (MB)
	289888  -  ResidentSetSize of job (KB)
...
006 (605417.114.000) 02/28 06:37:47 Image size of job updated: 285
	285  -  MemoryUsage of job (MB)
	292288  -  ResidentSetSize of job (KB)
...
006 (605417.114.000) 02/28 06:38:48 Image size of job updated: 287
	287  -  MemoryUsage of job (MB)
	294844  -  ResidentSetSize of job (KB)
...
006 (605417.114.000) 02/28 06:39:49 Image size of job updated: 289
	289  -  MemoryUsage of job (MB)
	296888  -  ResidentSetSize of job (KB)
...
006 (605417.114.000) 02/28 06:40:50 Image size of job updated: 289
	289  -  MemoryUsage of job (MB)
	296904  -  ResidentSetSize of job (KB)
...
006 (605417.114.000) 02/28 06:41:50 Image size of job updated: 289
	289  -  MemoryUsage of job (MB)
	296944  -  ResidentSetSize of job (KB)
...
006 (605417.114.000) 02/28 06:42:50 Image size of job updated: 289
	289  -  MemoryUsage of job (MB)
	296948  -  ResidentSetSize of job (KB)
...
006 (605417.114.000) 02/28 06:43:50 Image size of job updated: 290
	290  -  MemoryUsage of job (MB)
	296968  -  ResidentSetSize of job (KB)
...
006 (605417.114.000) 02/28 06:45:50 Image size of job updated: 290
	290  -  MemoryUsage of job (MB)
	296976  -  ResidentSetSize of job (KB)
...
006 (605417.114.000) 02/28 06:46:50 Image size of job updated: 290
	290  -  MemoryUsage of job (MB)
	296980  -  ResidentSetSize of job (KB)
...
005 (605417.114.000) 02/28 06:47:47 Job terminated.
	(1) Normal termination (return value 0)
		Usr 0 00:07:35, Sys 0 00:01:44  -  Run Remote Usage
		Usr 0 00:00:00, Sys 0 00:00:00  -  Run Local Usage
		Usr 0 00:07:35, Sys 0 00:01:44  -  Total Remote Usage
		Usr 0 00:00:00, Sys 0 00:00:00  -  Total Local Usage
	17099  -  Run Bytes Sent By Job
	14407  -  Run Bytes Received By Job
	17099  -  Total Bytes Sent By Job
	14407  -  Total Bytes Received By Job
	Partitionable Resources :    Usage  Request Allocated 
	   Cpus                 :        0        1         1 
	   Disk (KB)            :       61        7   1630162 
	   Memory (MB)          :      290     2048      2048 
...
