000 (605417.064.000) 02/28 06:23:38 Job submitted from host: <131.225.188.55:9618?addrs=131.225.188.55-9618&noUDP&sock=1689_178c_3>
...
001 (605417.064.000) 02/28 06:27:08 Job executing on host: <131.225.205.217:9618?addrs=131.225.205.217-9618&noUDP&sock=4477_6d97_3>
...
006 (605417.064.000) 02/28 06:27:17 Image size of job updated: 2
	0  -  MemoryUsage of job (MB)
	524  -  ResidentSetSize of job (KB)
...
006 (605417.064.000) 02/28 06:28:18 Image size of job updated: 223
	223  -  MemoryUsage of job (MB)
	228720  -  ResidentSetSize of job (KB)
...
006 (605417.064.000) 02/28 06:29:19 Image size of job updated: 223
	223  -  MemoryUsage of job (MB)
	228852  -  ResidentSetSize of job (KB)
...
006 (605417.064.000) 02/28 06:30:20 Image size of job updated: 223
	223  -  MemoryUsage of job (MB)
	228884  -  ResidentSetSize of job (KB)
...
006 (605417.064.000) 02/28 06:31:21 Image size of job updated: 223
	223  -  MemoryUsage of job (MB)
	228888  -  ResidentSetSize of job (KB)
...
006 (605417.064.000) 02/28 06:32:21 Image size of job updated: 223
	223  -  MemoryUsage of job (MB)
	228896  -  ResidentSetSize of job (KB)
...
006 (605417.064.000) 02/28 06:33:22 Image size of job updated: 223
	223  -  MemoryUsage of job (MB)
	228904  -  ResidentSetSize of job (KB)
...
006 (605417.064.000) 02/28 06:34:22 Image size of job updated: 223
	223  -  MemoryUsage of job (MB)
	228916  -  ResidentSetSize of job (KB)
...
006 (605417.064.000) 02/28 06:35:23 Image size of job updated: 223
	223  -  MemoryUsage of job (MB)
	228924  -  ResidentSetSize of job (KB)
...
006 (605417.064.000) 02/28 06:37:25 Image size of job updated: 223
	223  -  MemoryUsage of job (MB)
	228928  -  ResidentSetSize of job (KB)
...
006 (605417.064.000) 02/28 06:38:26 Image size of job updated: 231
	231  -  MemoryUsage of job (MB)
	236952  -  ResidentSetSize of job (KB)
...
006 (605417.064.000) 02/28 06:40:27 Image size of job updated: 235
	235  -  MemoryUsage of job (MB)
	241336  -  ResidentSetSize of job (KB)
...
006 (605417.064.000) 02/28 06:41:27 Image size of job updated: 237
	237  -  MemoryUsage of job (MB)
	242904  -  ResidentSetSize of job (KB)
...
006 (605417.064.000) 02/28 06:45:29 Image size of job updated: 240
	240  -  MemoryUsage of job (MB)
	246476  -  ResidentSetSize of job (KB)
...
006 (605417.064.000) 02/28 06:48:30 Image size of job updated: 240
	240  -  MemoryUsage of job (MB)
	246484  -  ResidentSetSize of job (KB)
...
006 (605417.064.000) 02/28 06:49:31 Image size of job updated: 240
	240  -  MemoryUsage of job (MB)
	246488  -  ResidentSetSize of job (KB)
...
006 (605417.064.000) 02/28 06:56:35 Image size of job updated: 240
	240  -  MemoryUsage of job (MB)
	246492  -  ResidentSetSize of job (KB)
...
006 (605417.064.000) 02/28 07:01:38 Image size of job updated: 240
	240  -  MemoryUsage of job (MB)
	246496  -  ResidentSetSize of job (KB)
...
006 (605417.064.000) 02/28 07:09:42 Image size of job updated: 240
	240  -  MemoryUsage of job (MB)
	246508  -  ResidentSetSize of job (KB)
...
006 (605417.064.000) 02/28 07:10:42 Image size of job updated: 240
	240  -  MemoryUsage of job (MB)
	246512  -  ResidentSetSize of job (KB)
...
006 (605417.064.000) 02/28 07:13:43 Image size of job updated: 240
	240  -  MemoryUsage of job (MB)
	246516  -  ResidentSetSize of job (KB)
...
006 (605417.064.000) 02/28 07:17:45 Image size of job updated: 240
	240  -  MemoryUsage of job (MB)
	246520  -  ResidentSetSize of job (KB)
...
006 (605417.064.000) 02/28 07:19:48 Image size of job updated: 240
	240  -  MemoryUsage of job (MB)
	246524  -  ResidentSetSize of job (KB)
...
006 (605417.064.000) 02/28 07:20:48 Image size of job updated: 240
	240  -  MemoryUsage of job (MB)
	246528  -  ResidentSetSize of job (KB)
...
006 (605417.064.000) 02/28 07:25:51 Image size of job updated: 240
	240  -  MemoryUsage of job (MB)
	246536  -  ResidentSetSize of job (KB)
...
006 (605417.064.000) 02/28 07:50:33 Image size of job updated: 240
	240  -  MemoryUsage of job (MB)
	246540  -  ResidentSetSize of job (KB)
...
005 (605417.064.000) 02/28 07:50:35 Job terminated.
	(1) Normal termination (return value 0)
		Usr 0 00:51:18, Sys 0 00:08:56  -  Run Remote Usage
		Usr 0 00:00:00, Sys 0 00:00:00  -  Run Local Usage
		Usr 0 00:51:18, Sys 0 00:08:56  -  Total Remote Usage
		Usr 0 00:00:00, Sys 0 00:00:00  -  Total Local Usage
	61044  -  Run Bytes Sent By Job
	14407  -  Run Bytes Received By Job
	61044  -  Total Bytes Sent By Job
	14407  -  Total Bytes Received By Job
	Partitionable Resources :    Usage  Request Allocated 
	   Cpus                 :     0.00        1         1 
	   Disk (KB)            :    97           7   1682613 
	   Memory (MB)          :   240        2048      2048 
...
