000 (605417.083.000) 02/28 06:23:38 Job submitted from host: <131.225.188.55:9618?addrs=131.225.188.55-9618&noUDP&sock=1689_178c_3>
...
001 (605417.083.000) 02/28 06:27:37 Job executing on host: <131.225.188.199:9618?addrs=131.225.188.199-9618&noUDP&sock=1841_59f1_87>
...
006 (605417.083.000) 02/28 06:27:46 Image size of job updated: 2
	2  -  MemoryUsage of job (MB)
	2328  -  ResidentSetSize of job (KB)
...
006 (605417.083.000) 02/28 06:28:47 Image size of job updated: 264
	264  -  MemoryUsage of job (MB)
	270768  -  ResidentSetSize of job (KB)
...
006 (605417.083.000) 02/28 06:30:48 Image size of job updated: 264
	264  -  MemoryUsage of job (MB)
	270900  -  ResidentSetSize of job (KB)
...
006 (605417.083.000) 02/28 06:31:49 Image size of job updated: 264
	264  -  MemoryUsage of job (MB)
	270932  -  ResidentSetSize of job (KB)
...
006 (605417.083.000) 02/28 06:32:49 Image size of job updated: 264
	264  -  MemoryUsage of job (MB)
	271064  -  ResidentSetSize of job (KB)
...
006 (605417.083.000) 02/28 06:33:50 Image size of job updated: 266
	266  -  MemoryUsage of job (MB)
	273308  -  ResidentSetSize of job (KB)
...
006 (605417.083.000) 02/28 06:34:51 Image size of job updated: 267
	267  -  MemoryUsage of job (MB)
	273572  -  ResidentSetSize of job (KB)
...
006 (605417.083.000) 02/28 06:36:52 Image size of job updated: 267
	267  -  MemoryUsage of job (MB)
	273704  -  ResidentSetSize of job (KB)
...
006 (605417.083.000) 02/28 06:37:52 Image size of job updated: 267
	267  -  MemoryUsage of job (MB)
	273968  -  ResidentSetSize of job (KB)
...
006 (605417.083.000) 02/28 06:39:53 Image size of job updated: 267
	267  -  MemoryUsage of job (MB)
	274232  -  ResidentSetSize of job (KB)
...
006 (605417.083.000) 02/28 06:40:53 Image size of job updated: 267
	267  -  MemoryUsage of job (MB)
	274364  -  ResidentSetSize of job (KB)
...
006 (605417.083.000) 02/28 06:55:58 Image size of job updated: 268
	268  -  MemoryUsage of job (MB)
	274448  -  ResidentSetSize of job (KB)
...
006 (605417.083.000) 02/28 06:56:59 Image size of job updated: 268
	268  -  MemoryUsage of job (MB)
	274488  -  ResidentSetSize of job (KB)
...
006 (605417.083.000) 02/28 07:00:00 Image size of job updated: 268
	268  -  MemoryUsage of job (MB)
	274620  -  ResidentSetSize of job (KB)
...
006 (605417.083.000) 02/28 07:12:06 Image size of job updated: 268
	267  -  MemoryUsage of job (MB)
	274620  -  ResidentSetSize of job (KB)
...
006 (605417.083.000) 02/28 07:14:08 Image size of job updated: 268
	268  -  MemoryUsage of job (MB)
	274620  -  ResidentSetSize of job (KB)
...
005 (605417.083.000) 02/28 07:27:10 Job terminated.
	(1) Normal termination (return value 0)
		Usr 0 00:30:21, Sys 0 00:05:07  -  Run Remote Usage
		Usr 0 00:00:00, Sys 0 00:00:00  -  Run Local Usage
		Usr 0 00:30:21, Sys 0 00:05:07  -  Total Remote Usage
		Usr 0 00:00:00, Sys 0 00:00:00  -  Total Local Usage
	35488  -  Run Bytes Sent By Job
	14407  -  Run Bytes Received By Job
	35488  -  Total Bytes Sent By Job
	14407  -  Total Bytes Received By Job
	Partitionable Resources :    Usage  Request Allocated 
	   Cpus                 :     0.00        1         1 
	   Disk (KB)            :    75           7   1628298 
	   Memory (MB)          :   268        2048      2048 
...
