000 (605417.068.000) 02/28 06:23:38 Job submitted from host: <131.225.188.55:9618?addrs=131.225.188.55-9618&noUDP&sock=1689_178c_3>
...
001 (605417.068.000) 02/28 06:27:12 Job executing on host: <131.225.188.73:9618?addrs=131.225.188.73-9618&noUDP&sock=1861_11d6_86>
...
006 (605417.068.000) 02/28 06:27:23 Image size of job updated: 13
	13  -  MemoryUsage of job (MB)
	14224  -  ResidentSetSize of job (KB)
...
006 (605417.068.000) 02/28 06:28:23 Image size of job updated: 153
	153  -  MemoryUsage of job (MB)
	157656  -  ResidentSetSize of job (KB)
...
006 (605417.068.000) 02/28 06:29:24 Image size of job updated: 281
	281  -  MemoryUsage of job (MB)
	288180  -  ResidentSetSize of job (KB)
...
006 (605417.068.000) 02/28 06:31:26 Image size of job updated: 281
	281  -  MemoryUsage of job (MB)
	288260  -  ResidentSetSize of job (KB)
...
006 (605417.068.000) 02/28 06:32:26 Image size of job updated: 281
	281  -  MemoryUsage of job (MB)
	288304  -  ResidentSetSize of job (KB)
...
006 (605417.068.000) 02/28 06:33:26 Image size of job updated: 281
	281  -  MemoryUsage of job (MB)
	288440  -  ResidentSetSize of job (KB)
...
006 (605417.068.000) 02/28 07:00:40 Image size of job updated: 281
	280  -  MemoryUsage of job (MB)
	288440  -  ResidentSetSize of job (KB)
...
005 (605417.068.000) 02/28 07:24:25 Job terminated.
	(1) Normal termination (return value 0)
		Usr 0 00:26:39, Sys 0 00:04:17  -  Run Remote Usage
		Usr 0 00:00:00, Sys 0 00:00:00  -  Run Local Usage
		Usr 0 00:26:39, Sys 0 00:04:17  -  Total Remote Usage
		Usr 0 00:00:00, Sys 0 00:00:00  -  Total Local Usage
	33919  -  Run Bytes Sent By Job
	14407  -  Run Bytes Received By Job
	33919  -  Total Bytes Sent By Job
	14407  -  Total Bytes Received By Job
	Partitionable Resources :    Usage  Request Allocated 
	   Cpus                 :     0.00        1         1 
	   Disk (KB)            :    76           7   1636255 
	   Memory (MB)          :   280        2048      2048 
...
