000 (605417.066.000) 02/28 06:23:38 Job submitted from host: <131.225.188.55:9618?addrs=131.225.188.55-9618&noUDP&sock=1689_178c_3>
...
001 (605417.066.000) 02/28 06:27:10 Job executing on host: <131.225.188.68:9618?addrs=131.225.188.68-9618&noUDP&sock=1838_4b29_87>
...
006 (605417.066.000) 02/28 06:27:22 Image size of job updated: 9
	9  -  MemoryUsage of job (MB)
	9772  -  ResidentSetSize of job (KB)
...
006 (605417.066.000) 02/28 06:28:23 Image size of job updated: 201
	201  -  MemoryUsage of job (MB)
	206356  -  ResidentSetSize of job (KB)
...
006 (605417.066.000) 02/28 06:29:24 Image size of job updated: 284
	284  -  MemoryUsage of job (MB)
	291820  -  ResidentSetSize of job (KB)
...
006 (605417.066.000) 02/28 06:31:26 Image size of job updated: 285
	285  -  MemoryUsage of job (MB)
	291848  -  ResidentSetSize of job (KB)
...
006 (605417.066.000) 02/28 06:33:28 Image size of job updated: 285
	285  -  MemoryUsage of job (MB)
	292080  -  ResidentSetSize of job (KB)
...
006 (605417.066.000) 02/28 06:34:29 Image size of job updated: 285
	285  -  MemoryUsage of job (MB)
	292212  -  ResidentSetSize of job (KB)
...
006 (605417.066.000) 02/28 06:49:41 Image size of job updated: 285
	285  -  MemoryUsage of job (MB)
	292268  -  ResidentSetSize of job (KB)
...
006 (605417.066.000) 02/28 06:58:45 Image size of job updated: 285
	284  -  MemoryUsage of job (MB)
	292268  -  ResidentSetSize of job (KB)
...
005 (605417.066.000) 02/28 07:22:43 Job terminated.
	(1) Normal termination (return value 0)
		Usr 0 00:27:20, Sys 0 00:04:22  -  Run Remote Usage
		Usr 0 00:00:00, Sys 0 00:00:00  -  Run Local Usage
		Usr 0 00:27:20, Sys 0 00:04:22  -  Total Remote Usage
		Usr 0 00:00:00, Sys 0 00:00:00  -  Total Local Usage
	34471  -  Run Bytes Sent By Job
	14407  -  Run Bytes Received By Job
	34471  -  Total Bytes Sent By Job
	14407  -  Total Bytes Received By Job
	Partitionable Resources :    Usage  Request Allocated 
	   Cpus                 :     0.00        1         1 
	   Disk (KB)            :    77           7   1622959 
	   Memory (MB)          :   284        2048      2048 
...
