000 (605417.071.000) 02/28 06:23:38 Job submitted from host: <131.225.188.55:9618?addrs=131.225.188.55-9618&noUDP&sock=1689_178c_3>
...
001 (605417.071.000) 02/28 06:27:11 Job executing on host: <131.225.205.217:9618?addrs=131.225.205.217-9618&noUDP&sock=4477_6d97_3>
...
006 (605417.071.000) 02/28 06:27:20 Image size of job updated: 2
	0  -  MemoryUsage of job (MB)
	296  -  ResidentSetSize of job (KB)
...
006 (605417.071.000) 02/28 06:28:21 Image size of job updated: 191
	191  -  MemoryUsage of job (MB)
	195844  -  ResidentSetSize of job (KB)
...
006 (605417.071.000) 02/28 06:29:21 Image size of job updated: 284
	284  -  MemoryUsage of job (MB)
	291744  -  ResidentSetSize of job (KB)
...
006 (605417.071.000) 02/28 06:30:22 Image size of job updated: 284
	284  -  MemoryUsage of job (MB)
	291784  -  ResidentSetSize of job (KB)
...
006 (605417.071.000) 02/28 06:33:24 Image size of job updated: 285
	285  -  MemoryUsage of job (MB)
	292020  -  ResidentSetSize of job (KB)
...
006 (605417.071.000) 02/28 06:59:37 Image size of job updated: 285
	283  -  MemoryUsage of job (MB)
	292020  -  ResidentSetSize of job (KB)
...
005 (605417.071.000) 02/28 07:28:43 Job terminated.
	(1) Normal termination (return value 0)
		Usr 0 00:41:08, Sys 0 00:05:09  -  Run Remote Usage
		Usr 0 00:00:00, Sys 0 00:00:00  -  Run Local Usage
		Usr 0 00:41:08, Sys 0 00:05:09  -  Total Remote Usage
		Usr 0 00:00:00, Sys 0 00:00:00  -  Total Local Usage
	34504  -  Run Bytes Sent By Job
	14407  -  Run Bytes Received By Job
	34504  -  Total Bytes Sent By Job
	14407  -  Total Bytes Received By Job
	Partitionable Resources :    Usage  Request Allocated 
	   Cpus                 :        0        1         1 
	   Disk (KB)            :       71        7   1682613 
	   Memory (MB)          :      283     2048      2048 
...
