000 (605417.092.000) 02/28 06:23:38 Job submitted from host: <131.225.188.55:9618?addrs=131.225.188.55-9618&noUDP&sock=1689_178c_3>
...
001 (605417.092.000) 02/28 06:27:54 Job executing on host: <131.225.188.25:9618?addrs=131.225.188.25-9618&noUDP&sock=6355_9473_3>
...
006 (605417.092.000) 02/28 06:28:03 Image size of job updated: 2
	1  -  MemoryUsage of job (MB)
	1616  -  ResidentSetSize of job (KB)
...
006 (605417.092.000) 02/28 06:29:03 Image size of job updated: 196
	196  -  MemoryUsage of job (MB)
	201448  -  ResidentSetSize of job (KB)
...
006 (605417.092.000) 02/28 06:30:04 Image size of job updated: 278
	278  -  MemoryUsage of job (MB)
	285228  -  ResidentSetSize of job (KB)
...
006 (605417.092.000) 02/28 06:30:26 Image size of job updated: 278
	278  -  MemoryUsage of job (MB)
	285256  -  ResidentSetSize of job (KB)
...
005 (605417.092.000) 02/28 06:30:36 Job terminated.
	(1) Normal termination (return value 0)
		Usr 0 00:01:19, Sys 0 00:00:15  -  Run Remote Usage
		Usr 0 00:00:00, Sys 0 00:00:00  -  Run Local Usage
		Usr 0 00:01:19, Sys 0 00:00:15  -  Total Remote Usage
		Usr 0 00:00:00, Sys 0 00:00:00  -  Total Local Usage
	15126  -  Run Bytes Sent By Job
	14407  -  Run Bytes Received By Job
	15126  -  Total Bytes Sent By Job
	14407  -  Total Bytes Received By Job
	Partitionable Resources :    Usage  Request Allocated 
	   Cpus                 :        0        1         1 
	   Disk (KB)            :       55        7   1631208 
	   Memory (MB)          :      278     2048      2048 
...
