000 (605417.072.000) 02/28 06:23:38 Job submitted from host: <131.225.188.55:9618?addrs=131.225.188.55-9618&noUDP&sock=1689_178c_3>
...
001 (605417.072.000) 02/28 06:27:11 Job executing on host: <131.225.188.14:9618?addrs=131.225.188.14-9618&noUDP&sock=6349_76e2_3>
...
006 (605417.072.000) 02/28 06:27:20 Image size of job updated: 7
	7  -  MemoryUsage of job (MB)
	7560  -  ResidentSetSize of job (KB)
...
006 (605417.072.000) 02/28 06:28:20 Image size of job updated: 192
	192  -  MemoryUsage of job (MB)
	196692  -  ResidentSetSize of job (KB)
...
006 (605417.072.000) 02/28 06:29:21 Image size of job updated: 284
	284  -  MemoryUsage of job (MB)
	291688  -  ResidentSetSize of job (KB)
...
006 (605417.072.000) 02/28 06:30:21 Image size of job updated: 284
	284  -  MemoryUsage of job (MB)
	291832  -  ResidentSetSize of job (KB)
...
006 (605417.072.000) 02/28 06:31:22 Image size of job updated: 285
	285  -  MemoryUsage of job (MB)
	291956  -  ResidentSetSize of job (KB)
...
006 (605417.072.000) 02/28 06:52:32 Image size of job updated: 285
	283  -  MemoryUsage of job (MB)
	291956  -  ResidentSetSize of job (KB)
...
005 (605417.072.000) 02/28 07:12:48 Job terminated.
	(1) Normal termination (return value 0)
		Usr 0 00:28:19, Sys 0 00:05:11  -  Run Remote Usage
		Usr 0 00:00:00, Sys 0 00:00:00  -  Run Local Usage
		Usr 0 00:28:19, Sys 0 00:05:11  -  Total Remote Usage
		Usr 0 00:00:00, Sys 0 00:00:00  -  Total Local Usage
	34427  -  Run Bytes Sent By Job
	14407  -  Run Bytes Received By Job
	34427  -  Total Bytes Sent By Job
	14407  -  Total Bytes Received By Job
	Partitionable Resources :    Usage  Request Allocated 
	   Cpus                 :        0        1         1 
	   Disk (KB)            :       74        7   1643166 
	   Memory (MB)          :      283     2048      2048 
...
