000 (605417.094.000) 02/28 06:23:38 Job submitted from host: <131.225.188.55:9618?addrs=131.225.188.55-9618&noUDP&sock=1689_178c_3>
...
001 (605417.094.000) 02/28 06:27:54 Job executing on host: <131.225.188.202:9618?addrs=131.225.188.202-9618&noUDP&sock=1881_c9bb_97>
...
006 (605417.094.000) 02/28 06:28:03 Image size of job updated: 2
	2  -  MemoryUsage of job (MB)
	2088  -  ResidentSetSize of job (KB)
...
006 (605417.094.000) 02/28 06:29:03 Image size of job updated: 217
	217  -  MemoryUsage of job (MB)
	222872  -  ResidentSetSize of job (KB)
...
006 (605417.094.000) 02/28 06:30:04 Image size of job updated: 277
	277  -  MemoryUsage of job (MB)
	284648  -  ResidentSetSize of job (KB)
...
005 (605417.094.000) 02/28 06:32:08 Job terminated.
	(1) Normal termination (return value 0)
		Usr 0 00:01:46, Sys 0 00:00:17  -  Run Remote Usage
		Usr 0 00:00:00, Sys 0 00:00:00  -  Run Local Usage
		Usr 0 00:01:46, Sys 0 00:00:17  -  Total Remote Usage
		Usr 0 00:00:00, Sys 0 00:00:00  -  Total Local Usage
	15006  -  Run Bytes Sent By Job
	14407  -  Run Bytes Received By Job
	15006  -  Total Bytes Sent By Job
	14407  -  Total Bytes Received By Job
	Partitionable Resources :    Usage  Request Allocated 
	   Cpus                 :        0        1         1 
	   Disk (KB)            :       57        7   1580299 
	   Memory (MB)          :      277     2048      2048 
...
