000 (605417.081.000) 02/28 06:23:38 Job submitted from host: <131.225.188.55:9618?addrs=131.225.188.55-9618&noUDP&sock=1689_178c_3>
...
001 (605417.081.000) 02/28 06:27:34 Job executing on host: <131.225.188.86:9618?addrs=131.225.188.86-9618&noUDP&sock=1858_030e_3>
...
006 (605417.081.000) 02/28 06:27:42 Image size of job updated: 2
	1  -  MemoryUsage of job (MB)
	1580  -  ResidentSetSize of job (KB)
...
006 (605417.081.000) 02/28 06:28:42 Image size of job updated: 263
	263  -  MemoryUsage of job (MB)
	269992  -  ResidentSetSize of job (KB)
...
006 (605417.081.000) 02/28 06:30:43 Image size of job updated: 263
	263  -  MemoryUsage of job (MB)
	270124  -  ResidentSetSize of job (KB)
...
006 (605417.081.000) 02/28 06:31:43 Image size of job updated: 263
	263  -  MemoryUsage of job (MB)
	270256  -  ResidentSetSize of job (KB)
...
006 (605417.081.000) 02/28 06:32:44 Image size of job updated: 266
	266  -  MemoryUsage of job (MB)
	273292  -  ResidentSetSize of job (KB)
...
006 (605417.081.000) 02/28 06:38:46 Image size of job updated: 267
	267  -  MemoryUsage of job (MB)
	273424  -  ResidentSetSize of job (KB)
...
006 (605417.081.000) 02/28 06:42:48 Image size of job updated: 267
	267  -  MemoryUsage of job (MB)
	273556  -  ResidentSetSize of job (KB)
...
006 (605417.081.000) 02/28 06:47:49 Image size of job updated: 267
	266  -  MemoryUsage of job (MB)
	273556  -  ResidentSetSize of job (KB)
...
006 (605417.081.000) 02/28 06:48:50 Image size of job updated: 267
	267  -  MemoryUsage of job (MB)
	273788  -  ResidentSetSize of job (KB)
...
006 (605417.081.000) 02/28 06:51:50 Image size of job updated: 267
	267  -  MemoryUsage of job (MB)
	273920  -  ResidentSetSize of job (KB)
...
006 (605417.081.000) 02/28 06:57:53 Image size of job updated: 267
	267  -  MemoryUsage of job (MB)
	273992  -  ResidentSetSize of job (KB)
...
006 (605417.081.000) 02/28 07:02:57 Image size of job updated: 267
	266  -  MemoryUsage of job (MB)
	273992  -  ResidentSetSize of job (KB)
...
006 (605417.081.000) 02/28 07:03:57 Image size of job updated: 267
	267  -  MemoryUsage of job (MB)
	273992  -  ResidentSetSize of job (KB)
...
006 (605417.081.000) 02/28 07:12:00 Image size of job updated: 267
	267  -  MemoryUsage of job (MB)
	274012  -  ResidentSetSize of job (KB)
...
006 (605417.081.000) 02/28 07:16:01 Image size of job updated: 267
	267  -  MemoryUsage of job (MB)
	274200  -  ResidentSetSize of job (KB)
...
005 (605417.081.000) 02/28 07:18:27 Job terminated.
	(1) Normal termination (return value 0)
		Usr 0 00:29:06, Sys 0 00:04:34  -  Run Remote Usage
		Usr 0 00:00:00, Sys 0 00:00:00  -  Run Local Usage
		Usr 0 00:29:06, Sys 0 00:04:34  -  Total Remote Usage
		Usr 0 00:00:00, Sys 0 00:00:00  -  Total Local Usage
	36499  -  Run Bytes Sent By Job
	14407  -  Run Bytes Received By Job
	36499  -  Total Bytes Sent By Job
	14407  -  Total Bytes Received By Job
	Partitionable Resources :    Usage  Request Allocated 
	   Cpus                 :        0        1         1 
	   Disk (KB)            :       76        7   1635435 
	   Memory (MB)          :      267     2048      2048 
...
