000 (605417.078.000) 02/28 06:23:38 Job submitted from host: <131.225.188.55:9618?addrs=131.225.188.55-9618&noUDP&sock=1689_178c_3>
...
001 (605417.078.000) 02/28 06:27:13 Job executing on host: <131.225.188.73:9618?addrs=131.225.188.73-9618&noUDP&sock=1861_11d6_86>
...
006 (605417.078.000) 02/28 06:28:25 Image size of job updated: 175
	175  -  MemoryUsage of job (MB)
	179260  -  ResidentSetSize of job (KB)
...
006 (605417.078.000) 02/28 06:29:26 Image size of job updated: 282
	282  -  MemoryUsage of job (MB)
	288952  -  ResidentSetSize of job (KB)
...
006 (605417.078.000) 02/28 06:33:28 Image size of job updated: 282
	282  -  MemoryUsage of job (MB)
	289216  -  ResidentSetSize of job (KB)
...
006 (605417.078.000) 02/28 07:00:42 Image size of job updated: 282
	281  -  MemoryUsage of job (MB)
	289216  -  ResidentSetSize of job (KB)
...
005 (605417.078.000) 02/28 07:30:39 Job terminated.
	(1) Normal termination (return value 0)
		Usr 0 00:27:12, Sys 0 00:04:26  -  Run Remote Usage
		Usr 0 00:00:00, Sys 0 00:00:00  -  Run Local Usage
		Usr 0 00:27:12, Sys 0 00:04:26  -  Total Remote Usage
		Usr 0 00:00:00, Sys 0 00:00:00  -  Total Local Usage
	34457  -  Run Bytes Sent By Job
	14407  -  Run Bytes Received By Job
	34457  -  Total Bytes Sent By Job
	14407  -  Total Bytes Received By Job
	Partitionable Resources :    Usage  Request Allocated 
	   Cpus                 :     0.00        1         1 
	   Disk (KB)            :    76           7   1636255 
	   Memory (MB)          :   281        2048      2048 
...
