000 (605417.027.000) 02/28 06:23:36 Job submitted from host: <131.225.188.55:9618?addrs=131.225.188.55-9618&noUDP&sock=1689_178c_3>
...
001 (605417.027.000) 02/28 06:25:36 Job executing on host: <131.225.206.228:9618?addrs=131.225.206.228-9618&noUDP&sock=18409_9f0c_3>
...
006 (605417.027.000) 02/28 06:25:45 Image size of job updated: 2
	2  -  MemoryUsage of job (MB)
	2188  -  ResidentSetSize of job (KB)
...
006 (605417.027.000) 02/28 06:26:45 Image size of job updated: 230
	230  -  MemoryUsage of job (MB)
	235840  -  ResidentSetSize of job (KB)
...
006 (605417.027.000) 02/28 06:27:45 Image size of job updated: 283
	283  -  MemoryUsage of job (MB)
	290372  -  ResidentSetSize of job (KB)
...
006 (605417.027.000) 02/28 06:28:45 Image size of job updated: 288
	288  -  MemoryUsage of job (MB)
	295288  -  ResidentSetSize of job (KB)
...
006 (605417.027.000) 02/28 06:29:45 Image size of job updated: 292
	292  -  MemoryUsage of job (MB)
	299788  -  ResidentSetSize of job (KB)
...
005 (605417.027.000) 02/28 06:30:08 Job terminated.
	(1) Normal termination (return value 0)
		Usr 0 00:02:46, Sys 0 00:00:14  -  Run Remote Usage
		Usr 0 00:00:00, Sys 0 00:00:00  -  Run Local Usage
		Usr 0 00:02:46, Sys 0 00:00:14  -  Total Remote Usage
		Usr 0 00:00:00, Sys 0 00:00:00  -  Total Local Usage
	19746  -  Run Bytes Sent By Job
	14407  -  Run Bytes Received By Job
	19746  -  Total Bytes Sent By Job
	14407  -  Total Bytes Received By Job
	Partitionable Resources :    Usage  Request Allocated 
	   Cpus                 :        0        1         1 
	   Disk (KB)            :       53        7    385051 
	   Memory (MB)          :      292     2048      2048 
...
