000 (605417.035.000) 02/28 06:23:37 Job submitted from host: <131.225.188.55:9618?addrs=131.225.188.55-9618&noUDP&sock=1689_178c_3>
...
001 (605417.035.000) 02/28 06:26:15 Job executing on host: <131.225.191.132:9618?addrs=131.225.191.132-9618&noUDP&sock=4777_3401_3>
...
006 (605417.035.000) 02/28 06:26:24 Image size of job updated: 2
	1  -  MemoryUsage of job (MB)
	1732  -  ResidentSetSize of job (KB)
...
006 (605417.035.000) 02/28 06:27:25 Image size of job updated: 264
	264  -  MemoryUsage of job (MB)
	270720  -  ResidentSetSize of job (KB)
...
006 (605417.035.000) 02/28 06:28:26 Image size of job updated: 290
	290  -  MemoryUsage of job (MB)
	296980  -  ResidentSetSize of job (KB)
...
006 (605417.035.000) 02/28 06:29:27 Image size of job updated: 351
	351  -  MemoryUsage of job (MB)
	359856  -  ResidentSetSize of job (KB)
...
006 (605417.035.000) 02/28 06:30:27 Image size of job updated: 351
	351  -  MemoryUsage of job (MB)
	359932  -  ResidentSetSize of job (KB)
...
006 (605417.035.000) 02/28 06:31:27 Image size of job updated: 351
	351  -  MemoryUsage of job (MB)
	359940  -  ResidentSetSize of job (KB)
...
006 (605417.035.000) 02/28 06:32:27 Image size of job updated: 351
	351  -  MemoryUsage of job (MB)
	359956  -  ResidentSetSize of job (KB)
...
006 (605417.035.000) 02/28 06:34:37 Image size of job updated: 351
	351  -  MemoryUsage of job (MB)
	360004  -  ResidentSetSize of job (KB)
...
005 (605417.035.000) 02/28 06:34:53 Job terminated.
	(1) Normal termination (return value 0)
		Usr 0 00:06:58, Sys 0 00:00:18  -  Run Remote Usage
		Usr 0 00:00:00, Sys 0 00:00:00  -  Run Local Usage
		Usr 0 00:06:58, Sys 0 00:00:18  -  Total Remote Usage
		Usr 0 00:00:00, Sys 0 00:00:00  -  Total Local Usage
	19179  -  Run Bytes Sent By Job
	14407  -  Run Bytes Received By Job
	19179  -  Total Bytes Sent By Job
	14407  -  Total Bytes Received By Job
	Partitionable Resources :    Usage  Request Allocated 
	   Cpus                 :     0.00        1         1 
	   Disk (KB)            :    52           7    384965 
	   Memory (MB)          :   351        2048      2048 
...
