000 (605417.044.000) 02/28 06:23:37 Job submitted from host: <131.225.188.55:9618?addrs=131.225.188.55-9618&noUDP&sock=1689_178c_3>
...
001 (605417.044.000) 02/28 06:26:15 Job executing on host: <131.225.191.186:9618?addrs=131.225.191.186-9618&noUDP&sock=2946_4a18_3>
...
006 (605417.044.000) 02/28 06:26:24 Image size of job updated: 2
	0  -  MemoryUsage of job (MB)
	864  -  ResidentSetSize of job (KB)
...
006 (605417.044.000) 02/28 06:27:25 Image size of job updated: 216
	216  -  MemoryUsage of job (MB)
	221488  -  ResidentSetSize of job (KB)
...
006 (605417.044.000) 02/28 06:28:26 Image size of job updated: 216
	216  -  MemoryUsage of job (MB)
	221580  -  ResidentSetSize of job (KB)
...
006 (605417.044.000) 02/28 06:29:26 Image size of job updated: 281
	281  -  MemoryUsage of job (MB)
	287872  -  ResidentSetSize of job (KB)
...
006 (605417.044.000) 02/28 06:30:26 Image size of job updated: 283
	283  -  MemoryUsage of job (MB)
	290788  -  ResidentSetSize of job (KB)
...
006 (605417.044.000) 02/28 06:31:26 Image size of job updated: 286
	286  -  MemoryUsage of job (MB)
	293316  -  ResidentSetSize of job (KB)
...
006 (605417.044.000) 02/28 06:32:26 Image size of job updated: 288
	288  -  MemoryUsage of job (MB)
	295772  -  ResidentSetSize of job (KB)
...
006 (605417.044.000) 02/28 06:33:27 Image size of job updated: 290
	290  -  MemoryUsage of job (MB)
	297356  -  ResidentSetSize of job (KB)
...
006 (605417.044.000) 02/28 06:34:28 Image size of job updated: 292
	292  -  MemoryUsage of job (MB)
	299832  -  ResidentSetSize of job (KB)
...
006 (605417.044.000) 02/28 06:35:30 Image size of job updated: 295
	295  -  MemoryUsage of job (MB)
	302180  -  ResidentSetSize of job (KB)
...
006 (605417.044.000) 02/28 06:36:30 Image size of job updated: 297
	297  -  MemoryUsage of job (MB)
	304644  -  ResidentSetSize of job (KB)
...
006 (605417.044.000) 02/28 06:37:30 Image size of job updated: 298
	298  -  MemoryUsage of job (MB)
	305600  -  ResidentSetSize of job (KB)
...
006 (605417.044.000) 02/28 06:38:30 Image size of job updated: 298
	298  -  MemoryUsage of job (MB)
	305620  -  ResidentSetSize of job (KB)
...
006 (605417.044.000) 02/28 06:39:30 Image size of job updated: 298
	298  -  MemoryUsage of job (MB)
	305624  -  ResidentSetSize of job (KB)
...
005 (605417.044.000) 02/28 06:43:57 Job terminated.
	(1) Normal termination (return value 0)
		Usr 0 00:12:13, Sys 0 00:01:01  -  Run Remote Usage
		Usr 0 00:00:00, Sys 0 00:00:00  -  Run Local Usage
		Usr 0 00:12:13, Sys 0 00:01:01  -  Total Remote Usage
		Usr 0 00:00:00, Sys 0 00:00:00  -  Total Local Usage
	43283  -  Run Bytes Sent By Job
	14407  -  Run Bytes Received By Job
	43283  -  Total Bytes Sent By Job
	14407  -  Total Bytes Received By Job
	Partitionable Resources :    Usage  Request Allocated 
	   Cpus                 :     0.00        1         1 
	   Disk (KB)            :    76           7    330694 
	   Memory (MB)          :   298        2048      2048 
...
