000 (605417.041.000) 02/28 06:23:37 Job submitted from host: <131.225.188.55:9618?addrs=131.225.188.55-9618&noUDP&sock=1689_178c_3>
...
001 (605417.041.000) 02/28 06:26:17 Job executing on host: <131.225.188.68:9618?addrs=131.225.188.68-9618&noUDP&sock=1838_4b29_87>
...
006 (605417.041.000) 02/28 06:26:28 Image size of job updated: 13
	13  -  MemoryUsage of job (MB)
	14324  -  ResidentSetSize of job (KB)
...
006 (605417.041.000) 02/28 06:27:28 Image size of job updated: 215
	215  -  MemoryUsage of job (MB)
	220180  -  ResidentSetSize of job (KB)
...
006 (605417.041.000) 02/28 06:28:29 Image size of job updated: 276
	276  -  MemoryUsage of job (MB)
	283204  -  ResidentSetSize of job (KB)
...
006 (605417.041.000) 02/28 06:29:16 Image size of job updated: 279
	279  -  MemoryUsage of job (MB)
	286636  -  ResidentSetSize of job (KB)
...
005 (605417.041.000) 02/28 06:29:19 Job terminated.
	(1) Normal termination (return value 0)
		Usr 0 00:01:48, Sys 0 00:00:11  -  Run Remote Usage
		Usr 0 00:00:00, Sys 0 00:00:00  -  Run Local Usage
		Usr 0 00:01:48, Sys 0 00:00:11  -  Total Remote Usage
		Usr 0 00:00:00, Sys 0 00:00:00  -  Total Local Usage
	17208  -  Run Bytes Sent By Job
	14407  -  Run Bytes Received By Job
	17208  -  Total Bytes Sent By Job
	14407  -  Total Bytes Received By Job
	Partitionable Resources :    Usage  Request Allocated 
	   Cpus                 :        0        1         1 
	   Disk (KB)            :       61        7   1622959 
	   Memory (MB)          :      279     2048      2048 
...
