000 (605417.036.000) 02/28 06:23:37 Job submitted from host: <131.225.188.55:9618?addrs=131.225.188.55-9618&noUDP&sock=1689_178c_3>
...
001 (605417.036.000) 02/28 06:26:14 Job executing on host: <131.225.207.135:9618?addrs=131.225.207.135-9618&noUDP&sock=25056_e910_3>
...
006 (605417.036.000) 02/28 06:26:23 Image size of job updated: 2
	1  -  MemoryUsage of job (MB)
	1444  -  ResidentSetSize of job (KB)
...
006 (605417.036.000) 02/28 06:27:24 Image size of job updated: 231
	231  -  MemoryUsage of job (MB)
	237264  -  ResidentSetSize of job (KB)
...
006 (605417.036.000) 02/28 06:28:25 Image size of job updated: 276
	276  -  MemoryUsage of job (MB)
	283264  -  ResidentSetSize of job (KB)
...
006 (605417.036.000) 02/28 06:29:26 Image size of job updated: 293
	293  -  MemoryUsage of job (MB)
	300472  -  ResidentSetSize of job (KB)
...
006 (605417.036.000) 02/28 06:30:27 Image size of job updated: 351
	351  -  MemoryUsage of job (MB)
	359908  -  ResidentSetSize of job (KB)
...
006 (605417.036.000) 02/28 06:31:27 Image size of job updated: 351
	351  -  MemoryUsage of job (MB)
	359988  -  ResidentSetSize of job (KB)
...
006 (605417.036.000) 02/28 06:32:27 Image size of job updated: 351
	351  -  MemoryUsage of job (MB)
	360000  -  ResidentSetSize of job (KB)
...
006 (605417.036.000) 02/28 06:33:27 Image size of job updated: 351
	351  -  MemoryUsage of job (MB)
	360004  -  ResidentSetSize of job (KB)
...
006 (605417.036.000) 02/28 06:34:28 Image size of job updated: 351
	351  -  MemoryUsage of job (MB)
	360012  -  ResidentSetSize of job (KB)
...
006 (605417.036.000) 02/28 06:35:19 Image size of job updated: 351
	351  -  MemoryUsage of job (MB)
	360016  -  ResidentSetSize of job (KB)
...
005 (605417.036.000) 02/28 06:35:26 Job terminated.
	(1) Normal termination (return value 0)
		Usr 0 00:06:58, Sys 0 00:00:18  -  Run Remote Usage
		Usr 0 00:00:00, Sys 0 00:00:00  -  Run Local Usage
		Usr 0 00:06:58, Sys 0 00:00:18  -  Total Remote Usage
		Usr 0 00:00:00, Sys 0 00:00:00  -  Total Local Usage
	19677  -  Run Bytes Sent By Job
	14407  -  Run Bytes Received By Job
	19677  -  Total Bytes Sent By Job
	14407  -  Total Bytes Received By Job
	Partitionable Resources :    Usage  Request Allocated 
	   Cpus                 :     0.00        1         1 
	   Disk (KB)            :    53           7    385051 
	   Memory (MB)          :   351        2048      2048 
...
