000 (605417.033.000) 02/28 06:23:37 Job submitted from host: <131.225.188.55:9618?addrs=131.225.188.55-9618&noUDP&sock=1689_178c_3>
...
001 (605417.033.000) 02/28 06:26:14 Job executing on host: <131.225.206.211:9618?addrs=131.225.206.211-9618&noUDP&sock=30083_03a7_3>
...
006 (605417.033.000) 02/28 06:26:23 Image size of job updated: 2
	0  -  MemoryUsage of job (MB)
	212  -  ResidentSetSize of job (KB)
...
006 (605417.033.000) 02/28 06:27:23 Image size of job updated: 214
	214  -  MemoryUsage of job (MB)
	219896  -  ResidentSetSize of job (KB)
...
006 (605417.033.000) 02/28 06:28:23 Image size of job updated: 278
	278  -  MemoryUsage of job (MB)
	285464  -  ResidentSetSize of job (KB)
...
006 (605417.033.000) 02/28 06:29:23 Image size of job updated: 347
	347  -  MemoryUsage of job (MB)
	355388  -  ResidentSetSize of job (KB)
...
006 (605417.033.000) 02/28 06:30:24 Image size of job updated: 347
	347  -  MemoryUsage of job (MB)
	355676  -  ResidentSetSize of job (KB)
...
006 (605417.033.000) 02/28 06:31:25 Image size of job updated: 347
	347  -  MemoryUsage of job (MB)
	355736  -  ResidentSetSize of job (KB)
...
006 (605417.033.000) 02/28 06:32:26 Image size of job updated: 347
	347  -  MemoryUsage of job (MB)
	355788  -  ResidentSetSize of job (KB)
...
006 (605417.033.000) 02/28 06:34:27 Image size of job updated: 347
	347  -  MemoryUsage of job (MB)
	355800  -  ResidentSetSize of job (KB)
...
006 (605417.033.000) 02/28 06:35:27 Image size of job updated: 347
	347  -  MemoryUsage of job (MB)
	355836  -  ResidentSetSize of job (KB)
...
006 (605417.033.000) 02/28 06:36:27 Image size of job updated: 347
	347  -  MemoryUsage of job (MB)
	355868  -  ResidentSetSize of job (KB)
...
006 (605417.033.000) 02/28 06:37:27 Image size of job updated: 347
	347  -  MemoryUsage of job (MB)
	355876  -  ResidentSetSize of job (KB)
...
006 (605417.033.000) 02/28 06:38:27 Image size of job updated: 347
	347  -  MemoryUsage of job (MB)
	355880  -  ResidentSetSize of job (KB)
...
006 (605417.033.000) 02/28 06:39:28 Image size of job updated: 347
	347  -  MemoryUsage of job (MB)
	355884  -  ResidentSetSize of job (KB)
...
006 (605417.033.000) 02/28 06:40:29 Image size of job updated: 347
	347  -  MemoryUsage of job (MB)
	355888  -  ResidentSetSize of job (KB)
...
006 (605417.033.000) 02/28 06:42:31 Image size of job updated: 347
	347  -  MemoryUsage of job (MB)
	355896  -  ResidentSetSize of job (KB)
...
005 (605417.033.000) 02/28 06:43:42 Job terminated.
	(1) Normal termination (return value 0)
		Usr 0 00:13:30, Sys 0 00:00:27  -  Run Remote Usage
		Usr 0 00:00:00, Sys 0 00:00:00  -  Run Local Usage
		Usr 0 00:13:30, Sys 0 00:00:27  -  Total Remote Usage
		Usr 0 00:00:00, Sys 0 00:00:00  -  Total Local Usage
	27220  -  Run Bytes Sent By Job
	14407  -  Run Bytes Received By Job
	27220  -  Total Bytes Sent By Job
	14407  -  Total Bytes Received By Job
	Partitionable Resources :    Usage  Request Allocated 
	   Cpus                 :        0        1         1 
	   Disk (KB)            :       60        7    385051 
	   Memory (MB)          :      347     2048      2048 
...
