000 (605417.025.000) 02/28 06:23:36 Job submitted from host: <131.225.188.55:9618?addrs=131.225.188.55-9618&noUDP&sock=1689_178c_3>
...
001 (605417.025.000) 02/28 06:25:36 Job executing on host: <131.225.190.42:9618?addrs=131.225.190.42-9618&noUDP&sock=45081_6511_3>
...
006 (605417.025.000) 02/28 06:25:45 Image size of job updated: 9
	9  -  MemoryUsage of job (MB)
	9976  -  ResidentSetSize of job (KB)
...
006 (605417.025.000) 02/28 06:26:46 Image size of job updated: 216
	216  -  MemoryUsage of job (MB)
	221264  -  ResidentSetSize of job (KB)
...
006 (605417.025.000) 02/28 06:27:46 Image size of job updated: 279
	279  -  MemoryUsage of job (MB)
	286492  -  ResidentSetSize of job (KB)
...
006 (605417.025.000) 02/28 06:28:47 Image size of job updated: 286
	286  -  MemoryUsage of job (MB)
	293000  -  ResidentSetSize of job (KB)
...
006 (605417.025.000) 02/28 06:29:47 Image size of job updated: 289
	289  -  MemoryUsage of job (MB)
	296824  -  ResidentSetSize of job (KB)
...
006 (605417.025.000) 02/28 06:30:47 Image size of job updated: 293
	293  -  MemoryUsage of job (MB)
	300788  -  ResidentSetSize of job (KB)
...
005 (605417.025.000) 02/28 06:31:28 Job terminated.
	(1) Normal termination (return value 0)
		Usr 0 00:03:38, Sys 0 00:00:20  -  Run Remote Usage
		Usr 0 00:00:00, Sys 0 00:00:00  -  Run Local Usage
		Usr 0 00:03:38, Sys 0 00:00:20  -  Total Remote Usage
		Usr 0 00:00:00, Sys 0 00:00:00  -  Total Local Usage
	19750  -  Run Bytes Sent By Job
	14407  -  Run Bytes Received By Job
	19750  -  Total Bytes Sent By Job
	14407  -  Total Bytes Received By Job
	Partitionable Resources :    Usage  Request Allocated 
	   Cpus                 :        0        1         1 
	   Disk (KB)            :       57        7    841338 
	   Memory (MB)          :      293     2048      2048 
...
