000 (605417.043.000) 02/28 06:23:37 Job submitted from host: <131.225.188.55:9618?addrs=131.225.188.55-9618&noUDP&sock=1689_178c_3>
...
001 (605417.043.000) 02/28 06:26:14 Job executing on host: <131.225.206.178:9618?addrs=131.225.206.178-9618&noUDP&sock=4224_e421_3>
...
006 (605417.043.000) 02/28 06:26:23 Image size of job updated: 2
	0  -  MemoryUsage of job (MB)
	864  -  ResidentSetSize of job (KB)
...
006 (605417.043.000) 02/28 06:27:23 Image size of job updated: 216
	216  -  MemoryUsage of job (MB)
	221232  -  ResidentSetSize of job (KB)
...
006 (605417.043.000) 02/28 06:28:23 Image size of job updated: 278
	278  -  MemoryUsage of job (MB)
	284916  -  ResidentSetSize of job (KB)
...
006 (605417.043.000) 02/28 06:29:23 Image size of job updated: 283
	283  -  MemoryUsage of job (MB)
	290636  -  ResidentSetSize of job (KB)
...
006 (605417.043.000) 02/28 06:30:23 Image size of job updated: 287
	287  -  MemoryUsage of job (MB)
	294504  -  ResidentSetSize of job (KB)
...
006 (605417.043.000) 02/28 06:31:24 Image size of job updated: 291
	291  -  MemoryUsage of job (MB)
	298328  -  ResidentSetSize of job (KB)
...
006 (605417.043.000) 02/28 06:32:25 Image size of job updated: 295
	295  -  MemoryUsage of job (MB)
	302084  -  ResidentSetSize of job (KB)
...
006 (605417.043.000) 02/28 06:33:26 Image size of job updated: 297
	297  -  MemoryUsage of job (MB)
	304356  -  ResidentSetSize of job (KB)
...
006 (605417.043.000) 02/28 06:34:27 Image size of job updated: 297
	297  -  MemoryUsage of job (MB)
	304376  -  ResidentSetSize of job (KB)
...
006 (605417.043.000) 02/28 06:35:25 Image size of job updated: 297
	297  -  MemoryUsage of job (MB)
	304844  -  ResidentSetSize of job (KB)
...
005 (605417.043.000) 02/28 06:35:44 Job terminated.
	(1) Normal termination (return value 0)
		Usr 0 00:06:23, Sys 0 00:00:27  -  Run Remote Usage
		Usr 0 00:00:00, Sys 0 00:00:00  -  Run Local Usage
		Usr 0 00:06:23, Sys 0 00:00:27  -  Total Remote Usage
		Usr 0 00:00:00, Sys 0 00:00:00  -  Total Local Usage
	28796  -  Run Bytes Sent By Job
	14407  -  Run Bytes Received By Job
	28796  -  Total Bytes Sent By Job
	14407  -  Total Bytes Received By Job
	Partitionable Resources :    Usage  Request Allocated 
	   Cpus                 :        0        1         1 
	   Disk (KB)            :       61        7    385051 
	   Memory (MB)          :      297     2048      2048 
...
