000 (605417.103.000) 02/28 06:23:38 Job submitted from host: <131.225.188.55:9618?addrs=131.225.188.55-9618&noUDP&sock=1689_178c_3>
...
001 (605417.103.000) 02/28 06:28:13 Job executing on host: <131.225.188.50:9618?addrs=131.225.188.50-9618&noUDP&sock=1847_7783_88>
...
006 (605417.103.000) 02/28 06:28:21 Image size of job updated: 2
	1  -  MemoryUsage of job (MB)
	1460  -  ResidentSetSize of job (KB)
...
006 (605417.103.000) 02/28 06:29:22 Image size of job updated: 198
	198  -  MemoryUsage of job (MB)
	203772  -  ResidentSetSize of job (KB)
...
006 (605417.103.000) 02/28 06:30:22 Image size of job updated: 252
	252  -  MemoryUsage of job (MB)
	258684  -  ResidentSetSize of job (KB)
...
006 (605417.103.000) 02/28 06:31:23 Image size of job updated: 255
	255  -  MemoryUsage of job (MB)
	261456  -  ResidentSetSize of job (KB)
...
006 (605417.103.000) 02/28 06:31:50 Image size of job updated: 256
	256  -  MemoryUsage of job (MB)
	262248  -  ResidentSetSize of job (KB)
...
005 (605417.103.000) 02/28 06:32:08 Job terminated.
	(1) Normal termination (return value 0)
		Usr 0 00:01:36, Sys 0 00:00:16  -  Run Remote Usage
		Usr 0 00:00:00, Sys 0 00:00:00  -  Run Local Usage
		Usr 0 00:01:36, Sys 0 00:00:16  -  Total Remote Usage
		Usr 0 00:00:00, Sys 0 00:00:00  -  Total Local Usage
	15171  -  Run Bytes Sent By Job
	14407  -  Run Bytes Received By Job
	15171  -  Total Bytes Sent By Job
	14407  -  Total Bytes Received By Job
	Partitionable Resources :    Usage  Request Allocated 
	   Cpus                 :        0        1         1 
	   Disk (KB)            :       59        7   1619200 
	   Memory (MB)          :      256     2048      2048 
...
