000 (605417.100.000) 02/28 06:23:38 Job submitted from host: <131.225.188.55:9618?addrs=131.225.188.55-9618&noUDP&sock=1689_178c_3>
...
001 (605417.100.000) 02/28 06:27:59 Job executing on host: <131.225.188.68:9618?addrs=131.225.188.68-9618&noUDP&sock=1838_4b29_87>
...
006 (605417.100.000) 02/28 06:28:07 Image size of job updated: 12
	12  -  MemoryUsage of job (MB)
	12816  -  ResidentSetSize of job (KB)
...
006 (605417.100.000) 02/28 06:29:08 Image size of job updated: 269
	269  -  MemoryUsage of job (MB)
	275852  -  ResidentSetSize of job (KB)
...
006 (605417.100.000) 02/28 06:30:09 Image size of job updated: 269
	269  -  MemoryUsage of job (MB)
	275984  -  ResidentSetSize of job (KB)
...
006 (605417.100.000) 02/28 06:31:10 Image size of job updated: 269
	269  -  MemoryUsage of job (MB)
	276084  -  ResidentSetSize of job (KB)
...
006 (605417.100.000) 02/28 06:32:11 Image size of job updated: 269
	269  -  MemoryUsage of job (MB)
	276244  -  ResidentSetSize of job (KB)
...
006 (605417.100.000) 02/28 06:34:13 Image size of job updated: 269
	269  -  MemoryUsage of job (MB)
	276280  -  ResidentSetSize of job (KB)
...
006 (605417.100.000) 02/28 06:35:14 Image size of job updated: 271
	271  -  MemoryUsage of job (MB)
	277864  -  ResidentSetSize of job (KB)
...
006 (605417.100.000) 02/28 06:37:15 Image size of job updated: 285
	285  -  MemoryUsage of job (MB)
	292252  -  ResidentSetSize of job (KB)
...
006 (605417.100.000) 02/28 06:38:15 Image size of job updated: 286
	286  -  MemoryUsage of job (MB)
	293176  -  ResidentSetSize of job (KB)
...
006 (605417.100.000) 02/28 06:39:16 Image size of job updated: 286
	286  -  MemoryUsage of job (MB)
	293440  -  ResidentSetSize of job (KB)
...
006 (605417.100.000) 02/28 06:40:17 Image size of job updated: 287
	287  -  MemoryUsage of job (MB)
	294100  -  ResidentSetSize of job (KB)
...
006 (605417.100.000) 02/28 06:41:18 Image size of job updated: 287
	287  -  MemoryUsage of job (MB)
	294628  -  ResidentSetSize of job (KB)
...
006 (605417.100.000) 02/28 06:42:18 Image size of job updated: 288
	288  -  MemoryUsage of job (MB)
	295288  -  ResidentSetSize of job (KB)
...
006 (605417.100.000) 02/28 06:43:18 Image size of job updated: 288
	288  -  MemoryUsage of job (MB)
	295684  -  ResidentSetSize of job (KB)
...
006 (605417.100.000) 02/28 06:44:18 Image size of job updated: 289
	289  -  MemoryUsage of job (MB)
	296252  -  ResidentSetSize of job (KB)
...
006 (605417.100.000) 02/28 06:45:18 Image size of job updated: 289
	289  -  MemoryUsage of job (MB)
	296516  -  ResidentSetSize of job (KB)
...
006 (605417.100.000) 02/28 06:46:18 Image size of job updated: 290
	290  -  MemoryUsage of job (MB)
	297280  -  ResidentSetSize of job (KB)
...
006 (605417.100.000) 02/28 06:47:18 Image size of job updated: 290
	290  -  MemoryUsage of job (MB)
	297652  -  ResidentSetSize of job (KB)
...
006 (605417.100.000) 02/28 06:48:18 Image size of job updated: 291
	291  -  MemoryUsage of job (MB)
	298048  -  ResidentSetSize of job (KB)
...
006 (605417.100.000) 02/28 06:49:18 Image size of job updated: 291
	291  -  MemoryUsage of job (MB)
	298576  -  ResidentSetSize of job (KB)
...
006 (605417.100.000) 02/28 06:50:18 Image size of job updated: 292
	292  -  MemoryUsage of job (MB)
	299104  -  ResidentSetSize of job (KB)
...
006 (605417.100.000) 02/28 06:51:19 Image size of job updated: 292
	292  -  MemoryUsage of job (MB)
	299896  -  ResidentSetSize of job (KB)
...
006 (605417.100.000) 02/28 06:52:20 Image size of job updated: 293
	293  -  MemoryUsage of job (MB)
	300248  -  ResidentSetSize of job (KB)
...
006 (605417.100.000) 02/28 06:53:20 Image size of job updated: 293
	293  -  MemoryUsage of job (MB)
	300696  -  ResidentSetSize of job (KB)
...
006 (605417.100.000) 02/28 06:54:21 Image size of job updated: 293
	293  -  MemoryUsage of job (MB)
	301008  -  ResidentSetSize of job (KB)
...
006 (605417.100.000) 02/28 06:55:22 Image size of job updated: 294
	294  -  MemoryUsage of job (MB)
	301504  -  ResidentSetSize of job (KB)
...
006 (605417.100.000) 02/28 06:56:24 Image size of job updated: 295
	295  -  MemoryUsage of job (MB)
	302288  -  ResidentSetSize of job (KB)
...
006 (605417.100.000) 02/28 06:57:24 Image size of job updated: 295
	295  -  MemoryUsage of job (MB)
	302420  -  ResidentSetSize of job (KB)
...
006 (605417.100.000) 02/28 06:58:24 Image size of job updated: 295
	295  -  MemoryUsage of job (MB)
	302780  -  ResidentSetSize of job (KB)
...
006 (605417.100.000) 02/28 06:59:25 Image size of job updated: 312
	312  -  MemoryUsage of job (MB)
	319688  -  ResidentSetSize of job (KB)
...
006 (605417.100.000) 02/28 07:00:26 Image size of job updated: 312
	312  -  MemoryUsage of job (MB)
	320384  -  ResidentSetSize of job (KB)
...
006 (605417.100.000) 02/28 07:01:26 Image size of job updated: 313
	313  -  MemoryUsage of job (MB)
	320976  -  ResidentSetSize of job (KB)
...
006 (605417.100.000) 02/28 07:02:26 Image size of job updated: 314
	314  -  MemoryUsage of job (MB)
	321908  -  ResidentSetSize of job (KB)
...
006 (605417.100.000) 02/28 07:03:27 Image size of job updated: 315
	315  -  MemoryUsage of job (MB)
	322708  -  ResidentSetSize of job (KB)
...
006 (605417.100.000) 02/28 07:04:27 Image size of job updated: 315
	315  -  MemoryUsage of job (MB)
	322784  -  ResidentSetSize of job (KB)
...
006 (605417.100.000) 02/28 07:05:27 Image size of job updated: 315
	315  -  MemoryUsage of job (MB)
	323216  -  ResidentSetSize of job (KB)
...
006 (605417.100.000) 02/28 07:06:27 Image size of job updated: 316
	316  -  MemoryUsage of job (MB)
	323916  -  ResidentSetSize of job (KB)
...
006 (605417.100.000) 02/28 07:07:27 Image size of job updated: 316
	316  -  MemoryUsage of job (MB)
	324036  -  ResidentSetSize of job (KB)
...
006 (605417.100.000) 02/28 07:08:27 Image size of job updated: 316
	316  -  MemoryUsage of job (MB)
	324540  -  ResidentSetSize of job (KB)
...
006 (605417.100.000) 02/28 07:09:27 Image size of job updated: 317
	317  -  MemoryUsage of job (MB)
	324804  -  ResidentSetSize of job (KB)
...
006 (605417.100.000) 02/28 07:10:27 Image size of job updated: 317
	317  -  MemoryUsage of job (MB)
	325164  -  ResidentSetSize of job (KB)
...
006 (605417.100.000) 02/28 07:11:27 Image size of job updated: 317
	317  -  MemoryUsage of job (MB)
	325560  -  ResidentSetSize of job (KB)
...
006 (605417.100.000) 02/28 07:12:27 Image size of job updated: 318
	318  -  MemoryUsage of job (MB)
	326580  -  ResidentSetSize of job (KB)
...
006 (605417.100.000) 02/28 07:13:27 Image size of job updated: 319
	319  -  MemoryUsage of job (MB)
	327108  -  ResidentSetSize of job (KB)
...
006 (605417.100.000) 02/28 07:14:27 Image size of job updated: 319
	319  -  MemoryUsage of job (MB)
	327372  -  ResidentSetSize of job (KB)
...
006 (605417.100.000) 02/28 07:17:31 Image size of job updated: 319
	319  -  MemoryUsage of job (MB)
	327636  -  ResidentSetSize of job (KB)
...
006 (605417.100.000) 02/28 07:28:38 Image size of job updated: 320
	320  -  MemoryUsage of job (MB)
	327688  -  ResidentSetSize of job (KB)
...
006 (605417.100.000) 02/28 07:30:39 Image size of job updated: 320
	320  -  MemoryUsage of job (MB)
	327724  -  ResidentSetSize of job (KB)
...
006 (605417.100.000) 02/28 07:31:39 Image size of job updated: 320
	320  -  MemoryUsage of job (MB)
	327880  -  ResidentSetSize of job (KB)
...
006 (605417.100.000) 02/28 07:32:39 Image size of job updated: 320
	320  -  MemoryUsage of job (MB)
	328192  -  ResidentSetSize of job (KB)
...
006 (605417.100.000) 02/28 07:33:39 Image size of job updated: 320
	320  -  MemoryUsage of job (MB)
	328320  -  ResidentSetSize of job (KB)
...
006 (605417.100.000) 02/28 07:37:42 Image size of job updated: 320
	319  -  MemoryUsage of job (MB)
	328320  -  ResidentSetSize of job (KB)
...
006 (605417.100.000) 02/28 07:56:52 Image size of job updated: 320
	320  -  MemoryUsage of job (MB)
	328320  -  ResidentSetSize of job (KB)
...
006 (605417.100.000) 02/28 07:57:53 Image size of job updated: 320
	320  -  MemoryUsage of job (MB)
	328380  -  ResidentSetSize of job (KB)
...
006 (605417.100.000) 02/28 08:01:56 Image size of job updated: 320
	320  -  MemoryUsage of job (MB)
	328448  -  ResidentSetSize of job (KB)
...
006 (605417.100.000) 02/28 08:02:56 Image size of job updated: 320
	320  -  MemoryUsage of job (MB)
	328512  -  ResidentSetSize of job (KB)
...
005 (605417.100.000) 02/28 08:14:27 Job terminated.
	(1) Normal termination (return value 0)
		Usr 0 00:56:48, Sys 0 00:08:41  -  Run Remote Usage
		Usr 0 00:00:00, Sys 0 00:00:00  -  Run Local Usage
		Usr 0 00:56:48, Sys 0 00:08:41  -  Total Remote Usage
		Usr 0 00:00:00, Sys 0 00:00:00  -  Total Local Usage
	54819  -  Run Bytes Sent By Job
	14407  -  Run Bytes Received By Job
	54819  -  Total Bytes Sent By Job
	14407  -  Total Bytes Received By Job
	Partitionable Resources :    Usage  Request Allocated 
	   Cpus                 :     0.00        1         1 
	   Disk (KB)            :    97           7   1622959 
	   Memory (MB)          :   320        2048      2048 
...
