000 (605417.099.000) 02/28 06:23:38 Job submitted from host: <131.225.188.55:9618?addrs=131.225.188.55-9618&noUDP&sock=1689_178c_3>
...
001 (605417.099.000) 02/28 06:27:56 Job executing on host: <131.225.188.184:9618?addrs=131.225.188.184-9618&noUDP&sock=6378_5b21_3>
...
006 (605417.099.000) 02/28 06:28:04 Image size of job updated: 12
	12  -  MemoryUsage of job (MB)
	12464  -  ResidentSetSize of job (KB)
...
006 (605417.099.000) 02/28 06:29:04 Image size of job updated: 272
	272  -  MemoryUsage of job (MB)
	278560  -  ResidentSetSize of job (KB)
...
006 (605417.099.000) 02/28 06:31:05 Image size of job updated: 272
	272  -  MemoryUsage of job (MB)
	278660  -  ResidentSetSize of job (KB)
...
006 (605417.099.000) 02/28 06:32:05 Image size of job updated: 272
	272  -  MemoryUsage of job (MB)
	278684  -  ResidentSetSize of job (KB)
...
006 (605417.099.000) 02/28 06:35:07 Image size of job updated: 287
	287  -  MemoryUsage of job (MB)
	294100  -  ResidentSetSize of job (KB)
...
006 (605417.099.000) 02/28 06:36:08 Image size of job updated: 287
	287  -  MemoryUsage of job (MB)
	294628  -  ResidentSetSize of job (KB)
...
006 (605417.099.000) 02/28 06:37:08 Image size of job updated: 288
	288  -  MemoryUsage of job (MB)
	295108  -  ResidentSetSize of job (KB)
...
006 (605417.099.000) 02/28 06:38:09 Image size of job updated: 288
	288  -  MemoryUsage of job (MB)
	295668  -  ResidentSetSize of job (KB)
...
006 (605417.099.000) 02/28 06:39:09 Image size of job updated: 289
	289  -  MemoryUsage of job (MB)
	296244  -  ResidentSetSize of job (KB)
...
006 (605417.099.000) 02/28 06:40:10 Image size of job updated: 289
	289  -  MemoryUsage of job (MB)
	296944  -  ResidentSetSize of job (KB)
...
006 (605417.099.000) 02/28 06:41:11 Image size of job updated: 290
	290  -  MemoryUsage of job (MB)
	297660  -  ResidentSetSize of job (KB)
...
006 (605417.099.000) 02/28 06:42:11 Image size of job updated: 291
	291  -  MemoryUsage of job (MB)
	298248  -  ResidentSetSize of job (KB)
...
006 (605417.099.000) 02/28 06:43:12 Image size of job updated: 291
	291  -  MemoryUsage of job (MB)
	298692  -  ResidentSetSize of job (KB)
...
006 (605417.099.000) 02/28 06:44:12 Image size of job updated: 292
	292  -  MemoryUsage of job (MB)
	299324  -  ResidentSetSize of job (KB)
...
006 (605417.099.000) 02/28 06:45:12 Image size of job updated: 292
	292  -  MemoryUsage of job (MB)
	299940  -  ResidentSetSize of job (KB)
...
006 (605417.099.000) 02/28 06:46:13 Image size of job updated: 293
	293  -  MemoryUsage of job (MB)
	300608  -  ResidentSetSize of job (KB)
...
006 (605417.099.000) 02/28 06:47:13 Image size of job updated: 294
	294  -  MemoryUsage of job (MB)
	301304  -  ResidentSetSize of job (KB)
...
006 (605417.099.000) 02/28 06:48:13 Image size of job updated: 294
	294  -  MemoryUsage of job (MB)
	301924  -  ResidentSetSize of job (KB)
...
006 (605417.099.000) 02/28 06:49:14 Image size of job updated: 295
	295  -  MemoryUsage of job (MB)
	302308  -  ResidentSetSize of job (KB)
...
006 (605417.099.000) 02/28 06:50:14 Image size of job updated: 295
	295  -  MemoryUsage of job (MB)
	302856  -  ResidentSetSize of job (KB)
...
006 (605417.099.000) 02/28 06:51:14 Image size of job updated: 296
	296  -  MemoryUsage of job (MB)
	303468  -  ResidentSetSize of job (KB)
...
006 (605417.099.000) 02/28 06:52:15 Image size of job updated: 296
	296  -  MemoryUsage of job (MB)
	304076  -  ResidentSetSize of job (KB)
...
006 (605417.099.000) 02/28 06:53:16 Image size of job updated: 297
	297  -  MemoryUsage of job (MB)
	304744  -  ResidentSetSize of job (KB)
...
006 (605417.099.000) 02/28 06:54:17 Image size of job updated: 313
	313  -  MemoryUsage of job (MB)
	320656  -  ResidentSetSize of job (KB)
...
006 (605417.099.000) 02/28 06:55:17 Image size of job updated: 313
	313  -  MemoryUsage of job (MB)
	321212  -  ResidentSetSize of job (KB)
...
006 (605417.099.000) 02/28 06:56:18 Image size of job updated: 314
	314  -  MemoryUsage of job (MB)
	321936  -  ResidentSetSize of job (KB)
...
006 (605417.099.000) 02/28 06:57:18 Image size of job updated: 315
	315  -  MemoryUsage of job (MB)
	322608  -  ResidentSetSize of job (KB)
...
006 (605417.099.000) 02/28 06:58:19 Image size of job updated: 315
	315  -  MemoryUsage of job (MB)
	323332  -  ResidentSetSize of job (KB)
...
006 (605417.099.000) 02/28 06:59:20 Image size of job updated: 316
	316  -  MemoryUsage of job (MB)
	323940  -  ResidentSetSize of job (KB)
...
006 (605417.099.000) 02/28 07:00:20 Image size of job updated: 317
	317  -  MemoryUsage of job (MB)
	324652  -  ResidentSetSize of job (KB)
...
006 (605417.099.000) 02/28 07:01:21 Image size of job updated: 317
	317  -  MemoryUsage of job (MB)
	325052  -  ResidentSetSize of job (KB)
...
006 (605417.099.000) 02/28 07:02:21 Image size of job updated: 318
	318  -  MemoryUsage of job (MB)
	325644  -  ResidentSetSize of job (KB)
...
006 (605417.099.000) 02/28 07:03:21 Image size of job updated: 318
	318  -  MemoryUsage of job (MB)
	326292  -  ResidentSetSize of job (KB)
...
006 (605417.099.000) 02/28 07:04:22 Image size of job updated: 319
	319  -  MemoryUsage of job (MB)
	326816  -  ResidentSetSize of job (KB)
...
006 (605417.099.000) 02/28 07:05:22 Image size of job updated: 319
	319  -  MemoryUsage of job (MB)
	327492  -  ResidentSetSize of job (KB)
...
006 (605417.099.000) 02/28 07:06:23 Image size of job updated: 320
	320  -  MemoryUsage of job (MB)
	328288  -  ResidentSetSize of job (KB)
...
006 (605417.099.000) 02/28 07:07:23 Image size of job updated: 320
	320  -  MemoryUsage of job (MB)
	328660  -  ResidentSetSize of job (KB)
...
006 (605417.099.000) 02/28 07:08:24 Image size of job updated: 321
	321  -  MemoryUsage of job (MB)
	328732  -  ResidentSetSize of job (KB)
...
006 (605417.099.000) 02/28 07:10:25 Image size of job updated: 321
	321  -  MemoryUsage of job (MB)
	328760  -  ResidentSetSize of job (KB)
...
006 (605417.099.000) 02/28 07:12:26 Image size of job updated: 321
	321  -  MemoryUsage of job (MB)
	328784  -  ResidentSetSize of job (KB)
...
006 (605417.099.000) 02/28 07:13:26 Image size of job updated: 321
	321  -  MemoryUsage of job (MB)
	328804  -  ResidentSetSize of job (KB)
...
006 (605417.099.000) 02/28 07:14:27 Image size of job updated: 321
	321  -  MemoryUsage of job (MB)
	328868  -  ResidentSetSize of job (KB)
...
006 (605417.099.000) 02/28 07:16:27 Image size of job updated: 321
	321  -  MemoryUsage of job (MB)
	328876  -  ResidentSetSize of job (KB)
...
006 (605417.099.000) 02/28 07:17:28 Image size of job updated: 321
	321  -  MemoryUsage of job (MB)
	328888  -  ResidentSetSize of job (KB)
...
006 (605417.099.000) 02/28 07:18:29 Image size of job updated: 321
	321  -  MemoryUsage of job (MB)
	329032  -  ResidentSetSize of job (KB)
...
006 (605417.099.000) 02/28 07:22:31 Image size of job updated: 321
	321  -  MemoryUsage of job (MB)
	329036  -  ResidentSetSize of job (KB)
...
006 (605417.099.000) 02/28 07:26:32 Image size of job updated: 321
	321  -  MemoryUsage of job (MB)
	329040  -  ResidentSetSize of job (KB)
...
006 (605417.099.000) 02/28 07:34:37 Image size of job updated: 321
	319  -  MemoryUsage of job (MB)
	329040  -  ResidentSetSize of job (KB)
...
006 (605417.099.000) 02/28 07:35:38 Image size of job updated: 321
	320  -  MemoryUsage of job (MB)
	329040  -  ResidentSetSize of job (KB)
...
006 (605417.099.000) 02/28 07:51:35 Image size of job updated: 321
	7  -  MemoryUsage of job (MB)
	329040  -  ResidentSetSize of job (KB)
...
005 (605417.099.000) 02/28 07:51:35 Job terminated.
	(1) Normal termination (return value 0)
		Usr 0 00:47:57, Sys 0 00:08:35  -  Run Remote Usage
		Usr 0 00:00:00, Sys 0 00:00:00  -  Run Local Usage
		Usr 0 00:47:57, Sys 0 00:08:35  -  Total Remote Usage
		Usr 0 00:00:00, Sys 0 00:00:00  -  Total Local Usage
	47989  -  Run Bytes Sent By Job
	14407  -  Run Bytes Received By Job
	47989  -  Total Bytes Sent By Job
	14407  -  Total Bytes Received By Job
	Partitionable Resources :    Usage  Request Allocated 
	   Cpus                 :        0        1         1 
	   Disk (KB)            :       88        7   1630633 
	   Memory (MB)          :        7     2048      2048 
...
