000 (605417.028.000) 02/28 06:23:36 Job submitted from host: <131.225.188.55:9618?addrs=131.225.188.55-9618&noUDP&sock=1689_178c_3>
...
001 (605417.028.000) 02/28 06:25:37 Job executing on host: <131.225.190.42:9618?addrs=131.225.190.42-9618&noUDP&sock=45081_6511_3>
...
006 (605417.028.000) 02/28 06:25:46 Image size of job updated: 2
	1  -  MemoryUsage of job (MB)
	1540  -  ResidentSetSize of job (KB)
...
006 (605417.028.000) 02/28 06:26:47 Image size of job updated: 163
	163  -  MemoryUsage of job (MB)
	167784  -  ResidentSetSize of job (KB)
...
006 (605417.028.000) 02/28 06:27:47 Image size of job updated: 281
	281  -  MemoryUsage of job (MB)
	287812  -  ResidentSetSize of job (KB)
...
006 (605417.028.000) 02/28 06:28:48 Image size of job updated: 289
	289  -  MemoryUsage of job (MB)
	296552  -  ResidentSetSize of job (KB)
...
006 (605417.028.000) 02/28 06:29:09 Image size of job updated: 291
	291  -  MemoryUsage of job (MB)
	298616  -  ResidentSetSize of job (KB)
...
005 (605417.028.000) 02/28 06:29:20 Job terminated.
	(1) Normal termination (return value 0)
		Usr 0 00:02:14, Sys 0 00:00:14  -  Run Remote Usage
		Usr 0 00:00:00, Sys 0 00:00:00  -  Run Local Usage
		Usr 0 00:02:14, Sys 0 00:00:14  -  Total Remote Usage
		Usr 0 00:00:00, Sys 0 00:00:00  -  Total Local Usage
	17021  -  Run Bytes Sent By Job
	14407  -  Run Bytes Received By Job
	17021  -  Total Bytes Sent By Job
	14407  -  Total Bytes Received By Job
	Partitionable Resources :    Usage  Request Allocated 
	   Cpus                 :     0.00        1         1 
	   Disk (KB)            :    54           7    841338 
	   Memory (MB)          :   291        2048      2048 
...
