000 (605417.101.000) 02/28 06:23:38 Job submitted from host: <131.225.188.55:9618?addrs=131.225.188.55-9618&noUDP&sock=1689_178c_3>
...
001 (605417.101.000) 02/28 06:28:00 Job executing on host: <131.225.205.211:9618?addrs=131.225.205.211-9618&noUDP&sock=7337_2674_3>
...
006 (605417.101.000) 02/28 06:28:09 Image size of job updated: 7
	7  -  MemoryUsage of job (MB)
	7524  -  ResidentSetSize of job (KB)
...
006 (605417.101.000) 02/28 06:29:09 Image size of job updated: 239
	239  -  MemoryUsage of job (MB)
	245484  -  ResidentSetSize of job (KB)
...
006 (605417.101.000) 02/28 06:42:17 Image size of job updated: 257
	257  -  MemoryUsage of job (MB)
	263180  -  ResidentSetSize of job (KB)
...
006 (605417.101.000) 02/28 06:43:18 Image size of job updated: 285
	285  -  MemoryUsage of job (MB)
	292408  -  ResidentSetSize of job (KB)
...
006 (605417.101.000) 02/28 06:44:19 Image size of job updated: 285
	285  -  MemoryUsage of job (MB)
	292812  -  ResidentSetSize of job (KB)
...
006 (605417.101.000) 02/28 06:45:19 Image size of job updated: 286
	286  -  MemoryUsage of job (MB)
	293168  -  ResidentSetSize of job (KB)
...
006 (605417.101.000) 02/28 06:46:20 Image size of job updated: 286
	286  -  MemoryUsage of job (MB)
	293428  -  ResidentSetSize of job (KB)
...
006 (605417.101.000) 02/28 06:47:21 Image size of job updated: 286
	286  -  MemoryUsage of job (MB)
	293884  -  ResidentSetSize of job (KB)
...
006 (605417.101.000) 02/28 06:48:21 Image size of job updated: 287
	287  -  MemoryUsage of job (MB)
	294268  -  ResidentSetSize of job (KB)
...
006 (605417.101.000) 02/28 06:49:21 Image size of job updated: 287
	287  -  MemoryUsage of job (MB)
	294668  -  ResidentSetSize of job (KB)
...
006 (605417.101.000) 02/28 06:50:22 Image size of job updated: 287
	287  -  MemoryUsage of job (MB)
	294868  -  ResidentSetSize of job (KB)
...
006 (605417.101.000) 02/28 06:51:22 Image size of job updated: 288
	288  -  MemoryUsage of job (MB)
	295204  -  ResidentSetSize of job (KB)
...
006 (605417.101.000) 02/28 06:52:22 Image size of job updated: 288
	288  -  MemoryUsage of job (MB)
	295552  -  ResidentSetSize of job (KB)
...
006 (605417.101.000) 02/28 06:53:23 Image size of job updated: 289
	289  -  MemoryUsage of job (MB)
	295948  -  ResidentSetSize of job (KB)
...
006 (605417.101.000) 02/28 06:54:23 Image size of job updated: 289
	289  -  MemoryUsage of job (MB)
	296312  -  ResidentSetSize of job (KB)
...
006 (605417.101.000) 02/28 06:55:23 Image size of job updated: 289
	289  -  MemoryUsage of job (MB)
	296616  -  ResidentSetSize of job (KB)
...
006 (605417.101.000) 02/28 06:56:24 Image size of job updated: 305
	305  -  MemoryUsage of job (MB)
	312920  -  ResidentSetSize of job (KB)
...
006 (605417.101.000) 02/28 06:57:24 Image size of job updated: 306
	306  -  MemoryUsage of job (MB)
	313388  -  ResidentSetSize of job (KB)
...
006 (605417.101.000) 02/28 06:58:24 Image size of job updated: 306
	306  -  MemoryUsage of job (MB)
	313640  -  ResidentSetSize of job (KB)
...
006 (605417.101.000) 02/28 06:59:25 Image size of job updated: 306
	298  -  MemoryUsage of job (MB)
	313640  -  ResidentSetSize of job (KB)
...
006 (605417.101.000) 02/28 07:00:25 Image size of job updated: 306
	306  -  MemoryUsage of job (MB)
	314336  -  ResidentSetSize of job (KB)
...
006 (605417.101.000) 02/28 07:01:25 Image size of job updated: 307
	307  -  MemoryUsage of job (MB)
	314728  -  ResidentSetSize of job (KB)
...
006 (605417.101.000) 02/28 07:02:26 Image size of job updated: 307
	307  -  MemoryUsage of job (MB)
	314956  -  ResidentSetSize of job (KB)
...
006 (605417.101.000) 02/28 07:03:26 Image size of job updated: 307
	307  -  MemoryUsage of job (MB)
	315332  -  ResidentSetSize of job (KB)
...
006 (605417.101.000) 02/28 07:04:27 Image size of job updated: 308
	308  -  MemoryUsage of job (MB)
	315632  -  ResidentSetSize of job (KB)
...
006 (605417.101.000) 02/28 07:05:28 Image size of job updated: 308
	308  -  MemoryUsage of job (MB)
	316080  -  ResidentSetSize of job (KB)
...
006 (605417.101.000) 02/28 07:06:28 Image size of job updated: 309
	309  -  MemoryUsage of job (MB)
	316448  -  ResidentSetSize of job (KB)
...
006 (605417.101.000) 02/28 07:07:28 Image size of job updated: 309
	309  -  MemoryUsage of job (MB)
	316732  -  ResidentSetSize of job (KB)
...
006 (605417.101.000) 02/28 07:08:29 Image size of job updated: 309
	309  -  MemoryUsage of job (MB)
	317036  -  ResidentSetSize of job (KB)
...
006 (605417.101.000) 02/28 07:09:29 Image size of job updated: 309
	309  -  MemoryUsage of job (MB)
	317304  -  ResidentSetSize of job (KB)
...
006 (605417.101.000) 02/28 07:10:30 Image size of job updated: 310
	310  -  MemoryUsage of job (MB)
	317720  -  ResidentSetSize of job (KB)
...
006 (605417.101.000) 02/28 07:11:31 Image size of job updated: 310
	310  -  MemoryUsage of job (MB)
	318032  -  ResidentSetSize of job (KB)
...
006 (605417.101.000) 02/28 07:12:31 Image size of job updated: 310
	310  -  MemoryUsage of job (MB)
	318108  -  ResidentSetSize of job (KB)
...
006 (605417.101.000) 02/28 07:13:31 Image size of job updated: 311
	311  -  MemoryUsage of job (MB)
	318716  -  ResidentSetSize of job (KB)
...
006 (605417.101.000) 02/28 07:14:32 Image size of job updated: 311
	311  -  MemoryUsage of job (MB)
	319144  -  ResidentSetSize of job (KB)
...
006 (605417.101.000) 02/28 07:15:33 Image size of job updated: 311
	311  -  MemoryUsage of job (MB)
	319440  -  ResidentSetSize of job (KB)
...
006 (605417.101.000) 02/28 07:16:33 Image size of job updated: 312
	312  -  MemoryUsage of job (MB)
	319644  -  ResidentSetSize of job (KB)
...
006 (605417.101.000) 02/28 07:17:34 Image size of job updated: 314
	314  -  MemoryUsage of job (MB)
	321760  -  ResidentSetSize of job (KB)
...
006 (605417.101.000) 02/28 07:18:35 Image size of job updated: 314
	314  -  MemoryUsage of job (MB)
	322020  -  ResidentSetSize of job (KB)
...
006 (605417.101.000) 02/28 07:19:35 Image size of job updated: 314
	314  -  MemoryUsage of job (MB)
	322320  -  ResidentSetSize of job (KB)
...
006 (605417.101.000) 02/28 07:20:36 Image size of job updated: 315
	315  -  MemoryUsage of job (MB)
	322632  -  ResidentSetSize of job (KB)
...
006 (605417.101.000) 02/28 07:21:36 Image size of job updated: 315
	315  -  MemoryUsage of job (MB)
	322948  -  ResidentSetSize of job (KB)
...
006 (605417.101.000) 02/28 07:22:37 Image size of job updated: 315
	315  -  MemoryUsage of job (MB)
	323200  -  ResidentSetSize of job (KB)
...
006 (605417.101.000) 02/28 07:23:37 Image size of job updated: 315
	315  -  MemoryUsage of job (MB)
	323408  -  ResidentSetSize of job (KB)
...
006 (605417.101.000) 02/28 07:24:37 Image size of job updated: 316
	316  -  MemoryUsage of job (MB)
	323724  -  ResidentSetSize of job (KB)
...
006 (605417.101.000) 02/28 07:25:37 Image size of job updated: 316
	316  -  MemoryUsage of job (MB)
	324000  -  ResidentSetSize of job (KB)
...
006 (605417.101.000) 02/28 07:26:38 Image size of job updated: 316
	316  -  MemoryUsage of job (MB)
	324304  -  ResidentSetSize of job (KB)
...
006 (605417.101.000) 02/28 07:27:38 Image size of job updated: 316
	316  -  MemoryUsage of job (MB)
	324584  -  ResidentSetSize of job (KB)
...
006 (605417.101.000) 02/28 07:28:38 Image size of job updated: 317
	317  -  MemoryUsage of job (MB)
	324900  -  ResidentSetSize of job (KB)
...
006 (605417.101.000) 02/28 07:29:39 Image size of job updated: 317
	317  -  MemoryUsage of job (MB)
	325096  -  ResidentSetSize of job (KB)
...
006 (605417.101.000) 02/28 07:30:39 Image size of job updated: 317
	317  -  MemoryUsage of job (MB)
	325400  -  ResidentSetSize of job (KB)
...
006 (605417.101.000) 02/28 07:31:40 Image size of job updated: 318
	318  -  MemoryUsage of job (MB)
	325672  -  ResidentSetSize of job (KB)
...
006 (605417.101.000) 02/28 07:32:40 Image size of job updated: 318
	318  -  MemoryUsage of job (MB)
	325960  -  ResidentSetSize of job (KB)
...
006 (605417.101.000) 02/28 07:33:40 Image size of job updated: 318
	318  -  MemoryUsage of job (MB)
	326256  -  ResidentSetSize of job (KB)
...
006 (605417.101.000) 02/28 07:34:41 Image size of job updated: 318
	318  -  MemoryUsage of job (MB)
	326624  -  ResidentSetSize of job (KB)
...
006 (605417.101.000) 02/28 07:35:42 Image size of job updated: 319
	319  -  MemoryUsage of job (MB)
	326904  -  ResidentSetSize of job (KB)
...
006 (605417.101.000) 02/28 07:36:42 Image size of job updated: 319
	319  -  MemoryUsage of job (MB)
	327144  -  ResidentSetSize of job (KB)
...
006 (605417.101.000) 02/28 07:37:43 Image size of job updated: 319
	319  -  MemoryUsage of job (MB)
	327504  -  ResidentSetSize of job (KB)
...
006 (605417.101.000) 02/28 07:38:43 Image size of job updated: 320
	320  -  MemoryUsage of job (MB)
	327808  -  ResidentSetSize of job (KB)
...
006 (605417.101.000) 02/28 07:39:43 Image size of job updated: 320
	320  -  MemoryUsage of job (MB)
	328104  -  ResidentSetSize of job (KB)
...
006 (605417.101.000) 02/28 07:40:44 Image size of job updated: 320
	320  -  MemoryUsage of job (MB)
	328396  -  ResidentSetSize of job (KB)
...
006 (605417.101.000) 02/28 07:42:44 Image size of job updated: 320
	320  -  MemoryUsage of job (MB)
	328644  -  ResidentSetSize of job (KB)
...
006 (605417.101.000) 02/28 07:43:44 Image size of job updated: 321
	321  -  MemoryUsage of job (MB)
	328956  -  ResidentSetSize of job (KB)
...
006 (605417.101.000) 02/28 07:44:44 Image size of job updated: 321
	321  -  MemoryUsage of job (MB)
	329316  -  ResidentSetSize of job (KB)
...
006 (605417.101.000) 02/28 07:45:45 Image size of job updated: 321
	321  -  MemoryUsage of job (MB)
	329544  -  ResidentSetSize of job (KB)
...
006 (605417.101.000) 02/28 07:48:47 Image size of job updated: 321
	321  -  MemoryUsage of job (MB)
	329548  -  ResidentSetSize of job (KB)
...
006 (605417.101.000) 02/28 07:50:48 Image size of job updated: 321
	321  -  MemoryUsage of job (MB)
	329552  -  ResidentSetSize of job (KB)
...
006 (605417.101.000) 02/28 07:54:50 Image size of job updated: 321
	321  -  MemoryUsage of job (MB)
	329576  -  ResidentSetSize of job (KB)
...
006 (605417.101.000) 02/28 08:07:57 Image size of job updated: 322
	322  -  MemoryUsage of job (MB)
	330352  -  ResidentSetSize of job (KB)
...
006 (605417.101.000) 02/28 08:24:05 Image size of job updated: 322
	322  -  MemoryUsage of job (MB)
	330632  -  ResidentSetSize of job (KB)
...
006 (605417.101.000) 02/28 08:25:05 Image size of job updated: 324
	324  -  MemoryUsage of job (MB)
	331960  -  ResidentSetSize of job (KB)
...
006 (605417.101.000) 02/28 08:32:10 Image size of job updated: 324
	324  -  MemoryUsage of job (MB)
	331964  -  ResidentSetSize of job (KB)
...
006 (605417.101.000) 02/28 08:44:14 Image size of job updated: 324
	322  -  MemoryUsage of job (MB)
	331964  -  ResidentSetSize of job (KB)
...
005 (605417.101.000) 02/28 09:06:45 Job terminated.
	(1) Normal termination (return value 0)
		Usr 0 01:51:51, Sys 0 00:10:51  -  Run Remote Usage
		Usr 0 00:00:00, Sys 0 00:00:00  -  Run Local Usage
		Usr 0 01:51:51, Sys 0 00:10:51  -  Total Remote Usage
		Usr 0 00:00:00, Sys 0 00:00:00  -  Total Local Usage
	83524  -  Run Bytes Sent By Job
	14407  -  Run Bytes Received By Job
	83524  -  Total Bytes Sent By Job
	14407  -  Total Bytes Received By Job
	Partitionable Resources :    Usage  Request Allocated 
	   Cpus                 :     0.00        1         1 
	   Disk (KB)            :   119           7   1689020 
	   Memory (MB)          :   322        2048      2048 
...
