000 (61127943.035.000) 05/27 05:40:40 Job submitted from host: <131.225.188.235:9618?addrs=131.225.188.235-9618&noUDP&sock=15005_c2aa_3>
...
001 (61127943.035.000) 05/27 05:41:11 Job executing on host: <131.225.190.34:9618?addrs=131.225.190.34-9618&noUDP&sock=7384_6367_3>
...
006 (61127943.035.000) 05/27 05:41:20 Image size of job updated: 2
	1  -  MemoryUsage of job (MB)
	1820  -  ResidentSetSize of job (KB)
...
006 (61127943.035.000) 05/27 05:42:21 Image size of job updated: 218
	218  -  MemoryUsage of job (MB)
	223828  -  ResidentSetSize of job (KB)
...
006 (61127943.035.000) 05/27 05:43:22 Image size of job updated: 218
	218  -  MemoryUsage of job (MB)
	223880  -  ResidentSetSize of job (KB)
...
006 (61127943.035.000) 05/27 05:44:23 Image size of job updated: 218
	218  -  MemoryUsage of job (MB)
	224024  -  ResidentSetSize of job (KB)
...
006 (61127943.035.000) 05/27 05:45:23 Image size of job updated: 263
	263  -  MemoryUsage of job (MB)
	269540  -  ResidentSetSize of job (KB)
...
006 (61127943.035.000) 05/27 05:46:23 Image size of job updated: 273
	273  -  MemoryUsage of job (MB)
	280372  -  ResidentSetSize of job (KB)
...
006 (61127943.035.000) 05/27 05:47:23 Image size of job updated: 275
	275  -  MemoryUsage of job (MB)
	281840  -  ResidentSetSize of job (KB)
...
006 (61127943.035.000) 05/27 05:48:23 Image size of job updated: 277
	277  -  MemoryUsage of job (MB)
	283728  -  ResidentSetSize of job (KB)
...
006 (61127943.035.000) 05/27 05:49:24 Image size of job updated: 277
	277  -  MemoryUsage of job (MB)
	283756  -  ResidentSetSize of job (KB)
...
006 (61127943.035.000) 05/27 05:50:25 Image size of job updated: 279
	279  -  MemoryUsage of job (MB)
	285916  -  ResidentSetSize of job (KB)
...
006 (61127943.035.000) 05/27 05:51:26 Image size of job updated: 279
	279  -  MemoryUsage of job (MB)
	285924  -  ResidentSetSize of job (KB)
...
006 (61127943.035.000) 05/27 05:52:27 Image size of job updated: 279
	279  -  MemoryUsage of job (MB)
	286284  -  ResidentSetSize of job (KB)
...
006 (61127943.035.000) 05/27 05:53:27 Image size of job updated: 279
	279  -  MemoryUsage of job (MB)
	286532  -  ResidentSetSize of job (KB)
...
006 (61127943.035.000) 05/27 05:55:27 Image size of job updated: 279
	279  -  MemoryUsage of job (MB)
	286564  -  ResidentSetSize of job (KB)
...
006 (61127943.035.000) 05/27 05:56:27 Image size of job updated: 279
	279  -  MemoryUsage of job (MB)
	286592  -  ResidentSetSize of job (KB)
...
006 (61127943.035.000) 05/27 05:57:28 Image size of job updated: 279
	279  -  MemoryUsage of job (MB)
	286620  -  ResidentSetSize of job (KB)
...
006 (61127943.035.000) 05/27 05:58:29 Image size of job updated: 279
	279  -  MemoryUsage of job (MB)
	286648  -  ResidentSetSize of job (KB)
...
006 (61127943.035.000) 05/27 05:59:30 Image size of job updated: 279
	279  -  MemoryUsage of job (MB)
	286656  -  ResidentSetSize of job (KB)
...
006 (61127943.035.000) 05/27 06:00:31 Image size of job updated: 280
	280  -  MemoryUsage of job (MB)
	286764  -  ResidentSetSize of job (KB)
...
006 (61127943.035.000) 05/27 06:02:31 Image size of job updated: 280
	280  -  MemoryUsage of job (MB)
	286904  -  ResidentSetSize of job (KB)
...
006 (61127943.035.000) 05/27 06:04:31 Image size of job updated: 280
	280  -  MemoryUsage of job (MB)
	286908  -  ResidentSetSize of job (KB)
...
006 (61127943.035.000) 05/27 06:08:33 Image size of job updated: 280
	280  -  MemoryUsage of job (MB)
	287120  -  ResidentSetSize of job (KB)
...
006 (61127943.035.000) 05/27 06:09:34 Image size of job updated: 280
	280  -  MemoryUsage of job (MB)
	287196  -  ResidentSetSize of job (KB)
...
006 (61127943.035.000) 05/27 06:10:35 Image size of job updated: 280
	280  -  MemoryUsage of job (MB)
	287280  -  ResidentSetSize of job (KB)
...
006 (61127943.035.000) 05/27 06:15:38 Image size of job updated: 283
	283  -  MemoryUsage of job (MB)
	290172  -  ResidentSetSize of job (KB)
...
006 (61127943.035.000) 05/27 06:16:39 Image size of job updated: 283
	283  -  MemoryUsage of job (MB)
	290460  -  ResidentSetSize of job (KB)
...
006 (61127943.035.000) 05/27 06:19:39 Image size of job updated: 283
	283  -  MemoryUsage of job (MB)
	290496  -  ResidentSetSize of job (KB)
...
006 (61127943.035.000) 05/27 06:21:41 Image size of job updated: 283
	283  -  MemoryUsage of job (MB)
	290512  -  ResidentSetSize of job (KB)
...
006 (61127943.035.000) 05/27 06:24:42 Image size of job updated: 283
	283  -  MemoryUsage of job (MB)
	290528  -  ResidentSetSize of job (KB)
...
006 (61127943.035.000) 05/27 06:30:44 Image size of job updated: 283
	283  -  MemoryUsage of job (MB)
	290548  -  ResidentSetSize of job (KB)
...
005 (61127943.035.000) 05/27 06:35:11 Job terminated.
	(1) Normal termination (return value 0)
		Usr 0 00:44:30, Sys 0 00:01:46  -  Run Remote Usage
		Usr 0 00:00:00, Sys 0 00:00:00  -  Run Local Usage
		Usr 0 00:44:30, Sys 0 00:01:46  -  Total Remote Usage
		Usr 0 00:00:00, Sys 0 00:00:00  -  Total Local Usage
	38852  -  Run Bytes Sent By Job
	14471  -  Run Bytes Received By Job
	38852  -  Total Bytes Sent By Job
	14471  -  Total Bytes Received By Job
	Partitionable Resources :    Usage  Request Allocated 
	   Cpus                 :     0.00        1         1 
	   Disk (KB)            :    72           7    789533 
	   Memory (MB)          :   283        2048      2048 
...
