000 (61127943.037.000) 05/27 05:40:40 Job submitted from host: <131.225.188.235:9618?addrs=131.225.188.235-9618&noUDP&sock=15005_c2aa_3>
...
001 (61127943.037.000) 05/27 05:41:11 Job executing on host: <131.225.205.180:9618?addrs=131.225.205.180-9618&noUDP&sock=7317_6e8f_3>
...
006 (61127943.037.000) 05/27 05:41:20 Image size of job updated: 11
	11  -  MemoryUsage of job (MB)
	12116  -  ResidentSetSize of job (KB)
...
006 (61127943.037.000) 05/27 05:42:20 Image size of job updated: 179
	179  -  MemoryUsage of job (MB)
	183388  -  ResidentSetSize of job (KB)
...
006 (61127943.037.000) 05/27 05:43:20 Image size of job updated: 218
	218  -  MemoryUsage of job (MB)
	223908  -  ResidentSetSize of job (KB)
...
006 (61127943.037.000) 05/27 05:44:20 Image size of job updated: 218
	218  -  MemoryUsage of job (MB)
	224028  -  ResidentSetSize of job (KB)
...
006 (61127943.037.000) 05/27 05:45:20 Image size of job updated: 218
	218  -  MemoryUsage of job (MB)
	224052  -  ResidentSetSize of job (KB)
...
006 (61127943.037.000) 05/27 05:46:21 Image size of job updated: 261
	261  -  MemoryUsage of job (MB)
	268116  -  ResidentSetSize of job (KB)
...
006 (61127943.037.000) 05/27 05:47:22 Image size of job updated: 261
	261  -  MemoryUsage of job (MB)
	268260  -  ResidentSetSize of job (KB)
...
006 (61127943.037.000) 05/27 05:48:23 Image size of job updated: 262
	262  -  MemoryUsage of job (MB)
	268332  -  ResidentSetSize of job (KB)
...
006 (61127943.037.000) 05/27 05:49:25 Image size of job updated: 274
	274  -  MemoryUsage of job (MB)
	281064  -  ResidentSetSize of job (KB)
...
006 (61127943.037.000) 05/27 05:50:25 Image size of job updated: 277
	277  -  MemoryUsage of job (MB)
	284224  -  ResidentSetSize of job (KB)
...
006 (61127943.037.000) 05/27 05:51:25 Image size of job updated: 277
	269  -  MemoryUsage of job (MB)
	284224  -  ResidentSetSize of job (KB)
...
006 (61127943.037.000) 05/27 05:52:25 Image size of job updated: 278
	278  -  MemoryUsage of job (MB)
	285044  -  ResidentSetSize of job (KB)
...
006 (61127943.037.000) 05/27 05:54:25 Image size of job updated: 278
	278  -  MemoryUsage of job (MB)
	285248  -  ResidentSetSize of job (KB)
...
006 (61127943.037.000) 05/27 05:55:26 Image size of job updated: 278
	278  -  MemoryUsage of job (MB)
	285284  -  ResidentSetSize of job (KB)
...
006 (61127943.037.000) 05/27 05:56:27 Image size of job updated: 278
	278  -  MemoryUsage of job (MB)
	285328  -  ResidentSetSize of job (KB)
...
006 (61127943.037.000) 05/27 05:57:29 Image size of job updated: 279
	279  -  MemoryUsage of job (MB)
	285784  -  ResidentSetSize of job (KB)
...
006 (61127943.037.000) 05/27 05:59:29 Image size of job updated: 279
	279  -  MemoryUsage of job (MB)
	285828  -  ResidentSetSize of job (KB)
...
006 (61127943.037.000) 05/27 06:02:29 Image size of job updated: 282
	282  -  MemoryUsage of job (MB)
	289500  -  ResidentSetSize of job (KB)
...
006 (61127943.037.000) 05/27 06:03:30 Image size of job updated: 282
	282  -  MemoryUsage of job (MB)
	289504  -  ResidentSetSize of job (KB)
...
006 (61127943.037.000) 05/27 06:04:31 Image size of job updated: 282
	282  -  MemoryUsage of job (MB)
	289724  -  ResidentSetSize of job (KB)
...
006 (61127943.037.000) 05/27 06:06:32 Image size of job updated: 282
	282  -  MemoryUsage of job (MB)
	289760  -  ResidentSetSize of job (KB)
...
006 (61127943.037.000) 05/27 06:08:32 Image size of job updated: 283
	283  -  MemoryUsage of job (MB)
	289876  -  ResidentSetSize of job (KB)
...
006 (61127943.037.000) 05/27 06:10:33 Image size of job updated: 283
	283  -  MemoryUsage of job (MB)
	289900  -  ResidentSetSize of job (KB)
...
006 (61127943.037.000) 05/27 06:13:35 Image size of job updated: 283
	283  -  MemoryUsage of job (MB)
	290008  -  ResidentSetSize of job (KB)
...
006 (61127943.037.000) 05/27 06:14:35 Image size of job updated: 283
	283  -  MemoryUsage of job (MB)
	290012  -  ResidentSetSize of job (KB)
...
006 (61127943.037.000) 05/27 06:23:40 Image size of job updated: 283
	283  -  MemoryUsage of job (MB)
	290016  -  ResidentSetSize of job (KB)
...
006 (61127943.037.000) 05/27 06:27:43 Image size of job updated: 283
	283  -  MemoryUsage of job (MB)
	290196  -  ResidentSetSize of job (KB)
...
006 (61127943.037.000) 05/27 06:29:43 Image size of job updated: 283
	283  -  MemoryUsage of job (MB)
	290200  -  ResidentSetSize of job (KB)
...
006 (61127943.037.000) 05/27 06:31:45 Image size of job updated: 283
	283  -  MemoryUsage of job (MB)
	290204  -  ResidentSetSize of job (KB)
...
006 (61127943.037.000) 05/27 06:33:45 Image size of job updated: 283
	283  -  MemoryUsage of job (MB)
	290208  -  ResidentSetSize of job (KB)
...
006 (61127943.037.000) 05/27 06:55:57 Image size of job updated: 283
	283  -  MemoryUsage of job (MB)
	290224  -  ResidentSetSize of job (KB)
...
005 (61127943.037.000) 05/27 07:03:53 Job terminated.
	(1) Normal termination (return value 0)
		Usr 0 01:08:50, Sys 0 00:02:38  -  Run Remote Usage
		Usr 0 00:00:00, Sys 0 00:00:00  -  Run Local Usage
		Usr 0 01:08:50, Sys 0 00:02:38  -  Total Remote Usage
		Usr 0 00:00:00, Sys 0 00:00:00  -  Total Local Usage
	47615  -  Run Bytes Sent By Job
	14471  -  Run Bytes Received By Job
	47615  -  Total Bytes Sent By Job
	14471  -  Total Bytes Received By Job
	Partitionable Resources :    Usage  Request Allocated 
	   Cpus                 :        0        1         1 
	   Disk (KB)            :       81        7   1678192 
	   Memory (MB)          :      283     2048      2048 
...
