000 (61127943.040.000) 05/27 05:40:40 Job submitted from host: <131.225.188.235:9618?addrs=131.225.188.235-9618&noUDP&sock=15005_c2aa_3>
...
001 (61127943.040.000) 05/27 05:41:12 Job executing on host: <131.225.204.44:9618?addrs=131.225.204.44-9618&noUDP&sock=4580_13d8_3>
...
006 (61127943.040.000) 05/27 05:41:21 Image size of job updated: 2
	1  -  MemoryUsage of job (MB)
	1596  -  ResidentSetSize of job (KB)
...
006 (61127943.040.000) 05/27 05:42:23 Image size of job updated: 218
	218  -  MemoryUsage of job (MB)
	224024  -  ResidentSetSize of job (KB)
...
006 (61127943.040.000) 05/27 05:43:24 Image size of job updated: 218
	218  -  MemoryUsage of job (MB)
	224056  -  ResidentSetSize of job (KB)
...
006 (61127943.040.000) 05/27 05:44:25 Image size of job updated: 218
	218  -  MemoryUsage of job (MB)
	224084  -  ResidentSetSize of job (KB)
...
006 (61127943.040.000) 05/27 05:45:26 Image size of job updated: 218
	218  -  MemoryUsage of job (MB)
	224112  -  ResidentSetSize of job (KB)
...
006 (61127943.040.000) 05/27 05:46:27 Image size of job updated: 262
	262  -  MemoryUsage of job (MB)
	268676  -  ResidentSetSize of job (KB)
...
006 (61127943.040.000) 05/27 05:47:28 Image size of job updated: 262
	262  -  MemoryUsage of job (MB)
	268788  -  ResidentSetSize of job (KB)
...
006 (61127943.040.000) 05/27 05:48:29 Image size of job updated: 273
	273  -  MemoryUsage of job (MB)
	280488  -  ResidentSetSize of job (KB)
...
006 (61127943.040.000) 05/27 05:49:30 Image size of job updated: 273
	273  -  MemoryUsage of job (MB)
	280504  -  ResidentSetSize of job (KB)
...
006 (61127943.040.000) 05/27 05:50:31 Image size of job updated: 278
	278  -  MemoryUsage of job (MB)
	285424  -  ResidentSetSize of job (KB)
...
006 (61127943.040.000) 05/27 05:51:33 Image size of job updated: 279
	279  -  MemoryUsage of job (MB)
	286368  -  ResidentSetSize of job (KB)
...
006 (61127943.040.000) 05/27 05:53:35 Image size of job updated: 279
	279  -  MemoryUsage of job (MB)
	286544  -  ResidentSetSize of job (KB)
...
006 (61127943.040.000) 05/27 05:55:37 Image size of job updated: 280
	280  -  MemoryUsage of job (MB)
	286796  -  ResidentSetSize of job (KB)
...
006 (61127943.040.000) 05/27 05:57:38 Image size of job updated: 283
	283  -  MemoryUsage of job (MB)
	290192  -  ResidentSetSize of job (KB)
...
006 (61127943.040.000) 05/27 05:58:38 Image size of job updated: 283
	283  -  MemoryUsage of job (MB)
	290196  -  ResidentSetSize of job (KB)
...
006 (61127943.040.000) 05/27 05:59:38 Image size of job updated: 283
	283  -  MemoryUsage of job (MB)
	290388  -  ResidentSetSize of job (KB)
...
006 (61127943.040.000) 05/27 06:02:38 Image size of job updated: 283
	283  -  MemoryUsage of job (MB)
	290392  -  ResidentSetSize of job (KB)
...
006 (61127943.040.000) 05/27 06:03:38 Image size of job updated: 283
	283  -  MemoryUsage of job (MB)
	290516  -  ResidentSetSize of job (KB)
...
006 (61127943.040.000) 05/27 06:05:38 Image size of job updated: 283
	283  -  MemoryUsage of job (MB)
	290520  -  ResidentSetSize of job (KB)
...
006 (61127943.040.000) 05/27 06:09:38 Image size of job updated: 283
	283  -  MemoryUsage of job (MB)
	290524  -  ResidentSetSize of job (KB)
...
006 (61127943.040.000) 05/27 06:10:38 Image size of job updated: 283
	283  -  MemoryUsage of job (MB)
	290528  -  ResidentSetSize of job (KB)
...
006 (61127943.040.000) 05/27 06:16:43 Image size of job updated: 283
	283  -  MemoryUsage of job (MB)
	290532  -  ResidentSetSize of job (KB)
...
006 (61127943.040.000) 05/27 06:23:49 Image size of job updated: 283
	283  -  MemoryUsage of job (MB)
	290804  -  ResidentSetSize of job (KB)
...
006 (61127943.040.000) 05/27 06:33:56 Image size of job updated: 283
	283  -  MemoryUsage of job (MB)
	290808  -  ResidentSetSize of job (KB)
...
006 (61127943.040.000) 05/27 06:34:57 Image size of job updated: 284
	284  -  MemoryUsage of job (MB)
	290848  -  ResidentSetSize of job (KB)
...
006 (61127943.040.000) 05/27 06:39:01 Image size of job updated: 284
	284  -  MemoryUsage of job (MB)
	290852  -  ResidentSetSize of job (KB)
...
006 (61127943.040.000) 05/27 06:41:02 Image size of job updated: 284
	284  -  MemoryUsage of job (MB)
	290856  -  ResidentSetSize of job (KB)
...
006 (61127943.040.000) 05/27 06:49:03 Image size of job updated: 284
	284  -  MemoryUsage of job (MB)
	290860  -  ResidentSetSize of job (KB)
...
006 (61127943.040.000) 05/27 06:58:03 Image size of job updated: 284
	284  -  MemoryUsage of job (MB)
	290864  -  ResidentSetSize of job (KB)
...
005 (61127943.040.000) 05/27 07:02:05 Job terminated.
	(1) Normal termination (return value 0)
		Usr 0 01:06:30, Sys 0 00:02:52  -  Run Remote Usage
		Usr 0 00:00:00, Sys 0 00:00:00  -  Run Local Usage
		Usr 0 01:06:30, Sys 0 00:02:52  -  Total Remote Usage
		Usr 0 00:00:00, Sys 0 00:00:00  -  Total Local Usage
	53928  -  Run Bytes Sent By Job
	14471  -  Run Bytes Received By Job
	53928  -  Total Bytes Sent By Job
	14471  -  Total Bytes Received By Job
	Partitionable Resources :    Usage  Request Allocated 
	   Cpus                 :     0.00        1         1 
	   Disk (KB)            :    86           7    318704 
	   Memory (MB)          :   284        2048      2048 
...
