000 (61127943.032.000) 05/27 05:40:40 Job submitted from host: <131.225.188.235:9618?addrs=131.225.188.235-9618&noUDP&sock=15005_c2aa_3>
...
001 (61127943.032.000) 05/27 05:41:10 Job executing on host: <131.225.206.156:9618?addrs=131.225.206.156-9618&noUDP&sock=4538_44de_3>
...
006 (61127943.032.000) 05/27 05:41:19 Image size of job updated: 11
	11  -  MemoryUsage of job (MB)
	12004  -  ResidentSetSize of job (KB)
...
006 (61127943.032.000) 05/27 05:42:20 Image size of job updated: 218
	218  -  MemoryUsage of job (MB)
	223364  -  ResidentSetSize of job (KB)
...
006 (61127943.032.000) 05/27 05:43:21 Image size of job updated: 218
	218  -  MemoryUsage of job (MB)
	223544  -  ResidentSetSize of job (KB)
...
006 (61127943.032.000) 05/27 05:44:22 Image size of job updated: 218
	218  -  MemoryUsage of job (MB)
	223652  -  ResidentSetSize of job (KB)
...
006 (61127943.032.000) 05/27 05:45:24 Image size of job updated: 274
	274  -  MemoryUsage of job (MB)
	281552  -  ResidentSetSize of job (KB)
...
006 (61127943.032.000) 05/27 05:46:24 Image size of job updated: 281
	281  -  MemoryUsage of job (MB)
	288676  -  ResidentSetSize of job (KB)
...
006 (61127943.032.000) 05/27 05:47:24 Image size of job updated: 282
	282  -  MemoryUsage of job (MB)
	288872  -  ResidentSetSize of job (KB)
...
006 (61127943.032.000) 05/27 05:48:24 Image size of job updated: 282
	282  -  MemoryUsage of job (MB)
	288936  -  ResidentSetSize of job (KB)
...
006 (61127943.032.000) 05/27 05:49:24 Image size of job updated: 282
	282  -  MemoryUsage of job (MB)
	289632  -  ResidentSetSize of job (KB)
...
006 (61127943.032.000) 05/27 05:50:24 Image size of job updated: 282
	282  -  MemoryUsage of job (MB)
	289708  -  ResidentSetSize of job (KB)
...
006 (61127943.032.000) 05/27 05:51:24 Image size of job updated: 282
	282  -  MemoryUsage of job (MB)
	289744  -  ResidentSetSize of job (KB)
...
006 (61127943.032.000) 05/27 05:52:24 Image size of job updated: 282
	282  -  MemoryUsage of job (MB)
	289772  -  ResidentSetSize of job (KB)
...
006 (61127943.032.000) 05/27 05:53:24 Image size of job updated: 282
	282  -  MemoryUsage of job (MB)
	289784  -  ResidentSetSize of job (KB)
...
006 (61127943.032.000) 05/27 05:56:26 Image size of job updated: 283
	283  -  MemoryUsage of job (MB)
	289796  -  ResidentSetSize of job (KB)
...
006 (61127943.032.000) 05/27 05:57:27 Image size of job updated: 283
	283  -  MemoryUsage of job (MB)
	289848  -  ResidentSetSize of job (KB)
...
006 (61127943.032.000) 05/27 06:00:30 Image size of job updated: 283
	283  -  MemoryUsage of job (MB)
	289860  -  ResidentSetSize of job (KB)
...
006 (61127943.032.000) 05/27 06:01:31 Image size of job updated: 283
	283  -  MemoryUsage of job (MB)
	289868  -  ResidentSetSize of job (KB)
...
006 (61127943.032.000) 05/27 06:02:32 Image size of job updated: 283
	283  -  MemoryUsage of job (MB)
	289872  -  ResidentSetSize of job (KB)
...
006 (61127943.032.000) 05/27 06:05:33 Image size of job updated: 283
	283  -  MemoryUsage of job (MB)
	289912  -  ResidentSetSize of job (KB)
...
006 (61127943.032.000) 05/27 06:06:33 Image size of job updated: 283
	283  -  MemoryUsage of job (MB)
	290008  -  ResidentSetSize of job (KB)
...
006 (61127943.032.000) 05/27 06:07:33 Image size of job updated: 283
	283  -  MemoryUsage of job (MB)
	290020  -  ResidentSetSize of job (KB)
...
006 (61127943.032.000) 05/27 06:09:34 Image size of job updated: 283
	283  -  MemoryUsage of job (MB)
	290060  -  ResidentSetSize of job (KB)
...
006 (61127943.032.000) 05/27 06:15:38 Image size of job updated: 283
	283  -  MemoryUsage of job (MB)
	290116  -  ResidentSetSize of job (KB)
...
006 (61127943.032.000) 05/27 06:18:38 Image size of job updated: 283
	283  -  MemoryUsage of job (MB)
	290120  -  ResidentSetSize of job (KB)
...
006 (61127943.032.000) 05/27 06:19:38 Image size of job updated: 283
	283  -  MemoryUsage of job (MB)
	290124  -  ResidentSetSize of job (KB)
...
006 (61127943.032.000) 05/27 06:21:40 Image size of job updated: 283
	283  -  MemoryUsage of job (MB)
	290136  -  ResidentSetSize of job (KB)
...
006 (61127943.032.000) 05/27 06:23:42 Image size of job updated: 283
	283  -  MemoryUsage of job (MB)
	290140  -  ResidentSetSize of job (KB)
...
006 (61127943.032.000) 05/27 06:24:06 Image size of job updated: 283
	283  -  MemoryUsage of job (MB)
	290144  -  ResidentSetSize of job (KB)
...
005 (61127943.032.000) 05/27 06:24:06 Job terminated.
	(1) Normal termination (return value 0)
		Usr 0 00:33:35, Sys 0 00:01:33  -  Run Remote Usage
		Usr 0 00:00:00, Sys 0 00:00:00  -  Run Local Usage
		Usr 0 00:33:35, Sys 0 00:01:33  -  Total Remote Usage
		Usr 0 00:00:00, Sys 0 00:00:00  -  Total Local Usage
	40609  -  Run Bytes Sent By Job
	14471  -  Run Bytes Received By Job
	40609  -  Total Bytes Sent By Job
	14471  -  Total Bytes Received By Job
	Partitionable Resources :    Usage  Request Allocated 
	   Cpus                 :        0        1         1 
	   Disk (KB)            :       74        7    324848 
	   Memory (MB)          :      283     2048      2048 
...
