000 (61127943.030.000) 05/27 05:40:40 Job submitted from host: <131.225.188.235:9618?addrs=131.225.188.235-9618&noUDP&sock=15005_c2aa_3>
...
001 (61127943.030.000) 05/27 05:41:10 Job executing on host: <131.225.206.180:9618?addrs=131.225.206.180-9618&noUDP&sock=4700_6336_3>
...
006 (61127943.030.000) 05/27 05:41:19 Image size of job updated: 2
	1  -  MemoryUsage of job (MB)
	1840  -  ResidentSetSize of job (KB)
...
006 (61127943.030.000) 05/27 05:42:19 Image size of job updated: 217
	217  -  MemoryUsage of job (MB)
	223132  -  ResidentSetSize of job (KB)
...
006 (61127943.030.000) 05/27 05:43:19 Image size of job updated: 218
	218  -  MemoryUsage of job (MB)
	223652  -  ResidentSetSize of job (KB)
...
006 (61127943.030.000) 05/27 05:44:19 Image size of job updated: 218
	218  -  MemoryUsage of job (MB)
	223724  -  ResidentSetSize of job (KB)
...
006 (61127943.030.000) 05/27 05:45:19 Image size of job updated: 278
	278  -  MemoryUsage of job (MB)
	285416  -  ResidentSetSize of job (KB)
...
006 (61127943.030.000) 05/27 05:46:19 Image size of job updated: 280
	280  -  MemoryUsage of job (MB)
	286780  -  ResidentSetSize of job (KB)
...
006 (61127943.030.000) 05/27 05:47:19 Image size of job updated: 281
	281  -  MemoryUsage of job (MB)
	288652  -  ResidentSetSize of job (KB)
...
006 (61127943.030.000) 05/27 05:48:20 Image size of job updated: 282
	282  -  MemoryUsage of job (MB)
	289452  -  ResidentSetSize of job (KB)
...
006 (61127943.030.000) 05/27 05:49:21 Image size of job updated: 282
	282  -  MemoryUsage of job (MB)
	289600  -  ResidentSetSize of job (KB)
...
006 (61127943.030.000) 05/27 05:50:22 Image size of job updated: 282
	282  -  MemoryUsage of job (MB)
	289708  -  ResidentSetSize of job (KB)
...
006 (61127943.030.000) 05/27 05:51:23 Image size of job updated: 284
	284  -  MemoryUsage of job (MB)
	290844  -  ResidentSetSize of job (KB)
...
006 (61127943.030.000) 05/27 05:52:24 Image size of job updated: 284
	284  -  MemoryUsage of job (MB)
	291524  -  ResidentSetSize of job (KB)
...
006 (61127943.030.000) 05/27 05:53:25 Image size of job updated: 284
	284  -  MemoryUsage of job (MB)
	291564  -  ResidentSetSize of job (KB)
...
006 (61127943.030.000) 05/27 05:54:26 Image size of job updated: 285
	285  -  MemoryUsage of job (MB)
	292448  -  ResidentSetSize of job (KB)
...
006 (61127943.030.000) 05/27 05:55:28 Image size of job updated: 285
	285  -  MemoryUsage of job (MB)
	292480  -  ResidentSetSize of job (KB)
...
006 (61127943.030.000) 05/27 05:57:28 Image size of job updated: 285
	285  -  MemoryUsage of job (MB)
	292640  -  ResidentSetSize of job (KB)
...
006 (61127943.030.000) 05/27 05:58:28 Image size of job updated: 285
	285  -  MemoryUsage of job (MB)
	292672  -  ResidentSetSize of job (KB)
...
006 (61127943.030.000) 05/27 06:00:28 Image size of job updated: 285
	285  -  MemoryUsage of job (MB)
	292696  -  ResidentSetSize of job (KB)
...
006 (61127943.030.000) 05/27 06:02:28 Image size of job updated: 285
	285  -  MemoryUsage of job (MB)
	292720  -  ResidentSetSize of job (KB)
...
006 (61127943.030.000) 05/27 06:05:29 Image size of job updated: 285
	285  -  MemoryUsage of job (MB)
	292852  -  ResidentSetSize of job (KB)
...
006 (61127943.030.000) 05/27 06:06:30 Image size of job updated: 286
	286  -  MemoryUsage of job (MB)
	293000  -  ResidentSetSize of job (KB)
...
006 (61127943.030.000) 05/27 06:07:31 Image size of job updated: 286
	286  -  MemoryUsage of job (MB)
	293024  -  ResidentSetSize of job (KB)
...
006 (61127943.030.000) 05/27 06:08:33 Image size of job updated: 286
	286  -  MemoryUsage of job (MB)
	293140  -  ResidentSetSize of job (KB)
...
006 (61127943.030.000) 05/27 06:09:33 Image size of job updated: 286
	286  -  MemoryUsage of job (MB)
	293144  -  ResidentSetSize of job (KB)
...
006 (61127943.030.000) 05/27 06:12:33 Image size of job updated: 286
	286  -  MemoryUsage of job (MB)
	293152  -  ResidentSetSize of job (KB)
...
006 (61127943.030.000) 05/27 06:14:33 Image size of job updated: 286
	286  -  MemoryUsage of job (MB)
	293164  -  ResidentSetSize of job (KB)
...
006 (61127943.030.000) 05/27 06:15:34 Image size of job updated: 286
	286  -  MemoryUsage of job (MB)
	293184  -  ResidentSetSize of job (KB)
...
006 (61127943.030.000) 05/27 06:16:35 Image size of job updated: 286
	286  -  MemoryUsage of job (MB)
	293188  -  ResidentSetSize of job (KB)
...
006 (61127943.030.000) 05/27 06:19:37 Image size of job updated: 286
	286  -  MemoryUsage of job (MB)
	293192  -  ResidentSetSize of job (KB)
...
006 (61127943.030.000) 05/27 06:20:37 Image size of job updated: 286
	286  -  MemoryUsage of job (MB)
	293204  -  ResidentSetSize of job (KB)
...
006 (61127943.030.000) 05/27 06:21:37 Image size of job updated: 286
	286  -  MemoryUsage of job (MB)
	293236  -  ResidentSetSize of job (KB)
...
006 (61127943.030.000) 05/27 06:22:38 Image size of job updated: 286
	286  -  MemoryUsage of job (MB)
	293248  -  ResidentSetSize of job (KB)
...
005 (61127943.030.000) 05/27 06:22:49 Job terminated.
	(1) Normal termination (return value 0)
		Usr 0 00:32:00, Sys 0 00:01:53  -  Run Remote Usage
		Usr 0 00:00:00, Sys 0 00:00:00  -  Run Local Usage
		Usr 0 00:32:00, Sys 0 00:01:53  -  Total Remote Usage
		Usr 0 00:00:00, Sys 0 00:00:00  -  Total Local Usage
	42312  -  Run Bytes Sent By Job
	14471  -  Run Bytes Received By Job
	42312  -  Total Bytes Sent By Job
	14471  -  Total Bytes Received By Job
	Partitionable Resources :    Usage  Request Allocated 
	   Cpus                 :     0.16        1         1 
	   Disk (KB)            :    75           7    312818 
	   Memory (MB)          :   286        2048      2048 
...
