000 (61127943.028.000) 05/27 05:40:40 Job submitted from host: <131.225.188.235:9618?addrs=131.225.188.235-9618&noUDP&sock=15005_c2aa_3>
...
001 (61127943.028.000) 05/27 05:41:09 Job executing on host: <131.225.204.110:9618?addrs=131.225.204.110-9618&noUDP&sock=4538_44de_3>
...
006 (61127943.028.000) 05/27 05:41:18 Image size of job updated: 2
	1  -  MemoryUsage of job (MB)
	1652  -  ResidentSetSize of job (KB)
...
006 (61127943.028.000) 05/27 05:42:19 Image size of job updated: 217
	217  -  MemoryUsage of job (MB)
	222984  -  ResidentSetSize of job (KB)
...
006 (61127943.028.000) 05/27 05:43:20 Image size of job updated: 217
	217  -  MemoryUsage of job (MB)
	223088  -  ResidentSetSize of job (KB)
...
006 (61127943.028.000) 05/27 05:44:22 Image size of job updated: 278
	278  -  MemoryUsage of job (MB)
	284964  -  ResidentSetSize of job (KB)
...
006 (61127943.028.000) 05/27 05:45:22 Image size of job updated: 281
	281  -  MemoryUsage of job (MB)
	288068  -  ResidentSetSize of job (KB)
...
006 (61127943.028.000) 05/27 05:46:22 Image size of job updated: 281
	281  -  MemoryUsage of job (MB)
	288724  -  ResidentSetSize of job (KB)
...
006 (61127943.028.000) 05/27 05:47:22 Image size of job updated: 282
	282  -  MemoryUsage of job (MB)
	288916  -  ResidentSetSize of job (KB)
...
006 (61127943.028.000) 05/27 05:48:22 Image size of job updated: 282
	282  -  MemoryUsage of job (MB)
	289028  -  ResidentSetSize of job (KB)
...
006 (61127943.028.000) 05/27 05:49:22 Image size of job updated: 282
	282  -  MemoryUsage of job (MB)
	289064  -  ResidentSetSize of job (KB)
...
006 (61127943.028.000) 05/27 05:50:22 Image size of job updated: 282
	282  -  MemoryUsage of job (MB)
	289244  -  ResidentSetSize of job (KB)
...
006 (61127943.028.000) 05/27 05:51:22 Image size of job updated: 282
	282  -  MemoryUsage of job (MB)
	289276  -  ResidentSetSize of job (KB)
...
006 (61127943.028.000) 05/27 05:52:22 Image size of job updated: 282
	282  -  MemoryUsage of job (MB)
	289404  -  ResidentSetSize of job (KB)
...
006 (61127943.028.000) 05/27 05:53:22 Image size of job updated: 282
	282  -  MemoryUsage of job (MB)
	289416  -  ResidentSetSize of job (KB)
...
006 (61127943.028.000) 05/27 05:54:22 Image size of job updated: 282
	282  -  MemoryUsage of job (MB)
	289424  -  ResidentSetSize of job (KB)
...
006 (61127943.028.000) 05/27 05:55:22 Image size of job updated: 282
	282  -  MemoryUsage of job (MB)
	289500  -  ResidentSetSize of job (KB)
...
006 (61127943.028.000) 05/27 05:56:23 Image size of job updated: 282
	282  -  MemoryUsage of job (MB)
	289608  -  ResidentSetSize of job (KB)
...
006 (61127943.028.000) 05/27 05:57:24 Image size of job updated: 282
	282  -  MemoryUsage of job (MB)
	289632  -  ResidentSetSize of job (KB)
...
006 (61127943.028.000) 05/27 05:58:25 Image size of job updated: 282
	282  -  MemoryUsage of job (MB)
	289676  -  ResidentSetSize of job (KB)
...
006 (61127943.028.000) 05/27 05:59:26 Image size of job updated: 282
	282  -  MemoryUsage of job (MB)
	289688  -  ResidentSetSize of job (KB)
...
006 (61127943.028.000) 05/27 06:00:27 Image size of job updated: 282
	282  -  MemoryUsage of job (MB)
	289720  -  ResidentSetSize of job (KB)
...
006 (61127943.028.000) 05/27 06:01:21 Image size of job updated: 282
	0  -  MemoryUsage of job (MB)
	289720  -  ResidentSetSize of job (KB)
...
005 (61127943.028.000) 05/27 06:01:22 Job terminated.
	(1) Normal termination (return value 0)
		Usr 0 00:15:16, Sys 0 00:01:09  -  Run Remote Usage
		Usr 0 00:00:00, Sys 0 00:00:00  -  Run Local Usage
		Usr 0 00:15:16, Sys 0 00:01:09  -  Total Remote Usage
		Usr 0 00:00:00, Sys 0 00:00:00  -  Total Local Usage
	31324  -  Run Bytes Sent By Job
	14471  -  Run Bytes Received By Job
	31324  -  Total Bytes Sent By Job
	14471  -  Total Bytes Received By Job
	Partitionable Resources :    Usage  Request Allocated 
	   Cpus                 :     0.00        1         1 
	   Disk (KB)            :    64           7    320091 
	   Memory (MB)          :     0        2048      2048 
...
