000 (61127943.029.000) 05/27 05:40:40 Job submitted from host: <131.225.188.235:9618?addrs=131.225.188.235-9618&noUDP&sock=15005_c2aa_3>
...
001 (61127943.029.000) 05/27 05:41:10 Job executing on host: <131.225.191.150:9618?addrs=131.225.191.150-9618&noUDP&sock=4524_aa8b_3>
...
006 (61127943.029.000) 05/27 05:41:19 Image size of job updated: 4
	4  -  MemoryUsage of job (MB)
	4696  -  ResidentSetSize of job (KB)
...
006 (61127943.029.000) 05/27 05:42:21 Image size of job updated: 217
	217  -  MemoryUsage of job (MB)
	223028  -  ResidentSetSize of job (KB)
...
006 (61127943.029.000) 05/27 05:43:22 Image size of job updated: 217
	217  -  MemoryUsage of job (MB)
	223216  -  ResidentSetSize of job (KB)
...
006 (61127943.029.000) 05/27 05:44:23 Image size of job updated: 228
	228  -  MemoryUsage of job (MB)
	233576  -  ResidentSetSize of job (KB)
...
006 (61127943.029.000) 05/27 05:45:24 Image size of job updated: 270
	270  -  MemoryUsage of job (MB)
	277260  -  ResidentSetSize of job (KB)
...
006 (61127943.029.000) 05/27 05:46:25 Image size of job updated: 280
	280  -  MemoryUsage of job (MB)
	287184  -  ResidentSetSize of job (KB)
...
006 (61127943.029.000) 05/27 05:47:25 Image size of job updated: 281
	281  -  MemoryUsage of job (MB)
	287788  -  ResidentSetSize of job (KB)
...
006 (61127943.029.000) 05/27 05:48:25 Image size of job updated: 281
	281  -  MemoryUsage of job (MB)
	288696  -  ResidentSetSize of job (KB)
...
006 (61127943.029.000) 05/27 05:49:25 Image size of job updated: 281
	281  -  MemoryUsage of job (MB)
	288740  -  ResidentSetSize of job (KB)
...
006 (61127943.029.000) 05/27 05:50:25 Image size of job updated: 282
	282  -  MemoryUsage of job (MB)
	288960  -  ResidentSetSize of job (KB)
...
006 (61127943.029.000) 05/27 05:51:25 Image size of job updated: 282
	282  -  MemoryUsage of job (MB)
	288976  -  ResidentSetSize of job (KB)
...
006 (61127943.029.000) 05/27 05:52:25 Image size of job updated: 282
	282  -  MemoryUsage of job (MB)
	289128  -  ResidentSetSize of job (KB)
...
006 (61127943.029.000) 05/27 05:53:25 Image size of job updated: 282
	282  -  MemoryUsage of job (MB)
	289156  -  ResidentSetSize of job (KB)
...
006 (61127943.029.000) 05/27 05:54:26 Image size of job updated: 282
	282  -  MemoryUsage of job (MB)
	289180  -  ResidentSetSize of job (KB)
...
006 (61127943.029.000) 05/27 05:55:27 Image size of job updated: 282
	282  -  MemoryUsage of job (MB)
	289184  -  ResidentSetSize of job (KB)
...
006 (61127943.029.000) 05/27 05:56:28 Image size of job updated: 282
	282  -  MemoryUsage of job (MB)
	289236  -  ResidentSetSize of job (KB)
...
006 (61127943.029.000) 05/27 05:57:29 Image size of job updated: 282
	282  -  MemoryUsage of job (MB)
	289248  -  ResidentSetSize of job (KB)
...
006 (61127943.029.000) 05/27 05:58:30 Image size of job updated: 282
	282  -  MemoryUsage of job (MB)
	289332  -  ResidentSetSize of job (KB)
...
006 (61127943.029.000) 05/27 05:59:31 Image size of job updated: 282
	282  -  MemoryUsage of job (MB)
	289356  -  ResidentSetSize of job (KB)
...
006 (61127943.029.000) 05/27 06:00:32 Image size of job updated: 282
	282  -  MemoryUsage of job (MB)
	289372  -  ResidentSetSize of job (KB)
...
006 (61127943.029.000) 05/27 06:01:32 Image size of job updated: 282
	282  -  MemoryUsage of job (MB)
	289376  -  ResidentSetSize of job (KB)
...
006 (61127943.029.000) 05/27 06:02:32 Image size of job updated: 282
	282  -  MemoryUsage of job (MB)
	289412  -  ResidentSetSize of job (KB)
...
006 (61127943.029.000) 05/27 06:03:32 Image size of job updated: 282
	282  -  MemoryUsage of job (MB)
	289432  -  ResidentSetSize of job (KB)
...
006 (61127943.029.000) 05/27 06:04:32 Image size of job updated: 282
	282  -  MemoryUsage of job (MB)
	289464  -  ResidentSetSize of job (KB)
...
006 (61127943.029.000) 05/27 06:05:32 Image size of job updated: 282
	282  -  MemoryUsage of job (MB)
	289484  -  ResidentSetSize of job (KB)
...
006 (61127943.029.000) 05/27 06:06:32 Image size of job updated: 282
	282  -  MemoryUsage of job (MB)
	289504  -  ResidentSetSize of job (KB)
...
006 (61127943.029.000) 05/27 06:07:33 Image size of job updated: 282
	282  -  MemoryUsage of job (MB)
	289520  -  ResidentSetSize of job (KB)
...
006 (61127943.029.000) 05/27 06:08:34 Image size of job updated: 282
	282  -  MemoryUsage of job (MB)
	289572  -  ResidentSetSize of job (KB)
...
006 (61127943.029.000) 05/27 06:09:35 Image size of job updated: 282
	282  -  MemoryUsage of job (MB)
	289576  -  ResidentSetSize of job (KB)
...
006 (61127943.029.000) 05/27 06:10:37 Image size of job updated: 282
	282  -  MemoryUsage of job (MB)
	289596  -  ResidentSetSize of job (KB)
...
006 (61127943.029.000) 05/27 06:11:37 Image size of job updated: 282
	282  -  MemoryUsage of job (MB)
	289600  -  ResidentSetSize of job (KB)
...
006 (61127943.029.000) 05/27 06:12:37 Image size of job updated: 282
	282  -  MemoryUsage of job (MB)
	289660  -  ResidentSetSize of job (KB)
...
006 (61127943.029.000) 05/27 06:13:37 Image size of job updated: 282
	282  -  MemoryUsage of job (MB)
	289668  -  ResidentSetSize of job (KB)
...
006 (61127943.029.000) 05/27 06:14:37 Image size of job updated: 282
	282  -  MemoryUsage of job (MB)
	289724  -  ResidentSetSize of job (KB)
...
006 (61127943.029.000) 05/27 06:15:37 Image size of job updated: 283
	283  -  MemoryUsage of job (MB)
	289912  -  ResidentSetSize of job (KB)
...
006 (61127943.029.000) 05/27 06:16:37 Image size of job updated: 283
	283  -  MemoryUsage of job (MB)
	290192  -  ResidentSetSize of job (KB)
...
006 (61127943.029.000) 05/27 06:17:38 Image size of job updated: 283
	283  -  MemoryUsage of job (MB)
	290196  -  ResidentSetSize of job (KB)
...
006 (61127943.029.000) 05/27 06:18:39 Image size of job updated: 283
	283  -  MemoryUsage of job (MB)
	290212  -  ResidentSetSize of job (KB)
...
006 (61127943.029.000) 05/27 06:19:40 Image size of job updated: 283
	283  -  MemoryUsage of job (MB)
	290220  -  ResidentSetSize of job (KB)
...
006 (61127943.029.000) 05/27 06:20:41 Image size of job updated: 283
	283  -  MemoryUsage of job (MB)
	290228  -  ResidentSetSize of job (KB)
...
006 (61127943.029.000) 05/27 06:21:43 Image size of job updated: 283
	283  -  MemoryUsage of job (MB)
	290236  -  ResidentSetSize of job (KB)
...
006 (61127943.029.000) 05/27 06:22:43 Image size of job updated: 283
	283  -  MemoryUsage of job (MB)
	290260  -  ResidentSetSize of job (KB)
...
006 (61127943.029.000) 05/27 06:22:55 Image size of job updated: 283
	283  -  MemoryUsage of job (MB)
	290276  -  ResidentSetSize of job (KB)
...
005 (61127943.029.000) 05/27 06:22:56 Job terminated.
	(1) Normal termination (return value 0)
		Usr 0 00:32:03, Sys 0 00:01:40  -  Run Remote Usage
		Usr 0 00:00:00, Sys 0 00:00:00  -  Run Local Usage
		Usr 0 00:32:03, Sys 0 00:01:40  -  Total Remote Usage
		Usr 0 00:00:00, Sys 0 00:00:00  -  Total Local Usage
	46591  -  Run Bytes Sent By Job
	14471  -  Run Bytes Received By Job
	46591  -  Total Bytes Sent By Job
	14471  -  Total Bytes Received By Job
	Partitionable Resources :    Usage  Request Allocated 
	   Cpus                 :     0.00        1         1 
	   Disk (KB)            :    80           7    324194 
	   Memory (MB)          :   283        2048      2048 
...
