000 (61127943.027.000) 05/27 05:40:40 Job submitted from host: <131.225.188.235:9618?addrs=131.225.188.235-9618&noUDP&sock=15005_c2aa_3>
...
001 (61127943.027.000) 05/27 05:41:09 Job executing on host: <131.225.204.111:9618?addrs=131.225.204.111-9618&noUDP&sock=4561_0b8c_3>
...
006 (61127943.027.000) 05/27 05:41:18 Image size of job updated: 8
	8  -  MemoryUsage of job (MB)
	9036  -  ResidentSetSize of job (KB)
...
006 (61127943.027.000) 05/27 05:42:20 Image size of job updated: 216
	216  -  MemoryUsage of job (MB)
	222196  -  ResidentSetSize of job (KB)
...
006 (61127943.027.000) 05/27 05:43:20 Image size of job updated: 217
	217  -  MemoryUsage of job (MB)
	222308  -  ResidentSetSize of job (KB)
...
006 (61127943.027.000) 05/27 05:44:20 Image size of job updated: 249
	249  -  MemoryUsage of job (MB)
	255792  -  ResidentSetSize of job (KB)
...
006 (61127943.027.000) 05/27 05:45:20 Image size of job updated: 274
	274  -  MemoryUsage of job (MB)
	281300  -  ResidentSetSize of job (KB)
...
006 (61127943.027.000) 05/27 05:46:20 Image size of job updated: 278
	278  -  MemoryUsage of job (MB)
	285420  -  ResidentSetSize of job (KB)
...
006 (61127943.027.000) 05/27 05:47:20 Image size of job updated: 280
	280  -  MemoryUsage of job (MB)
	286768  -  ResidentSetSize of job (KB)
...
006 (61127943.027.000) 05/27 05:48:20 Image size of job updated: 281
	281  -  MemoryUsage of job (MB)
	288424  -  ResidentSetSize of job (KB)
...
006 (61127943.027.000) 05/27 05:49:20 Image size of job updated: 282
	282  -  MemoryUsage of job (MB)
	289656  -  ResidentSetSize of job (KB)
...
006 (61127943.027.000) 05/27 05:50:20 Image size of job updated: 284
	284  -  MemoryUsage of job (MB)
	291144  -  ResidentSetSize of job (KB)
...
006 (61127943.027.000) 05/27 05:51:20 Image size of job updated: 285
	285  -  MemoryUsage of job (MB)
	291996  -  ResidentSetSize of job (KB)
...
006 (61127943.027.000) 05/27 05:52:20 Image size of job updated: 286
	286  -  MemoryUsage of job (MB)
	293288  -  ResidentSetSize of job (KB)
...
006 (61127943.027.000) 05/27 05:53:21 Image size of job updated: 287
	287  -  MemoryUsage of job (MB)
	294844  -  ResidentSetSize of job (KB)
...
006 (61127943.027.000) 05/27 05:54:22 Image size of job updated: 289
	289  -  MemoryUsage of job (MB)
	296004  -  ResidentSetSize of job (KB)
...
006 (61127943.027.000) 05/27 05:55:23 Image size of job updated: 290
	290  -  MemoryUsage of job (MB)
	297032  -  ResidentSetSize of job (KB)
...
006 (61127943.027.000) 05/27 05:56:24 Image size of job updated: 291
	291  -  MemoryUsage of job (MB)
	298372  -  ResidentSetSize of job (KB)
...
006 (61127943.027.000) 05/27 05:57:25 Image size of job updated: 292
	292  -  MemoryUsage of job (MB)
	299548  -  ResidentSetSize of job (KB)
...
006 (61127943.027.000) 05/27 05:58:26 Image size of job updated: 293
	293  -  MemoryUsage of job (MB)
	300752  -  ResidentSetSize of job (KB)
...
006 (61127943.027.000) 05/27 05:59:27 Image size of job updated: 294
	294  -  MemoryUsage of job (MB)
	301544  -  ResidentSetSize of job (KB)
...
006 (61127943.027.000) 05/27 06:00:28 Image size of job updated: 295
	295  -  MemoryUsage of job (MB)
	302656  -  ResidentSetSize of job (KB)
...
006 (61127943.027.000) 05/27 06:01:28 Image size of job updated: 296
	296  -  MemoryUsage of job (MB)
	303720  -  ResidentSetSize of job (KB)
...
006 (61127943.027.000) 05/27 06:02:28 Image size of job updated: 297
	297  -  MemoryUsage of job (MB)
	304772  -  ResidentSetSize of job (KB)
...
006 (61127943.027.000) 05/27 06:03:28 Image size of job updated: 298
	298  -  MemoryUsage of job (MB)
	305236  -  ResidentSetSize of job (KB)
...
006 (61127943.027.000) 05/27 06:04:28 Image size of job updated: 298
	298  -  MemoryUsage of job (MB)
	305240  -  ResidentSetSize of job (KB)
...
006 (61127943.027.000) 05/27 06:06:28 Image size of job updated: 298
	298  -  MemoryUsage of job (MB)
	305252  -  ResidentSetSize of job (KB)
...
006 (61127943.027.000) 05/27 06:07:28 Image size of job updated: 298
	298  -  MemoryUsage of job (MB)
	305296  -  ResidentSetSize of job (KB)
...
006 (61127943.027.000) 05/27 06:10:31 Image size of job updated: 298
	298  -  MemoryUsage of job (MB)
	305300  -  ResidentSetSize of job (KB)
...
006 (61127943.027.000) 05/27 06:12:35 Image size of job updated: 298
	298  -  MemoryUsage of job (MB)
	305308  -  ResidentSetSize of job (KB)
...
006 (61127943.027.000) 05/27 06:14:35 Image size of job updated: 298
	298  -  MemoryUsage of job (MB)
	305316  -  ResidentSetSize of job (KB)
...
005 (61127943.027.000) 05/27 06:17:17 Job terminated.
	(1) Normal termination (return value 0)
		Usr 0 00:27:10, Sys 0 00:01:42  -  Run Remote Usage
		Usr 0 00:00:00, Sys 0 00:00:00  -  Run Local Usage
		Usr 0 00:27:10, Sys 0 00:01:42  -  Total Remote Usage
		Usr 0 00:00:00, Sys 0 00:00:00  -  Total Local Usage
	35588  -  Run Bytes Sent By Job
	14471  -  Run Bytes Received By Job
	35588  -  Total Bytes Sent By Job
	14471  -  Total Bytes Received By Job
	Partitionable Resources :    Usage  Request Allocated 
	   Cpus                 :        0        1         1 
	   Disk (KB)            :       68        7    323804 
	   Memory (MB)          :      298     2048      2048 
...
