000 (61127943.109.000) 05/27 05:40:41 Job submitted from host: <131.225.188.235:9618?addrs=131.225.188.235-9618&noUDP&sock=15005_c2aa_3>
...
001 (61127943.109.000) 05/27 05:41:27 Job executing on host: <131.225.206.205:9618?addrs=131.225.206.205-9618&noUDP&sock=4536_e5ae_3>
...
006 (61127943.109.000) 05/27 05:41:36 Image size of job updated: 2
	1  -  MemoryUsage of job (MB)
	1420  -  ResidentSetSize of job (KB)
...
006 (61127943.109.000) 05/27 05:42:37 Image size of job updated: 224
	224  -  MemoryUsage of job (MB)
	230268  -  ResidentSetSize of job (KB)
...
006 (61127943.109.000) 05/27 05:43:38 Image size of job updated: 225
	225  -  MemoryUsage of job (MB)
	230516  -  ResidentSetSize of job (KB)
...
006 (61127943.109.000) 05/27 05:44:39 Image size of job updated: 225
	225  -  MemoryUsage of job (MB)
	230536  -  ResidentSetSize of job (KB)
...
006 (61127943.109.000) 05/27 05:45:40 Image size of job updated: 225
	225  -  MemoryUsage of job (MB)
	230548  -  ResidentSetSize of job (KB)
...
006 (61127943.109.000) 05/27 05:46:41 Image size of job updated: 225
	225  -  MemoryUsage of job (MB)
	230556  -  ResidentSetSize of job (KB)
...
006 (61127943.109.000) 05/27 05:48:43 Image size of job updated: 225
	225  -  MemoryUsage of job (MB)
	230572  -  ResidentSetSize of job (KB)
...
006 (61127943.109.000) 05/27 05:49:43 Image size of job updated: 225
	225  -  MemoryUsage of job (MB)
	230576  -  ResidentSetSize of job (KB)
...
006 (61127943.109.000) 05/27 05:50:43 Image size of job updated: 225
	225  -  MemoryUsage of job (MB)
	230580  -  ResidentSetSize of job (KB)
...
006 (61127943.109.000) 05/27 05:52:43 Image size of job updated: 225
	225  -  MemoryUsage of job (MB)
	230636  -  ResidentSetSize of job (KB)
...
006 (61127943.109.000) 05/27 05:53:43 Image size of job updated: 225
	225  -  MemoryUsage of job (MB)
	230644  -  ResidentSetSize of job (KB)
...
006 (61127943.109.000) 05/27 05:54:43 Image size of job updated: 225
	225  -  MemoryUsage of job (MB)
	230652  -  ResidentSetSize of job (KB)
...
006 (61127943.109.000) 05/27 05:57:43 Image size of job updated: 225
	225  -  MemoryUsage of job (MB)
	230660  -  ResidentSetSize of job (KB)
...
006 (61127943.109.000) 05/27 05:58:44 Image size of job updated: 231
	231  -  MemoryUsage of job (MB)
	237116  -  ResidentSetSize of job (KB)
...
006 (61127943.109.000) 05/27 05:59:44 Image size of job updated: 231
	231  -  MemoryUsage of job (MB)
	237252  -  ResidentSetSize of job (KB)
...
006 (61127943.109.000) 05/27 06:00:45 Image size of job updated: 236
	236  -  MemoryUsage of job (MB)
	241692  -  ResidentSetSize of job (KB)
...
006 (61127943.109.000) 05/27 06:01:46 Image size of job updated: 236
	236  -  MemoryUsage of job (MB)
	241992  -  ResidentSetSize of job (KB)
...
006 (61127943.109.000) 05/27 06:16:57 Image size of job updated: 236
	236  -  MemoryUsage of job (MB)
	241996  -  ResidentSetSize of job (KB)
...
006 (61127943.109.000) 05/27 06:19:00 Image size of job updated: 236
	236  -  MemoryUsage of job (MB)
	242000  -  ResidentSetSize of job (KB)
...
006 (61127943.109.000) 05/27 06:25:00 Image size of job updated: 244
	244  -  MemoryUsage of job (MB)
	250840  -  ResidentSetSize of job (KB)
...
006 (61127943.109.000) 05/27 06:26:01 Image size of job updated: 245
	245  -  MemoryUsage of job (MB)
	251284  -  ResidentSetSize of job (KB)
...
006 (61127943.109.000) 05/27 06:27:02 Image size of job updated: 245
	236  -  MemoryUsage of job (MB)
	251284  -  ResidentSetSize of job (KB)
...
006 (61127943.109.000) 05/27 06:45:11 Image size of job updated: 245
	245  -  MemoryUsage of job (MB)
	251340  -  ResidentSetSize of job (KB)
...
006 (61127943.109.000) 05/27 06:46:11 Image size of job updated: 245
	245  -  MemoryUsage of job (MB)
	251344  -  ResidentSetSize of job (KB)
...
006 (61127943.109.000) 05/27 06:47:11 Image size of job updated: 245
	236  -  MemoryUsage of job (MB)
	251344  -  ResidentSetSize of job (KB)
...
006 (61127943.109.000) 05/27 06:58:14 Image size of job updated: 245
	245  -  MemoryUsage of job (MB)
	251344  -  ResidentSetSize of job (KB)
...
006 (61127943.109.000) 05/27 07:00:16 Image size of job updated: 245
	236  -  MemoryUsage of job (MB)
	251344  -  ResidentSetSize of job (KB)
...
006 (61127943.109.000) 05/27 07:17:26 Image size of job updated: 245
	238  -  MemoryUsage of job (MB)
	251344  -  ResidentSetSize of job (KB)
...
006 (61127943.109.000) 05/27 07:18:26 Image size of job updated: 245
	244  -  MemoryUsage of job (MB)
	251344  -  ResidentSetSize of job (KB)
...
006 (61127943.109.000) 05/27 07:19:26 Image size of job updated: 245
	245  -  MemoryUsage of job (MB)
	251344  -  ResidentSetSize of job (KB)
...
006 (61127943.109.000) 05/27 07:20:26 Image size of job updated: 245
	236  -  MemoryUsage of job (MB)
	251344  -  ResidentSetSize of job (KB)
...
005 (61127943.109.000) 05/27 07:27:19 Job terminated.
	(1) Normal termination (return value 0)
		Usr 0 01:08:45, Sys 0 00:07:47  -  Run Remote Usage
		Usr 0 00:00:00, Sys 0 00:00:00  -  Run Local Usage
		Usr 0 01:08:45, Sys 0 00:07:47  -  Total Remote Usage
		Usr 0 00:00:00, Sys 0 00:00:00  -  Total Local Usage
	112738  -  Run Bytes Sent By Job
	14471  -  Run Bytes Received By Job
	112738  -  Total Bytes Sent By Job
	14471  -  Total Bytes Received By Job
	Partitionable Resources :    Usage  Request Allocated 
	   Cpus                 :     0.00        1         1 
	   Disk (KB)            :   144           7    314599 
	   Memory (MB)          :   236        2048      2048 
...
