000 (61127943.121.000) 05/27 05:40:41 Job submitted from host: <131.225.188.235:9618?addrs=131.225.188.235-9618&noUDP&sock=15005_c2aa_3>
...
001 (61127943.121.000) 05/27 05:41:30 Job executing on host: <131.225.204.46:9618?addrs=131.225.204.46-9618&noUDP&sock=4523_faf2_3>
...
006 (61127943.121.000) 05/27 05:41:39 Image size of job updated: 7
	7  -  MemoryUsage of job (MB)
	7512  -  ResidentSetSize of job (KB)
...
006 (61127943.121.000) 05/27 05:42:39 Image size of job updated: 227
	227  -  MemoryUsage of job (MB)
	232604  -  ResidentSetSize of job (KB)
...
006 (61127943.121.000) 05/27 05:43:39 Image size of job updated: 227
	227  -  MemoryUsage of job (MB)
	232696  -  ResidentSetSize of job (KB)
...
006 (61127943.121.000) 05/27 05:44:39 Image size of job updated: 227
	227  -  MemoryUsage of job (MB)
	232724  -  ResidentSetSize of job (KB)
...
006 (61127943.121.000) 05/27 05:45:39 Image size of job updated: 227
	227  -  MemoryUsage of job (MB)
	232732  -  ResidentSetSize of job (KB)
...
006 (61127943.121.000) 05/27 05:46:39 Image size of job updated: 268
	268  -  MemoryUsage of job (MB)
	275020  -  ResidentSetSize of job (KB)
...
006 (61127943.121.000) 05/27 05:47:40 Image size of job updated: 268
	268  -  MemoryUsage of job (MB)
	275296  -  ResidentSetSize of job (KB)
...
006 (61127943.121.000) 05/27 05:48:41 Image size of job updated: 269
	269  -  MemoryUsage of job (MB)
	275488  -  ResidentSetSize of job (KB)
...
006 (61127943.121.000) 05/27 05:49:42 Image size of job updated: 278
	278  -  MemoryUsage of job (MB)
	285080  -  ResidentSetSize of job (KB)
...
006 (61127943.121.000) 05/27 05:50:43 Image size of job updated: 278
	278  -  MemoryUsage of job (MB)
	285100  -  ResidentSetSize of job (KB)
...
006 (61127943.121.000) 05/27 05:51:44 Image size of job updated: 278
	278  -  MemoryUsage of job (MB)
	285136  -  ResidentSetSize of job (KB)
...
006 (61127943.121.000) 05/27 05:52:45 Image size of job updated: 278
	278  -  MemoryUsage of job (MB)
	285320  -  ResidentSetSize of job (KB)
...
006 (61127943.121.000) 05/27 05:53:46 Image size of job updated: 278
	278  -  MemoryUsage of job (MB)
	285368  -  ResidentSetSize of job (KB)
...
006 (61127943.121.000) 05/27 05:54:47 Image size of job updated: 278
	278  -  MemoryUsage of job (MB)
	285412  -  ResidentSetSize of job (KB)
...
006 (61127943.121.000) 05/27 05:55:48 Image size of job updated: 278
	278  -  MemoryUsage of job (MB)
	285536  -  ResidentSetSize of job (KB)
...
006 (61127943.121.000) 05/27 05:56:48 Image size of job updated: 280
	280  -  MemoryUsage of job (MB)
	287008  -  ResidentSetSize of job (KB)
...
006 (61127943.121.000) 05/27 05:57:48 Image size of job updated: 280
	280  -  MemoryUsage of job (MB)
	287152  -  ResidentSetSize of job (KB)
...
006 (61127943.121.000) 05/27 05:58:49 Image size of job updated: 280
	280  -  MemoryUsage of job (MB)
	287184  -  ResidentSetSize of job (KB)
...
006 (61127943.121.000) 05/27 05:59:49 Image size of job updated: 280
	280  -  MemoryUsage of job (MB)
	287204  -  ResidentSetSize of job (KB)
...
006 (61127943.121.000) 05/27 06:00:49 Image size of job updated: 280
	280  -  MemoryUsage of job (MB)
	287268  -  ResidentSetSize of job (KB)
...
006 (61127943.121.000) 05/27 06:01:49 Image size of job updated: 280
	280  -  MemoryUsage of job (MB)
	287324  -  ResidentSetSize of job (KB)
...
006 (61127943.121.000) 05/27 06:02:49 Image size of job updated: 280
	280  -  MemoryUsage of job (MB)
	287348  -  ResidentSetSize of job (KB)
...
006 (61127943.121.000) 05/27 06:03:49 Image size of job updated: 280
	280  -  MemoryUsage of job (MB)
	287376  -  ResidentSetSize of job (KB)
...
006 (61127943.121.000) 05/27 06:04:49 Image size of job updated: 280
	280  -  MemoryUsage of job (MB)
	287404  -  ResidentSetSize of job (KB)
...
006 (61127943.121.000) 05/27 06:05:50 Image size of job updated: 283
	283  -  MemoryUsage of job (MB)
	290384  -  ResidentSetSize of job (KB)
...
006 (61127943.121.000) 05/27 06:06:51 Image size of job updated: 283
	283  -  MemoryUsage of job (MB)
	290412  -  ResidentSetSize of job (KB)
...
006 (61127943.121.000) 05/27 06:07:52 Image size of job updated: 283
	283  -  MemoryUsage of job (MB)
	290472  -  ResidentSetSize of job (KB)
...
006 (61127943.121.000) 05/27 06:08:53 Image size of job updated: 283
	283  -  MemoryUsage of job (MB)
	290496  -  ResidentSetSize of job (KB)
...
006 (61127943.121.000) 05/27 06:09:54 Image size of job updated: 283
	283  -  MemoryUsage of job (MB)
	290524  -  ResidentSetSize of job (KB)
...
006 (61127943.121.000) 05/27 06:10:55 Image size of job updated: 283
	283  -  MemoryUsage of job (MB)
	290556  -  ResidentSetSize of job (KB)
...
005 (61127943.121.000) 05/27 06:10:58 Job terminated.
	(1) Normal termination (return value 0)
		Usr 0 00:18:20, Sys 0 00:02:09  -  Run Remote Usage
		Usr 0 00:00:00, Sys 0 00:00:00  -  Run Local Usage
		Usr 0 00:18:20, Sys 0 00:02:09  -  Total Remote Usage
		Usr 0 00:00:00, Sys 0 00:00:00  -  Total Local Usage
	32160  -  Run Bytes Sent By Job
	14471  -  Run Bytes Received By Job
	32160  -  Total Bytes Sent By Job
	14471  -  Total Bytes Received By Job
	Partitionable Resources :    Usage  Request Allocated 
	   Cpus                 :        0        1         1 
	   Disk (KB)            :       65        7    324451 
	   Memory (MB)          :      283     2048      2048 
...
