000 (61127943.105.000) 05/27 05:40:41 Job submitted from host: <131.225.188.235:9618?addrs=131.225.188.235-9618&noUDP&sock=15005_c2aa_3>
...
001 (61127943.105.000) 05/27 05:41:26 Job executing on host: <131.225.206.154:9618?addrs=131.225.206.154-9618&noUDP&sock=4537_9546_3>
...
006 (61127943.105.000) 05/27 05:41:35 Image size of job updated: 4
	4  -  MemoryUsage of job (MB)
	4700  -  ResidentSetSize of job (KB)
...
006 (61127943.105.000) 05/27 05:42:35 Image size of job updated: 222
	222  -  MemoryUsage of job (MB)
	227848  -  ResidentSetSize of job (KB)
...
006 (61127943.105.000) 05/27 05:43:35 Image size of job updated: 222
	222  -  MemoryUsage of job (MB)
	227976  -  ResidentSetSize of job (KB)
...
006 (61127943.105.000) 05/27 05:44:35 Image size of job updated: 222
	222  -  MemoryUsage of job (MB)
	227992  -  ResidentSetSize of job (KB)
...
006 (61127943.105.000) 05/27 05:45:35 Image size of job updated: 222
	222  -  MemoryUsage of job (MB)
	227996  -  ResidentSetSize of job (KB)
...
006 (61127943.105.000) 05/27 05:46:35 Image size of job updated: 222
	222  -  MemoryUsage of job (MB)
	228004  -  ResidentSetSize of job (KB)
...
006 (61127943.105.000) 05/27 05:47:35 Image size of job updated: 222
	222  -  MemoryUsage of job (MB)
	228012  -  ResidentSetSize of job (KB)
...
006 (61127943.105.000) 05/27 05:48:35 Image size of job updated: 222
	222  -  MemoryUsage of job (MB)
	228024  -  ResidentSetSize of job (KB)
...
006 (61127943.105.000) 05/27 05:49:35 Image size of job updated: 222
	222  -  MemoryUsage of job (MB)
	228032  -  ResidentSetSize of job (KB)
...
006 (61127943.105.000) 05/27 05:50:36 Image size of job updated: 222
	222  -  MemoryUsage of job (MB)
	228036  -  ResidentSetSize of job (KB)
...
006 (61127943.105.000) 05/27 05:52:38 Image size of job updated: 222
	222  -  MemoryUsage of job (MB)
	228060  -  ResidentSetSize of job (KB)
...
006 (61127943.105.000) 05/27 05:54:40 Image size of job updated: 229
	229  -  MemoryUsage of job (MB)
	234980  -  ResidentSetSize of job (KB)
...
006 (61127943.105.000) 05/27 05:55:41 Image size of job updated: 229
	228  -  MemoryUsage of job (MB)
	234980  -  ResidentSetSize of job (KB)
...
006 (61127943.105.000) 05/27 05:56:42 Image size of job updated: 230
	230  -  MemoryUsage of job (MB)
	236404  -  ResidentSetSize of job (KB)
...
006 (61127943.105.000) 05/27 05:58:45 Image size of job updated: 230
	230  -  MemoryUsage of job (MB)
	236464  -  ResidentSetSize of job (KB)
...
006 (61127943.105.000) 05/27 06:00:47 Image size of job updated: 231
	231  -  MemoryUsage of job (MB)
	237420  -  ResidentSetSize of job (KB)
...
006 (61127943.105.000) 05/27 06:01:47 Image size of job updated: 231
	230  -  MemoryUsage of job (MB)
	237420  -  ResidentSetSize of job (KB)
...
006 (61127943.105.000) 05/27 06:02:47 Image size of job updated: 231
	231  -  MemoryUsage of job (MB)
	237420  -  ResidentSetSize of job (KB)
...
006 (61127943.105.000) 05/27 06:03:47 Image size of job updated: 232
	232  -  MemoryUsage of job (MB)
	238268  -  ResidentSetSize of job (KB)
...
006 (61127943.105.000) 05/27 06:04:47 Image size of job updated: 232
	232  -  MemoryUsage of job (MB)
	238272  -  ResidentSetSize of job (KB)
...
006 (61127943.105.000) 05/27 06:05:47 Image size of job updated: 232
	231  -  MemoryUsage of job (MB)
	238272  -  ResidentSetSize of job (KB)
...
006 (61127943.105.000) 05/27 06:14:53 Image size of job updated: 232
	230  -  MemoryUsage of job (MB)
	238272  -  ResidentSetSize of job (KB)
...
006 (61127943.105.000) 05/27 06:15:53 Image size of job updated: 232
	232  -  MemoryUsage of job (MB)
	238272  -  ResidentSetSize of job (KB)
...
006 (61127943.105.000) 05/27 06:16:53 Image size of job updated: 232
	230  -  MemoryUsage of job (MB)
	238272  -  ResidentSetSize of job (KB)
...
006 (61127943.105.000) 05/27 06:17:53 Image size of job updated: 232
	231  -  MemoryUsage of job (MB)
	238272  -  ResidentSetSize of job (KB)
...
006 (61127943.105.000) 05/27 06:18:53 Image size of job updated: 232
	232  -  MemoryUsage of job (MB)
	238272  -  ResidentSetSize of job (KB)
...
006 (61127943.105.000) 05/27 06:20:55 Image size of job updated: 232
	231  -  MemoryUsage of job (MB)
	238272  -  ResidentSetSize of job (KB)
...
006 (61127943.105.000) 05/27 06:23:59 Image size of job updated: 232
	230  -  MemoryUsage of job (MB)
	238272  -  ResidentSetSize of job (KB)
...
006 (61127943.105.000) 05/27 06:24:59 Image size of job updated: 232
	231  -  MemoryUsage of job (MB)
	238272  -  ResidentSetSize of job (KB)
...
006 (61127943.105.000) 05/27 06:25:59 Image size of job updated: 232
	232  -  MemoryUsage of job (MB)
	238272  -  ResidentSetSize of job (KB)
...
006 (61127943.105.000) 05/27 06:28:01 Image size of job updated: 232
	230  -  MemoryUsage of job (MB)
	238272  -  ResidentSetSize of job (KB)
...
006 (61127943.105.000) 05/27 06:29:02 Image size of job updated: 232
	232  -  MemoryUsage of job (MB)
	238272  -  ResidentSetSize of job (KB)
...
006 (61127943.105.000) 05/27 06:30:03 Image size of job updated: 232
	231  -  MemoryUsage of job (MB)
	238272  -  ResidentSetSize of job (KB)
...
006 (61127943.105.000) 05/27 06:31:04 Image size of job updated: 232
	230  -  MemoryUsage of job (MB)
	238272  -  ResidentSetSize of job (KB)
...
006 (61127943.105.000) 05/27 06:32:05 Image size of job updated: 232
	231  -  MemoryUsage of job (MB)
	238272  -  ResidentSetSize of job (KB)
...
006 (61127943.105.000) 05/27 06:44:10 Image size of job updated: 232
	230  -  MemoryUsage of job (MB)
	238272  -  ResidentSetSize of job (KB)
...
006 (61127943.105.000) 05/27 06:45:10 Image size of job updated: 232
	232  -  MemoryUsage of job (MB)
	238272  -  ResidentSetSize of job (KB)
...
006 (61127943.105.000) 05/27 06:46:10 Image size of job updated: 232
	231  -  MemoryUsage of job (MB)
	238272  -  ResidentSetSize of job (KB)
...
006 (61127943.105.000) 05/27 06:52:12 Image size of job updated: 232
	232  -  MemoryUsage of job (MB)
	238272  -  ResidentSetSize of job (KB)
...
006 (61127943.105.000) 05/27 06:54:14 Image size of job updated: 232
	231  -  MemoryUsage of job (MB)
	238272  -  ResidentSetSize of job (KB)
...
005 (61127943.105.000) 05/27 06:55:11 Job terminated.
	(1) Normal termination (return value 0)
		Usr 0 00:49:59, Sys 0 00:05:47  -  Run Remote Usage
		Usr 0 00:00:00, Sys 0 00:00:00  -  Run Local Usage
		Usr 0 00:49:59, Sys 0 00:05:47  -  Total Remote Usage
		Usr 0 00:00:00, Sys 0 00:00:00  -  Total Local Usage
	90832  -  Run Bytes Sent By Job
	14471  -  Run Bytes Received By Job
	90832  -  Total Bytes Sent By Job
	14471  -  Total Bytes Received By Job
	Partitionable Resources :    Usage  Request Allocated 
	   Cpus                 :     0.00        1         1 
	   Disk (KB)            :   122           7    314008 
	   Memory (MB)          :   231        2048      2048 
...
