000 (61127943.123.000) 05/27 05:40:41 Job submitted from host: <131.225.188.235:9618?addrs=131.225.188.235-9618&noUDP&sock=15005_c2aa_3>
...
001 (61127943.123.000) 05/27 05:41:30 Job executing on host: <131.225.204.96:9618?addrs=131.225.204.96-9618&noUDP&sock=4585_81d2_3>
...
006 (61127943.123.000) 05/27 05:41:39 Image size of job updated: 2
	1  -  MemoryUsage of job (MB)
	1592  -  ResidentSetSize of job (KB)
...
006 (61127943.123.000) 05/27 05:42:39 Image size of job updated: 227
	227  -  MemoryUsage of job (MB)
	232532  -  ResidentSetSize of job (KB)
...
006 (61127943.123.000) 05/27 05:43:39 Image size of job updated: 227
	227  -  MemoryUsage of job (MB)
	232632  -  ResidentSetSize of job (KB)
...
006 (61127943.123.000) 05/27 05:44:39 Image size of job updated: 264
	264  -  MemoryUsage of job (MB)
	271316  -  ResidentSetSize of job (KB)
...
006 (61127943.123.000) 05/27 05:45:39 Image size of job updated: 265
	265  -  MemoryUsage of job (MB)
	271664  -  ResidentSetSize of job (KB)
...
006 (61127943.123.000) 05/27 05:46:39 Image size of job updated: 265
	265  -  MemoryUsage of job (MB)
	271736  -  ResidentSetSize of job (KB)
...
006 (61127943.123.000) 05/27 05:47:40 Image size of job updated: 273
	273  -  MemoryUsage of job (MB)
	279992  -  ResidentSetSize of job (KB)
...
006 (61127943.123.000) 05/27 05:48:41 Image size of job updated: 273
	273  -  MemoryUsage of job (MB)
	280088  -  ResidentSetSize of job (KB)
...
006 (61127943.123.000) 05/27 05:49:42 Image size of job updated: 273
	273  -  MemoryUsage of job (MB)
	280140  -  ResidentSetSize of job (KB)
...
006 (61127943.123.000) 05/27 05:50:43 Image size of job updated: 274
	274  -  MemoryUsage of job (MB)
	280692  -  ResidentSetSize of job (KB)
...
006 (61127943.123.000) 05/27 05:51:44 Image size of job updated: 274
	274  -  MemoryUsage of job (MB)
	280748  -  ResidentSetSize of job (KB)
...
006 (61127943.123.000) 05/27 05:52:45 Image size of job updated: 274
	274  -  MemoryUsage of job (MB)
	281052  -  ResidentSetSize of job (KB)
...
006 (61127943.123.000) 05/27 05:53:46 Image size of job updated: 274
	274  -  MemoryUsage of job (MB)
	281112  -  ResidentSetSize of job (KB)
...
006 (61127943.123.000) 05/27 05:54:47 Image size of job updated: 274
	274  -  MemoryUsage of job (MB)
	281168  -  ResidentSetSize of job (KB)
...
006 (61127943.123.000) 05/27 05:55:26 Image size of job updated: 274
	274  -  MemoryUsage of job (MB)
	281188  -  ResidentSetSize of job (KB)
...
005 (61127943.123.000) 05/27 05:55:26 Job terminated.
	(1) Normal termination (return value 0)
		Usr 0 00:07:56, Sys 0 00:01:12  -  Run Remote Usage
		Usr 0 00:00:00, Sys 0 00:00:00  -  Run Local Usage
		Usr 0 00:07:56, Sys 0 00:01:12  -  Total Remote Usage
		Usr 0 00:00:00, Sys 0 00:00:00  -  Total Local Usage
	22883  -  Run Bytes Sent By Job
	14471  -  Run Bytes Received By Job
	22883  -  Total Bytes Sent By Job
	14471  -  Total Bytes Received By Job
	Partitionable Resources :    Usage  Request Allocated 
	   Cpus                 :     0.00        1         1 
	   Disk (KB)            :    56           7    324728 
	   Memory (MB)          :   274        2048      2048 
...
