000 (61127943.102.000) 05/27 05:40:41 Job submitted from host: <131.225.188.235:9618?addrs=131.225.188.235-9618&noUDP&sock=15005_c2aa_3>
...
001 (61127943.102.000) 05/27 05:41:24 Job executing on host: <131.225.206.227:9618?addrs=131.225.206.227-9618&noUDP&sock=4525_5a23_3>
...
006 (61127943.102.000) 05/27 05:41:33 Image size of job updated: 2
	1  -  MemoryUsage of job (MB)
	1412  -  ResidentSetSize of job (KB)
...
006 (61127943.102.000) 05/27 05:42:34 Image size of job updated: 222
	222  -  MemoryUsage of job (MB)
	227964  -  ResidentSetSize of job (KB)
...
006 (61127943.102.000) 05/27 05:43:35 Image size of job updated: 222
	222  -  MemoryUsage of job (MB)
	228000  -  ResidentSetSize of job (KB)
...
006 (61127943.102.000) 05/27 05:44:37 Image size of job updated: 222
	222  -  MemoryUsage of job (MB)
	228008  -  ResidentSetSize of job (KB)
...
006 (61127943.102.000) 05/27 05:45:37 Image size of job updated: 222
	222  -  MemoryUsage of job (MB)
	228016  -  ResidentSetSize of job (KB)
...
006 (61127943.102.000) 05/27 05:46:37 Image size of job updated: 222
	222  -  MemoryUsage of job (MB)
	228024  -  ResidentSetSize of job (KB)
...
006 (61127943.102.000) 05/27 05:47:37 Image size of job updated: 222
	222  -  MemoryUsage of job (MB)
	228032  -  ResidentSetSize of job (KB)
...
006 (61127943.102.000) 05/27 05:48:37 Image size of job updated: 222
	222  -  MemoryUsage of job (MB)
	228036  -  ResidentSetSize of job (KB)
...
006 (61127943.102.000) 05/27 05:49:37 Image size of job updated: 222
	222  -  MemoryUsage of job (MB)
	228040  -  ResidentSetSize of job (KB)
...
006 (61127943.102.000) 05/27 05:50:37 Image size of job updated: 222
	222  -  MemoryUsage of job (MB)
	228044  -  ResidentSetSize of job (KB)
...
006 (61127943.102.000) 05/27 05:51:37 Image size of job updated: 222
	222  -  MemoryUsage of job (MB)
	228048  -  ResidentSetSize of job (KB)
...
006 (61127943.102.000) 05/27 05:52:37 Image size of job updated: 222
	222  -  MemoryUsage of job (MB)
	228084  -  ResidentSetSize of job (KB)
...
006 (61127943.102.000) 05/27 05:53:37 Image size of job updated: 230
	230  -  MemoryUsage of job (MB)
	236152  -  ResidentSetSize of job (KB)
...
006 (61127943.102.000) 05/27 05:54:38 Image size of job updated: 232
	232  -  MemoryUsage of job (MB)
	238132  -  ResidentSetSize of job (KB)
...
006 (61127943.102.000) 05/27 05:56:39 Image size of job updated: 232
	232  -  MemoryUsage of job (MB)
	238564  -  ResidentSetSize of job (KB)
...
006 (61127943.102.000) 05/27 05:58:41 Image size of job updated: 232
	232  -  MemoryUsage of job (MB)
	238572  -  ResidentSetSize of job (KB)
...
006 (61127943.102.000) 05/27 06:00:43 Image size of job updated: 235
	235  -  MemoryUsage of job (MB)
	241364  -  ResidentSetSize of job (KB)
...
006 (61127943.102.000) 05/27 06:10:49 Image size of job updated: 235
	235  -  MemoryUsage of job (MB)
	241368  -  ResidentSetSize of job (KB)
...
006 (61127943.102.000) 05/27 06:12:51 Image size of job updated: 235
	235  -  MemoryUsage of job (MB)
	241376  -  ResidentSetSize of job (KB)
...
006 (61127943.102.000) 05/27 06:18:54 Image size of job updated: 235
	235  -  MemoryUsage of job (MB)
	241380  -  ResidentSetSize of job (KB)
...
006 (61127943.102.000) 05/27 06:21:55 Image size of job updated: 235
	235  -  MemoryUsage of job (MB)
	241384  -  ResidentSetSize of job (KB)
...
006 (61127943.102.000) 05/27 06:35:02 Image size of job updated: 235
	235  -  MemoryUsage of job (MB)
	241388  -  ResidentSetSize of job (KB)
...
005 (61127943.102.000) 05/27 06:49:31 Job terminated.
	(1) Normal termination (return value 0)
		Usr 0 00:45:25, Sys 0 00:04:20  -  Run Remote Usage
		Usr 0 00:00:00, Sys 0 00:00:00  -  Run Local Usage
		Usr 0 00:45:25, Sys 0 00:04:20  -  Total Remote Usage
		Usr 0 00:00:00, Sys 0 00:00:00  -  Total Local Usage
	81842  -  Run Bytes Sent By Job
	14471  -  Run Bytes Received By Job
	81842  -  Total Bytes Sent By Job
	14471  -  Total Bytes Received By Job
	Partitionable Resources :    Usage  Request Allocated 
	   Cpus                 :        0        1         1 
	   Disk (KB)            :      114        7    317738 
	   Memory (MB)          :      235     2048      2048 
...
