000 (61127943.111.000) 05/27 05:40:41 Job submitted from host: <131.225.188.235:9618?addrs=131.225.188.235-9618&noUDP&sock=15005_c2aa_3>
...
001 (61127943.111.000) 05/27 05:41:28 Job executing on host: <131.225.191.137:9618?addrs=131.225.191.137-9618&noUDP&sock=4539_f476_3>
...
006 (61127943.111.000) 05/27 05:41:38 Image size of job updated: 2
	0  -  MemoryUsage of job (MB)
	600  -  ResidentSetSize of job (KB)
...
006 (61127943.111.000) 05/27 05:42:39 Image size of job updated: 226
	226  -  MemoryUsage of job (MB)
	231608  -  ResidentSetSize of job (KB)
...
006 (61127943.111.000) 05/27 05:43:40 Image size of job updated: 226
	226  -  MemoryUsage of job (MB)
	231612  -  ResidentSetSize of job (KB)
...
006 (61127943.111.000) 05/27 05:44:41 Image size of job updated: 226
	226  -  MemoryUsage of job (MB)
	231636  -  ResidentSetSize of job (KB)
...
006 (61127943.111.000) 05/27 05:45:41 Image size of job updated: 226
	226  -  MemoryUsage of job (MB)
	231648  -  ResidentSetSize of job (KB)
...
006 (61127943.111.000) 05/27 05:46:42 Image size of job updated: 226
	226  -  MemoryUsage of job (MB)
	231660  -  ResidentSetSize of job (KB)
...
006 (61127943.111.000) 05/27 05:47:42 Image size of job updated: 226
	226  -  MemoryUsage of job (MB)
	231664  -  ResidentSetSize of job (KB)
...
006 (61127943.111.000) 05/27 05:48:42 Image size of job updated: 226
	226  -  MemoryUsage of job (MB)
	231672  -  ResidentSetSize of job (KB)
...
006 (61127943.111.000) 05/27 05:49:42 Image size of job updated: 226
	226  -  MemoryUsage of job (MB)
	231680  -  ResidentSetSize of job (KB)
...
006 (61127943.111.000) 05/27 05:50:42 Image size of job updated: 226
	226  -  MemoryUsage of job (MB)
	231688  -  ResidentSetSize of job (KB)
...
006 (61127943.111.000) 05/27 05:51:42 Image size of job updated: 226
	226  -  MemoryUsage of job (MB)
	231692  -  ResidentSetSize of job (KB)
...
006 (61127943.111.000) 05/27 05:52:42 Image size of job updated: 226
	226  -  MemoryUsage of job (MB)
	231696  -  ResidentSetSize of job (KB)
...
006 (61127943.111.000) 05/27 05:53:42 Image size of job updated: 226
	226  -  MemoryUsage of job (MB)
	231704  -  ResidentSetSize of job (KB)
...
006 (61127943.111.000) 05/27 05:54:43 Image size of job updated: 226
	226  -  MemoryUsage of job (MB)
	231708  -  ResidentSetSize of job (KB)
...
006 (61127943.111.000) 05/27 05:55:44 Image size of job updated: 226
	226  -  MemoryUsage of job (MB)
	231712  -  ResidentSetSize of job (KB)
...
006 (61127943.111.000) 05/27 05:56:45 Image size of job updated: 243
	243  -  MemoryUsage of job (MB)
	249044  -  ResidentSetSize of job (KB)
...
006 (61127943.111.000) 05/27 05:57:46 Image size of job updated: 246
	246  -  MemoryUsage of job (MB)
	252260  -  ResidentSetSize of job (KB)
...
006 (61127943.111.000) 05/27 05:58:48 Image size of job updated: 261
	261  -  MemoryUsage of job (MB)
	267844  -  ResidentSetSize of job (KB)
...
006 (61127943.111.000) 05/27 05:59:49 Image size of job updated: 261
	261  -  MemoryUsage of job (MB)
	267992  -  ResidentSetSize of job (KB)
...
006 (61127943.111.000) 05/27 06:00:50 Image size of job updated: 264
	264  -  MemoryUsage of job (MB)
	270576  -  ResidentSetSize of job (KB)
...
006 (61127943.111.000) 05/27 06:01:51 Image size of job updated: 265
	265  -  MemoryUsage of job (MB)
	271644  -  ResidentSetSize of job (KB)
...
006 (61127943.111.000) 05/27 06:02:55 Image size of job updated: 269
	269  -  MemoryUsage of job (MB)
	275464  -  ResidentSetSize of job (KB)
...
006 (61127943.111.000) 05/27 06:03:54 Image size of job updated: 269
	269  -  MemoryUsage of job (MB)
	275800  -  ResidentSetSize of job (KB)
...
006 (61127943.111.000) 05/27 06:04:54 Image size of job updated: 269
	269  -  MemoryUsage of job (MB)
	275864  -  ResidentSetSize of job (KB)
...
006 (61127943.111.000) 05/27 06:05:54 Image size of job updated: 274
	274  -  MemoryUsage of job (MB)
	280928  -  ResidentSetSize of job (KB)
...
006 (61127943.111.000) 05/27 06:07:54 Image size of job updated: 274
	274  -  MemoryUsage of job (MB)
	281112  -  ResidentSetSize of job (KB)
...
006 (61127943.111.000) 05/27 06:09:54 Image size of job updated: 274
	274  -  MemoryUsage of job (MB)
	281384  -  ResidentSetSize of job (KB)
...
006 (61127943.111.000) 05/27 06:10:54 Image size of job updated: 274
	274  -  MemoryUsage of job (MB)
	281444  -  ResidentSetSize of job (KB)
...
006 (61127943.111.000) 05/27 06:11:55 Image size of job updated: 274
	274  -  MemoryUsage of job (MB)
	281456  -  ResidentSetSize of job (KB)
...
006 (61127943.111.000) 05/27 06:12:56 Image size of job updated: 275
	275  -  MemoryUsage of job (MB)
	281996  -  ResidentSetSize of job (KB)
...
006 (61127943.111.000) 05/27 06:13:57 Image size of job updated: 275
	275  -  MemoryUsage of job (MB)
	282052  -  ResidentSetSize of job (KB)
...
006 (61127943.111.000) 05/27 06:16:00 Image size of job updated: 275
	275  -  MemoryUsage of job (MB)
	282156  -  ResidentSetSize of job (KB)
...
006 (61127943.111.000) 05/27 06:18:02 Image size of job updated: 275
	275  -  MemoryUsage of job (MB)
	282160  -  ResidentSetSize of job (KB)
...
006 (61127943.111.000) 05/27 06:19:02 Image size of job updated: 276
	276  -  MemoryUsage of job (MB)
	282636  -  ResidentSetSize of job (KB)
...
006 (61127943.111.000) 05/27 06:21:02 Image size of job updated: 276
	276  -  MemoryUsage of job (MB)
	283012  -  ResidentSetSize of job (KB)
...
006 (61127943.111.000) 05/27 06:23:02 Image size of job updated: 276
	276  -  MemoryUsage of job (MB)
	283164  -  ResidentSetSize of job (KB)
...
006 (61127943.111.000) 05/27 06:24:03 Image size of job updated: 276
	276  -  MemoryUsage of job (MB)
	283188  -  ResidentSetSize of job (KB)
...
006 (61127943.111.000) 05/27 06:26:06 Image size of job updated: 276
	276  -  MemoryUsage of job (MB)
	283204  -  ResidentSetSize of job (KB)
...
006 (61127943.111.000) 05/27 06:27:07 Image size of job updated: 276
	276  -  MemoryUsage of job (MB)
	283212  -  ResidentSetSize of job (KB)
...
006 (61127943.111.000) 05/27 06:28:08 Image size of job updated: 276
	276  -  MemoryUsage of job (MB)
	283256  -  ResidentSetSize of job (KB)
...
006 (61127943.111.000) 05/27 06:30:08 Image size of job updated: 276
	276  -  MemoryUsage of job (MB)
	283272  -  ResidentSetSize of job (KB)
...
006 (61127943.111.000) 05/27 06:32:08 Image size of job updated: 276
	276  -  MemoryUsage of job (MB)
	283280  -  ResidentSetSize of job (KB)
...
006 (61127943.111.000) 05/27 06:36:09 Image size of job updated: 276
	276  -  MemoryUsage of job (MB)
	283324  -  ResidentSetSize of job (KB)
...
006 (61127943.111.000) 05/27 06:38:11 Image size of job updated: 276
	276  -  MemoryUsage of job (MB)
	283340  -  ResidentSetSize of job (KB)
...
006 (61127943.111.000) 05/27 06:43:15 Image size of job updated: 276
	276  -  MemoryUsage of job (MB)
	283344  -  ResidentSetSize of job (KB)
...
006 (61127943.111.000) 05/27 06:49:15 Image size of job updated: 276
	276  -  MemoryUsage of job (MB)
	283356  -  ResidentSetSize of job (KB)
...
006 (61127943.111.000) 05/27 06:54:19 Image size of job updated: 276
	276  -  MemoryUsage of job (MB)
	283360  -  ResidentSetSize of job (KB)
...
006 (61127943.111.000) 05/27 06:56:19 Image size of job updated: 276
	276  -  MemoryUsage of job (MB)
	283396  -  ResidentSetSize of job (KB)
...
006 (61127943.111.000) 05/27 06:58:19 Image size of job updated: 276
	276  -  MemoryUsage of job (MB)
	283420  -  ResidentSetSize of job (KB)
...
006 (61127943.111.000) 05/27 06:59:19 Image size of job updated: 276
	276  -  MemoryUsage of job (MB)
	283424  -  ResidentSetSize of job (KB)
...
006 (61127943.111.000) 05/27 07:00:20 Image size of job updated: 276
	276  -  MemoryUsage of job (MB)
	283432  -  ResidentSetSize of job (KB)
...
006 (61127943.111.000) 05/27 07:05:24 Image size of job updated: 276
	276  -  MemoryUsage of job (MB)
	283436  -  ResidentSetSize of job (KB)
...
006 (61127943.111.000) 05/27 07:06:24 Image size of job updated: 276
	276  -  MemoryUsage of job (MB)
	283440  -  ResidentSetSize of job (KB)
...
005 (61127943.111.000) 05/27 07:07:46 Job terminated.
	(1) Normal termination (return value 0)
		Usr 0 00:54:49, Sys 0 00:05:34  -  Run Remote Usage
		Usr 0 00:00:00, Sys 0 00:00:00  -  Run Local Usage
		Usr 0 00:54:49, Sys 0 00:05:34  -  Total Remote Usage
		Usr 0 00:00:00, Sys 0 00:00:00  -  Total Local Usage
	93791  -  Run Bytes Sent By Job
	14471  -  Run Bytes Received By Job
	93791  -  Total Bytes Sent By Job
	14471  -  Total Bytes Received By Job
	Partitionable Resources :    Usage  Request Allocated 
	   Cpus                 :     0.00        1         1 
	   Disk (KB)            :   126           7    319848 
	   Memory (MB)          :   276        2048      2048 
...
