000 (61127943.110.000) 05/27 05:40:41 Job submitted from host: <131.225.188.235:9618?addrs=131.225.188.235-9618&noUDP&sock=15005_c2aa_3>
...
001 (61127943.110.000) 05/27 05:41:28 Job executing on host: <131.225.191.155:9618?addrs=131.225.191.155-9618&noUDP&sock=4534_867d_3>
...
006 (61127943.110.000) 05/27 05:41:37 Image size of job updated: 7
	7  -  MemoryUsage of job (MB)
	7756  -  ResidentSetSize of job (KB)
...
006 (61127943.110.000) 05/27 05:42:37 Image size of job updated: 224
	224  -  MemoryUsage of job (MB)
	230172  -  ResidentSetSize of job (KB)
...
006 (61127943.110.000) 05/27 05:43:37 Image size of job updated: 225
	225  -  MemoryUsage of job (MB)
	230612  -  ResidentSetSize of job (KB)
...
006 (61127943.110.000) 05/27 05:44:37 Image size of job updated: 225
	225  -  MemoryUsage of job (MB)
	230644  -  ResidentSetSize of job (KB)
...
006 (61127943.110.000) 05/27 05:45:37 Image size of job updated: 225
	225  -  MemoryUsage of job (MB)
	230652  -  ResidentSetSize of job (KB)
...
006 (61127943.110.000) 05/27 05:46:37 Image size of job updated: 225
	225  -  MemoryUsage of job (MB)
	230656  -  ResidentSetSize of job (KB)
...
006 (61127943.110.000) 05/27 05:47:38 Image size of job updated: 225
	225  -  MemoryUsage of job (MB)
	230672  -  ResidentSetSize of job (KB)
...
006 (61127943.110.000) 05/27 05:48:39 Image size of job updated: 225
	225  -  MemoryUsage of job (MB)
	230676  -  ResidentSetSize of job (KB)
...
006 (61127943.110.000) 05/27 05:49:40 Image size of job updated: 225
	225  -  MemoryUsage of job (MB)
	230684  -  ResidentSetSize of job (KB)
...
006 (61127943.110.000) 05/27 05:51:42 Image size of job updated: 225
	225  -  MemoryUsage of job (MB)
	230688  -  ResidentSetSize of job (KB)
...
006 (61127943.110.000) 05/27 05:53:44 Image size of job updated: 225
	225  -  MemoryUsage of job (MB)
	230700  -  ResidentSetSize of job (KB)
...
006 (61127943.110.000) 05/27 05:54:46 Image size of job updated: 231
	231  -  MemoryUsage of job (MB)
	237176  -  ResidentSetSize of job (KB)
...
006 (61127943.110.000) 05/27 05:55:46 Image size of job updated: 232
	232  -  MemoryUsage of job (MB)
	237656  -  ResidentSetSize of job (KB)
...
006 (61127943.110.000) 05/27 05:56:46 Image size of job updated: 232
	232  -  MemoryUsage of job (MB)
	237700  -  ResidentSetSize of job (KB)
...
006 (61127943.110.000) 05/27 05:57:46 Image size of job updated: 232
	232  -  MemoryUsage of job (MB)
	237996  -  ResidentSetSize of job (KB)
...
006 (61127943.110.000) 05/27 05:58:47 Image size of job updated: 232
	232  -  MemoryUsage of job (MB)
	238084  -  ResidentSetSize of job (KB)
...
006 (61127943.110.000) 05/27 05:59:47 Image size of job updated: 233
	233  -  MemoryUsage of job (MB)
	238928  -  ResidentSetSize of job (KB)
...
006 (61127943.110.000) 05/27 06:03:47 Image size of job updated: 233
	232  -  MemoryUsage of job (MB)
	238928  -  ResidentSetSize of job (KB)
...
006 (61127943.110.000) 05/27 06:05:48 Image size of job updated: 237
	237  -  MemoryUsage of job (MB)
	243260  -  ResidentSetSize of job (KB)
...
006 (61127943.110.000) 05/27 06:06:50 Image size of job updated: 237
	237  -  MemoryUsage of job (MB)
	243380  -  ResidentSetSize of job (KB)
...
006 (61127943.110.000) 05/27 06:08:52 Image size of job updated: 247
	247  -  MemoryUsage of job (MB)
	253432  -  ResidentSetSize of job (KB)
...
006 (61127943.110.000) 05/27 06:09:53 Image size of job updated: 247
	247  -  MemoryUsage of job (MB)
	253568  -  ResidentSetSize of job (KB)
...
006 (61127943.110.000) 05/27 06:10:53 Image size of job updated: 247
	237  -  MemoryUsage of job (MB)
	253568  -  ResidentSetSize of job (KB)
...
006 (61127943.110.000) 05/27 06:22:59 Image size of job updated: 247
	247  -  MemoryUsage of job (MB)
	253708  -  ResidentSetSize of job (KB)
...
006 (61127943.110.000) 05/27 06:23:59 Image size of job updated: 247
	237  -  MemoryUsage of job (MB)
	253708  -  ResidentSetSize of job (KB)
...
006 (61127943.110.000) 05/27 06:35:09 Image size of job updated: 247
	239  -  MemoryUsage of job (MB)
	253708  -  ResidentSetSize of job (KB)
...
006 (61127943.110.000) 05/27 06:36:09 Image size of job updated: 247
	247  -  MemoryUsage of job (MB)
	253708  -  ResidentSetSize of job (KB)
...
006 (61127943.110.000) 05/27 06:49:14 Image size of job updated: 254
	254  -  MemoryUsage of job (MB)
	260424  -  ResidentSetSize of job (KB)
...
006 (61127943.110.000) 05/27 06:50:15 Image size of job updated: 254
	254  -  MemoryUsage of job (MB)
	260528  -  ResidentSetSize of job (KB)
...
006 (61127943.110.000) 05/27 06:51:17 Image size of job updated: 254
	254  -  MemoryUsage of job (MB)
	260544  -  ResidentSetSize of job (KB)
...
006 (61127943.110.000) 05/27 06:55:18 Image size of job updated: 254
	254  -  MemoryUsage of job (MB)
	260548  -  ResidentSetSize of job (KB)
...
006 (61127943.110.000) 05/27 06:57:18 Image size of job updated: 254
	254  -  MemoryUsage of job (MB)
	260572  -  ResidentSetSize of job (KB)
...
006 (61127943.110.000) 05/27 06:59:18 Image size of job updated: 258
	258  -  MemoryUsage of job (MB)
	265164  -  ResidentSetSize of job (KB)
...
006 (61127943.110.000) 05/27 07:00:18 Image size of job updated: 258
	258  -  MemoryUsage of job (MB)
	265168  -  ResidentSetSize of job (KB)
...
006 (61127943.110.000) 05/27 07:01:19 Image size of job updated: 259
	259  -  MemoryUsage of job (MB)
	265280  -  ResidentSetSize of job (KB)
...
006 (61127943.110.000) 05/27 07:03:21 Image size of job updated: 259
	259  -  MemoryUsage of job (MB)
	265284  -  ResidentSetSize of job (KB)
...
005 (61127943.110.000) 05/27 07:08:03 Job terminated.
	(1) Normal termination (return value 0)
		Usr 0 00:56:04, Sys 0 00:05:34  -  Run Remote Usage
		Usr 0 00:00:00, Sys 0 00:00:00  -  Run Local Usage
		Usr 0 00:56:04, Sys 0 00:05:34  -  Total Remote Usage
		Usr 0 00:00:00, Sys 0 00:00:00  -  Total Local Usage
	97902  -  Run Bytes Sent By Job
	14471  -  Run Bytes Received By Job
	97902  -  Total Bytes Sent By Job
	14471  -  Total Bytes Received By Job
	Partitionable Resources :    Usage  Request Allocated 
	   Cpus                 :        0        1         1 
	   Disk (KB)            :      129        7    316658 
	   Memory (MB)          :      259     2048      2048 
...
