000 (61127943.114.000) 05/27 05:40:41 Job submitted from host: <131.225.188.235:9618?addrs=131.225.188.235-9618&noUDP&sock=15005_c2aa_3>
...
001 (61127943.114.000) 05/27 05:41:29 Job executing on host: <131.225.191.160:9618?addrs=131.225.191.160-9618&noUDP&sock=4696_a4d5_3>
...
006 (61127943.114.000) 05/27 05:41:38 Image size of job updated: 2
	1  -  MemoryUsage of job (MB)
	1608  -  ResidentSetSize of job (KB)
...
006 (61127943.114.000) 05/27 05:42:39 Image size of job updated: 224
	224  -  MemoryUsage of job (MB)
	230292  -  ResidentSetSize of job (KB)
...
006 (61127943.114.000) 05/27 05:43:40 Image size of job updated: 224
	224  -  MemoryUsage of job (MB)
	230340  -  ResidentSetSize of job (KB)
...
006 (61127943.114.000) 05/27 05:44:42 Image size of job updated: 224
	224  -  MemoryUsage of job (MB)
	230364  -  ResidentSetSize of job (KB)
...
006 (61127943.114.000) 05/27 05:45:42 Image size of job updated: 224
	224  -  MemoryUsage of job (MB)
	230376  -  ResidentSetSize of job (KB)
...
006 (61127943.114.000) 05/27 05:46:42 Image size of job updated: 224
	224  -  MemoryUsage of job (MB)
	230388  -  ResidentSetSize of job (KB)
...
006 (61127943.114.000) 05/27 05:47:42 Image size of job updated: 224
	224  -  MemoryUsage of job (MB)
	230392  -  ResidentSetSize of job (KB)
...
006 (61127943.114.000) 05/27 05:48:42 Image size of job updated: 224
	224  -  MemoryUsage of job (MB)
	230396  -  ResidentSetSize of job (KB)
...
006 (61127943.114.000) 05/27 05:49:42 Image size of job updated: 225
	225  -  MemoryUsage of job (MB)
	230404  -  ResidentSetSize of job (KB)
...
006 (61127943.114.000) 05/27 05:52:42 Image size of job updated: 225
	225  -  MemoryUsage of job (MB)
	230408  -  ResidentSetSize of job (KB)
...
006 (61127943.114.000) 05/27 05:53:42 Image size of job updated: 225
	225  -  MemoryUsage of job (MB)
	230416  -  ResidentSetSize of job (KB)
...
006 (61127943.114.000) 05/27 05:55:42 Image size of job updated: 225
	225  -  MemoryUsage of job (MB)
	230424  -  ResidentSetSize of job (KB)
...
006 (61127943.114.000) 05/27 05:56:43 Image size of job updated: 260
	260  -  MemoryUsage of job (MB)
	267188  -  ResidentSetSize of job (KB)
...
006 (61127943.114.000) 05/27 05:57:44 Image size of job updated: 261
	261  -  MemoryUsage of job (MB)
	268124  -  ResidentSetSize of job (KB)
...
006 (61127943.114.000) 05/27 05:58:46 Image size of job updated: 273
	273  -  MemoryUsage of job (MB)
	279644  -  ResidentSetSize of job (KB)
...
006 (61127943.114.000) 05/27 05:59:47 Image size of job updated: 273
	273  -  MemoryUsage of job (MB)
	279660  -  ResidentSetSize of job (KB)
...
006 (61127943.114.000) 05/27 06:00:48 Image size of job updated: 276
	276  -  MemoryUsage of job (MB)
	282656  -  ResidentSetSize of job (KB)
...
006 (61127943.114.000) 05/27 06:01:49 Image size of job updated: 276
	276  -  MemoryUsage of job (MB)
	282660  -  ResidentSetSize of job (KB)
...
006 (61127943.114.000) 05/27 06:02:51 Image size of job updated: 276
	276  -  MemoryUsage of job (MB)
	282844  -  ResidentSetSize of job (KB)
...
006 (61127943.114.000) 05/27 06:03:51 Image size of job updated: 277
	277  -  MemoryUsage of job (MB)
	283876  -  ResidentSetSize of job (KB)
...
006 (61127943.114.000) 05/27 06:04:52 Image size of job updated: 277
	277  -  MemoryUsage of job (MB)
	283880  -  ResidentSetSize of job (KB)
...
006 (61127943.114.000) 05/27 06:05:52 Image size of job updated: 277
	277  -  MemoryUsage of job (MB)
	283920  -  ResidentSetSize of job (KB)
...
006 (61127943.114.000) 05/27 06:06:52 Image size of job updated: 277
	277  -  MemoryUsage of job (MB)
	283928  -  ResidentSetSize of job (KB)
...
006 (61127943.114.000) 05/27 06:07:52 Image size of job updated: 277
	277  -  MemoryUsage of job (MB)
	284036  -  ResidentSetSize of job (KB)
...
006 (61127943.114.000) 05/27 06:08:52 Image size of job updated: 277
	277  -  MemoryUsage of job (MB)
	284044  -  ResidentSetSize of job (KB)
...
006 (61127943.114.000) 05/27 06:10:54 Image size of job updated: 277
	277  -  MemoryUsage of job (MB)
	284080  -  ResidentSetSize of job (KB)
...
006 (61127943.114.000) 05/27 06:11:55 Image size of job updated: 277
	277  -  MemoryUsage of job (MB)
	284084  -  ResidentSetSize of job (KB)
...
006 (61127943.114.000) 05/27 06:12:56 Image size of job updated: 277
	277  -  MemoryUsage of job (MB)
	284108  -  ResidentSetSize of job (KB)
...
006 (61127943.114.000) 05/27 06:13:57 Image size of job updated: 277
	277  -  MemoryUsage of job (MB)
	284120  -  ResidentSetSize of job (KB)
...
006 (61127943.114.000) 05/27 06:14:57 Image size of job updated: 277
	277  -  MemoryUsage of job (MB)
	284156  -  ResidentSetSize of job (KB)
...
006 (61127943.114.000) 05/27 06:15:57 Image size of job updated: 277
	277  -  MemoryUsage of job (MB)
	284160  -  ResidentSetSize of job (KB)
...
006 (61127943.114.000) 05/27 06:16:57 Image size of job updated: 277
	277  -  MemoryUsage of job (MB)
	284212  -  ResidentSetSize of job (KB)
...
006 (61127943.114.000) 05/27 06:17:57 Image size of job updated: 277
	277  -  MemoryUsage of job (MB)
	284224  -  ResidentSetSize of job (KB)
...
006 (61127943.114.000) 05/27 06:18:57 Image size of job updated: 277
	277  -  MemoryUsage of job (MB)
	284232  -  ResidentSetSize of job (KB)
...
006 (61127943.114.000) 05/27 06:19:58 Image size of job updated: 277
	277  -  MemoryUsage of job (MB)
	284236  -  ResidentSetSize of job (KB)
...
006 (61127943.114.000) 05/27 06:20:59 Image size of job updated: 277
	277  -  MemoryUsage of job (MB)
	284276  -  ResidentSetSize of job (KB)
...
006 (61127943.114.000) 05/27 06:22:00 Image size of job updated: 277
	277  -  MemoryUsage of job (MB)
	284280  -  ResidentSetSize of job (KB)
...
006 (61127943.114.000) 05/27 06:23:01 Image size of job updated: 277
	277  -  MemoryUsage of job (MB)
	284288  -  ResidentSetSize of job (KB)
...
006 (61127943.114.000) 05/27 06:24:02 Image size of job updated: 277
	277  -  MemoryUsage of job (MB)
	284296  -  ResidentSetSize of job (KB)
...
006 (61127943.114.000) 05/27 06:25:02 Image size of job updated: 277
	277  -  MemoryUsage of job (MB)
	284312  -  ResidentSetSize of job (KB)
...
006 (61127943.114.000) 05/27 06:28:02 Image size of job updated: 277
	277  -  MemoryUsage of job (MB)
	284324  -  ResidentSetSize of job (KB)
...
006 (61127943.114.000) 05/27 06:29:02 Image size of job updated: 277
	277  -  MemoryUsage of job (MB)
	284328  -  ResidentSetSize of job (KB)
...
006 (61127943.114.000) 05/27 06:32:02 Image size of job updated: 277
	277  -  MemoryUsage of job (MB)
	284332  -  ResidentSetSize of job (KB)
...
006 (61127943.114.000) 05/27 06:36:06 Image size of job updated: 277
	277  -  MemoryUsage of job (MB)
	284344  -  ResidentSetSize of job (KB)
...
006 (61127943.114.000) 05/27 06:37:07 Image size of job updated: 277
	277  -  MemoryUsage of job (MB)
	284348  -  ResidentSetSize of job (KB)
...
006 (61127943.114.000) 05/27 06:38:08 Image size of job updated: 277
	277  -  MemoryUsage of job (MB)
	284568  -  ResidentSetSize of job (KB)
...
006 (61127943.114.000) 05/27 06:39:09 Image size of job updated: 277
	277  -  MemoryUsage of job (MB)
	284576  -  ResidentSetSize of job (KB)
...
006 (61127943.114.000) 05/27 06:40:10 Image size of job updated: 277
	277  -  MemoryUsage of job (MB)
	284588  -  ResidentSetSize of job (KB)
...
006 (61127943.114.000) 05/27 06:42:10 Image size of job updated: 277
	277  -  MemoryUsage of job (MB)
	284592  -  ResidentSetSize of job (KB)
...
006 (61127943.114.000) 05/27 06:43:10 Image size of job updated: 277
	277  -  MemoryUsage of job (MB)
	284596  -  ResidentSetSize of job (KB)
...
006 (61127943.114.000) 05/27 06:45:10 Image size of job updated: 277
	277  -  MemoryUsage of job (MB)
	284604  -  ResidentSetSize of job (KB)
...
006 (61127943.114.000) 05/27 06:46:10 Image size of job updated: 277
	277  -  MemoryUsage of job (MB)
	284616  -  ResidentSetSize of job (KB)
...
006 (61127943.114.000) 05/27 06:47:10 Image size of job updated: 277
	277  -  MemoryUsage of job (MB)
	284620  -  ResidentSetSize of job (KB)
...
006 (61127943.114.000) 05/27 06:48:10 Image size of job updated: 277
	277  -  MemoryUsage of job (MB)
	284660  -  ResidentSetSize of job (KB)
...
006 (61127943.114.000) 05/27 06:50:11 Image size of job updated: 277
	277  -  MemoryUsage of job (MB)
	284664  -  ResidentSetSize of job (KB)
...
006 (61127943.114.000) 05/27 06:51:12 Image size of job updated: 278
	278  -  MemoryUsage of job (MB)
	284676  -  ResidentSetSize of job (KB)
...
006 (61127943.114.000) 05/27 06:52:13 Image size of job updated: 278
	278  -  MemoryUsage of job (MB)
	284684  -  ResidentSetSize of job (KB)
...
006 (61127943.114.000) 05/27 06:57:18 Image size of job updated: 278
	278  -  MemoryUsage of job (MB)
	284688  -  ResidentSetSize of job (KB)
...
006 (61127943.114.000) 05/27 06:58:18 Image size of job updated: 278
	278  -  MemoryUsage of job (MB)
	284692  -  ResidentSetSize of job (KB)
...
006 (61127943.114.000) 05/27 07:01:18 Image size of job updated: 278
	278  -  MemoryUsage of job (MB)
	284696  -  ResidentSetSize of job (KB)
...
006 (61127943.114.000) 05/27 07:04:19 Image size of job updated: 278
	278  -  MemoryUsage of job (MB)
	284708  -  ResidentSetSize of job (KB)
...
006 (61127943.114.000) 05/27 07:05:20 Image size of job updated: 278
	278  -  MemoryUsage of job (MB)
	284716  -  ResidentSetSize of job (KB)
...
006 (61127943.114.000) 05/27 07:06:21 Image size of job updated: 278
	278  -  MemoryUsage of job (MB)
	284720  -  ResidentSetSize of job (KB)
...
006 (61127943.114.000) 05/27 07:08:22 Image size of job updated: 278
	278  -  MemoryUsage of job (MB)
	284728  -  ResidentSetSize of job (KB)
...
006 (61127943.114.000) 05/27 07:10:22 Image size of job updated: 278
	278  -  MemoryUsage of job (MB)
	284740  -  ResidentSetSize of job (KB)
...
005 (61127943.114.000) 05/27 07:11:44 Job terminated.
	(1) Normal termination (return value 0)
		Usr 0 00:56:41, Sys 0 00:06:24  -  Run Remote Usage
		Usr 0 00:00:00, Sys 0 00:00:00  -  Run Local Usage
		Usr 0 00:56:41, Sys 0 00:06:24  -  Total Remote Usage
		Usr 0 00:00:00, Sys 0 00:00:00  -  Total Local Usage
	90781  -  Run Bytes Sent By Job
	14471  -  Run Bytes Received By Job
	90781  -  Total Bytes Sent By Job
	14471  -  Total Bytes Received By Job
	Partitionable Resources :    Usage  Request Allocated 
	   Cpus                 :        0        1         1 
	   Disk (KB)            :      123        7    320579 
	   Memory (MB)          :      278     2048      2048 
...
