000 (61127943.112.000) 05/27 05:40:41 Job submitted from host: <131.225.188.235:9618?addrs=131.225.188.235-9618&noUDP&sock=15005_c2aa_3>
...
001 (61127943.112.000) 05/27 05:41:28 Job executing on host: <131.225.206.5:9618?addrs=131.225.206.5-9618&noUDP&sock=4533_d6e5_3>
...
006 (61127943.112.000) 05/27 05:41:38 Image size of job updated: 2
	1  -  MemoryUsage of job (MB)
	1572  -  ResidentSetSize of job (KB)
...
006 (61127943.112.000) 05/27 05:42:38 Image size of job updated: 226
	226  -  MemoryUsage of job (MB)
	231592  -  ResidentSetSize of job (KB)
...
006 (61127943.112.000) 05/27 05:43:38 Image size of job updated: 226
	226  -  MemoryUsage of job (MB)
	231616  -  ResidentSetSize of job (KB)
...
006 (61127943.112.000) 05/27 05:44:38 Image size of job updated: 226
	226  -  MemoryUsage of job (MB)
	231628  -  ResidentSetSize of job (KB)
...
006 (61127943.112.000) 05/27 05:45:38 Image size of job updated: 226
	226  -  MemoryUsage of job (MB)
	231636  -  ResidentSetSize of job (KB)
...
006 (61127943.112.000) 05/27 05:46:38 Image size of job updated: 226
	226  -  MemoryUsage of job (MB)
	231644  -  ResidentSetSize of job (KB)
...
006 (61127943.112.000) 05/27 05:47:38 Image size of job updated: 226
	226  -  MemoryUsage of job (MB)
	231656  -  ResidentSetSize of job (KB)
...
006 (61127943.112.000) 05/27 05:48:38 Image size of job updated: 226
	226  -  MemoryUsage of job (MB)
	231664  -  ResidentSetSize of job (KB)
...
006 (61127943.112.000) 05/27 05:49:38 Image size of job updated: 226
	226  -  MemoryUsage of job (MB)
	231672  -  ResidentSetSize of job (KB)
...
006 (61127943.112.000) 05/27 05:50:38 Image size of job updated: 241
	241  -  MemoryUsage of job (MB)
	246904  -  ResidentSetSize of job (KB)
...
006 (61127943.112.000) 05/27 05:51:39 Image size of job updated: 243
	243  -  MemoryUsage of job (MB)
	249260  -  ResidentSetSize of job (KB)
...
006 (61127943.112.000) 05/27 05:52:40 Image size of job updated: 256
	256  -  MemoryUsage of job (MB)
	262216  -  ResidentSetSize of job (KB)
...
006 (61127943.112.000) 05/27 05:53:41 Image size of job updated: 258
	258  -  MemoryUsage of job (MB)
	264196  -  ResidentSetSize of job (KB)
...
006 (61127943.112.000) 05/27 05:54:42 Image size of job updated: 263
	263  -  MemoryUsage of job (MB)
	270264  -  ResidentSetSize of job (KB)
...
006 (61127943.112.000) 05/27 05:55:43 Image size of job updated: 263
	263  -  MemoryUsage of job (MB)
	270268  -  ResidentSetSize of job (KB)
...
006 (61127943.112.000) 05/27 05:56:44 Image size of job updated: 268
	268  -  MemoryUsage of job (MB)
	274724  -  ResidentSetSize of job (KB)
...
006 (61127943.112.000) 05/27 05:57:45 Image size of job updated: 268
	268  -  MemoryUsage of job (MB)
	274784  -  ResidentSetSize of job (KB)
...
006 (61127943.112.000) 05/27 05:58:46 Image size of job updated: 269
	269  -  MemoryUsage of job (MB)
	275640  -  ResidentSetSize of job (KB)
...
006 (61127943.112.000) 05/27 06:00:49 Image size of job updated: 270
	270  -  MemoryUsage of job (MB)
	276856  -  ResidentSetSize of job (KB)
...
006 (61127943.112.000) 05/27 06:01:49 Image size of job updated: 270
	270  -  MemoryUsage of job (MB)
	276956  -  ResidentSetSize of job (KB)
...
006 (61127943.112.000) 05/27 06:02:49 Image size of job updated: 271
	271  -  MemoryUsage of job (MB)
	277640  -  ResidentSetSize of job (KB)
...
006 (61127943.112.000) 05/27 06:03:49 Image size of job updated: 271
	271  -  MemoryUsage of job (MB)
	277844  -  ResidentSetSize of job (KB)
...
006 (61127943.112.000) 05/27 06:04:49 Image size of job updated: 271
	271  -  MemoryUsage of job (MB)
	277864  -  ResidentSetSize of job (KB)
...
006 (61127943.112.000) 05/27 06:05:49 Image size of job updated: 271
	271  -  MemoryUsage of job (MB)
	277956  -  ResidentSetSize of job (KB)
...
006 (61127943.112.000) 05/27 06:06:49 Image size of job updated: 271
	271  -  MemoryUsage of job (MB)
	277960  -  ResidentSetSize of job (KB)
...
006 (61127943.112.000) 05/27 06:07:49 Image size of job updated: 271
	271  -  MemoryUsage of job (MB)
	278416  -  ResidentSetSize of job (KB)
...
006 (61127943.112.000) 05/27 06:09:50 Image size of job updated: 271
	271  -  MemoryUsage of job (MB)
	278520  -  ResidentSetSize of job (KB)
...
006 (61127943.112.000) 05/27 06:12:53 Image size of job updated: 272
	272  -  MemoryUsage of job (MB)
	278756  -  ResidentSetSize of job (KB)
...
006 (61127943.112.000) 05/27 06:14:55 Image size of job updated: 272
	272  -  MemoryUsage of job (MB)
	279120  -  ResidentSetSize of job (KB)
...
006 (61127943.112.000) 05/27 06:16:55 Image size of job updated: 273
	273  -  MemoryUsage of job (MB)
	280172  -  ResidentSetSize of job (KB)
...
006 (61127943.112.000) 05/27 06:17:55 Image size of job updated: 273
	273  -  MemoryUsage of job (MB)
	280184  -  ResidentSetSize of job (KB)
...
006 (61127943.112.000) 05/27 06:18:55 Image size of job updated: 274
	274  -  MemoryUsage of job (MB)
	280704  -  ResidentSetSize of job (KB)
...
006 (61127943.112.000) 05/27 06:19:55 Image size of job updated: 274
	274  -  MemoryUsage of job (MB)
	280736  -  ResidentSetSize of job (KB)
...
006 (61127943.112.000) 05/27 06:20:55 Image size of job updated: 274
	274  -  MemoryUsage of job (MB)
	280740  -  ResidentSetSize of job (KB)
...
006 (61127943.112.000) 05/27 06:21:56 Image size of job updated: 274
	274  -  MemoryUsage of job (MB)
	280852  -  ResidentSetSize of job (KB)
...
006 (61127943.112.000) 05/27 06:23:58 Image size of job updated: 274
	274  -  MemoryUsage of job (MB)
	280932  -  ResidentSetSize of job (KB)
...
006 (61127943.112.000) 05/27 06:25:59 Image size of job updated: 274
	274  -  MemoryUsage of job (MB)
	280976  -  ResidentSetSize of job (KB)
...
006 (61127943.112.000) 05/27 06:28:59 Image size of job updated: 274
	274  -  MemoryUsage of job (MB)
	280992  -  ResidentSetSize of job (KB)
...
006 (61127943.112.000) 05/27 06:30:59 Image size of job updated: 274
	274  -  MemoryUsage of job (MB)
	280996  -  ResidentSetSize of job (KB)
...
005 (61127943.112.000) 05/27 06:32:25 Job terminated.
	(1) Normal termination (return value 0)
		Usr 0 00:33:07, Sys 0 00:03:25  -  Run Remote Usage
		Usr 0 00:00:00, Sys 0 00:00:00  -  Run Local Usage
		Usr 0 00:33:07, Sys 0 00:03:25  -  Total Remote Usage
		Usr 0 00:00:00, Sys 0 00:00:00  -  Total Local Usage
	59010  -  Run Bytes Sent By Job
	14471  -  Run Bytes Received By Job
	59010  -  Total Bytes Sent By Job
	14471  -  Total Bytes Received By Job
	Partitionable Resources :    Usage  Request Allocated 
	   Cpus                 :        0        1         1 
	   Disk (KB)            :       91        7    322511 
	   Memory (MB)          :      274     2048      2048 
...
