000 (61127943.108.000) 05/27 05:40:41 Job submitted from host: <131.225.188.235:9618?addrs=131.225.188.235-9618&noUDP&sock=15005_c2aa_3>
...
001 (61127943.108.000) 05/27 05:41:26 Job executing on host: <131.225.204.98:9618?addrs=131.225.204.98-9618&noUDP&sock=4538_44de_3>
...
006 (61127943.108.000) 05/27 05:41:35 Image size of job updated: 8
	8  -  MemoryUsage of job (MB)
	9160  -  ResidentSetSize of job (KB)
...
006 (61127943.108.000) 05/27 05:42:37 Image size of job updated: 225
	225  -  MemoryUsage of job (MB)
	230512  -  ResidentSetSize of job (KB)
...
006 (61127943.108.000) 05/27 05:43:38 Image size of job updated: 225
	225  -  MemoryUsage of job (MB)
	230516  -  ResidentSetSize of job (KB)
...
006 (61127943.108.000) 05/27 05:44:39 Image size of job updated: 225
	225  -  MemoryUsage of job (MB)
	230592  -  ResidentSetSize of job (KB)
...
006 (61127943.108.000) 05/27 05:45:40 Image size of job updated: 225
	225  -  MemoryUsage of job (MB)
	230600  -  ResidentSetSize of job (KB)
...
006 (61127943.108.000) 05/27 05:46:42 Image size of job updated: 225
	225  -  MemoryUsage of job (MB)
	230612  -  ResidentSetSize of job (KB)
...
006 (61127943.108.000) 05/27 05:47:42 Image size of job updated: 225
	225  -  MemoryUsage of job (MB)
	230616  -  ResidentSetSize of job (KB)
...
006 (61127943.108.000) 05/27 05:48:42 Image size of job updated: 225
	225  -  MemoryUsage of job (MB)
	230624  -  ResidentSetSize of job (KB)
...
006 (61127943.108.000) 05/27 05:49:42 Image size of job updated: 225
	225  -  MemoryUsage of job (MB)
	230628  -  ResidentSetSize of job (KB)
...
006 (61127943.108.000) 05/27 05:50:42 Image size of job updated: 225
	225  -  MemoryUsage of job (MB)
	230632  -  ResidentSetSize of job (KB)
...
006 (61127943.108.000) 05/27 05:52:42 Image size of job updated: 225
	225  -  MemoryUsage of job (MB)
	230636  -  ResidentSetSize of job (KB)
...
006 (61127943.108.000) 05/27 05:53:42 Image size of job updated: 225
	225  -  MemoryUsage of job (MB)
	230644  -  ResidentSetSize of job (KB)
...
006 (61127943.108.000) 05/27 05:54:43 Image size of job updated: 232
	232  -  MemoryUsage of job (MB)
	237752  -  ResidentSetSize of job (KB)
...
006 (61127943.108.000) 05/27 05:55:43 Image size of job updated: 232
	232  -  MemoryUsage of job (MB)
	237996  -  ResidentSetSize of job (KB)
...
006 (61127943.108.000) 05/27 05:57:44 Image size of job updated: 232
	232  -  MemoryUsage of job (MB)
	238416  -  ResidentSetSize of job (KB)
...
006 (61127943.108.000) 05/27 05:58:45 Image size of job updated: 236
	236  -  MemoryUsage of job (MB)
	242216  -  ResidentSetSize of job (KB)
...
006 (61127943.108.000) 05/27 06:00:47 Image size of job updated: 246
	246  -  MemoryUsage of job (MB)
	252332  -  ResidentSetSize of job (KB)
...
006 (61127943.108.000) 05/27 06:01:48 Image size of job updated: 246
	246  -  MemoryUsage of job (MB)
	252548  -  ResidentSetSize of job (KB)
...
006 (61127943.108.000) 05/27 06:06:53 Image size of job updated: 253
	253  -  MemoryUsage of job (MB)
	259112  -  ResidentSetSize of job (KB)
...
006 (61127943.108.000) 05/27 06:07:53 Image size of job updated: 253
	253  -  MemoryUsage of job (MB)
	259136  -  ResidentSetSize of job (KB)
...
006 (61127943.108.000) 05/27 06:08:53 Image size of job updated: 256
	256  -  MemoryUsage of job (MB)
	262964  -  ResidentSetSize of job (KB)
...
006 (61127943.108.000) 05/27 06:18:59 Image size of job updated: 257
	257  -  MemoryUsage of job (MB)
	263772  -  ResidentSetSize of job (KB)
...
006 (61127943.108.000) 05/27 06:59:19 Image size of job updated: 259
	259  -  MemoryUsage of job (MB)
	265444  -  ResidentSetSize of job (KB)
...
005 (61127943.108.000) 05/27 07:02:38 Job terminated.
	(1) Normal termination (return value 0)
		Usr 0 00:52:29, Sys 0 00:05:29  -  Run Remote Usage
		Usr 0 00:00:00, Sys 0 00:00:00  -  Run Local Usage
		Usr 0 00:52:29, Sys 0 00:05:29  -  Total Remote Usage
		Usr 0 00:00:00, Sys 0 00:00:00  -  Total Local Usage
	86969  -  Run Bytes Sent By Job
	14471  -  Run Bytes Received By Job
	86969  -  Total Bytes Sent By Job
	14471  -  Total Bytes Received By Job
	Partitionable Resources :    Usage  Request Allocated 
	   Cpus                 :        0        1         1 
	   Disk (KB)            :      119        7    317531 
	   Memory (MB)          :      259     2048      2048 
...
