000 (61127943.116.000) 05/27 05:40:41 Job submitted from host: <131.225.188.235:9618?addrs=131.225.188.235-9618&noUDP&sock=15005_c2aa_3>
...
001 (61127943.116.000) 05/27 05:41:29 Job executing on host: <131.225.191.147:9618?addrs=131.225.191.147-9618&noUDP&sock=4720_1b1b_3>
...
006 (61127943.116.000) 05/27 05:41:39 Image size of job updated: 3
	3  -  MemoryUsage of job (MB)
	3804  -  ResidentSetSize of job (KB)
...
006 (61127943.116.000) 05/27 05:42:39 Image size of job updated: 224
	224  -  MemoryUsage of job (MB)
	230292  -  ResidentSetSize of job (KB)
...
006 (61127943.116.000) 05/27 05:43:39 Image size of job updated: 224
	224  -  MemoryUsage of job (MB)
	230324  -  ResidentSetSize of job (KB)
...
006 (61127943.116.000) 05/27 05:44:39 Image size of job updated: 224
	224  -  MemoryUsage of job (MB)
	230328  -  ResidentSetSize of job (KB)
...
006 (61127943.116.000) 05/27 05:45:39 Image size of job updated: 224
	224  -  MemoryUsage of job (MB)
	230352  -  ResidentSetSize of job (KB)
...
006 (61127943.116.000) 05/27 05:46:39 Image size of job updated: 224
	224  -  MemoryUsage of job (MB)
	230364  -  ResidentSetSize of job (KB)
...
006 (61127943.116.000) 05/27 05:47:39 Image size of job updated: 224
	224  -  MemoryUsage of job (MB)
	230376  -  ResidentSetSize of job (KB)
...
006 (61127943.116.000) 05/27 05:48:39 Image size of job updated: 224
	224  -  MemoryUsage of job (MB)
	230384  -  ResidentSetSize of job (KB)
...
006 (61127943.116.000) 05/27 05:49:39 Image size of job updated: 224
	224  -  MemoryUsage of job (MB)
	230388  -  ResidentSetSize of job (KB)
...
006 (61127943.116.000) 05/27 05:50:39 Image size of job updated: 228
	228  -  MemoryUsage of job (MB)
	234252  -  ResidentSetSize of job (KB)
...
006 (61127943.116.000) 05/27 05:51:40 Image size of job updated: 261
	261  -  MemoryUsage of job (MB)
	267280  -  ResidentSetSize of job (KB)
...
006 (61127943.116.000) 05/27 05:52:41 Image size of job updated: 261
	261  -  MemoryUsage of job (MB)
	267440  -  ResidentSetSize of job (KB)
...
006 (61127943.116.000) 05/27 05:53:42 Image size of job updated: 271
	271  -  MemoryUsage of job (MB)
	278504  -  ResidentSetSize of job (KB)
...
006 (61127943.116.000) 05/27 05:54:43 Image size of job updated: 271
	271  -  MemoryUsage of job (MB)
	278520  -  ResidentSetSize of job (KB)
...
006 (61127943.116.000) 05/27 05:55:44 Image size of job updated: 273
	273  -  MemoryUsage of job (MB)
	279844  -  ResidentSetSize of job (KB)
...
006 (61127943.116.000) 05/27 05:56:45 Image size of job updated: 273
	273  -  MemoryUsage of job (MB)
	279912  -  ResidentSetSize of job (KB)
...
006 (61127943.116.000) 05/27 05:58:48 Image size of job updated: 273
	273  -  MemoryUsage of job (MB)
	280100  -  ResidentSetSize of job (KB)
...
006 (61127943.116.000) 05/27 05:59:48 Image size of job updated: 273
	273  -  MemoryUsage of job (MB)
	280108  -  ResidentSetSize of job (KB)
...
006 (61127943.116.000) 05/27 06:00:48 Image size of job updated: 273
	273  -  MemoryUsage of job (MB)
	280420  -  ResidentSetSize of job (KB)
...
006 (61127943.116.000) 05/27 06:01:48 Image size of job updated: 274
	274  -  MemoryUsage of job (MB)
	280736  -  ResidentSetSize of job (KB)
...
006 (61127943.116.000) 05/27 06:02:48 Image size of job updated: 274
	274  -  MemoryUsage of job (MB)
	281280  -  ResidentSetSize of job (KB)
...
006 (61127943.116.000) 05/27 06:03:48 Image size of job updated: 274
	274  -  MemoryUsage of job (MB)
	281304  -  ResidentSetSize of job (KB)
...
006 (61127943.116.000) 05/27 06:05:48 Image size of job updated: 274
	274  -  MemoryUsage of job (MB)
	281328  -  ResidentSetSize of job (KB)
...
006 (61127943.116.000) 05/27 06:06:48 Image size of job updated: 274
	274  -  MemoryUsage of job (MB)
	281352  -  ResidentSetSize of job (KB)
...
006 (61127943.116.000) 05/27 06:07:49 Image size of job updated: 274
	274  -  MemoryUsage of job (MB)
	281372  -  ResidentSetSize of job (KB)
...
006 (61127943.116.000) 05/27 06:13:53 Image size of job updated: 274
	274  -  MemoryUsage of job (MB)
	281396  -  ResidentSetSize of job (KB)
...
006 (61127943.116.000) 05/27 06:14:53 Image size of job updated: 274
	274  -  MemoryUsage of job (MB)
	281404  -  ResidentSetSize of job (KB)
...
006 (61127943.116.000) 05/27 06:15:53 Image size of job updated: 274
	274  -  MemoryUsage of job (MB)
	281412  -  ResidentSetSize of job (KB)
...
006 (61127943.116.000) 05/27 06:17:54 Image size of job updated: 274
	274  -  MemoryUsage of job (MB)
	281420  -  ResidentSetSize of job (KB)
...
006 (61127943.116.000) 05/27 06:19:56 Image size of job updated: 274
	274  -  MemoryUsage of job (MB)
	281424  -  ResidentSetSize of job (KB)
...
006 (61127943.116.000) 05/27 06:22:57 Image size of job updated: 274
	274  -  MemoryUsage of job (MB)
	281524  -  ResidentSetSize of job (KB)
...
006 (61127943.116.000) 05/27 06:23:57 Image size of job updated: 274
	274  -  MemoryUsage of job (MB)
	281532  -  ResidentSetSize of job (KB)
...
006 (61127943.116.000) 05/27 06:24:57 Image size of job updated: 274
	274  -  MemoryUsage of job (MB)
	281552  -  ResidentSetSize of job (KB)
...
006 (61127943.116.000) 05/27 06:26:57 Image size of job updated: 274
	274  -  MemoryUsage of job (MB)
	281568  -  ResidentSetSize of job (KB)
...
006 (61127943.116.000) 05/27 06:31:01 Image size of job updated: 274
	274  -  MemoryUsage of job (MB)
	281576  -  ResidentSetSize of job (KB)
...
006 (61127943.116.000) 05/27 06:32:02 Image size of job updated: 274
	274  -  MemoryUsage of job (MB)
	281584  -  ResidentSetSize of job (KB)
...
006 (61127943.116.000) 05/27 06:33:04 Image size of job updated: 274
	274  -  MemoryUsage of job (MB)
	281588  -  ResidentSetSize of job (KB)
...
006 (61127943.116.000) 05/27 06:34:04 Image size of job updated: 274
	274  -  MemoryUsage of job (MB)
	281592  -  ResidentSetSize of job (KB)
...
006 (61127943.116.000) 05/27 06:37:05 Image size of job updated: 275
	275  -  MemoryUsage of job (MB)
	281600  -  ResidentSetSize of job (KB)
...
006 (61127943.116.000) 05/27 06:38:05 Image size of job updated: 275
	275  -  MemoryUsage of job (MB)
	281604  -  ResidentSetSize of job (KB)
...
005 (61127943.116.000) 05/27 06:41:31 Job terminated.
	(1) Normal termination (return value 0)
		Usr 0 00:38:20, Sys 0 00:03:42  -  Run Remote Usage
		Usr 0 00:00:00, Sys 0 00:00:00  -  Run Local Usage
		Usr 0 00:38:20, Sys 0 00:03:42  -  Total Remote Usage
		Usr 0 00:00:00, Sys 0 00:00:00  -  Total Local Usage
	64707  -  Run Bytes Sent By Job
	14471  -  Run Bytes Received By Job
	64707  -  Total Bytes Sent By Job
	14471  -  Total Bytes Received By Job
	Partitionable Resources :    Usage  Request Allocated 
	   Cpus                 :     0.00        1         1 
	   Disk (KB)            :    97           7    316940 
	   Memory (MB)          :   275        2048      2048 
...
