000 (61127943.115.000) 05/27 05:40:41 Job submitted from host: <131.225.188.235:9618?addrs=131.225.188.235-9618&noUDP&sock=15005_c2aa_3>
...
001 (61127943.115.000) 05/27 05:41:29 Job executing on host: <131.225.206.28:9618?addrs=131.225.206.28-9618&noUDP&sock=4704_2197_3>
...
006 (61127943.115.000) 05/27 05:41:38 Image size of job updated: 2
	2  -  MemoryUsage of job (MB)
	2216  -  ResidentSetSize of job (KB)
...
006 (61127943.115.000) 05/27 05:42:40 Image size of job updated: 224
	224  -  MemoryUsage of job (MB)
	230292  -  ResidentSetSize of job (KB)
...
006 (61127943.115.000) 05/27 05:43:40 Image size of job updated: 224
	224  -  MemoryUsage of job (MB)
	230328  -  ResidentSetSize of job (KB)
...
006 (61127943.115.000) 05/27 05:44:40 Image size of job updated: 224
	224  -  MemoryUsage of job (MB)
	230364  -  ResidentSetSize of job (KB)
...
006 (61127943.115.000) 05/27 05:45:40 Image size of job updated: 224
	224  -  MemoryUsage of job (MB)
	230368  -  ResidentSetSize of job (KB)
...
006 (61127943.115.000) 05/27 05:46:41 Image size of job updated: 224
	224  -  MemoryUsage of job (MB)
	230376  -  ResidentSetSize of job (KB)
...
006 (61127943.115.000) 05/27 05:47:41 Image size of job updated: 224
	224  -  MemoryUsage of job (MB)
	230380  -  ResidentSetSize of job (KB)
...
006 (61127943.115.000) 05/27 05:48:41 Image size of job updated: 224
	224  -  MemoryUsage of job (MB)
	230384  -  ResidentSetSize of job (KB)
...
006 (61127943.115.000) 05/27 05:49:41 Image size of job updated: 224
	224  -  MemoryUsage of job (MB)
	230396  -  ResidentSetSize of job (KB)
...
006 (61127943.115.000) 05/27 05:50:42 Image size of job updated: 225
	225  -  MemoryUsage of job (MB)
	230400  -  ResidentSetSize of job (KB)
...
006 (61127943.115.000) 05/27 05:51:42 Image size of job updated: 225
	225  -  MemoryUsage of job (MB)
	230404  -  ResidentSetSize of job (KB)
...
006 (61127943.115.000) 05/27 05:52:43 Image size of job updated: 225
	225  -  MemoryUsage of job (MB)
	230408  -  ResidentSetSize of job (KB)
...
006 (61127943.115.000) 05/27 05:53:44 Image size of job updated: 225
	225  -  MemoryUsage of job (MB)
	230476  -  ResidentSetSize of job (KB)
...
006 (61127943.115.000) 05/27 05:54:45 Image size of job updated: 225
	225  -  MemoryUsage of job (MB)
	230484  -  ResidentSetSize of job (KB)
...
006 (61127943.115.000) 05/27 05:55:46 Image size of job updated: 227
	227  -  MemoryUsage of job (MB)
	232972  -  ResidentSetSize of job (KB)
...
006 (61127943.115.000) 05/27 05:56:47 Image size of job updated: 261
	261  -  MemoryUsage of job (MB)
	268072  -  ResidentSetSize of job (KB)
...
006 (61127943.115.000) 05/27 05:57:48 Image size of job updated: 262
	262  -  MemoryUsage of job (MB)
	268320  -  ResidentSetSize of job (KB)
...
006 (61127943.115.000) 05/27 05:58:49 Image size of job updated: 270
	270  -  MemoryUsage of job (MB)
	276740  -  ResidentSetSize of job (KB)
...
006 (61127943.115.000) 05/27 05:59:51 Image size of job updated: 270
	270  -  MemoryUsage of job (MB)
	277016  -  ResidentSetSize of job (KB)
...
006 (61127943.115.000) 05/27 06:00:52 Image size of job updated: 270
	270  -  MemoryUsage of job (MB)
	277080  -  ResidentSetSize of job (KB)
...
006 (61127943.115.000) 05/27 06:01:52 Image size of job updated: 271
	271  -  MemoryUsage of job (MB)
	278524  -  ResidentSetSize of job (KB)
...
006 (61127943.115.000) 05/27 06:02:52 Image size of job updated: 273
	273  -  MemoryUsage of job (MB)
	280300  -  ResidentSetSize of job (KB)
...
006 (61127943.115.000) 05/27 06:03:52 Image size of job updated: 273
	273  -  MemoryUsage of job (MB)
	280304  -  ResidentSetSize of job (KB)
...
006 (61127943.115.000) 05/27 06:04:52 Image size of job updated: 274
	274  -  MemoryUsage of job (MB)
	281064  -  ResidentSetSize of job (KB)
...
006 (61127943.115.000) 05/27 06:06:52 Image size of job updated: 275
	275  -  MemoryUsage of job (MB)
	281680  -  ResidentSetSize of job (KB)
...
006 (61127943.115.000) 05/27 06:07:53 Image size of job updated: 275
	275  -  MemoryUsage of job (MB)
	281800  -  ResidentSetSize of job (KB)
...
006 (61127943.115.000) 05/27 06:09:55 Image size of job updated: 275
	275  -  MemoryUsage of job (MB)
	282056  -  ResidentSetSize of job (KB)
...
006 (61127943.115.000) 05/27 06:10:56 Image size of job updated: 275
	275  -  MemoryUsage of job (MB)
	282076  -  ResidentSetSize of job (KB)
...
006 (61127943.115.000) 05/27 06:11:57 Image size of job updated: 276
	276  -  MemoryUsage of job (MB)
	283480  -  ResidentSetSize of job (KB)
...
006 (61127943.115.000) 05/27 06:12:58 Image size of job updated: 276
	276  -  MemoryUsage of job (MB)
	283500  -  ResidentSetSize of job (KB)
...
006 (61127943.115.000) 05/27 06:14:58 Image size of job updated: 276
	276  -  MemoryUsage of job (MB)
	283512  -  ResidentSetSize of job (KB)
...
006 (61127943.115.000) 05/27 06:16:58 Image size of job updated: 276
	276  -  MemoryUsage of job (MB)
	283572  -  ResidentSetSize of job (KB)
...
006 (61127943.115.000) 05/27 06:17:58 Image size of job updated: 277
	277  -  MemoryUsage of job (MB)
	283932  -  ResidentSetSize of job (KB)
...
006 (61127943.115.000) 05/27 06:18:58 Image size of job updated: 277
	277  -  MemoryUsage of job (MB)
	283948  -  ResidentSetSize of job (KB)
...
006 (61127943.115.000) 05/27 06:20:59 Image size of job updated: 277
	277  -  MemoryUsage of job (MB)
	284060  -  ResidentSetSize of job (KB)
...
006 (61127943.115.000) 05/27 06:22:00 Image size of job updated: 277
	277  -  MemoryUsage of job (MB)
	284064  -  ResidentSetSize of job (KB)
...
006 (61127943.115.000) 05/27 06:23:01 Image size of job updated: 277
	277  -  MemoryUsage of job (MB)
	284072  -  ResidentSetSize of job (KB)
...
006 (61127943.115.000) 05/27 06:24:02 Image size of job updated: 277
	277  -  MemoryUsage of job (MB)
	284092  -  ResidentSetSize of job (KB)
...
006 (61127943.115.000) 05/27 06:25:03 Image size of job updated: 277
	277  -  MemoryUsage of job (MB)
	284096  -  ResidentSetSize of job (KB)
...
006 (61127943.115.000) 05/27 06:26:04 Image size of job updated: 277
	277  -  MemoryUsage of job (MB)
	284160  -  ResidentSetSize of job (KB)
...
006 (61127943.115.000) 05/27 06:28:04 Image size of job updated: 277
	277  -  MemoryUsage of job (MB)
	284228  -  ResidentSetSize of job (KB)
...
006 (61127943.115.000) 05/27 06:30:04 Image size of job updated: 277
	277  -  MemoryUsage of job (MB)
	284236  -  ResidentSetSize of job (KB)
...
006 (61127943.115.000) 05/27 06:33:04 Image size of job updated: 277
	277  -  MemoryUsage of job (MB)
	284632  -  ResidentSetSize of job (KB)
...
006 (61127943.115.000) 05/27 06:34:05 Image size of job updated: 277
	277  -  MemoryUsage of job (MB)
	284652  -  ResidentSetSize of job (KB)
...
006 (61127943.115.000) 05/27 06:35:06 Image size of job updated: 278
	278  -  MemoryUsage of job (MB)
	284672  -  ResidentSetSize of job (KB)
...
006 (61127943.115.000) 05/27 06:36:07 Image size of job updated: 278
	278  -  MemoryUsage of job (MB)
	284676  -  ResidentSetSize of job (KB)
...
006 (61127943.115.000) 05/27 06:37:08 Image size of job updated: 278
	278  -  MemoryUsage of job (MB)
	284680  -  ResidentSetSize of job (KB)
...
006 (61127943.115.000) 05/27 06:39:11 Image size of job updated: 278
	278  -  MemoryUsage of job (MB)
	284688  -  ResidentSetSize of job (KB)
...
006 (61127943.115.000) 05/27 06:41:11 Image size of job updated: 278
	278  -  MemoryUsage of job (MB)
	284708  -  ResidentSetSize of job (KB)
...
006 (61127943.115.000) 05/27 06:43:12 Image size of job updated: 278
	278  -  MemoryUsage of job (MB)
	284720  -  ResidentSetSize of job (KB)
...
006 (61127943.115.000) 05/27 06:45:12 Image size of job updated: 278
	278  -  MemoryUsage of job (MB)
	284724  -  ResidentSetSize of job (KB)
...
006 (61127943.115.000) 05/27 06:46:12 Image size of job updated: 278
	278  -  MemoryUsage of job (MB)
	284740  -  ResidentSetSize of job (KB)
...
006 (61127943.115.000) 05/27 06:47:12 Image size of job updated: 278
	278  -  MemoryUsage of job (MB)
	284752  -  ResidentSetSize of job (KB)
...
006 (61127943.115.000) 05/27 06:51:15 Image size of job updated: 278
	278  -  MemoryUsage of job (MB)
	284828  -  ResidentSetSize of job (KB)
...
006 (61127943.115.000) 05/27 06:54:18 Image size of job updated: 278
	278  -  MemoryUsage of job (MB)
	284844  -  ResidentSetSize of job (KB)
...
006 (61127943.115.000) 05/27 06:55:19 Image size of job updated: 278
	278  -  MemoryUsage of job (MB)
	284848  -  ResidentSetSize of job (KB)
...
006 (61127943.115.000) 05/27 06:56:21 Image size of job updated: 278
	278  -  MemoryUsage of job (MB)
	284852  -  ResidentSetSize of job (KB)
...
006 (61127943.115.000) 05/27 06:58:21 Image size of job updated: 278
	278  -  MemoryUsage of job (MB)
	284860  -  ResidentSetSize of job (KB)
...
006 (61127943.115.000) 05/27 07:01:21 Image size of job updated: 278
	278  -  MemoryUsage of job (MB)
	284868  -  ResidentSetSize of job (KB)
...
006 (61127943.115.000) 05/27 07:03:23 Image size of job updated: 278
	278  -  MemoryUsage of job (MB)
	284880  -  ResidentSetSize of job (KB)
...
006 (61127943.115.000) 05/27 07:04:24 Image size of job updated: 278
	278  -  MemoryUsage of job (MB)
	284892  -  ResidentSetSize of job (KB)
...
006 (61127943.115.000) 05/27 07:05:25 Image size of job updated: 278
	278  -  MemoryUsage of job (MB)
	285020  -  ResidentSetSize of job (KB)
...
006 (61127943.115.000) 05/27 07:06:27 Image size of job updated: 278
	278  -  MemoryUsage of job (MB)
	285172  -  ResidentSetSize of job (KB)
...
006 (61127943.115.000) 05/27 07:10:27 Image size of job updated: 278
	278  -  MemoryUsage of job (MB)
	285204  -  ResidentSetSize of job (KB)
...
006 (61127943.115.000) 05/27 07:11:27 Image size of job updated: 278
	278  -  MemoryUsage of job (MB)
	285212  -  ResidentSetSize of job (KB)
...
006 (61127943.115.000) 05/27 07:12:28 Image size of job updated: 278
	278  -  MemoryUsage of job (MB)
	285280  -  ResidentSetSize of job (KB)
...
006 (61127943.115.000) 05/27 07:13:30 Image size of job updated: 278
	278  -  MemoryUsage of job (MB)
	285284  -  ResidentSetSize of job (KB)
...
006 (61127943.115.000) 05/27 07:15:32 Image size of job updated: 278
	278  -  MemoryUsage of job (MB)
	285292  -  ResidentSetSize of job (KB)
...
005 (61127943.115.000) 05/27 07:15:52 Job terminated.
	(1) Normal termination (return value 0)
		Usr 0 00:58:45, Sys 0 00:04:58  -  Run Remote Usage
		Usr 0 00:00:00, Sys 0 00:00:00  -  Run Local Usage
		Usr 0 00:58:45, Sys 0 00:04:58  -  Total Remote Usage
		Usr 0 00:00:00, Sys 0 00:00:00  -  Total Local Usage
	89941  -  Run Bytes Sent By Job
	14471  -  Run Bytes Received By Job
	89941  -  Total Bytes Sent By Job
	14471  -  Total Bytes Received By Job
	Partitionable Resources :    Usage  Request Allocated 
	   Cpus                 :     0.00        1         1 
	   Disk (KB)            :   121           7    321379 
	   Memory (MB)          :   278        2048      2048 
...
