000 (61127943.120.000) 05/27 05:40:41 Job submitted from host: <131.225.188.235:9618?addrs=131.225.188.235-9618&noUDP&sock=15005_c2aa_3>
...
001 (61127943.120.000) 05/27 05:41:30 Job executing on host: <131.225.206.47:9618?addrs=131.225.206.47-9618&noUDP&sock=4531_77b4_3>
...
006 (61127943.120.000) 05/27 05:41:39 Image size of job updated: 13
	13  -  MemoryUsage of job (MB)
	14328  -  ResidentSetSize of job (KB)
...
006 (61127943.120.000) 05/27 05:42:39 Image size of job updated: 226
	226  -  MemoryUsage of job (MB)
	231696  -  ResidentSetSize of job (KB)
...
006 (61127943.120.000) 05/27 05:43:39 Image size of job updated: 226
	226  -  MemoryUsage of job (MB)
	231736  -  ResidentSetSize of job (KB)
...
006 (61127943.120.000) 05/27 05:44:40 Image size of job updated: 226
	226  -  MemoryUsage of job (MB)
	231744  -  ResidentSetSize of job (KB)
...
006 (61127943.120.000) 05/27 05:45:41 Image size of job updated: 226
	226  -  MemoryUsage of job (MB)
	231768  -  ResidentSetSize of job (KB)
...
006 (61127943.120.000) 05/27 05:46:43 Image size of job updated: 226
	226  -  MemoryUsage of job (MB)
	231820  -  ResidentSetSize of job (KB)
...
006 (61127943.120.000) 05/27 05:47:44 Image size of job updated: 226
	226  -  MemoryUsage of job (MB)
	232100  -  ResidentSetSize of job (KB)
...
006 (61127943.120.000) 05/27 05:48:45 Image size of job updated: 226
	226  -  MemoryUsage of job (MB)
	232112  -  ResidentSetSize of job (KB)
...
006 (61127943.120.000) 05/27 05:49:46 Image size of job updated: 267
	267  -  MemoryUsage of job (MB)
	274408  -  ResidentSetSize of job (KB)
...
006 (61127943.120.000) 05/27 05:50:48 Image size of job updated: 268
	268  -  MemoryUsage of job (MB)
	274568  -  ResidentSetSize of job (KB)
...
006 (61127943.120.000) 05/27 05:51:48 Image size of job updated: 268
	268  -  MemoryUsage of job (MB)
	274608  -  ResidentSetSize of job (KB)
...
006 (61127943.120.000) 05/27 05:52:48 Image size of job updated: 275
	275  -  MemoryUsage of job (MB)
	282124  -  ResidentSetSize of job (KB)
...
006 (61127943.120.000) 05/27 05:53:48 Image size of job updated: 275
	275  -  MemoryUsage of job (MB)
	282144  -  ResidentSetSize of job (KB)
...
006 (61127943.120.000) 05/27 05:54:48 Image size of job updated: 278
	278  -  MemoryUsage of job (MB)
	284860  -  ResidentSetSize of job (KB)
...
006 (61127943.120.000) 05/27 05:55:48 Image size of job updated: 278
	278  -  MemoryUsage of job (MB)
	284892  -  ResidentSetSize of job (KB)
...
006 (61127943.120.000) 05/27 05:56:48 Image size of job updated: 278
	278  -  MemoryUsage of job (MB)
	285156  -  ResidentSetSize of job (KB)
...
006 (61127943.120.000) 05/27 05:57:48 Image size of job updated: 279
	279  -  MemoryUsage of job (MB)
	286172  -  ResidentSetSize of job (KB)
...
006 (61127943.120.000) 05/27 05:58:49 Image size of job updated: 279
	279  -  MemoryUsage of job (MB)
	286204  -  ResidentSetSize of job (KB)
...
006 (61127943.120.000) 05/27 05:59:49 Image size of job updated: 279
	279  -  MemoryUsage of job (MB)
	286256  -  ResidentSetSize of job (KB)
...
006 (61127943.120.000) 05/27 06:00:49 Image size of job updated: 279
	279  -  MemoryUsage of job (MB)
	286288  -  ResidentSetSize of job (KB)
...
006 (61127943.120.000) 05/27 06:01:49 Image size of job updated: 279
	279  -  MemoryUsage of job (MB)
	286304  -  ResidentSetSize of job (KB)
...
006 (61127943.120.000) 05/27 06:02:49 Image size of job updated: 279
	279  -  MemoryUsage of job (MB)
	286312  -  ResidentSetSize of job (KB)
...
006 (61127943.120.000) 05/27 06:03:49 Image size of job updated: 279
	279  -  MemoryUsage of job (MB)
	286340  -  ResidentSetSize of job (KB)
...
006 (61127943.120.000) 05/27 06:04:50 Image size of job updated: 279
	279  -  MemoryUsage of job (MB)
	286372  -  ResidentSetSize of job (KB)
...
006 (61127943.120.000) 05/27 06:05:51 Image size of job updated: 279
	279  -  MemoryUsage of job (MB)
	286404  -  ResidentSetSize of job (KB)
...
006 (61127943.120.000) 05/27 06:06:52 Image size of job updated: 279
	279  -  MemoryUsage of job (MB)
	286440  -  ResidentSetSize of job (KB)
...
006 (61127943.120.000) 05/27 06:07:53 Image size of job updated: 280
	280  -  MemoryUsage of job (MB)
	287308  -  ResidentSetSize of job (KB)
...
006 (61127943.120.000) 05/27 06:08:53 Image size of job updated: 280
	280  -  MemoryUsage of job (MB)
	287324  -  ResidentSetSize of job (KB)
...
006 (61127943.120.000) 05/27 06:09:53 Image size of job updated: 280
	280  -  MemoryUsage of job (MB)
	287344  -  ResidentSetSize of job (KB)
...
006 (61127943.120.000) 05/27 06:10:53 Image size of job updated: 280
	280  -  MemoryUsage of job (MB)
	287384  -  ResidentSetSize of job (KB)
...
006 (61127943.120.000) 05/27 06:11:53 Image size of job updated: 280
	280  -  MemoryUsage of job (MB)
	287432  -  ResidentSetSize of job (KB)
...
006 (61127943.120.000) 05/27 06:12:53 Image size of job updated: 280
	280  -  MemoryUsage of job (MB)
	287472  -  ResidentSetSize of job (KB)
...
006 (61127943.120.000) 05/27 06:13:54 Image size of job updated: 280
	280  -  MemoryUsage of job (MB)
	287476  -  ResidentSetSize of job (KB)
...
006 (61127943.120.000) 05/27 06:14:55 Image size of job updated: 280
	280  -  MemoryUsage of job (MB)
	287504  -  ResidentSetSize of job (KB)
...
006 (61127943.120.000) 05/27 06:15:56 Image size of job updated: 280
	280  -  MemoryUsage of job (MB)
	287520  -  ResidentSetSize of job (KB)
...
006 (61127943.120.000) 05/27 06:16:57 Image size of job updated: 280
	280  -  MemoryUsage of job (MB)
	287524  -  ResidentSetSize of job (KB)
...
006 (61127943.120.000) 05/27 06:17:58 Image size of job updated: 280
	280  -  MemoryUsage of job (MB)
	287536  -  ResidentSetSize of job (KB)
...
006 (61127943.120.000) 05/27 06:18:59 Image size of job updated: 280
	280  -  MemoryUsage of job (MB)
	287556  -  ResidentSetSize of job (KB)
...
006 (61127943.120.000) 05/27 06:20:00 Image size of job updated: 280
	280  -  MemoryUsage of job (MB)
	287580  -  ResidentSetSize of job (KB)
...
006 (61127943.120.000) 05/27 06:21:00 Image size of job updated: 280
	280  -  MemoryUsage of job (MB)
	287592  -  ResidentSetSize of job (KB)
...
006 (61127943.120.000) 05/27 06:22:00 Image size of job updated: 281
	281  -  MemoryUsage of job (MB)
	287872  -  ResidentSetSize of job (KB)
...
006 (61127943.120.000) 05/27 06:23:00 Image size of job updated: 281
	281  -  MemoryUsage of job (MB)
	287904  -  ResidentSetSize of job (KB)
...
006 (61127943.120.000) 05/27 06:24:00 Image size of job updated: 281
	281  -  MemoryUsage of job (MB)
	287964  -  ResidentSetSize of job (KB)
...
006 (61127943.120.000) 05/27 06:25:00 Image size of job updated: 281
	281  -  MemoryUsage of job (MB)
	287988  -  ResidentSetSize of job (KB)
...
006 (61127943.120.000) 05/27 06:26:01 Image size of job updated: 281
	281  -  MemoryUsage of job (MB)
	288008  -  ResidentSetSize of job (KB)
...
006 (61127943.120.000) 05/27 06:27:02 Image size of job updated: 281
	281  -  MemoryUsage of job (MB)
	288016  -  ResidentSetSize of job (KB)
...
006 (61127943.120.000) 05/27 06:28:03 Image size of job updated: 281
	281  -  MemoryUsage of job (MB)
	288068  -  ResidentSetSize of job (KB)
...
006 (61127943.120.000) 05/27 06:29:04 Image size of job updated: 281
	281  -  MemoryUsage of job (MB)
	288120  -  ResidentSetSize of job (KB)
...
006 (61127943.120.000) 05/27 06:30:05 Image size of job updated: 281
	281  -  MemoryUsage of job (MB)
	288132  -  ResidentSetSize of job (KB)
...
006 (61127943.120.000) 05/27 06:31:06 Image size of job updated: 281
	281  -  MemoryUsage of job (MB)
	288160  -  ResidentSetSize of job (KB)
...
006 (61127943.120.000) 05/27 06:32:08 Image size of job updated: 281
	281  -  MemoryUsage of job (MB)
	288192  -  ResidentSetSize of job (KB)
...
006 (61127943.120.000) 05/27 06:33:08 Image size of job updated: 281
	281  -  MemoryUsage of job (MB)
	288216  -  ResidentSetSize of job (KB)
...
006 (61127943.120.000) 05/27 06:34:08 Image size of job updated: 281
	281  -  MemoryUsage of job (MB)
	288244  -  ResidentSetSize of job (KB)
...
006 (61127943.120.000) 05/27 06:34:33 Image size of job updated: 281
	281  -  MemoryUsage of job (MB)
	288248  -  ResidentSetSize of job (KB)
...
005 (61127943.120.000) 05/27 06:34:34 Job terminated.
	(1) Normal termination (return value 0)
		Usr 0 00:33:03, Sys 0 00:03:54  -  Run Remote Usage
		Usr 0 00:00:00, Sys 0 00:00:00  -  Run Local Usage
		Usr 0 00:33:03, Sys 0 00:03:54  -  Total Remote Usage
		Usr 0 00:00:00, Sys 0 00:00:00  -  Total Local Usage
	51896  -  Run Bytes Sent By Job
	14471  -  Run Bytes Received By Job
	51896  -  Total Bytes Sent By Job
	14471  -  Total Bytes Received By Job
	Partitionable Resources :    Usage  Request Allocated 
	   Cpus                 :        0        1         1 
	   Disk (KB)            :       84        7    322564 
	   Memory (MB)          :      281     2048      2048 
...
