000 (61127943.140.000) 05/27 05:40:41 Job submitted from host: <131.225.188.235:9618?addrs=131.225.188.235-9618&noUDP&sock=15005_c2aa_3>
...
001 (61127943.140.000) 05/27 05:41:34 Job executing on host: <131.225.191.175:9618?addrs=131.225.191.175-9618&noUDP&sock=4545_1208_3>
...
006 (61127943.140.000) 05/27 05:41:43 Image size of job updated: 2
	2  -  MemoryUsage of job (MB)
	2468  -  ResidentSetSize of job (KB)
...
006 (61127943.140.000) 05/27 05:42:43 Image size of job updated: 291
	291  -  MemoryUsage of job (MB)
	298100  -  ResidentSetSize of job (KB)
...
006 (61127943.140.000) 05/27 05:43:43 Image size of job updated: 297
	297  -  MemoryUsage of job (MB)
	304500  -  ResidentSetSize of job (KB)
...
006 (61127943.140.000) 05/27 05:44:43 Image size of job updated: 297
	297  -  MemoryUsage of job (MB)
	304720  -  ResidentSetSize of job (KB)
...
006 (61127943.140.000) 05/27 05:45:43 Image size of job updated: 297
	297  -  MemoryUsage of job (MB)
	304912  -  ResidentSetSize of job (KB)
...
006 (61127943.140.000) 05/27 05:46:43 Image size of job updated: 298
	298  -  MemoryUsage of job (MB)
	305336  -  ResidentSetSize of job (KB)
...
006 (61127943.140.000) 05/27 05:47:43 Image size of job updated: 298
	298  -  MemoryUsage of job (MB)
	305448  -  ResidentSetSize of job (KB)
...
006 (61127943.140.000) 05/27 05:48:44 Image size of job updated: 298
	298  -  MemoryUsage of job (MB)
	305544  -  ResidentSetSize of job (KB)
...
006 (61127943.140.000) 05/27 05:49:45 Image size of job updated: 298
	298  -  MemoryUsage of job (MB)
	305668  -  ResidentSetSize of job (KB)
...
006 (61127943.140.000) 05/27 05:50:46 Image size of job updated: 298
	298  -  MemoryUsage of job (MB)
	305756  -  ResidentSetSize of job (KB)
...
006 (61127943.140.000) 05/27 05:51:47 Image size of job updated: 298
	298  -  MemoryUsage of job (MB)
	306008  -  ResidentSetSize of job (KB)
...
006 (61127943.140.000) 05/27 05:52:48 Image size of job updated: 307
	307  -  MemoryUsage of job (MB)
	315232  -  ResidentSetSize of job (KB)
...
006 (61127943.140.000) 05/27 05:53:49 Image size of job updated: 309
	309  -  MemoryUsage of job (MB)
	317136  -  ResidentSetSize of job (KB)
...
006 (61127943.140.000) 05/27 05:54:51 Image size of job updated: 309
	309  -  MemoryUsage of job (MB)
	317252  -  ResidentSetSize of job (KB)
...
006 (61127943.140.000) 05/27 05:55:52 Image size of job updated: 309
	309  -  MemoryUsage of job (MB)
	317336  -  ResidentSetSize of job (KB)
...
006 (61127943.140.000) 05/27 05:56:53 Image size of job updated: 310
	310  -  MemoryUsage of job (MB)
	317460  -  ResidentSetSize of job (KB)
...
006 (61127943.140.000) 05/27 05:57:54 Image size of job updated: 310
	310  -  MemoryUsage of job (MB)
	317576  -  ResidentSetSize of job (KB)
...
006 (61127943.140.000) 05/27 05:58:55 Image size of job updated: 310
	310  -  MemoryUsage of job (MB)
	317680  -  ResidentSetSize of job (KB)
...
006 (61127943.140.000) 05/27 05:59:56 Image size of job updated: 310
	310  -  MemoryUsage of job (MB)
	317772  -  ResidentSetSize of job (KB)
...
006 (61127943.140.000) 05/27 06:00:57 Image size of job updated: 310
	310  -  MemoryUsage of job (MB)
	317884  -  ResidentSetSize of job (KB)
...
006 (61127943.140.000) 05/27 06:01:58 Image size of job updated: 312
	312  -  MemoryUsage of job (MB)
	319936  -  ResidentSetSize of job (KB)
...
006 (61127943.140.000) 05/27 06:02:59 Image size of job updated: 312
	310  -  MemoryUsage of job (MB)
	319936  -  ResidentSetSize of job (KB)
...
006 (61127943.140.000) 05/27 06:04:00 Image size of job updated: 312
	311  -  MemoryUsage of job (MB)
	319936  -  ResidentSetSize of job (KB)
...
006 (61127943.140.000) 05/27 06:07:02 Image size of job updated: 312
	312  -  MemoryUsage of job (MB)
	319936  -  ResidentSetSize of job (KB)
...
006 (61127943.140.000) 05/27 06:09:02 Image size of job updated: 312
	312  -  MemoryUsage of job (MB)
	319940  -  ResidentSetSize of job (KB)
...
006 (61127943.140.000) 05/27 06:10:02 Image size of job updated: 312
	312  -  MemoryUsage of job (MB)
	320052  -  ResidentSetSize of job (KB)
...
006 (61127943.140.000) 05/27 06:11:02 Image size of job updated: 312
	312  -  MemoryUsage of job (MB)
	320160  -  ResidentSetSize of job (KB)
...
006 (61127943.140.000) 05/27 06:12:03 Image size of job updated: 312
	312  -  MemoryUsage of job (MB)
	320288  -  ResidentSetSize of job (KB)
...
006 (61127943.140.000) 05/27 06:13:03 Image size of job updated: 312
	310  -  MemoryUsage of job (MB)
	320288  -  ResidentSetSize of job (KB)
...
006 (61127943.140.000) 05/27 06:15:03 Image size of job updated: 312
	311  -  MemoryUsage of job (MB)
	320288  -  ResidentSetSize of job (KB)
...
006 (61127943.140.000) 05/27 06:17:03 Image size of job updated: 320
	320  -  MemoryUsage of job (MB)
	328140  -  ResidentSetSize of job (KB)
...
006 (61127943.140.000) 05/27 06:18:03 Image size of job updated: 320
	320  -  MemoryUsage of job (MB)
	328232  -  ResidentSetSize of job (KB)
...
006 (61127943.140.000) 05/27 06:19:03 Image size of job updated: 320
	320  -  MemoryUsage of job (MB)
	328348  -  ResidentSetSize of job (KB)
...
006 (61127943.140.000) 05/27 06:20:03 Image size of job updated: 320
	320  -  MemoryUsage of job (MB)
	328416  -  ResidentSetSize of job (KB)
...
006 (61127943.140.000) 05/27 06:21:04 Image size of job updated: 320
	320  -  MemoryUsage of job (MB)
	328548  -  ResidentSetSize of job (KB)
...
006 (61127943.140.000) 05/27 06:22:05 Image size of job updated: 320
	310  -  MemoryUsage of job (MB)
	328548  -  ResidentSetSize of job (KB)
...
006 (61127943.140.000) 05/27 06:23:06 Image size of job updated: 320
	311  -  MemoryUsage of job (MB)
	328548  -  ResidentSetSize of job (KB)
...
006 (61127943.140.000) 05/27 06:26:10 Image size of job updated: 320
	312  -  MemoryUsage of job (MB)
	328548  -  ResidentSetSize of job (KB)
...
006 (61127943.140.000) 05/27 06:30:10 Image size of job updated: 320
	310  -  MemoryUsage of job (MB)
	328548  -  ResidentSetSize of job (KB)
...
006 (61127943.140.000) 05/27 06:31:10 Image size of job updated: 320
	312  -  MemoryUsage of job (MB)
	328548  -  ResidentSetSize of job (KB)
...
006 (61127943.140.000) 05/27 06:34:10 Image size of job updated: 320
	313  -  MemoryUsage of job (MB)
	328548  -  ResidentSetSize of job (KB)
...
006 (61127943.140.000) 05/27 06:42:18 Image size of job updated: 320
	314  -  MemoryUsage of job (MB)
	328548  -  ResidentSetSize of job (KB)
...
006 (61127943.140.000) 05/27 06:47:23 Image size of job updated: 320
	315  -  MemoryUsage of job (MB)
	328548  -  ResidentSetSize of job (KB)
...
006 (61127943.140.000) 05/27 06:51:28 Image size of job updated: 320
	316  -  MemoryUsage of job (MB)
	328548  -  ResidentSetSize of job (KB)
...
006 (61127943.140.000) 05/27 07:04:32 Image size of job updated: 320
	317  -  MemoryUsage of job (MB)
	328548  -  ResidentSetSize of job (KB)
...
006 (61127943.140.000) 05/27 07:09:36 Image size of job updated: 323
	323  -  MemoryUsage of job (MB)
	331080  -  ResidentSetSize of job (KB)
...
006 (61127943.140.000) 05/27 07:10:36 Image size of job updated: 323
	323  -  MemoryUsage of job (MB)
	331236  -  ResidentSetSize of job (KB)
...
006 (61127943.140.000) 05/27 07:11:36 Image size of job updated: 323
	323  -  MemoryUsage of job (MB)
	331392  -  ResidentSetSize of job (KB)
...
006 (61127943.140.000) 05/27 07:12:36 Image size of job updated: 323
	323  -  MemoryUsage of job (MB)
	331468  -  ResidentSetSize of job (KB)
...
006 (61127943.140.000) 05/27 07:13:36 Image size of job updated: 323
	323  -  MemoryUsage of job (MB)
	331592  -  ResidentSetSize of job (KB)
...
006 (61127943.140.000) 05/27 07:14:37 Image size of job updated: 323
	323  -  MemoryUsage of job (MB)
	331720  -  ResidentSetSize of job (KB)
...
006 (61127943.140.000) 05/27 07:15:38 Image size of job updated: 324
	324  -  MemoryUsage of job (MB)
	331896  -  ResidentSetSize of job (KB)
...
006 (61127943.140.000) 05/27 07:16:39 Image size of job updated: 324
	318  -  MemoryUsage of job (MB)
	331896  -  ResidentSetSize of job (KB)
...
006 (61127943.140.000) 05/27 07:17:40 Image size of job updated: 324
	319  -  MemoryUsage of job (MB)
	331896  -  ResidentSetSize of job (KB)
...
006 (61127943.140.000) 05/27 07:21:42 Image size of job updated: 324
	320  -  MemoryUsage of job (MB)
	331896  -  ResidentSetSize of job (KB)
...
006 (61127943.140.000) 05/27 07:22:42 Image size of job updated: 324
	321  -  MemoryUsage of job (MB)
	331896  -  ResidentSetSize of job (KB)
...
005 (61127943.140.000) 05/27 07:23:33 Job terminated.
	(1) Normal termination (return value 0)
		Usr 0 01:03:50, Sys 0 00:07:48  -  Run Remote Usage
		Usr 0 00:00:00, Sys 0 00:00:00  -  Run Local Usage
		Usr 0 01:03:50, Sys 0 00:07:48  -  Total Remote Usage
		Usr 0 00:00:00, Sys 0 00:00:00  -  Total Local Usage
	140612  -  Run Bytes Sent By Job
	14471  -  Run Bytes Received By Job
	140612  -  Total Bytes Sent By Job
	14471  -  Total Bytes Received By Job
	Partitionable Resources :    Usage  Request Allocated 
	   Cpus                 :        0        1         1 
	   Disk (KB)            :      171        7    317809 
	   Memory (MB)          :      321     2048      2048 
...
