000 (61127943.128.000) 05/27 05:40:41 Job submitted from host: <131.225.188.235:9618?addrs=131.225.188.235-9618&noUDP&sock=15005_c2aa_3>
...
001 (61127943.128.000) 05/27 05:41:31 Job executing on host: <131.225.191.152:9618?addrs=131.225.191.152-9618&noUDP&sock=4531_77b4_3>
...
006 (61127943.128.000) 05/27 05:41:40 Image size of job updated: 2
	1  -  MemoryUsage of job (MB)
	1596  -  ResidentSetSize of job (KB)
...
006 (61127943.128.000) 05/27 05:42:40 Image size of job updated: 290
	290  -  MemoryUsage of job (MB)
	297808  -  ResidentSetSize of job (KB)
...
006 (61127943.128.000) 05/27 05:43:40 Image size of job updated: 298
	298  -  MemoryUsage of job (MB)
	305220  -  ResidentSetSize of job (KB)
...
006 (61127943.128.000) 05/27 05:44:40 Image size of job updated: 298
	298  -  MemoryUsage of job (MB)
	305696  -  ResidentSetSize of job (KB)
...
006 (61127943.128.000) 05/27 05:45:40 Image size of job updated: 298
	298  -  MemoryUsage of job (MB)
	305876  -  ResidentSetSize of job (KB)
...
006 (61127943.128.000) 05/27 05:46:40 Image size of job updated: 302
	302  -  MemoryUsage of job (MB)
	310128  -  ResidentSetSize of job (KB)
...
006 (61127943.128.000) 05/27 05:47:40 Image size of job updated: 302
	302  -  MemoryUsage of job (MB)
	310220  -  ResidentSetSize of job (KB)
...
006 (61127943.128.000) 05/27 05:48:40 Image size of job updated: 303
	303  -  MemoryUsage of job (MB)
	310448  -  ResidentSetSize of job (KB)
...
006 (61127943.128.000) 05/27 05:49:40 Image size of job updated: 303
	303  -  MemoryUsage of job (MB)
	310536  -  ResidentSetSize of job (KB)
...
006 (61127943.128.000) 05/27 05:50:40 Image size of job updated: 309
	309  -  MemoryUsage of job (MB)
	316620  -  ResidentSetSize of job (KB)
...
006 (61127943.128.000) 05/27 05:51:41 Image size of job updated: 310
	310  -  MemoryUsage of job (MB)
	318008  -  ResidentSetSize of job (KB)
...
006 (61127943.128.000) 05/27 05:52:42 Image size of job updated: 310
	310  -  MemoryUsage of job (MB)
	318116  -  ResidentSetSize of job (KB)
...
006 (61127943.128.000) 05/27 05:53:43 Image size of job updated: 310
	310  -  MemoryUsage of job (MB)
	318196  -  ResidentSetSize of job (KB)
...
006 (61127943.128.000) 05/27 05:54:44 Image size of job updated: 310
	310  -  MemoryUsage of job (MB)
	318232  -  ResidentSetSize of job (KB)
...
006 (61127943.128.000) 05/27 05:55:45 Image size of job updated: 310
	310  -  MemoryUsage of job (MB)
	318312  -  ResidentSetSize of job (KB)
...
006 (61127943.128.000) 05/27 05:56:46 Image size of job updated: 310
	310  -  MemoryUsage of job (MB)
	318408  -  ResidentSetSize of job (KB)
...
006 (61127943.128.000) 05/27 05:57:47 Image size of job updated: 310
	309  -  MemoryUsage of job (MB)
	318408  -  ResidentSetSize of job (KB)
...
006 (61127943.128.000) 05/27 05:58:48 Image size of job updated: 310
	310  -  MemoryUsage of job (MB)
	318408  -  ResidentSetSize of job (KB)
...
006 (61127943.128.000) 05/27 05:59:49 Image size of job updated: 311
	311  -  MemoryUsage of job (MB)
	318512  -  ResidentSetSize of job (KB)
...
006 (61127943.128.000) 05/27 06:00:50 Image size of job updated: 311
	311  -  MemoryUsage of job (MB)
	318572  -  ResidentSetSize of job (KB)
...
006 (61127943.128.000) 05/27 06:01:51 Image size of job updated: 311
	311  -  MemoryUsage of job (MB)
	318712  -  ResidentSetSize of job (KB)
...
006 (61127943.128.000) 05/27 06:02:52 Image size of job updated: 312
	312  -  MemoryUsage of job (MB)
	320120  -  ResidentSetSize of job (KB)
...
006 (61127943.128.000) 05/27 06:03:53 Image size of job updated: 312
	312  -  MemoryUsage of job (MB)
	320176  -  ResidentSetSize of job (KB)
...
006 (61127943.128.000) 05/27 06:04:55 Image size of job updated: 312
	312  -  MemoryUsage of job (MB)
	320220  -  ResidentSetSize of job (KB)
...
006 (61127943.128.000) 05/27 06:05:55 Image size of job updated: 312
	312  -  MemoryUsage of job (MB)
	320276  -  ResidentSetSize of job (KB)
...
006 (61127943.128.000) 05/27 06:06:55 Image size of job updated: 312
	312  -  MemoryUsage of job (MB)
	320360  -  ResidentSetSize of job (KB)
...
006 (61127943.128.000) 05/27 06:07:55 Image size of job updated: 312
	312  -  MemoryUsage of job (MB)
	320416  -  ResidentSetSize of job (KB)
...
006 (61127943.128.000) 05/27 06:08:55 Image size of job updated: 314
	314  -  MemoryUsage of job (MB)
	321580  -  ResidentSetSize of job (KB)
...
006 (61127943.128.000) 05/27 06:09:55 Image size of job updated: 314
	314  -  MemoryUsage of job (MB)
	321660  -  ResidentSetSize of job (KB)
...
006 (61127943.128.000) 05/27 06:10:56 Image size of job updated: 314
	314  -  MemoryUsage of job (MB)
	321720  -  ResidentSetSize of job (KB)
...
006 (61127943.128.000) 05/27 06:11:56 Image size of job updated: 314
	314  -  MemoryUsage of job (MB)
	321768  -  ResidentSetSize of job (KB)
...
006 (61127943.128.000) 05/27 06:12:56 Image size of job updated: 314
	314  -  MemoryUsage of job (MB)
	321960  -  ResidentSetSize of job (KB)
...
006 (61127943.128.000) 05/27 06:13:56 Image size of job updated: 314
	314  -  MemoryUsage of job (MB)
	322060  -  ResidentSetSize of job (KB)
...
006 (61127943.128.000) 05/27 06:14:56 Image size of job updated: 314
	314  -  MemoryUsage of job (MB)
	322108  -  ResidentSetSize of job (KB)
...
006 (61127943.128.000) 05/27 06:15:56 Image size of job updated: 315
	315  -  MemoryUsage of job (MB)
	323348  -  ResidentSetSize of job (KB)
...
006 (61127943.128.000) 05/27 06:16:56 Image size of job updated: 315
	315  -  MemoryUsage of job (MB)
	323408  -  ResidentSetSize of job (KB)
...
006 (61127943.128.000) 05/27 06:17:57 Image size of job updated: 316
	316  -  MemoryUsage of job (MB)
	323636  -  ResidentSetSize of job (KB)
...
006 (61127943.128.000) 05/27 06:18:58 Image size of job updated: 316
	316  -  MemoryUsage of job (MB)
	323696  -  ResidentSetSize of job (KB)
...
006 (61127943.128.000) 05/27 06:19:59 Image size of job updated: 316
	316  -  MemoryUsage of job (MB)
	323764  -  ResidentSetSize of job (KB)
...
006 (61127943.128.000) 05/27 06:21:00 Image size of job updated: 316
	316  -  MemoryUsage of job (MB)
	323836  -  ResidentSetSize of job (KB)
...
006 (61127943.128.000) 05/27 06:22:01 Image size of job updated: 316
	316  -  MemoryUsage of job (MB)
	323940  -  ResidentSetSize of job (KB)
...
006 (61127943.128.000) 05/27 06:23:02 Image size of job updated: 316
	316  -  MemoryUsage of job (MB)
	324032  -  ResidentSetSize of job (KB)
...
006 (61127943.128.000) 05/27 06:24:02 Image size of job updated: 316
	316  -  MemoryUsage of job (MB)
	324084  -  ResidentSetSize of job (KB)
...
006 (61127943.128.000) 05/27 06:25:02 Image size of job updated: 316
	316  -  MemoryUsage of job (MB)
	324168  -  ResidentSetSize of job (KB)
...
006 (61127943.128.000) 05/27 06:26:02 Image size of job updated: 316
	316  -  MemoryUsage of job (MB)
	324264  -  ResidentSetSize of job (KB)
...
006 (61127943.128.000) 05/27 06:27:03 Image size of job updated: 316
	316  -  MemoryUsage of job (MB)
	324336  -  ResidentSetSize of job (KB)
...
006 (61127943.128.000) 05/27 06:28:03 Image size of job updated: 316
	316  -  MemoryUsage of job (MB)
	324400  -  ResidentSetSize of job (KB)
...
006 (61127943.128.000) 05/27 06:29:03 Image size of job updated: 316
	316  -  MemoryUsage of job (MB)
	324476  -  ResidentSetSize of job (KB)
...
006 (61127943.128.000) 05/27 06:30:03 Image size of job updated: 316
	316  -  MemoryUsage of job (MB)
	324568  -  ResidentSetSize of job (KB)
...
006 (61127943.128.000) 05/27 06:31:03 Image size of job updated: 317
	317  -  MemoryUsage of job (MB)
	324636  -  ResidentSetSize of job (KB)
...
006 (61127943.128.000) 05/27 06:32:04 Image size of job updated: 317
	317  -  MemoryUsage of job (MB)
	324704  -  ResidentSetSize of job (KB)
...
006 (61127943.128.000) 05/27 06:33:05 Image size of job updated: 317
	317  -  MemoryUsage of job (MB)
	324768  -  ResidentSetSize of job (KB)
...
006 (61127943.128.000) 05/27 06:34:06 Image size of job updated: 317
	317  -  MemoryUsage of job (MB)
	325524  -  ResidentSetSize of job (KB)
...
006 (61127943.128.000) 05/27 06:35:07 Image size of job updated: 317
	317  -  MemoryUsage of job (MB)
	325612  -  ResidentSetSize of job (KB)
...
006 (61127943.128.000) 05/27 06:36:08 Image size of job updated: 318
	318  -  MemoryUsage of job (MB)
	325656  -  ResidentSetSize of job (KB)
...
006 (61127943.128.000) 05/27 06:37:09 Image size of job updated: 318
	318  -  MemoryUsage of job (MB)
	325744  -  ResidentSetSize of job (KB)
...
006 (61127943.128.000) 05/27 06:38:10 Image size of job updated: 318
	318  -  MemoryUsage of job (MB)
	325836  -  ResidentSetSize of job (KB)
...
006 (61127943.128.000) 05/27 06:39:11 Image size of job updated: 318
	318  -  MemoryUsage of job (MB)
	326048  -  ResidentSetSize of job (KB)
...
006 (61127943.128.000) 05/27 06:40:13 Image size of job updated: 318
	318  -  MemoryUsage of job (MB)
	326100  -  ResidentSetSize of job (KB)
...
006 (61127943.128.000) 05/27 06:41:14 Image size of job updated: 318
	318  -  MemoryUsage of job (MB)
	326160  -  ResidentSetSize of job (KB)
...
006 (61127943.128.000) 05/27 06:42:14 Image size of job updated: 319
	319  -  MemoryUsage of job (MB)
	327528  -  ResidentSetSize of job (KB)
...
006 (61127943.128.000) 05/27 06:43:14 Image size of job updated: 319
	312  -  MemoryUsage of job (MB)
	327528  -  ResidentSetSize of job (KB)
...
006 (61127943.128.000) 05/27 06:44:14 Image size of job updated: 319
	313  -  MemoryUsage of job (MB)
	327528  -  ResidentSetSize of job (KB)
...
006 (61127943.128.000) 05/27 06:45:14 Image size of job updated: 319
	314  -  MemoryUsage of job (MB)
	327528  -  ResidentSetSize of job (KB)
...
006 (61127943.128.000) 05/27 06:54:15 Image size of job updated: 319
	315  -  MemoryUsage of job (MB)
	327528  -  ResidentSetSize of job (KB)
...
006 (61127943.128.000) 05/27 07:00:21 Image size of job updated: 319
	313  -  MemoryUsage of job (MB)
	327528  -  ResidentSetSize of job (KB)
...
006 (61127943.128.000) 05/27 07:01:22 Image size of job updated: 319
	315  -  MemoryUsage of job (MB)
	327528  -  ResidentSetSize of job (KB)
...
006 (61127943.128.000) 05/27 07:03:23 Image size of job updated: 319
	316  -  MemoryUsage of job (MB)
	327528  -  ResidentSetSize of job (KB)
...
006 (61127943.128.000) 05/27 07:07:23 Image size of job updated: 319
	317  -  MemoryUsage of job (MB)
	327528  -  ResidentSetSize of job (KB)
...
006 (61127943.128.000) 05/27 07:08:23 Image size of job updated: 319
	318  -  MemoryUsage of job (MB)
	327528  -  ResidentSetSize of job (KB)
...
006 (61127943.128.000) 05/27 07:09:24 Image size of job updated: 319
	319  -  MemoryUsage of job (MB)
	327528  -  ResidentSetSize of job (KB)
...
006 (61127943.128.000) 05/27 07:11:26 Image size of job updated: 319
	319  -  MemoryUsage of job (MB)
	327604  -  ResidentSetSize of job (KB)
...
006 (61127943.128.000) 05/27 07:12:28 Image size of job updated: 320
	320  -  MemoryUsage of job (MB)
	327700  -  ResidentSetSize of job (KB)
...
006 (61127943.128.000) 05/27 07:13:28 Image size of job updated: 320
	320  -  MemoryUsage of job (MB)
	327792  -  ResidentSetSize of job (KB)
...
006 (61127943.128.000) 05/27 07:14:28 Image size of job updated: 320
	320  -  MemoryUsage of job (MB)
	327908  -  ResidentSetSize of job (KB)
...
006 (61127943.128.000) 05/27 07:15:28 Image size of job updated: 320
	314  -  MemoryUsage of job (MB)
	327908  -  ResidentSetSize of job (KB)
...
006 (61127943.128.000) 05/27 07:16:28 Image size of job updated: 320
	316  -  MemoryUsage of job (MB)
	327908  -  ResidentSetSize of job (KB)
...
006 (61127943.128.000) 05/27 07:19:29 Image size of job updated: 320
	317  -  MemoryUsage of job (MB)
	327908  -  ResidentSetSize of job (KB)
...
006 (61127943.128.000) 05/27 07:23:33 Image size of job updated: 320
	318  -  MemoryUsage of job (MB)
	327908  -  ResidentSetSize of job (KB)
...
006 (61127943.128.000) 05/27 07:24:34 Image size of job updated: 321
	321  -  MemoryUsage of job (MB)
	329664  -  ResidentSetSize of job (KB)
...
006 (61127943.128.000) 05/27 07:25:35 Image size of job updated: 321
	321  -  MemoryUsage of job (MB)
	329720  -  ResidentSetSize of job (KB)
...
006 (61127943.128.000) 05/27 07:26:35 Image size of job updated: 322
	322  -  MemoryUsage of job (MB)
	329796  -  ResidentSetSize of job (KB)
...
006 (61127943.128.000) 05/27 07:27:35 Image size of job updated: 322
	322  -  MemoryUsage of job (MB)
	329876  -  ResidentSetSize of job (KB)
...
006 (61127943.128.000) 05/27 07:28:35 Image size of job updated: 322
	322  -  MemoryUsage of job (MB)
	329968  -  ResidentSetSize of job (KB)
...
006 (61127943.128.000) 05/27 07:29:35 Image size of job updated: 322
	322  -  MemoryUsage of job (MB)
	330016  -  ResidentSetSize of job (KB)
...
006 (61127943.128.000) 05/27 07:30:35 Image size of job updated: 322
	322  -  MemoryUsage of job (MB)
	330116  -  ResidentSetSize of job (KB)
...
005 (61127943.128.000) 05/27 07:30:40 Job terminated.
	(1) Normal termination (return value 0)
		Usr 0 01:07:35, Sys 0 00:09:04  -  Run Remote Usage
		Usr 0 00:00:00, Sys 0 00:00:00  -  Run Local Usage
		Usr 0 01:07:35, Sys 0 00:09:04  -  Total Remote Usage
		Usr 0 00:00:00, Sys 0 00:00:00  -  Total Local Usage
	176269  -  Run Bytes Sent By Job
	14471  -  Run Bytes Received By Job
	176269  -  Total Bytes Sent By Job
	14471  -  Total Bytes Received By Job
	Partitionable Resources :    Usage  Request Allocated 
	   Cpus                 :     0.00        1         1 
	   Disk (KB)            :   206           7    316189 
	   Memory (MB)          :   322        2048      2048 
...
