000 (61127943.125.000) 05/27 05:40:41 Job submitted from host: <131.225.188.235:9618?addrs=131.225.188.235-9618&noUDP&sock=15005_c2aa_3>
...
001 (61127943.125.000) 05/27 05:41:31 Job executing on host: <131.225.204.110:9618?addrs=131.225.204.110-9618&noUDP&sock=4538_44de_3>
...
006 (61127943.125.000) 05/27 05:41:40 Image size of job updated: 3
	3  -  MemoryUsage of job (MB)
	3156  -  ResidentSetSize of job (KB)
...
006 (61127943.125.000) 05/27 05:42:41 Image size of job updated: 284
	284  -  MemoryUsage of job (MB)
	290952  -  ResidentSetSize of job (KB)
...
006 (61127943.125.000) 05/27 05:43:42 Image size of job updated: 285
	285  -  MemoryUsage of job (MB)
	292576  -  ResidentSetSize of job (KB)
...
006 (61127943.125.000) 05/27 05:44:43 Image size of job updated: 285
	285  -  MemoryUsage of job (MB)
	292652  -  ResidentSetSize of job (KB)
...
006 (61127943.125.000) 05/27 05:45:06 Image size of job updated: 285
	285  -  MemoryUsage of job (MB)
	292672  -  ResidentSetSize of job (KB)
...
005 (61127943.125.000) 05/27 05:45:07 Job terminated.
	(1) Normal termination (return value 0)
		Usr 0 00:02:13, Sys 0 00:00:21  -  Run Remote Usage
		Usr 0 00:00:00, Sys 0 00:00:00  -  Run Local Usage
		Usr 0 00:02:13, Sys 0 00:00:21  -  Total Remote Usage
		Usr 0 00:00:00, Sys 0 00:00:00  -  Total Local Usage
	18351  -  Run Bytes Sent By Job
	14471  -  Run Bytes Received By Job
	18351  -  Total Bytes Sent By Job
	14471  -  Total Bytes Received By Job
	Partitionable Resources :    Usage  Request Allocated 
	   Cpus                 :        0        1         1 
	   Disk (KB)            :       51        7    320091 
	   Memory (MB)          :      285     2048      2048 
...
