000 (61127943.154.000) 05/27 05:40:41 Job submitted from host: <131.225.188.235:9618?addrs=131.225.188.235-9618&noUDP&sock=15005_c2aa_3>
...
001 (61127943.154.000) 05/27 05:41:36 Job executing on host: <131.225.206.156:9618?addrs=131.225.206.156-9618&noUDP&sock=4538_44de_3>
...
006 (61127943.154.000) 05/27 05:41:45 Image size of job updated: 7
	7  -  MemoryUsage of job (MB)
	7516  -  ResidentSetSize of job (KB)
...
006 (61127943.154.000) 05/27 05:42:47 Image size of job updated: 308
	308  -  MemoryUsage of job (MB)
	316076  -  ResidentSetSize of job (KB)
...
006 (61127943.154.000) 05/27 05:44:49 Image size of job updated: 310
	310  -  MemoryUsage of job (MB)
	317980  -  ResidentSetSize of job (KB)
...
006 (61127943.154.000) 05/27 05:45:50 Image size of job updated: 311
	311  -  MemoryUsage of job (MB)
	318492  -  ResidentSetSize of job (KB)
...
006 (61127943.154.000) 05/27 05:46:50 Image size of job updated: 311
	311  -  MemoryUsage of job (MB)
	318516  -  ResidentSetSize of job (KB)
...
006 (61127943.154.000) 05/27 05:47:50 Image size of job updated: 312
	312  -  MemoryUsage of job (MB)
	319652  -  ResidentSetSize of job (KB)
...
006 (61127943.154.000) 05/27 05:48:50 Image size of job updated: 312
	312  -  MemoryUsage of job (MB)
	319744  -  ResidentSetSize of job (KB)
...
006 (61127943.154.000) 05/27 05:49:50 Image size of job updated: 312
	312  -  MemoryUsage of job (MB)
	319840  -  ResidentSetSize of job (KB)
...
006 (61127943.154.000) 05/27 05:50:50 Image size of job updated: 312
	312  -  MemoryUsage of job (MB)
	319984  -  ResidentSetSize of job (KB)
...
006 (61127943.154.000) 05/27 05:51:50 Image size of job updated: 312
	312  -  MemoryUsage of job (MB)
	320020  -  ResidentSetSize of job (KB)
...
006 (61127943.154.000) 05/27 05:52:50 Image size of job updated: 312
	312  -  MemoryUsage of job (MB)
	320124  -  ResidentSetSize of job (KB)
...
006 (61127943.154.000) 05/27 05:53:50 Image size of job updated: 312
	312  -  MemoryUsage of job (MB)
	320192  -  ResidentSetSize of job (KB)
...
006 (61127943.154.000) 05/27 05:54:50 Image size of job updated: 312
	312  -  MemoryUsage of job (MB)
	320272  -  ResidentSetSize of job (KB)
...
006 (61127943.154.000) 05/27 05:55:51 Image size of job updated: 312
	312  -  MemoryUsage of job (MB)
	320392  -  ResidentSetSize of job (KB)
...
006 (61127943.154.000) 05/27 05:56:52 Image size of job updated: 312
	312  -  MemoryUsage of job (MB)
	320508  -  ResidentSetSize of job (KB)
...
006 (61127943.154.000) 05/27 05:57:53 Image size of job updated: 315
	315  -  MemoryUsage of job (MB)
	323160  -  ResidentSetSize of job (KB)
...
006 (61127943.154.000) 05/27 05:58:54 Image size of job updated: 321
	321  -  MemoryUsage of job (MB)
	328864  -  ResidentSetSize of job (KB)
...
006 (61127943.154.000) 05/27 05:59:55 Image size of job updated: 321
	321  -  MemoryUsage of job (MB)
	329672  -  ResidentSetSize of job (KB)
...
006 (61127943.154.000) 05/27 06:00:56 Image size of job updated: 322
	322  -  MemoryUsage of job (MB)
	329748  -  ResidentSetSize of job (KB)
...
006 (61127943.154.000) 05/27 06:01:57 Image size of job updated: 322
	322  -  MemoryUsage of job (MB)
	329840  -  ResidentSetSize of job (KB)
...
006 (61127943.154.000) 05/27 06:02:58 Image size of job updated: 322
	322  -  MemoryUsage of job (MB)
	329936  -  ResidentSetSize of job (KB)
...
006 (61127943.154.000) 05/27 06:03:58 Image size of job updated: 322
	322  -  MemoryUsage of job (MB)
	329972  -  ResidentSetSize of job (KB)
...
006 (61127943.154.000) 05/27 06:04:58 Image size of job updated: 322
	322  -  MemoryUsage of job (MB)
	330084  -  ResidentSetSize of job (KB)
...
006 (61127943.154.000) 05/27 06:05:58 Image size of job updated: 322
	322  -  MemoryUsage of job (MB)
	330248  -  ResidentSetSize of job (KB)
...
006 (61127943.154.000) 05/27 06:06:58 Image size of job updated: 322
	322  -  MemoryUsage of job (MB)
	330644  -  ResidentSetSize of job (KB)
...
006 (61127943.154.000) 05/27 06:07:58 Image size of job updated: 322
	322  -  MemoryUsage of job (MB)
	330748  -  ResidentSetSize of job (KB)
...
006 (61127943.154.000) 05/27 06:08:59 Image size of job updated: 323
	323  -  MemoryUsage of job (MB)
	330840  -  ResidentSetSize of job (KB)
...
006 (61127943.154.000) 05/27 06:10:00 Image size of job updated: 323
	323  -  MemoryUsage of job (MB)
	330960  -  ResidentSetSize of job (KB)
...
006 (61127943.154.000) 05/27 06:11:01 Image size of job updated: 323
	323  -  MemoryUsage of job (MB)
	331112  -  ResidentSetSize of job (KB)
...
006 (61127943.154.000) 05/27 06:12:02 Image size of job updated: 323
	323  -  MemoryUsage of job (MB)
	331212  -  ResidentSetSize of job (KB)
...
006 (61127943.154.000) 05/27 06:13:04 Image size of job updated: 324
	324  -  MemoryUsage of job (MB)
	331932  -  ResidentSetSize of job (KB)
...
006 (61127943.154.000) 05/27 06:14:04 Image size of job updated: 324
	324  -  MemoryUsage of job (MB)
	332036  -  ResidentSetSize of job (KB)
...
006 (61127943.154.000) 05/27 06:15:04 Image size of job updated: 324
	324  -  MemoryUsage of job (MB)
	332108  -  ResidentSetSize of job (KB)
...
006 (61127943.154.000) 05/27 06:16:04 Image size of job updated: 324
	324  -  MemoryUsage of job (MB)
	332220  -  ResidentSetSize of job (KB)
...
006 (61127943.154.000) 05/27 06:17:04 Image size of job updated: 324
	324  -  MemoryUsage of job (MB)
	332356  -  ResidentSetSize of job (KB)
...
006 (61127943.154.000) 05/27 06:18:04 Image size of job updated: 324
	324  -  MemoryUsage of job (MB)
	332460  -  ResidentSetSize of job (KB)
...
006 (61127943.154.000) 05/27 06:19:04 Image size of job updated: 324
	324  -  MemoryUsage of job (MB)
	332528  -  ResidentSetSize of job (KB)
...
006 (61127943.154.000) 05/27 06:20:05 Image size of job updated: 324
	324  -  MemoryUsage of job (MB)
	332644  -  ResidentSetSize of job (KB)
...
006 (61127943.154.000) 05/27 06:21:06 Image size of job updated: 324
	324  -  MemoryUsage of job (MB)
	332748  -  ResidentSetSize of job (KB)
...
006 (61127943.154.000) 05/27 06:22:07 Image size of job updated: 325
	325  -  MemoryUsage of job (MB)
	332876  -  ResidentSetSize of job (KB)
...
006 (61127943.154.000) 05/27 06:23:08 Image size of job updated: 325
	325  -  MemoryUsage of job (MB)
	332980  -  ResidentSetSize of job (KB)
...
006 (61127943.154.000) 05/27 06:24:09 Image size of job updated: 325
	325  -  MemoryUsage of job (MB)
	333136  -  ResidentSetSize of job (KB)
...
006 (61127943.154.000) 05/27 06:25:11 Image size of job updated: 325
	325  -  MemoryUsage of job (MB)
	333280  -  ResidentSetSize of job (KB)
...
006 (61127943.154.000) 05/27 06:26:12 Image size of job updated: 325
	323  -  MemoryUsage of job (MB)
	333280  -  ResidentSetSize of job (KB)
...
006 (61127943.154.000) 05/27 06:27:13 Image size of job updated: 325
	324  -  MemoryUsage of job (MB)
	333280  -  ResidentSetSize of job (KB)
...
006 (61127943.154.000) 05/27 06:30:15 Image size of job updated: 325
	325  -  MemoryUsage of job (MB)
	333280  -  ResidentSetSize of job (KB)
...
006 (61127943.154.000) 05/27 06:31:15 Image size of job updated: 325
	325  -  MemoryUsage of job (MB)
	333404  -  ResidentSetSize of job (KB)
...
006 (61127943.154.000) 05/27 06:32:15 Image size of job updated: 325
	325  -  MemoryUsage of job (MB)
	333524  -  ResidentSetSize of job (KB)
...
006 (61127943.154.000) 05/27 06:33:15 Image size of job updated: 325
	325  -  MemoryUsage of job (MB)
	333680  -  ResidentSetSize of job (KB)
...
006 (61127943.154.000) 05/27 06:34:15 Image size of job updated: 325
	325  -  MemoryUsage of job (MB)
	333764  -  ResidentSetSize of job (KB)
...
006 (61127943.154.000) 05/27 06:35:15 Image size of job updated: 326
	326  -  MemoryUsage of job (MB)
	333904  -  ResidentSetSize of job (KB)
...
006 (61127943.154.000) 05/27 06:36:15 Image size of job updated: 326
	326  -  MemoryUsage of job (MB)
	334052  -  ResidentSetSize of job (KB)
...
006 (61127943.154.000) 05/27 06:37:16 Image size of job updated: 326
	326  -  MemoryUsage of job (MB)
	334252  -  ResidentSetSize of job (KB)
...
006 (61127943.154.000) 05/27 06:38:17 Image size of job updated: 326
	326  -  MemoryUsage of job (MB)
	334344  -  ResidentSetSize of job (KB)
...
006 (61127943.154.000) 05/27 06:39:18 Image size of job updated: 326
	326  -  MemoryUsage of job (MB)
	334472  -  ResidentSetSize of job (KB)
...
006 (61127943.154.000) 05/27 06:40:19 Image size of job updated: 326
	326  -  MemoryUsage of job (MB)
	334588  -  ResidentSetSize of job (KB)
...
006 (61127943.154.000) 05/27 06:41:20 Image size of job updated: 326
	326  -  MemoryUsage of job (MB)
	334724  -  ResidentSetSize of job (KB)
...
006 (61127943.154.000) 05/27 06:42:21 Image size of job updated: 327
	327  -  MemoryUsage of job (MB)
	334864  -  ResidentSetSize of job (KB)
...
006 (61127943.154.000) 05/27 06:43:22 Image size of job updated: 327
	327  -  MemoryUsage of job (MB)
	334964  -  ResidentSetSize of job (KB)
...
006 (61127943.154.000) 05/27 06:44:22 Image size of job updated: 327
	325  -  MemoryUsage of job (MB)
	334964  -  ResidentSetSize of job (KB)
...
006 (61127943.154.000) 05/27 06:45:22 Image size of job updated: 327
	327  -  MemoryUsage of job (MB)
	335224  -  ResidentSetSize of job (KB)
...
006 (61127943.154.000) 05/27 06:46:22 Image size of job updated: 327
	327  -  MemoryUsage of job (MB)
	335344  -  ResidentSetSize of job (KB)
...
006 (61127943.154.000) 05/27 06:47:22 Image size of job updated: 327
	327  -  MemoryUsage of job (MB)
	335416  -  ResidentSetSize of job (KB)
...
006 (61127943.154.000) 05/27 06:48:22 Image size of job updated: 327
	327  -  MemoryUsage of job (MB)
	335672  -  ResidentSetSize of job (KB)
...
006 (61127943.154.000) 05/27 06:49:22 Image size of job updated: 327
	327  -  MemoryUsage of job (MB)
	335776  -  ResidentSetSize of job (KB)
...
006 (61127943.154.000) 05/27 06:50:22 Image size of job updated: 327
	327  -  MemoryUsage of job (MB)
	335856  -  ResidentSetSize of job (KB)
...
006 (61127943.154.000) 05/27 06:51:23 Image size of job updated: 328
	328  -  MemoryUsage of job (MB)
	335956  -  ResidentSetSize of job (KB)
...
006 (61127943.154.000) 05/27 06:52:24 Image size of job updated: 328
	328  -  MemoryUsage of job (MB)
	336116  -  ResidentSetSize of job (KB)
...
006 (61127943.154.000) 05/27 06:53:25 Image size of job updated: 328
	328  -  MemoryUsage of job (MB)
	336232  -  ResidentSetSize of job (KB)
...
006 (61127943.154.000) 05/27 06:54:26 Image size of job updated: 328
	328  -  MemoryUsage of job (MB)
	336476  -  ResidentSetSize of job (KB)
...
006 (61127943.154.000) 05/27 06:55:27 Image size of job updated: 328
	328  -  MemoryUsage of job (MB)
	336552  -  ResidentSetSize of job (KB)
...
006 (61127943.154.000) 05/27 06:56:28 Image size of job updated: 328
	328  -  MemoryUsage of job (MB)
	336684  -  ResidentSetSize of job (KB)
...
006 (61127943.154.000) 05/27 06:57:29 Image size of job updated: 328
	327  -  MemoryUsage of job (MB)
	336684  -  ResidentSetSize of job (KB)
...
006 (61127943.154.000) 05/27 06:58:29 Image size of job updated: 328
	328  -  MemoryUsage of job (MB)
	336684  -  ResidentSetSize of job (KB)
...
006 (61127943.154.000) 05/27 07:00:29 Image size of job updated: 328
	328  -  MemoryUsage of job (MB)
	336688  -  ResidentSetSize of job (KB)
...
006 (61127943.154.000) 05/27 07:01:29 Image size of job updated: 329
	329  -  MemoryUsage of job (MB)
	337652  -  ResidentSetSize of job (KB)
...
006 (61127943.154.000) 05/27 07:02:29 Image size of job updated: 329
	329  -  MemoryUsage of job (MB)
	337804  -  ResidentSetSize of job (KB)
...
006 (61127943.154.000) 05/27 07:03:30 Image size of job updated: 330
	330  -  MemoryUsage of job (MB)
	337924  -  ResidentSetSize of job (KB)
...
006 (61127943.154.000) 05/27 07:04:31 Image size of job updated: 330
	330  -  MemoryUsage of job (MB)
	338056  -  ResidentSetSize of job (KB)
...
006 (61127943.154.000) 05/27 07:05:32 Image size of job updated: 330
	330  -  MemoryUsage of job (MB)
	338156  -  ResidentSetSize of job (KB)
...
006 (61127943.154.000) 05/27 07:06:34 Image size of job updated: 330
	330  -  MemoryUsage of job (MB)
	338284  -  ResidentSetSize of job (KB)
...
006 (61127943.154.000) 05/27 07:07:34 Image size of job updated: 330
	330  -  MemoryUsage of job (MB)
	338400  -  ResidentSetSize of job (KB)
...
005 (61127943.154.000) 05/27 07:07:45 Job terminated.
	(1) Normal termination (return value 0)
		Usr 0 00:52:56, Sys 0 00:06:04  -  Run Remote Usage
		Usr 0 00:00:00, Sys 0 00:00:00  -  Run Local Usage
		Usr 0 00:52:56, Sys 0 00:06:04  -  Total Remote Usage
		Usr 0 00:00:00, Sys 0 00:00:00  -  Total Local Usage
	99061  -  Run Bytes Sent By Job
	14471  -  Run Bytes Received By Job
	99061  -  Total Bytes Sent By Job
	14471  -  Total Bytes Received By Job
	Partitionable Resources :    Usage  Request Allocated 
	   Cpus                 :     0.00        1         1 
	   Disk (KB)            :   131           7    324848 
	   Memory (MB)          :   330        2048      2048 
...
