000 (61127943.126.000) 05/27 05:40:41 Job submitted from host: <131.225.188.235:9618?addrs=131.225.188.235-9618&noUDP&sock=15005_c2aa_3>
...
001 (61127943.126.000) 05/27 05:41:31 Job executing on host: <131.225.191.150:9618?addrs=131.225.191.150-9618&noUDP&sock=4524_aa8b_3>
...
006 (61127943.126.000) 05/27 05:41:40 Image size of job updated: 6
	6  -  MemoryUsage of job (MB)
	6180  -  ResidentSetSize of job (KB)
...
006 (61127943.126.000) 05/27 05:42:41 Image size of job updated: 300
	300  -  MemoryUsage of job (MB)
	307540  -  ResidentSetSize of job (KB)
...
006 (61127943.126.000) 05/27 05:43:42 Image size of job updated: 300
	300  -  MemoryUsage of job (MB)
	307596  -  ResidentSetSize of job (KB)
...
006 (61127943.126.000) 05/27 05:44:43 Image size of job updated: 300
	300  -  MemoryUsage of job (MB)
	307648  -  ResidentSetSize of job (KB)
...
006 (61127943.126.000) 05/27 05:45:45 Image size of job updated: 300
	300  -  MemoryUsage of job (MB)
	307720  -  ResidentSetSize of job (KB)
...
006 (61127943.126.000) 05/27 05:46:45 Image size of job updated: 300
	300  -  MemoryUsage of job (MB)
	307824  -  ResidentSetSize of job (KB)
...
006 (61127943.126.000) 05/27 05:47:45 Image size of job updated: 300
	300  -  MemoryUsage of job (MB)
	307856  -  ResidentSetSize of job (KB)
...
006 (61127943.126.000) 05/27 05:48:45 Image size of job updated: 300
	300  -  MemoryUsage of job (MB)
	307936  -  ResidentSetSize of job (KB)
...
006 (61127943.126.000) 05/27 05:49:45 Image size of job updated: 301
	301  -  MemoryUsage of job (MB)
	308604  -  ResidentSetSize of job (KB)
...
006 (61127943.126.000) 05/27 05:50:45 Image size of job updated: 301
	301  -  MemoryUsage of job (MB)
	308660  -  ResidentSetSize of job (KB)
...
006 (61127943.126.000) 05/27 05:51:45 Image size of job updated: 301
	301  -  MemoryUsage of job (MB)
	308896  -  ResidentSetSize of job (KB)
...
006 (61127943.126.000) 05/27 05:52:45 Image size of job updated: 301
	301  -  MemoryUsage of job (MB)
	309192  -  ResidentSetSize of job (KB)
...
006 (61127943.126.000) 05/27 05:53:45 Image size of job updated: 313
	313  -  MemoryUsage of job (MB)
	321220  -  ResidentSetSize of job (KB)
...
006 (61127943.126.000) 05/27 05:54:46 Image size of job updated: 313
	313  -  MemoryUsage of job (MB)
	321304  -  ResidentSetSize of job (KB)
...
006 (61127943.126.000) 05/27 05:55:47 Image size of job updated: 313
	313  -  MemoryUsage of job (MB)
	321428  -  ResidentSetSize of job (KB)
...
006 (61127943.126.000) 05/27 05:56:48 Image size of job updated: 313
	313  -  MemoryUsage of job (MB)
	321464  -  ResidentSetSize of job (KB)
...
006 (61127943.126.000) 05/27 05:57:49 Image size of job updated: 314
	314  -  MemoryUsage of job (MB)
	321584  -  ResidentSetSize of job (KB)
...
006 (61127943.126.000) 05/27 05:58:50 Image size of job updated: 314
	314  -  MemoryUsage of job (MB)
	321672  -  ResidentSetSize of job (KB)
...
006 (61127943.126.000) 05/27 05:59:52 Image size of job updated: 314
	314  -  MemoryUsage of job (MB)
	321728  -  ResidentSetSize of job (KB)
...
006 (61127943.126.000) 05/27 06:00:53 Image size of job updated: 314
	314  -  MemoryUsage of job (MB)
	321796  -  ResidentSetSize of job (KB)
...
006 (61127943.126.000) 05/27 06:01:53 Image size of job updated: 314
	314  -  MemoryUsage of job (MB)
	322020  -  ResidentSetSize of job (KB)
...
006 (61127943.126.000) 05/27 06:02:53 Image size of job updated: 315
	315  -  MemoryUsage of job (MB)
	323148  -  ResidentSetSize of job (KB)
...
006 (61127943.126.000) 05/27 06:03:53 Image size of job updated: 315
	315  -  MemoryUsage of job (MB)
	323220  -  ResidentSetSize of job (KB)
...
006 (61127943.126.000) 05/27 06:04:53 Image size of job updated: 315
	315  -  MemoryUsage of job (MB)
	323300  -  ResidentSetSize of job (KB)
...
006 (61127943.126.000) 05/27 06:05:53 Image size of job updated: 315
	315  -  MemoryUsage of job (MB)
	323364  -  ResidentSetSize of job (KB)
...
006 (61127943.126.000) 05/27 06:06:53 Image size of job updated: 317
	317  -  MemoryUsage of job (MB)
	324760  -  ResidentSetSize of job (KB)
...
006 (61127943.126.000) 05/27 06:07:54 Image size of job updated: 317
	317  -  MemoryUsage of job (MB)
	324836  -  ResidentSetSize of job (KB)
...
006 (61127943.126.000) 05/27 06:08:55 Image size of job updated: 317
	317  -  MemoryUsage of job (MB)
	324944  -  ResidentSetSize of job (KB)
...
006 (61127943.126.000) 05/27 06:09:56 Image size of job updated: 317
	312  -  MemoryUsage of job (MB)
	324944  -  ResidentSetSize of job (KB)
...
006 (61127943.126.000) 05/27 06:10:57 Image size of job updated: 317
	313  -  MemoryUsage of job (MB)
	324944  -  ResidentSetSize of job (KB)
...
006 (61127943.126.000) 05/27 06:23:02 Image size of job updated: 317
	314  -  MemoryUsage of job (MB)
	324944  -  ResidentSetSize of job (KB)
...
006 (61127943.126.000) 05/27 06:28:02 Image size of job updated: 317
	315  -  MemoryUsage of job (MB)
	324944  -  ResidentSetSize of job (KB)
...
006 (61127943.126.000) 05/27 06:39:09 Image size of job updated: 317
	316  -  MemoryUsage of job (MB)
	324944  -  ResidentSetSize of job (KB)
...
006 (61127943.126.000) 05/27 06:40:10 Image size of job updated: 317
	315  -  MemoryUsage of job (MB)
	324944  -  ResidentSetSize of job (KB)
...
006 (61127943.126.000) 05/27 06:47:17 Image size of job updated: 317
	316  -  MemoryUsage of job (MB)
	324944  -  ResidentSetSize of job (KB)
...
006 (61127943.126.000) 05/27 06:48:17 Image size of job updated: 317
	315  -  MemoryUsage of job (MB)
	324944  -  ResidentSetSize of job (KB)
...
006 (61127943.126.000) 05/27 06:53:17 Image size of job updated: 317
	316  -  MemoryUsage of job (MB)
	324944  -  ResidentSetSize of job (KB)
...
006 (61127943.126.000) 05/27 07:05:23 Image size of job updated: 317
	317  -  MemoryUsage of job (MB)
	325296  -  ResidentSetSize of job (KB)
...
006 (61127943.126.000) 05/27 07:06:24 Image size of job updated: 317
	317  -  MemoryUsage of job (MB)
	325368  -  ResidentSetSize of job (KB)
...
006 (61127943.126.000) 05/27 07:07:25 Image size of job updated: 317
	317  -  MemoryUsage of job (MB)
	325468  -  ResidentSetSize of job (KB)
...
006 (61127943.126.000) 05/27 07:08:26 Image size of job updated: 317
	317  -  MemoryUsage of job (MB)
	325564  -  ResidentSetSize of job (KB)
...
006 (61127943.126.000) 05/27 07:09:28 Image size of job updated: 318
	318  -  MemoryUsage of job (MB)
	325644  -  ResidentSetSize of job (KB)
...
006 (61127943.126.000) 05/27 07:10:20 Image size of job updated: 318
	318  -  MemoryUsage of job (MB)
	325716  -  ResidentSetSize of job (KB)
...
005 (61127943.126.000) 05/27 07:10:21 Job terminated.
	(1) Normal termination (return value 0)
		Usr 0 00:54:19, Sys 0 00:06:47  -  Run Remote Usage
		Usr 0 00:00:00, Sys 0 00:00:00  -  Run Local Usage
		Usr 0 00:54:19, Sys 0 00:06:47  -  Total Remote Usage
		Usr 0 00:00:00, Sys 0 00:00:00  -  Total Local Usage
	152319  -  Run Bytes Sent By Job
	14471  -  Run Bytes Received By Job
	152319  -  Total Bytes Sent By Job
	14471  -  Total Bytes Received By Job
	Partitionable Resources :    Usage  Request Allocated 
	   Cpus                 :        0        1         1 
	   Disk (KB)            :      183        7    324194 
	   Memory (MB)          :      318     2048      2048 
...
