000 (61127943.146.000) 05/27 05:40:41 Job submitted from host: <131.225.188.235:9618?addrs=131.225.188.235-9618&noUDP&sock=15005_c2aa_3>
...
001 (61127943.146.000) 05/27 05:41:35 Job executing on host: <131.225.206.54:9618?addrs=131.225.206.54-9618&noUDP&sock=4535_3615_3>
...
006 (61127943.146.000) 05/27 05:41:44 Image size of job updated: 2
	0  -  MemoryUsage of job (MB)
	400  -  ResidentSetSize of job (KB)
...
006 (61127943.146.000) 05/27 05:42:45 Image size of job updated: 309
	309  -  MemoryUsage of job (MB)
	316892  -  ResidentSetSize of job (KB)
...
006 (61127943.146.000) 05/27 05:43:46 Image size of job updated: 310
	310  -  MemoryUsage of job (MB)
	317540  -  ResidentSetSize of job (KB)
...
006 (61127943.146.000) 05/27 05:44:47 Image size of job updated: 310
	310  -  MemoryUsage of job (MB)
	318428  -  ResidentSetSize of job (KB)
...
006 (61127943.146.000) 05/27 05:45:48 Image size of job updated: 312
	312  -  MemoryUsage of job (MB)
	319636  -  ResidentSetSize of job (KB)
...
006 (61127943.146.000) 05/27 05:46:49 Image size of job updated: 312
	312  -  MemoryUsage of job (MB)
	319916  -  ResidentSetSize of job (KB)
...
006 (61127943.146.000) 05/27 05:47:50 Image size of job updated: 312
	312  -  MemoryUsage of job (MB)
	319972  -  ResidentSetSize of job (KB)
...
006 (61127943.146.000) 05/27 05:48:51 Image size of job updated: 312
	312  -  MemoryUsage of job (MB)
	320132  -  ResidentSetSize of job (KB)
...
006 (61127943.146.000) 05/27 05:49:52 Image size of job updated: 312
	312  -  MemoryUsage of job (MB)
	320228  -  ResidentSetSize of job (KB)
...
006 (61127943.146.000) 05/27 05:50:54 Image size of job updated: 312
	312  -  MemoryUsage of job (MB)
	320332  -  ResidentSetSize of job (KB)
...
006 (61127943.146.000) 05/27 05:51:55 Image size of job updated: 312
	312  -  MemoryUsage of job (MB)
	320484  -  ResidentSetSize of job (KB)
...
006 (61127943.146.000) 05/27 05:52:55 Image size of job updated: 313
	313  -  MemoryUsage of job (MB)
	320544  -  ResidentSetSize of job (KB)
...
006 (61127943.146.000) 05/27 05:53:55 Image size of job updated: 320
	320  -  MemoryUsage of job (MB)
	328240  -  ResidentSetSize of job (KB)
...
006 (61127943.146.000) 05/27 05:54:55 Image size of job updated: 320
	320  -  MemoryUsage of job (MB)
	328444  -  ResidentSetSize of job (KB)
...
006 (61127943.146.000) 05/27 05:55:55 Image size of job updated: 321
	321  -  MemoryUsage of job (MB)
	329052  -  ResidentSetSize of job (KB)
...
006 (61127943.146.000) 05/27 05:56:55 Image size of job updated: 321
	321  -  MemoryUsage of job (MB)
	329228  -  ResidentSetSize of job (KB)
...
006 (61127943.146.000) 05/27 05:57:55 Image size of job updated: 321
	321  -  MemoryUsage of job (MB)
	329484  -  ResidentSetSize of job (KB)
...
006 (61127943.146.000) 05/27 05:58:55 Image size of job updated: 321
	321  -  MemoryUsage of job (MB)
	329588  -  ResidentSetSize of job (KB)
...
006 (61127943.146.000) 05/27 05:59:55 Image size of job updated: 321
	321  -  MemoryUsage of job (MB)
	329708  -  ResidentSetSize of job (KB)
...
006 (61127943.146.000) 05/27 06:00:55 Image size of job updated: 322
	322  -  MemoryUsage of job (MB)
	329836  -  ResidentSetSize of job (KB)
...
006 (61127943.146.000) 05/27 06:01:55 Image size of job updated: 322
	322  -  MemoryUsage of job (MB)
	329940  -  ResidentSetSize of job (KB)
...
006 (61127943.146.000) 05/27 06:02:55 Image size of job updated: 322
	322  -  MemoryUsage of job (MB)
	330060  -  ResidentSetSize of job (KB)
...
006 (61127943.146.000) 05/27 06:03:55 Image size of job updated: 322
	322  -  MemoryUsage of job (MB)
	330112  -  ResidentSetSize of job (KB)
...
006 (61127943.146.000) 05/27 06:04:55 Image size of job updated: 323
	323  -  MemoryUsage of job (MB)
	331044  -  ResidentSetSize of job (KB)
...
006 (61127943.146.000) 05/27 06:05:55 Image size of job updated: 323
	323  -  MemoryUsage of job (MB)
	331456  -  ResidentSetSize of job (KB)
...
006 (61127943.146.000) 05/27 06:06:55 Image size of job updated: 323
	323  -  MemoryUsage of job (MB)
	331580  -  ResidentSetSize of job (KB)
...
006 (61127943.146.000) 05/27 06:07:55 Image size of job updated: 323
	323  -  MemoryUsage of job (MB)
	331640  -  ResidentSetSize of job (KB)
...
006 (61127943.146.000) 05/27 06:08:56 Image size of job updated: 324
	324  -  MemoryUsage of job (MB)
	331784  -  ResidentSetSize of job (KB)
...
006 (61127943.146.000) 05/27 06:09:57 Image size of job updated: 324
	324  -  MemoryUsage of job (MB)
	331880  -  ResidentSetSize of job (KB)
...
006 (61127943.146.000) 05/27 06:10:58 Image size of job updated: 324
	324  -  MemoryUsage of job (MB)
	332020  -  ResidentSetSize of job (KB)
...
006 (61127943.146.000) 05/27 06:11:59 Image size of job updated: 324
	324  -  MemoryUsage of job (MB)
	332360  -  ResidentSetSize of job (KB)
...
006 (61127943.146.000) 05/27 06:13:00 Image size of job updated: 324
	324  -  MemoryUsage of job (MB)
	332516  -  ResidentSetSize of job (KB)
...
006 (61127943.146.000) 05/27 06:14:01 Image size of job updated: 324
	324  -  MemoryUsage of job (MB)
	332656  -  ResidentSetSize of job (KB)
...
006 (61127943.146.000) 05/27 06:15:02 Image size of job updated: 324
	323  -  MemoryUsage of job (MB)
	332656  -  ResidentSetSize of job (KB)
...
006 (61127943.146.000) 05/27 06:16:03 Image size of job updated: 324
	324  -  MemoryUsage of job (MB)
	332796  -  ResidentSetSize of job (KB)
...
006 (61127943.146.000) 05/27 06:17:05 Image size of job updated: 325
	325  -  MemoryUsage of job (MB)
	333700  -  ResidentSetSize of job (KB)
...
006 (61127943.146.000) 05/27 06:18:05 Image size of job updated: 326
	326  -  MemoryUsage of job (MB)
	333844  -  ResidentSetSize of job (KB)
...
006 (61127943.146.000) 05/27 06:19:05 Image size of job updated: 326
	326  -  MemoryUsage of job (MB)
	333984  -  ResidentSetSize of job (KB)
...
006 (61127943.146.000) 05/27 06:20:06 Image size of job updated: 326
	326  -  MemoryUsage of job (MB)
	334072  -  ResidentSetSize of job (KB)
...
006 (61127943.146.000) 05/27 06:21:06 Image size of job updated: 326
	326  -  MemoryUsage of job (MB)
	334160  -  ResidentSetSize of job (KB)
...
006 (61127943.146.000) 05/27 06:22:06 Image size of job updated: 326
	326  -  MemoryUsage of job (MB)
	334260  -  ResidentSetSize of job (KB)
...
006 (61127943.146.000) 05/27 06:23:06 Image size of job updated: 326
	326  -  MemoryUsage of job (MB)
	334408  -  ResidentSetSize of job (KB)
...
006 (61127943.146.000) 05/27 06:24:07 Image size of job updated: 326
	326  -  MemoryUsage of job (MB)
	334500  -  ResidentSetSize of job (KB)
...
006 (61127943.146.000) 05/27 06:25:08 Image size of job updated: 326
	326  -  MemoryUsage of job (MB)
	334600  -  ResidentSetSize of job (KB)
...
006 (61127943.146.000) 05/27 06:26:09 Image size of job updated: 326
	325  -  MemoryUsage of job (MB)
	334600  -  ResidentSetSize of job (KB)
...
006 (61127943.146.000) 05/27 06:27:10 Image size of job updated: 326
	326  -  MemoryUsage of job (MB)
	334600  -  ResidentSetSize of job (KB)
...
006 (61127943.146.000) 05/27 06:28:11 Image size of job updated: 326
	326  -  MemoryUsage of job (MB)
	334680  -  ResidentSetSize of job (KB)
...
006 (61127943.146.000) 05/27 06:29:12 Image size of job updated: 326
	326  -  MemoryUsage of job (MB)
	334752  -  ResidentSetSize of job (KB)
...
006 (61127943.146.000) 05/27 06:30:13 Image size of job updated: 327
	327  -  MemoryUsage of job (MB)
	334928  -  ResidentSetSize of job (KB)
...
006 (61127943.146.000) 05/27 06:31:14 Image size of job updated: 327
	327  -  MemoryUsage of job (MB)
	335012  -  ResidentSetSize of job (KB)
...
006 (61127943.146.000) 05/27 06:32:15 Image size of job updated: 327
	327  -  MemoryUsage of job (MB)
	335160  -  ResidentSetSize of job (KB)
...
006 (61127943.146.000) 05/27 06:33:17 Image size of job updated: 327
	327  -  MemoryUsage of job (MB)
	335240  -  ResidentSetSize of job (KB)
...
006 (61127943.146.000) 05/27 06:34:17 Image size of job updated: 327
	327  -  MemoryUsage of job (MB)
	335340  -  ResidentSetSize of job (KB)
...
006 (61127943.146.000) 05/27 06:35:17 Image size of job updated: 327
	327  -  MemoryUsage of job (MB)
	335432  -  ResidentSetSize of job (KB)
...
006 (61127943.146.000) 05/27 06:36:17 Image size of job updated: 327
	327  -  MemoryUsage of job (MB)
	335576  -  ResidentSetSize of job (KB)
...
006 (61127943.146.000) 05/27 06:37:17 Image size of job updated: 327
	326  -  MemoryUsage of job (MB)
	335576  -  ResidentSetSize of job (KB)
...
006 (61127943.146.000) 05/27 06:42:17 Image size of job updated: 327
	327  -  MemoryUsage of job (MB)
	335576  -  ResidentSetSize of job (KB)
...
006 (61127943.146.000) 05/27 06:45:17 Image size of job updated: 327
	327  -  MemoryUsage of job (MB)
	335608  -  ResidentSetSize of job (KB)
...
006 (61127943.146.000) 05/27 06:46:17 Image size of job updated: 327
	327  -  MemoryUsage of job (MB)
	335672  -  ResidentSetSize of job (KB)
...
006 (61127943.146.000) 05/27 06:50:17 Image size of job updated: 327
	327  -  MemoryUsage of job (MB)
	335844  -  ResidentSetSize of job (KB)
...
006 (61127943.146.000) 05/27 06:51:18 Image size of job updated: 328
	328  -  MemoryUsage of job (MB)
	336712  -  ResidentSetSize of job (KB)
...
006 (61127943.146.000) 05/27 06:52:19 Image size of job updated: 328
	328  -  MemoryUsage of job (MB)
	336784  -  ResidentSetSize of job (KB)
...
006 (61127943.146.000) 05/27 06:53:20 Image size of job updated: 328
	328  -  MemoryUsage of job (MB)
	336860  -  ResidentSetSize of job (KB)
...
006 (61127943.146.000) 05/27 06:54:21 Image size of job updated: 329
	329  -  MemoryUsage of job (MB)
	336976  -  ResidentSetSize of job (KB)
...
006 (61127943.146.000) 05/27 06:55:22 Image size of job updated: 329
	329  -  MemoryUsage of job (MB)
	337052  -  ResidentSetSize of job (KB)
...
006 (61127943.146.000) 05/27 06:56:23 Image size of job updated: 329
	329  -  MemoryUsage of job (MB)
	337152  -  ResidentSetSize of job (KB)
...
006 (61127943.146.000) 05/27 06:57:24 Image size of job updated: 329
	329  -  MemoryUsage of job (MB)
	337756  -  ResidentSetSize of job (KB)
...
006 (61127943.146.000) 05/27 06:58:25 Image size of job updated: 329
	329  -  MemoryUsage of job (MB)
	337828  -  ResidentSetSize of job (KB)
...
006 (61127943.146.000) 05/27 06:59:26 Image size of job updated: 330
	330  -  MemoryUsage of job (MB)
	337940  -  ResidentSetSize of job (KB)
...
006 (61127943.146.000) 05/27 07:00:27 Image size of job updated: 330
	328  -  MemoryUsage of job (MB)
	337940  -  ResidentSetSize of job (KB)
...
006 (61127943.146.000) 05/27 07:01:28 Image size of job updated: 330
	329  -  MemoryUsage of job (MB)
	337940  -  ResidentSetSize of job (KB)
...
006 (61127943.146.000) 05/27 07:07:28 Image size of job updated: 330
	330  -  MemoryUsage of job (MB)
	337992  -  ResidentSetSize of job (KB)
...
006 (61127943.146.000) 05/27 07:08:29 Image size of job updated: 330
	330  -  MemoryUsage of job (MB)
	338116  -  ResidentSetSize of job (KB)
...
006 (61127943.146.000) 05/27 07:09:30 Image size of job updated: 330
	328  -  MemoryUsage of job (MB)
	338116  -  ResidentSetSize of job (KB)
...
006 (61127943.146.000) 05/27 07:10:31 Image size of job updated: 330
	329  -  MemoryUsage of job (MB)
	338116  -  ResidentSetSize of job (KB)
...
006 (61127943.146.000) 05/27 07:13:33 Image size of job updated: 330
	330  -  MemoryUsage of job (MB)
	338116  -  ResidentSetSize of job (KB)
...
006 (61127943.146.000) 05/27 07:14:33 Image size of job updated: 330
	330  -  MemoryUsage of job (MB)
	338172  -  ResidentSetSize of job (KB)
...
006 (61127943.146.000) 05/27 07:15:33 Image size of job updated: 330
	330  -  MemoryUsage of job (MB)
	338312  -  ResidentSetSize of job (KB)
...
006 (61127943.146.000) 05/27 07:16:33 Image size of job updated: 330
	330  -  MemoryUsage of job (MB)
	338368  -  ResidentSetSize of job (KB)
...
006 (61127943.146.000) 05/27 07:17:33 Image size of job updated: 330
	330  -  MemoryUsage of job (MB)
	338500  -  ResidentSetSize of job (KB)
...
006 (61127943.146.000) 05/27 07:18:33 Image size of job updated: 330
	329  -  MemoryUsage of job (MB)
	338500  -  ResidentSetSize of job (KB)
...
006 (61127943.146.000) 05/27 07:19:33 Image size of job updated: 330
	330  -  MemoryUsage of job (MB)
	338932  -  ResidentSetSize of job (KB)
...
006 (61127943.146.000) 05/27 07:20:33 Image size of job updated: 331
	331  -  MemoryUsage of job (MB)
	339024  -  ResidentSetSize of job (KB)
...
006 (61127943.146.000) 05/27 07:21:34 Image size of job updated: 331
	331  -  MemoryUsage of job (MB)
	339928  -  ResidentSetSize of job (KB)
...
006 (61127943.146.000) 05/27 07:22:35 Image size of job updated: 332
	332  -  MemoryUsage of job (MB)
	340108  -  ResidentSetSize of job (KB)
...
006 (61127943.146.000) 05/27 07:23:36 Image size of job updated: 332
	332  -  MemoryUsage of job (MB)
	340548  -  ResidentSetSize of job (KB)
...
006 (61127943.146.000) 05/27 07:24:37 Image size of job updated: 332
	332  -  MemoryUsage of job (MB)
	340616  -  ResidentSetSize of job (KB)
...
006 (61127943.146.000) 05/27 07:25:38 Image size of job updated: 332
	332  -  MemoryUsage of job (MB)
	340704  -  ResidentSetSize of job (KB)
...
006 (61127943.146.000) 05/27 07:26:39 Image size of job updated: 332
	332  -  MemoryUsage of job (MB)
	340852  -  ResidentSetSize of job (KB)
...
006 (61127943.146.000) 05/27 07:27:40 Image size of job updated: 333
	333  -  MemoryUsage of job (MB)
	341048  -  ResidentSetSize of job (KB)
...
006 (61127943.146.000) 05/27 07:28:42 Image size of job updated: 333
	333  -  MemoryUsage of job (MB)
	341188  -  ResidentSetSize of job (KB)
...
006 (61127943.146.000) 05/27 07:29:43 Image size of job updated: 333
	330  -  MemoryUsage of job (MB)
	341188  -  ResidentSetSize of job (KB)
...
006 (61127943.146.000) 05/27 07:30:44 Image size of job updated: 333
	331  -  MemoryUsage of job (MB)
	341188  -  ResidentSetSize of job (KB)
...
006 (61127943.146.000) 05/27 07:35:49 Image size of job updated: 333
	332  -  MemoryUsage of job (MB)
	341188  -  ResidentSetSize of job (KB)
...
005 (61127943.146.000) 05/27 07:41:14 Job terminated.
	(1) Normal termination (return value 0)
		Usr 0 01:19:31, Sys 0 00:12:23  -  Run Remote Usage
		Usr 0 00:00:00, Sys 0 00:00:00  -  Run Local Usage
		Usr 0 01:19:31, Sys 0 00:12:23  -  Total Remote Usage
		Usr 0 00:00:00, Sys 0 00:00:00  -  Total Local Usage
	148081  -  Run Bytes Sent By Job
	14471  -  Run Bytes Received By Job
	148081  -  Total Bytes Sent By Job
	14471  -  Total Bytes Received By Job
	Partitionable Resources :    Usage  Request Allocated 
	   Cpus                 :     0.01        1         1 
	   Disk (KB)            :   178           7    322373 
	   Memory (MB)          :   332        2048      2048 
...
