000 (61127943.144.000) 05/27 05:40:41 Job submitted from host: <131.225.188.235:9618?addrs=131.225.188.235-9618&noUDP&sock=15005_c2aa_3>
...
001 (61127943.144.000) 05/27 05:41:34 Job executing on host: <131.225.204.95:9618?addrs=131.225.204.95-9618&noUDP&sock=4535_3615_3>
...
006 (61127943.144.000) 05/27 05:41:43 Image size of job updated: 12
	12  -  MemoryUsage of job (MB)
	12936  -  ResidentSetSize of job (KB)
...
006 (61127943.144.000) 05/27 05:42:45 Image size of job updated: 292
	292  -  MemoryUsage of job (MB)
	299868  -  ResidentSetSize of job (KB)
...
006 (61127943.144.000) 05/27 05:43:46 Image size of job updated: 292
	292  -  MemoryUsage of job (MB)
	299924  -  ResidentSetSize of job (KB)
...
006 (61127943.144.000) 05/27 05:44:47 Image size of job updated: 293
	293  -  MemoryUsage of job (MB)
	300472  -  ResidentSetSize of job (KB)
...
006 (61127943.144.000) 05/27 05:45:48 Image size of job updated: 293
	293  -  MemoryUsage of job (MB)
	300652  -  ResidentSetSize of job (KB)
...
006 (61127943.144.000) 05/27 05:46:29 Image size of job updated: 293
	293  -  MemoryUsage of job (MB)
	300776  -  ResidentSetSize of job (KB)
...
005 (61127943.144.000) 05/27 05:46:29 Job terminated.
	(1) Normal termination (return value 0)
		Usr 0 00:03:07, Sys 0 00:00:37  -  Run Remote Usage
		Usr 0 00:00:00, Sys 0 00:00:00  -  Run Local Usage
		Usr 0 00:03:07, Sys 0 00:00:37  -  Total Remote Usage
		Usr 0 00:00:00, Sys 0 00:00:00  -  Total Local Usage
	18753  -  Run Bytes Sent By Job
	14471  -  Run Bytes Received By Job
	18753  -  Total Bytes Sent By Job
	14471  -  Total Bytes Received By Job
	Partitionable Resources :    Usage  Request Allocated 
	   Cpus                 :     0.00        1         1 
	   Disk (KB)            :    51           7    320960 
	   Memory (MB)          :   293        2048      2048 
...
