000 (61127943.132.000) 05/27 05:40:41 Job submitted from host: <131.225.188.235:9618?addrs=131.225.188.235-9618&noUDP&sock=15005_c2aa_3>
...
001 (61127943.132.000) 05/27 05:41:32 Job executing on host: <131.225.204.41:9618?addrs=131.225.204.41-9618&noUDP&sock=4594_ae2c_3>
...
006 (61127943.132.000) 05/27 05:41:41 Image size of job updated: 2
	2  -  MemoryUsage of job (MB)
	2192  -  ResidentSetSize of job (KB)
...
006 (61127943.132.000) 05/27 05:42:41 Image size of job updated: 292
	292  -  MemoryUsage of job (MB)
	299112  -  ResidentSetSize of job (KB)
...
006 (61127943.132.000) 05/27 05:43:41 Image size of job updated: 294
	294  -  MemoryUsage of job (MB)
	301964  -  ResidentSetSize of job (KB)
...
006 (61127943.132.000) 05/27 05:44:41 Image size of job updated: 298
	298  -  MemoryUsage of job (MB)
	305220  -  ResidentSetSize of job (KB)
...
006 (61127943.132.000) 05/27 05:45:41 Image size of job updated: 299
	299  -  MemoryUsage of job (MB)
	307116  -  ResidentSetSize of job (KB)
...
006 (61127943.132.000) 05/27 05:46:41 Image size of job updated: 299
	299  -  MemoryUsage of job (MB)
	307168  -  ResidentSetSize of job (KB)
...
006 (61127943.132.000) 05/27 05:47:41 Image size of job updated: 300
	300  -  MemoryUsage of job (MB)
	307248  -  ResidentSetSize of job (KB)
...
006 (61127943.132.000) 05/27 05:48:41 Image size of job updated: 300
	300  -  MemoryUsage of job (MB)
	307364  -  ResidentSetSize of job (KB)
...
006 (61127943.132.000) 05/27 05:49:41 Image size of job updated: 300
	300  -  MemoryUsage of job (MB)
	307468  -  ResidentSetSize of job (KB)
...
006 (61127943.132.000) 05/27 05:50:41 Image size of job updated: 309
	309  -  MemoryUsage of job (MB)
	316428  -  ResidentSetSize of job (KB)
...
006 (61127943.132.000) 05/27 05:51:41 Image size of job updated: 309
	309  -  MemoryUsage of job (MB)
	316524  -  ResidentSetSize of job (KB)
...
006 (61127943.132.000) 05/27 05:52:41 Image size of job updated: 309
	309  -  MemoryUsage of job (MB)
	316716  -  ResidentSetSize of job (KB)
...
006 (61127943.132.000) 05/27 05:53:41 Image size of job updated: 309
	309  -  MemoryUsage of job (MB)
	316792  -  ResidentSetSize of job (KB)
...
006 (61127943.132.000) 05/27 05:54:41 Image size of job updated: 310
	310  -  MemoryUsage of job (MB)
	317564  -  ResidentSetSize of job (KB)
...
006 (61127943.132.000) 05/27 05:55:41 Image size of job updated: 310
	310  -  MemoryUsage of job (MB)
	317652  -  ResidentSetSize of job (KB)
...
006 (61127943.132.000) 05/27 05:56:41 Image size of job updated: 310
	310  -  MemoryUsage of job (MB)
	317708  -  ResidentSetSize of job (KB)
...
006 (61127943.132.000) 05/27 05:57:41 Image size of job updated: 310
	310  -  MemoryUsage of job (MB)
	317740  -  ResidentSetSize of job (KB)
...
006 (61127943.132.000) 05/27 05:58:41 Image size of job updated: 310
	310  -  MemoryUsage of job (MB)
	317836  -  ResidentSetSize of job (KB)
...
006 (61127943.132.000) 05/27 05:59:41 Image size of job updated: 310
	310  -  MemoryUsage of job (MB)
	317908  -  ResidentSetSize of job (KB)
...
006 (61127943.132.000) 05/27 06:00:42 Image size of job updated: 310
	309  -  MemoryUsage of job (MB)
	317908  -  ResidentSetSize of job (KB)
...
006 (61127943.132.000) 05/27 06:04:46 Image size of job updated: 310
	310  -  MemoryUsage of job (MB)
	317944  -  ResidentSetSize of job (KB)
...
006 (61127943.132.000) 05/27 06:05:47 Image size of job updated: 311
	311  -  MemoryUsage of job (MB)
	318536  -  ResidentSetSize of job (KB)
...
006 (61127943.132.000) 05/27 06:06:48 Image size of job updated: 311
	311  -  MemoryUsage of job (MB)
	318620  -  ResidentSetSize of job (KB)
...
006 (61127943.132.000) 05/27 06:07:49 Image size of job updated: 311
	311  -  MemoryUsage of job (MB)
	318728  -  ResidentSetSize of job (KB)
...
006 (61127943.132.000) 05/27 06:08:50 Image size of job updated: 311
	311  -  MemoryUsage of job (MB)
	318840  -  ResidentSetSize of job (KB)
...
006 (61127943.132.000) 05/27 06:09:51 Image size of job updated: 311
	310  -  MemoryUsage of job (MB)
	318840  -  ResidentSetSize of job (KB)
...
006 (61127943.132.000) 05/27 06:11:54 Image size of job updated: 311
	311  -  MemoryUsage of job (MB)
	318840  -  ResidentSetSize of job (KB)
...
006 (61127943.132.000) 05/27 06:14:54 Image size of job updated: 311
	311  -  MemoryUsage of job (MB)
	318856  -  ResidentSetSize of job (KB)
...
006 (61127943.132.000) 05/27 06:15:54 Image size of job updated: 311
	311  -  MemoryUsage of job (MB)
	318964  -  ResidentSetSize of job (KB)
...
006 (61127943.132.000) 05/27 06:16:54 Image size of job updated: 312
	312  -  MemoryUsage of job (MB)
	319504  -  ResidentSetSize of job (KB)
...
006 (61127943.132.000) 05/27 06:17:54 Image size of job updated: 312
	312  -  MemoryUsage of job (MB)
	319600  -  ResidentSetSize of job (KB)
...
006 (61127943.132.000) 05/27 06:18:54 Image size of job updated: 312
	312  -  MemoryUsage of job (MB)
	319664  -  ResidentSetSize of job (KB)
...
006 (61127943.132.000) 05/27 06:19:54 Image size of job updated: 313
	313  -  MemoryUsage of job (MB)
	321344  -  ResidentSetSize of job (KB)
...
006 (61127943.132.000) 05/27 06:20:54 Image size of job updated: 313
	313  -  MemoryUsage of job (MB)
	321456  -  ResidentSetSize of job (KB)
...
006 (61127943.132.000) 05/27 06:21:54 Image size of job updated: 313
	313  -  MemoryUsage of job (MB)
	321512  -  ResidentSetSize of job (KB)
...
006 (61127943.132.000) 05/27 06:22:55 Image size of job updated: 314
	314  -  MemoryUsage of job (MB)
	321576  -  ResidentSetSize of job (KB)
...
006 (61127943.132.000) 05/27 06:23:56 Image size of job updated: 314
	314  -  MemoryUsage of job (MB)
	321680  -  ResidentSetSize of job (KB)
...
006 (61127943.132.000) 05/27 06:24:57 Image size of job updated: 314
	314  -  MemoryUsage of job (MB)
	321712  -  ResidentSetSize of job (KB)
...
006 (61127943.132.000) 05/27 06:25:58 Image size of job updated: 314
	312  -  MemoryUsage of job (MB)
	321712  -  ResidentSetSize of job (KB)
...
006 (61127943.132.000) 05/27 06:26:59 Image size of job updated: 314
	313  -  MemoryUsage of job (MB)
	321712  -  ResidentSetSize of job (KB)
...
006 (61127943.132.000) 05/27 06:29:02 Image size of job updated: 314
	314  -  MemoryUsage of job (MB)
	321712  -  ResidentSetSize of job (KB)
...
006 (61127943.132.000) 05/27 06:31:02 Image size of job updated: 314
	314  -  MemoryUsage of job (MB)
	321780  -  ResidentSetSize of job (KB)
...
006 (61127943.132.000) 05/27 06:32:02 Image size of job updated: 314
	314  -  MemoryUsage of job (MB)
	321824  -  ResidentSetSize of job (KB)
...
006 (61127943.132.000) 05/27 06:33:02 Image size of job updated: 314
	314  -  MemoryUsage of job (MB)
	321916  -  ResidentSetSize of job (KB)
...
006 (61127943.132.000) 05/27 06:34:02 Image size of job updated: 314
	312  -  MemoryUsage of job (MB)
	321916  -  ResidentSetSize of job (KB)
...
006 (61127943.132.000) 05/27 06:36:02 Image size of job updated: 314
	313  -  MemoryUsage of job (MB)
	321916  -  ResidentSetSize of job (KB)
...
006 (61127943.132.000) 05/27 06:40:03 Image size of job updated: 314
	314  -  MemoryUsage of job (MB)
	321916  -  ResidentSetSize of job (KB)
...
006 (61127943.132.000) 05/27 06:42:05 Image size of job updated: 314
	312  -  MemoryUsage of job (MB)
	321916  -  ResidentSetSize of job (KB)
...
006 (61127943.132.000) 05/27 06:43:06 Image size of job updated: 314
	314  -  MemoryUsage of job (MB)
	321916  -  ResidentSetSize of job (KB)
...
006 (61127943.132.000) 05/27 06:47:10 Image size of job updated: 314
	314  -  MemoryUsage of job (MB)
	321940  -  ResidentSetSize of job (KB)
...
006 (61127943.132.000) 05/27 06:48:11 Image size of job updated: 314
	314  -  MemoryUsage of job (MB)
	321976  -  ResidentSetSize of job (KB)
...
006 (61127943.132.000) 05/27 06:49:12 Image size of job updated: 314
	314  -  MemoryUsage of job (MB)
	322124  -  ResidentSetSize of job (KB)
...
006 (61127943.132.000) 05/27 06:50:13 Image size of job updated: 314
	311  -  MemoryUsage of job (MB)
	322124  -  ResidentSetSize of job (KB)
...
006 (61127943.132.000) 05/27 06:51:13 Image size of job updated: 314
	312  -  MemoryUsage of job (MB)
	322124  -  ResidentSetSize of job (KB)
...
006 (61127943.132.000) 05/27 06:52:13 Image size of job updated: 314
	314  -  MemoryUsage of job (MB)
	322124  -  ResidentSetSize of job (KB)
...
006 (61127943.132.000) 05/27 06:53:13 Image size of job updated: 314
	314  -  MemoryUsage of job (MB)
	322392  -  ResidentSetSize of job (KB)
...
006 (61127943.132.000) 05/27 06:54:13 Image size of job updated: 314
	314  -  MemoryUsage of job (MB)
	322544  -  ResidentSetSize of job (KB)
...
006 (61127943.132.000) 05/27 06:55:13 Image size of job updated: 315
	315  -  MemoryUsage of job (MB)
	322616  -  ResidentSetSize of job (KB)
...
006 (61127943.132.000) 05/27 06:56:13 Image size of job updated: 316
	316  -  MemoryUsage of job (MB)
	324172  -  ResidentSetSize of job (KB)
...
006 (61127943.132.000) 05/27 06:57:13 Image size of job updated: 316
	316  -  MemoryUsage of job (MB)
	324236  -  ResidentSetSize of job (KB)
...
006 (61127943.132.000) 05/27 06:58:13 Image size of job updated: 316
	313  -  MemoryUsage of job (MB)
	324236  -  ResidentSetSize of job (KB)
...
006 (61127943.132.000) 05/27 07:01:15 Image size of job updated: 316
	315  -  MemoryUsage of job (MB)
	324236  -  ResidentSetSize of job (KB)
...
006 (61127943.132.000) 05/27 07:05:19 Image size of job updated: 316
	316  -  MemoryUsage of job (MB)
	324236  -  ResidentSetSize of job (KB)
...
006 (61127943.132.000) 05/27 07:06:19 Image size of job updated: 316
	314  -  MemoryUsage of job (MB)
	324236  -  ResidentSetSize of job (KB)
...
006 (61127943.132.000) 05/27 07:07:19 Image size of job updated: 317
	317  -  MemoryUsage of job (MB)
	324852  -  ResidentSetSize of job (KB)
...
006 (61127943.132.000) 05/27 07:08:19 Image size of job updated: 317
	317  -  MemoryUsage of job (MB)
	324928  -  ResidentSetSize of job (KB)
...
006 (61127943.132.000) 05/27 07:09:19 Image size of job updated: 317
	317  -  MemoryUsage of job (MB)
	325044  -  ResidentSetSize of job (KB)
...
006 (61127943.132.000) 05/27 07:10:19 Image size of job updated: 317
	317  -  MemoryUsage of job (MB)
	325152  -  ResidentSetSize of job (KB)
...
006 (61127943.132.000) 05/27 07:11:20 Image size of job updated: 317
	317  -  MemoryUsage of job (MB)
	325240  -  ResidentSetSize of job (KB)
...
006 (61127943.132.000) 05/27 07:12:21 Image size of job updated: 317
	317  -  MemoryUsage of job (MB)
	325360  -  ResidentSetSize of job (KB)
...
006 (61127943.132.000) 05/27 07:12:40 Image size of job updated: 317
	317  -  MemoryUsage of job (MB)
	325408  -  ResidentSetSize of job (KB)
...
005 (61127943.132.000) 05/27 07:12:42 Job terminated.
	(1) Normal termination (return value 0)
		Usr 0 00:57:49, Sys 0 00:07:57  -  Run Remote Usage
		Usr 0 00:00:00, Sys 0 00:00:00  -  Run Local Usage
		Usr 0 00:57:49, Sys 0 00:07:57  -  Total Remote Usage
		Usr 0 00:00:00, Sys 0 00:00:00  -  Total Local Usage
	143969  -  Run Bytes Sent By Job
	14471  -  Run Bytes Received By Job
	143969  -  Total Bytes Sent By Job
	14471  -  Total Bytes Received By Job
	Partitionable Resources :    Usage  Request Allocated 
	   Cpus                 :        0        1         1 
	   Disk (KB)            :      174        7    320136 
	   Memory (MB)          :      317     2048      2048 
...
