000 (61127943.129.000) 05/27 05:40:41 Job submitted from host: <131.225.188.235:9618?addrs=131.225.188.235-9618&noUDP&sock=15005_c2aa_3>
...
001 (61127943.129.000) 05/27 05:41:31 Job executing on host: <131.225.206.199:9618?addrs=131.225.206.199-9618&noUDP&sock=4535_3615_3>
...
006 (61127943.129.000) 05/27 05:41:40 Image size of job updated: 4
	4  -  MemoryUsage of job (MB)
	4456  -  ResidentSetSize of job (KB)
...
006 (61127943.129.000) 05/27 05:42:42 Image size of job updated: 297
	297  -  MemoryUsage of job (MB)
	305140  -  ResidentSetSize of job (KB)
...
006 (61127943.129.000) 05/27 05:43:43 Image size of job updated: 299
	299  -  MemoryUsage of job (MB)
	306364  -  ResidentSetSize of job (KB)
...
006 (61127943.129.000) 05/27 05:44:44 Image size of job updated: 300
	300  -  MemoryUsage of job (MB)
	307436  -  ResidentSetSize of job (KB)
...
006 (61127943.129.000) 05/27 05:45:45 Image size of job updated: 300
	300  -  MemoryUsage of job (MB)
	307504  -  ResidentSetSize of job (KB)
...
006 (61127943.129.000) 05/27 05:46:46 Image size of job updated: 300
	300  -  MemoryUsage of job (MB)
	307648  -  ResidentSetSize of job (KB)
...
006 (61127943.129.000) 05/27 05:47:47 Image size of job updated: 300
	300  -  MemoryUsage of job (MB)
	307700  -  ResidentSetSize of job (KB)
...
006 (61127943.129.000) 05/27 05:48:48 Image size of job updated: 302
	302  -  MemoryUsage of job (MB)
	309972  -  ResidentSetSize of job (KB)
...
006 (61127943.129.000) 05/27 05:49:49 Image size of job updated: 302
	302  -  MemoryUsage of job (MB)
	310184  -  ResidentSetSize of job (KB)
...
006 (61127943.129.000) 05/27 05:50:50 Image size of job updated: 313
	313  -  MemoryUsage of job (MB)
	321464  -  ResidentSetSize of job (KB)
...
006 (61127943.129.000) 05/27 05:51:52 Image size of job updated: 314
	314  -  MemoryUsage of job (MB)
	321556  -  ResidentSetSize of job (KB)
...
006 (61127943.129.000) 05/27 05:52:54 Image size of job updated: 314
	314  -  MemoryUsage of job (MB)
	321584  -  ResidentSetSize of job (KB)
...
006 (61127943.129.000) 05/27 05:53:55 Image size of job updated: 314
	314  -  MemoryUsage of job (MB)
	321676  -  ResidentSetSize of job (KB)
...
006 (61127943.129.000) 05/27 05:54:55 Image size of job updated: 314
	314  -  MemoryUsage of job (MB)
	321720  -  ResidentSetSize of job (KB)
...
006 (61127943.129.000) 05/27 05:55:55 Image size of job updated: 314
	314  -  MemoryUsage of job (MB)
	321784  -  ResidentSetSize of job (KB)
...
006 (61127943.129.000) 05/27 05:56:55 Image size of job updated: 314
	314  -  MemoryUsage of job (MB)
	321896  -  ResidentSetSize of job (KB)
...
006 (61127943.129.000) 05/27 05:57:55 Image size of job updated: 314
	314  -  MemoryUsage of job (MB)
	321992  -  ResidentSetSize of job (KB)
...
006 (61127943.129.000) 05/27 05:58:55 Image size of job updated: 314
	314  -  MemoryUsage of job (MB)
	322056  -  ResidentSetSize of job (KB)
...
006 (61127943.129.000) 05/27 05:59:55 Image size of job updated: 314
	314  -  MemoryUsage of job (MB)
	322460  -  ResidentSetSize of job (KB)
...
006 (61127943.129.000) 05/27 06:00:55 Image size of job updated: 314
	314  -  MemoryUsage of job (MB)
	322516  -  ResidentSetSize of job (KB)
...
006 (61127943.129.000) 05/27 06:01:55 Image size of job updated: 315
	315  -  MemoryUsage of job (MB)
	322724  -  ResidentSetSize of job (KB)
...
006 (61127943.129.000) 05/27 06:02:55 Image size of job updated: 315
	315  -  MemoryUsage of job (MB)
	322784  -  ResidentSetSize of job (KB)
...
006 (61127943.129.000) 05/27 06:03:55 Image size of job updated: 315
	315  -  MemoryUsage of job (MB)
	322832  -  ResidentSetSize of job (KB)
...
006 (61127943.129.000) 05/27 06:04:55 Image size of job updated: 315
	315  -  MemoryUsage of job (MB)
	322916  -  ResidentSetSize of job (KB)
...
006 (61127943.129.000) 05/27 06:05:55 Image size of job updated: 315
	315  -  MemoryUsage of job (MB)
	322980  -  ResidentSetSize of job (KB)
...
006 (61127943.129.000) 05/27 06:06:55 Image size of job updated: 315
	315  -  MemoryUsage of job (MB)
	323040  -  ResidentSetSize of job (KB)
...
006 (61127943.129.000) 05/27 06:07:55 Image size of job updated: 315
	315  -  MemoryUsage of job (MB)
	323112  -  ResidentSetSize of job (KB)
...
006 (61127943.129.000) 05/27 06:08:55 Image size of job updated: 315
	312  -  MemoryUsage of job (MB)
	323112  -  ResidentSetSize of job (KB)
...
006 (61127943.129.000) 05/27 06:09:55 Image size of job updated: 315
	313  -  MemoryUsage of job (MB)
	323112  -  ResidentSetSize of job (KB)
...
006 (61127943.129.000) 05/27 06:10:55 Image size of job updated: 315
	314  -  MemoryUsage of job (MB)
	323112  -  ResidentSetSize of job (KB)
...
006 (61127943.129.000) 05/27 06:14:57 Image size of job updated: 316
	316  -  MemoryUsage of job (MB)
	323692  -  ResidentSetSize of job (KB)
...
006 (61127943.129.000) 05/27 06:15:58 Image size of job updated: 316
	316  -  MemoryUsage of job (MB)
	323728  -  ResidentSetSize of job (KB)
...
006 (61127943.129.000) 05/27 06:16:59 Image size of job updated: 316
	316  -  MemoryUsage of job (MB)
	323812  -  ResidentSetSize of job (KB)
...
006 (61127943.129.000) 05/27 06:18:00 Image size of job updated: 316
	313  -  MemoryUsage of job (MB)
	323812  -  ResidentSetSize of job (KB)
...
006 (61127943.129.000) 05/27 06:19:01 Image size of job updated: 316
	316  -  MemoryUsage of job (MB)
	323812  -  ResidentSetSize of job (KB)
...
006 (61127943.129.000) 05/27 06:21:03 Image size of job updated: 317
	317  -  MemoryUsage of job (MB)
	324672  -  ResidentSetSize of job (KB)
...
006 (61127943.129.000) 05/27 06:22:05 Image size of job updated: 317
	317  -  MemoryUsage of job (MB)
	324780  -  ResidentSetSize of job (KB)
...
006 (61127943.129.000) 05/27 06:23:05 Image size of job updated: 317
	317  -  MemoryUsage of job (MB)
	324836  -  ResidentSetSize of job (KB)
...
006 (61127943.129.000) 05/27 06:24:05 Image size of job updated: 317
	317  -  MemoryUsage of job (MB)
	324940  -  ResidentSetSize of job (KB)
...
006 (61127943.129.000) 05/27 06:25:05 Image size of job updated: 317
	317  -  MemoryUsage of job (MB)
	325008  -  ResidentSetSize of job (KB)
...
006 (61127943.129.000) 05/27 06:26:05 Image size of job updated: 317
	317  -  MemoryUsage of job (MB)
	325124  -  ResidentSetSize of job (KB)
...
006 (61127943.129.000) 05/27 06:27:05 Image size of job updated: 317
	317  -  MemoryUsage of job (MB)
	325216  -  ResidentSetSize of job (KB)
...
006 (61127943.129.000) 05/27 06:28:06 Image size of job updated: 317
	317  -  MemoryUsage of job (MB)
	325272  -  ResidentSetSize of job (KB)
...
006 (61127943.129.000) 05/27 06:29:06 Image size of job updated: 317
	317  -  MemoryUsage of job (MB)
	325332  -  ResidentSetSize of job (KB)
...
006 (61127943.129.000) 05/27 06:30:06 Image size of job updated: 317
	317  -  MemoryUsage of job (MB)
	325396  -  ResidentSetSize of job (KB)
...
006 (61127943.129.000) 05/27 06:31:07 Image size of job updated: 317
	317  -  MemoryUsage of job (MB)
	325464  -  ResidentSetSize of job (KB)
...
006 (61127943.129.000) 05/27 06:32:08 Image size of job updated: 317
	317  -  MemoryUsage of job (MB)
	325560  -  ResidentSetSize of job (KB)
...
006 (61127943.129.000) 05/27 06:33:09 Image size of job updated: 317
	317  -  MemoryUsage of job (MB)
	325612  -  ResidentSetSize of job (KB)
...
006 (61127943.129.000) 05/27 06:34:10 Image size of job updated: 318
	318  -  MemoryUsage of job (MB)
	325684  -  ResidentSetSize of job (KB)
...
006 (61127943.129.000) 05/27 06:35:11 Image size of job updated: 318
	318  -  MemoryUsage of job (MB)
	325756  -  ResidentSetSize of job (KB)
...
006 (61127943.129.000) 05/27 06:36:12 Image size of job updated: 318
	318  -  MemoryUsage of job (MB)
	325828  -  ResidentSetSize of job (KB)
...
006 (61127943.129.000) 05/27 06:37:13 Image size of job updated: 318
	318  -  MemoryUsage of job (MB)
	325840  -  ResidentSetSize of job (KB)
...
006 (61127943.129.000) 05/27 06:38:14 Image size of job updated: 318
	318  -  MemoryUsage of job (MB)
	325904  -  ResidentSetSize of job (KB)
...
006 (61127943.129.000) 05/27 06:39:15 Image size of job updated: 318
	318  -  MemoryUsage of job (MB)
	325956  -  ResidentSetSize of job (KB)
...
006 (61127943.129.000) 05/27 06:40:16 Image size of job updated: 318
	318  -  MemoryUsage of job (MB)
	326052  -  ResidentSetSize of job (KB)
...
006 (61127943.129.000) 05/27 06:41:18 Image size of job updated: 318
	318  -  MemoryUsage of job (MB)
	326108  -  ResidentSetSize of job (KB)
...
006 (61127943.129.000) 05/27 06:42:19 Image size of job updated: 318
	318  -  MemoryUsage of job (MB)
	326152  -  ResidentSetSize of job (KB)
...
006 (61127943.129.000) 05/27 06:43:21 Image size of job updated: 318
	318  -  MemoryUsage of job (MB)
	326220  -  ResidentSetSize of job (KB)
...
006 (61127943.129.000) 05/27 06:44:22 Image size of job updated: 318
	318  -  MemoryUsage of job (MB)
	326256  -  ResidentSetSize of job (KB)
...
006 (61127943.129.000) 05/27 06:45:22 Image size of job updated: 318
	318  -  MemoryUsage of job (MB)
	326316  -  ResidentSetSize of job (KB)
...
006 (61127943.129.000) 05/27 06:46:22 Image size of job updated: 318
	318  -  MemoryUsage of job (MB)
	326368  -  ResidentSetSize of job (KB)
...
006 (61127943.129.000) 05/27 06:47:22 Image size of job updated: 318
	318  -  MemoryUsage of job (MB)
	326440  -  ResidentSetSize of job (KB)
...
006 (61127943.129.000) 05/27 06:48:22 Image size of job updated: 318
	318  -  MemoryUsage of job (MB)
	326516  -  ResidentSetSize of job (KB)
...
006 (61127943.129.000) 05/27 06:49:22 Image size of job updated: 318
	318  -  MemoryUsage of job (MB)
	326572  -  ResidentSetSize of job (KB)
...
006 (61127943.129.000) 05/27 06:50:22 Image size of job updated: 318
	318  -  MemoryUsage of job (MB)
	326600  -  ResidentSetSize of job (KB)
...
006 (61127943.129.000) 05/27 06:51:22 Image size of job updated: 319
	319  -  MemoryUsage of job (MB)
	326656  -  ResidentSetSize of job (KB)
...
006 (61127943.129.000) 05/27 06:52:22 Image size of job updated: 319
	319  -  MemoryUsage of job (MB)
	326732  -  ResidentSetSize of job (KB)
...
006 (61127943.129.000) 05/27 06:53:23 Image size of job updated: 319
	319  -  MemoryUsage of job (MB)
	326832  -  ResidentSetSize of job (KB)
...
006 (61127943.129.000) 05/27 06:54:23 Image size of job updated: 319
	319  -  MemoryUsage of job (MB)
	326896  -  ResidentSetSize of job (KB)
...
006 (61127943.129.000) 05/27 06:55:23 Image size of job updated: 319
	319  -  MemoryUsage of job (MB)
	327004  -  ResidentSetSize of job (KB)
...
006 (61127943.129.000) 05/27 06:56:23 Image size of job updated: 319
	319  -  MemoryUsage of job (MB)
	327092  -  ResidentSetSize of job (KB)
...
006 (61127943.129.000) 05/27 06:57:23 Image size of job updated: 319
	319  -  MemoryUsage of job (MB)
	327144  -  ResidentSetSize of job (KB)
...
006 (61127943.129.000) 05/27 06:58:23 Image size of job updated: 319
	319  -  MemoryUsage of job (MB)
	327224  -  ResidentSetSize of job (KB)
...
006 (61127943.129.000) 05/27 06:59:23 Image size of job updated: 319
	319  -  MemoryUsage of job (MB)
	327308  -  ResidentSetSize of job (KB)
...
006 (61127943.129.000) 05/27 07:00:24 Image size of job updated: 319
	319  -  MemoryUsage of job (MB)
	327400  -  ResidentSetSize of job (KB)
...
006 (61127943.129.000) 05/27 07:01:25 Image size of job updated: 319
	319  -  MemoryUsage of job (MB)
	327480  -  ResidentSetSize of job (KB)
...
006 (61127943.129.000) 05/27 07:02:26 Image size of job updated: 319
	319  -  MemoryUsage of job (MB)
	327532  -  ResidentSetSize of job (KB)
...
006 (61127943.129.000) 05/27 07:03:27 Image size of job updated: 319
	319  -  MemoryUsage of job (MB)
	327612  -  ResidentSetSize of job (KB)
...
006 (61127943.129.000) 05/27 07:04:28 Image size of job updated: 319
	319  -  MemoryUsage of job (MB)
	327664  -  ResidentSetSize of job (KB)
...
006 (61127943.129.000) 05/27 07:05:29 Image size of job updated: 320
	320  -  MemoryUsage of job (MB)
	327756  -  ResidentSetSize of job (KB)
...
006 (61127943.129.000) 05/27 07:06:29 Image size of job updated: 320
	320  -  MemoryUsage of job (MB)
	327828  -  ResidentSetSize of job (KB)
...
006 (61127943.129.000) 05/27 07:07:29 Image size of job updated: 320
	320  -  MemoryUsage of job (MB)
	327880  -  ResidentSetSize of job (KB)
...
006 (61127943.129.000) 05/27 07:08:29 Image size of job updated: 320
	317  -  MemoryUsage of job (MB)
	327880  -  ResidentSetSize of job (KB)
...
006 (61127943.129.000) 05/27 07:10:29 Image size of job updated: 320
	319  -  MemoryUsage of job (MB)
	327880  -  ResidentSetSize of job (KB)
...
005 (61127943.129.000) 05/27 07:14:00 Job terminated.
	(1) Normal termination (return value 0)
		Usr 0 00:56:10, Sys 0 00:08:05  -  Run Remote Usage
		Usr 0 00:00:00, Sys 0 00:00:00  -  Run Local Usage
		Usr 0 00:56:10, Sys 0 00:08:05  -  Total Remote Usage
		Usr 0 00:00:00, Sys 0 00:00:00  -  Total Local Usage
	152422  -  Run Bytes Sent By Job
	14471  -  Run Bytes Received By Job
	152422  -  Total Bytes Sent By Job
	14471  -  Total Bytes Received By Job
	Partitionable Resources :    Usage  Request Allocated 
	   Cpus                 :        0        1         1 
	   Disk (KB)            :      183        7    313077 
	   Memory (MB)          :      319     2048      2048 
...
