000 (61127943.135.000) 05/27 05:40:41 Job submitted from host: <131.225.188.235:9618?addrs=131.225.188.235-9618&noUDP&sock=15005_c2aa_3>
...
001 (61127943.135.000) 05/27 05:41:33 Job executing on host: <131.225.204.81:9618?addrs=131.225.204.81-9618&noUDP&sock=4531_77b4_3>
...
006 (61127943.135.000) 05/27 05:41:42 Image size of job updated: 2
	2  -  MemoryUsage of job (MB)
	2892  -  ResidentSetSize of job (KB)
...
006 (61127943.135.000) 05/27 05:42:42 Image size of job updated: 292
	292  -  MemoryUsage of job (MB)
	299656  -  ResidentSetSize of job (KB)
...
006 (61127943.135.000) 05/27 05:43:42 Image size of job updated: 295
	295  -  MemoryUsage of job (MB)
	302592  -  ResidentSetSize of job (KB)
...
006 (61127943.135.000) 05/27 05:44:42 Image size of job updated: 297
	297  -  MemoryUsage of job (MB)
	304576  -  ResidentSetSize of job (KB)
...
006 (61127943.135.000) 05/27 05:45:42 Image size of job updated: 299
	299  -  MemoryUsage of job (MB)
	306952  -  ResidentSetSize of job (KB)
...
006 (61127943.135.000) 05/27 05:46:42 Image size of job updated: 299
	299  -  MemoryUsage of job (MB)
	307044  -  ResidentSetSize of job (KB)
...
006 (61127943.135.000) 05/27 05:47:42 Image size of job updated: 302
	302  -  MemoryUsage of job (MB)
	310100  -  ResidentSetSize of job (KB)
...
006 (61127943.135.000) 05/27 05:48:42 Image size of job updated: 303
	303  -  MemoryUsage of job (MB)
	310288  -  ResidentSetSize of job (KB)
...
006 (61127943.135.000) 05/27 05:49:42 Image size of job updated: 303
	303  -  MemoryUsage of job (MB)
	310408  -  ResidentSetSize of job (KB)
...
006 (61127943.135.000) 05/27 05:50:43 Image size of job updated: 303
	303  -  MemoryUsage of job (MB)
	310488  -  ResidentSetSize of job (KB)
...
006 (61127943.135.000) 05/27 05:51:44 Image size of job updated: 307
	307  -  MemoryUsage of job (MB)
	315104  -  ResidentSetSize of job (KB)
...
006 (61127943.135.000) 05/27 05:52:45 Image size of job updated: 308
	308  -  MemoryUsage of job (MB)
	315724  -  ResidentSetSize of job (KB)
...
006 (61127943.135.000) 05/27 05:53:46 Image size of job updated: 308
	308  -  MemoryUsage of job (MB)
	315804  -  ResidentSetSize of job (KB)
...
006 (61127943.135.000) 05/27 05:54:47 Image size of job updated: 308
	308  -  MemoryUsage of job (MB)
	315916  -  ResidentSetSize of job (KB)
...
006 (61127943.135.000) 05/27 05:55:48 Image size of job updated: 308
	308  -  MemoryUsage of job (MB)
	315988  -  ResidentSetSize of job (KB)
...
006 (61127943.135.000) 05/27 05:56:49 Image size of job updated: 309
	309  -  MemoryUsage of job (MB)
	316708  -  ResidentSetSize of job (KB)
...
006 (61127943.135.000) 05/27 05:57:50 Image size of job updated: 309
	309  -  MemoryUsage of job (MB)
	316800  -  ResidentSetSize of job (KB)
...
006 (61127943.135.000) 05/27 05:58:52 Image size of job updated: 310
	310  -  MemoryUsage of job (MB)
	318380  -  ResidentSetSize of job (KB)
...
006 (61127943.135.000) 05/27 05:59:53 Image size of job updated: 310
	310  -  MemoryUsage of job (MB)
	318440  -  ResidentSetSize of job (KB)
...
006 (61127943.135.000) 05/27 06:00:54 Image size of job updated: 312
	312  -  MemoryUsage of job (MB)
	319872  -  ResidentSetSize of job (KB)
...
006 (61127943.135.000) 05/27 06:01:55 Image size of job updated: 312
	312  -  MemoryUsage of job (MB)
	319908  -  ResidentSetSize of job (KB)
...
006 (61127943.135.000) 05/27 06:02:56 Image size of job updated: 312
	312  -  MemoryUsage of job (MB)
	320064  -  ResidentSetSize of job (KB)
...
006 (61127943.135.000) 05/27 06:03:57 Image size of job updated: 312
	312  -  MemoryUsage of job (MB)
	320116  -  ResidentSetSize of job (KB)
...
006 (61127943.135.000) 05/27 06:04:58 Image size of job updated: 312
	312  -  MemoryUsage of job (MB)
	320172  -  ResidentSetSize of job (KB)
...
006 (61127943.135.000) 05/27 06:05:59 Image size of job updated: 313
	313  -  MemoryUsage of job (MB)
	321040  -  ResidentSetSize of job (KB)
...
006 (61127943.135.000) 05/27 06:07:01 Image size of job updated: 317
	317  -  MemoryUsage of job (MB)
	324888  -  ResidentSetSize of job (KB)
...
006 (61127943.135.000) 05/27 06:08:02 Image size of job updated: 317
	317  -  MemoryUsage of job (MB)
	324984  -  ResidentSetSize of job (KB)
...
006 (61127943.135.000) 05/27 06:09:02 Image size of job updated: 317
	309  -  MemoryUsage of job (MB)
	324984  -  ResidentSetSize of job (KB)
...
006 (61127943.135.000) 05/27 06:19:02 Image size of job updated: 317
	310  -  MemoryUsage of job (MB)
	324984  -  ResidentSetSize of job (KB)
...
006 (61127943.135.000) 05/27 06:20:02 Image size of job updated: 317
	311  -  MemoryUsage of job (MB)
	324984  -  ResidentSetSize of job (KB)
...
006 (61127943.135.000) 05/27 06:22:02 Image size of job updated: 317
	315  -  MemoryUsage of job (MB)
	324984  -  ResidentSetSize of job (KB)
...
006 (61127943.135.000) 05/27 06:23:02 Image size of job updated: 317
	316  -  MemoryUsage of job (MB)
	324984  -  ResidentSetSize of job (KB)
...
006 (61127943.135.000) 05/27 06:24:03 Image size of job updated: 317
	310  -  MemoryUsage of job (MB)
	324984  -  ResidentSetSize of job (KB)
...
006 (61127943.135.000) 05/27 06:25:04 Image size of job updated: 317
	312  -  MemoryUsage of job (MB)
	324984  -  ResidentSetSize of job (KB)
...
006 (61127943.135.000) 05/27 06:26:05 Image size of job updated: 317
	313  -  MemoryUsage of job (MB)
	324984  -  ResidentSetSize of job (KB)
...
006 (61127943.135.000) 05/27 06:28:07 Image size of job updated: 317
	314  -  MemoryUsage of job (MB)
	324984  -  ResidentSetSize of job (KB)
...
006 (61127943.135.000) 05/27 06:33:13 Image size of job updated: 317
	312  -  MemoryUsage of job (MB)
	324984  -  ResidentSetSize of job (KB)
...
006 (61127943.135.000) 05/27 06:34:14 Image size of job updated: 317
	313  -  MemoryUsage of job (MB)
	324984  -  ResidentSetSize of job (KB)
...
006 (61127943.135.000) 05/27 06:35:15 Image size of job updated: 317
	315  -  MemoryUsage of job (MB)
	324984  -  ResidentSetSize of job (KB)
...
006 (61127943.135.000) 05/27 06:42:17 Image size of job updated: 317
	312  -  MemoryUsage of job (MB)
	324984  -  ResidentSetSize of job (KB)
...
006 (61127943.135.000) 05/27 06:43:17 Image size of job updated: 317
	313  -  MemoryUsage of job (MB)
	324984  -  ResidentSetSize of job (KB)
...
006 (61127943.135.000) 05/27 06:44:17 Image size of job updated: 317
	314  -  MemoryUsage of job (MB)
	324984  -  ResidentSetSize of job (KB)
...
006 (61127943.135.000) 05/27 06:53:17 Image size of job updated: 317
	315  -  MemoryUsage of job (MB)
	324984  -  ResidentSetSize of job (KB)
...
006 (61127943.135.000) 05/27 06:59:21 Image size of job updated: 317
	313  -  MemoryUsage of job (MB)
	324984  -  ResidentSetSize of job (KB)
...
006 (61127943.135.000) 05/27 07:01:23 Image size of job updated: 317
	314  -  MemoryUsage of job (MB)
	324984  -  ResidentSetSize of job (KB)
...
006 (61127943.135.000) 05/27 07:05:26 Image size of job updated: 317
	315  -  MemoryUsage of job (MB)
	324984  -  ResidentSetSize of job (KB)
...
006 (61127943.135.000) 05/27 07:07:26 Image size of job updated: 317
	314  -  MemoryUsage of job (MB)
	324984  -  ResidentSetSize of job (KB)
...
006 (61127943.135.000) 05/27 07:09:26 Image size of job updated: 317
	316  -  MemoryUsage of job (MB)
	324984  -  ResidentSetSize of job (KB)
...
005 (61127943.135.000) 05/27 07:14:36 Job terminated.
	(1) Normal termination (return value 0)
		Usr 0 00:57:41, Sys 0 00:08:09  -  Run Remote Usage
		Usr 0 00:00:00, Sys 0 00:00:00  -  Run Local Usage
		Usr 0 00:57:41, Sys 0 00:08:09  -  Total Remote Usage
		Usr 0 00:00:00, Sys 0 00:00:00  -  Total Local Usage
	135585  -  Run Bytes Sent By Job
	14471  -  Run Bytes Received By Job
	135585  -  Total Bytes Sent By Job
	14471  -  Total Bytes Received By Job
	Partitionable Resources :    Usage  Request Allocated 
	   Cpus                 :        0        1         1 
	   Disk (KB)            :      166        7    314939 
	   Memory (MB)          :      316     2048      2048 
...
