000 (61127943.133.000) 05/27 05:40:41 Job submitted from host: <131.225.188.235:9618?addrs=131.225.188.235-9618&noUDP&sock=15005_c2aa_3>
...
001 (61127943.133.000) 05/27 05:41:32 Job executing on host: <131.225.206.42:9618?addrs=131.225.206.42-9618&noUDP&sock=4532_274d_3>
...
006 (61127943.133.000) 05/27 05:41:41 Image size of job updated: 2
	2  -  MemoryUsage of job (MB)
	2200  -  ResidentSetSize of job (KB)
...
006 (61127943.133.000) 05/27 05:42:41 Image size of job updated: 292
	292  -  MemoryUsage of job (MB)
	299960  -  ResidentSetSize of job (KB)
...
006 (61127943.133.000) 05/27 05:43:42 Image size of job updated: 298
	298  -  MemoryUsage of job (MB)
	305200  -  ResidentSetSize of job (KB)
...
006 (61127943.133.000) 05/27 05:44:43 Image size of job updated: 298
	298  -  MemoryUsage of job (MB)
	305844  -  ResidentSetSize of job (KB)
...
006 (61127943.133.000) 05/27 05:45:44 Image size of job updated: 298
	298  -  MemoryUsage of job (MB)
	305948  -  ResidentSetSize of job (KB)
...
006 (61127943.133.000) 05/27 05:46:45 Image size of job updated: 298
	298  -  MemoryUsage of job (MB)
	306076  -  ResidentSetSize of job (KB)
...
006 (61127943.133.000) 05/27 05:47:46 Image size of job updated: 298
	298  -  MemoryUsage of job (MB)
	306108  -  ResidentSetSize of job (KB)
...
006 (61127943.133.000) 05/27 05:48:47 Image size of job updated: 299
	299  -  MemoryUsage of job (MB)
	306204  -  ResidentSetSize of job (KB)
...
006 (61127943.133.000) 05/27 05:49:48 Image size of job updated: 299
	299  -  MemoryUsage of job (MB)
	306336  -  ResidentSetSize of job (KB)
...
006 (61127943.133.000) 05/27 05:50:49 Image size of job updated: 308
	308  -  MemoryUsage of job (MB)
	315752  -  ResidentSetSize of job (KB)
...
006 (61127943.133.000) 05/27 05:51:50 Image size of job updated: 308
	308  -  MemoryUsage of job (MB)
	315836  -  ResidentSetSize of job (KB)
...
006 (61127943.133.000) 05/27 05:52:51 Image size of job updated: 308
	308  -  MemoryUsage of job (MB)
	315916  -  ResidentSetSize of job (KB)
...
006 (61127943.133.000) 05/27 05:53:52 Image size of job updated: 308
	308  -  MemoryUsage of job (MB)
	315996  -  ResidentSetSize of job (KB)
...
006 (61127943.133.000) 05/27 05:54:53 Image size of job updated: 308
	308  -  MemoryUsage of job (MB)
	316088  -  ResidentSetSize of job (KB)
...
006 (61127943.133.000) 05/27 05:55:55 Image size of job updated: 308
	308  -  MemoryUsage of job (MB)
	316380  -  ResidentSetSize of job (KB)
...
006 (61127943.133.000) 05/27 05:56:56 Image size of job updated: 309
	309  -  MemoryUsage of job (MB)
	316444  -  ResidentSetSize of job (KB)
...
006 (61127943.133.000) 05/27 05:57:57 Image size of job updated: 309
	309  -  MemoryUsage of job (MB)
	316492  -  ResidentSetSize of job (KB)
...
006 (61127943.133.000) 05/27 05:58:59 Image size of job updated: 309
	309  -  MemoryUsage of job (MB)
	316580  -  ResidentSetSize of job (KB)
...
006 (61127943.133.000) 05/27 05:59:59 Image size of job updated: 310
	310  -  MemoryUsage of job (MB)
	317868  -  ResidentSetSize of job (KB)
...
006 (61127943.133.000) 05/27 06:00:59 Image size of job updated: 310
	310  -  MemoryUsage of job (MB)
	317964  -  ResidentSetSize of job (KB)
...
006 (61127943.133.000) 05/27 06:01:59 Image size of job updated: 312
	312  -  MemoryUsage of job (MB)
	319508  -  ResidentSetSize of job (KB)
...
006 (61127943.133.000) 05/27 06:02:59 Image size of job updated: 312
	312  -  MemoryUsage of job (MB)
	319604  -  ResidentSetSize of job (KB)
...
006 (61127943.133.000) 05/27 06:03:59 Image size of job updated: 312
	312  -  MemoryUsage of job (MB)
	319704  -  ResidentSetSize of job (KB)
...
006 (61127943.133.000) 05/27 06:04:59 Image size of job updated: 312
	312  -  MemoryUsage of job (MB)
	319728  -  ResidentSetSize of job (KB)
...
006 (61127943.133.000) 05/27 06:05:59 Image size of job updated: 312
	312  -  MemoryUsage of job (MB)
	319880  -  ResidentSetSize of job (KB)
...
006 (61127943.133.000) 05/27 06:06:59 Image size of job updated: 312
	312  -  MemoryUsage of job (MB)
	319988  -  ResidentSetSize of job (KB)
...
006 (61127943.133.000) 05/27 06:07:59 Image size of job updated: 312
	312  -  MemoryUsage of job (MB)
	320128  -  ResidentSetSize of job (KB)
...
006 (61127943.133.000) 05/27 06:08:59 Image size of job updated: 312
	312  -  MemoryUsage of job (MB)
	320168  -  ResidentSetSize of job (KB)
...
006 (61127943.133.000) 05/27 06:09:59 Image size of job updated: 312
	312  -  MemoryUsage of job (MB)
	320264  -  ResidentSetSize of job (KB)
...
006 (61127943.133.000) 05/27 06:10:59 Image size of job updated: 312
	312  -  MemoryUsage of job (MB)
	320324  -  ResidentSetSize of job (KB)
...
006 (61127943.133.000) 05/27 06:11:59 Image size of job updated: 312
	312  -  MemoryUsage of job (MB)
	320372  -  ResidentSetSize of job (KB)
...
006 (61127943.133.000) 05/27 06:12:59 Image size of job updated: 312
	312  -  MemoryUsage of job (MB)
	320420  -  ResidentSetSize of job (KB)
...
006 (61127943.133.000) 05/27 06:13:59 Image size of job updated: 312
	312  -  MemoryUsage of job (MB)
	320504  -  ResidentSetSize of job (KB)
...
006 (61127943.133.000) 05/27 06:15:00 Image size of job updated: 313
	313  -  MemoryUsage of job (MB)
	320552  -  ResidentSetSize of job (KB)
...
006 (61127943.133.000) 05/27 06:16:01 Image size of job updated: 313
	313  -  MemoryUsage of job (MB)
	320592  -  ResidentSetSize of job (KB)
...
006 (61127943.133.000) 05/27 06:17:02 Image size of job updated: 313
	313  -  MemoryUsage of job (MB)
	320708  -  ResidentSetSize of job (KB)
...
006 (61127943.133.000) 05/27 06:18:03 Image size of job updated: 313
	313  -  MemoryUsage of job (MB)
	320888  -  ResidentSetSize of job (KB)
...
006 (61127943.133.000) 05/27 06:19:04 Image size of job updated: 313
	313  -  MemoryUsage of job (MB)
	321032  -  ResidentSetSize of job (KB)
...
006 (61127943.133.000) 05/27 06:20:05 Image size of job updated: 313
	313  -  MemoryUsage of job (MB)
	321076  -  ResidentSetSize of job (KB)
...
006 (61127943.133.000) 05/27 06:21:06 Image size of job updated: 315
	315  -  MemoryUsage of job (MB)
	323068  -  ResidentSetSize of job (KB)
...
006 (61127943.133.000) 05/27 06:22:07 Image size of job updated: 315
	315  -  MemoryUsage of job (MB)
	323124  -  ResidentSetSize of job (KB)
...
006 (61127943.133.000) 05/27 06:23:07 Image size of job updated: 315
	315  -  MemoryUsage of job (MB)
	323228  -  ResidentSetSize of job (KB)
...
006 (61127943.133.000) 05/27 06:24:07 Image size of job updated: 317
	317  -  MemoryUsage of job (MB)
	325216  -  ResidentSetSize of job (KB)
...
006 (61127943.133.000) 05/27 06:25:07 Image size of job updated: 317
	312  -  MemoryUsage of job (MB)
	325216  -  ResidentSetSize of job (KB)
...
006 (61127943.133.000) 05/27 06:26:07 Image size of job updated: 317
	313  -  MemoryUsage of job (MB)
	325216  -  ResidentSetSize of job (KB)
...
006 (61127943.133.000) 05/27 06:27:07 Image size of job updated: 317
	314  -  MemoryUsage of job (MB)
	325216  -  ResidentSetSize of job (KB)
...
006 (61127943.133.000) 05/27 06:34:12 Image size of job updated: 317
	309  -  MemoryUsage of job (MB)
	325216  -  ResidentSetSize of job (KB)
...
006 (61127943.133.000) 05/27 06:35:13 Image size of job updated: 317
	313  -  MemoryUsage of job (MB)
	325216  -  ResidentSetSize of job (KB)
...
006 (61127943.133.000) 05/27 06:41:19 Image size of job updated: 317
	314  -  MemoryUsage of job (MB)
	325216  -  ResidentSetSize of job (KB)
...
006 (61127943.133.000) 05/27 06:54:28 Image size of job updated: 317
	315  -  MemoryUsage of job (MB)
	325216  -  ResidentSetSize of job (KB)
...
006 (61127943.133.000) 05/27 07:01:29 Image size of job updated: 317
	316  -  MemoryUsage of job (MB)
	325216  -  ResidentSetSize of job (KB)
...
006 (61127943.133.000) 05/27 07:14:37 Image size of job updated: 317
	317  -  MemoryUsage of job (MB)
	325216  -  ResidentSetSize of job (KB)
...
006 (61127943.133.000) 05/27 07:17:40 Image size of job updated: 318
	318  -  MemoryUsage of job (MB)
	325704  -  ResidentSetSize of job (KB)
...
006 (61127943.133.000) 05/27 07:18:41 Image size of job updated: 318
	318  -  MemoryUsage of job (MB)
	325780  -  ResidentSetSize of job (KB)
...
006 (61127943.133.000) 05/27 07:19:41 Image size of job updated: 318
	318  -  MemoryUsage of job (MB)
	325904  -  ResidentSetSize of job (KB)
...
006 (61127943.133.000) 05/27 07:20:41 Image size of job updated: 318
	318  -  MemoryUsage of job (MB)
	326036  -  ResidentSetSize of job (KB)
...
006 (61127943.133.000) 05/27 07:21:41 Image size of job updated: 318
	318  -  MemoryUsage of job (MB)
	326076  -  ResidentSetSize of job (KB)
...
006 (61127943.133.000) 05/27 07:22:41 Image size of job updated: 318
	318  -  MemoryUsage of job (MB)
	326108  -  ResidentSetSize of job (KB)
...
006 (61127943.133.000) 05/27 07:23:41 Image size of job updated: 318
	318  -  MemoryUsage of job (MB)
	326204  -  ResidentSetSize of job (KB)
...
006 (61127943.133.000) 05/27 07:24:41 Image size of job updated: 318
	318  -  MemoryUsage of job (MB)
	326276  -  ResidentSetSize of job (KB)
...
006 (61127943.133.000) 05/27 07:25:41 Image size of job updated: 318
	318  -  MemoryUsage of job (MB)
	326396  -  ResidentSetSize of job (KB)
...
006 (61127943.133.000) 05/27 07:26:41 Image size of job updated: 318
	318  -  MemoryUsage of job (MB)
	326448  -  ResidentSetSize of job (KB)
...
006 (61127943.133.000) 05/27 07:27:42 Image size of job updated: 318
	318  -  MemoryUsage of job (MB)
	326532  -  ResidentSetSize of job (KB)
...
006 (61127943.133.000) 05/27 07:28:43 Image size of job updated: 318
	318  -  MemoryUsage of job (MB)
	326612  -  ResidentSetSize of job (KB)
...
006 (61127943.133.000) 05/27 07:29:44 Image size of job updated: 319
	319  -  MemoryUsage of job (MB)
	326668  -  ResidentSetSize of job (KB)
...
006 (61127943.133.000) 05/27 07:30:45 Image size of job updated: 319
	319  -  MemoryUsage of job (MB)
	326780  -  ResidentSetSize of job (KB)
...
006 (61127943.133.000) 05/27 07:31:46 Image size of job updated: 319
	319  -  MemoryUsage of job (MB)
	326848  -  ResidentSetSize of job (KB)
...
006 (61127943.133.000) 05/27 07:32:47 Image size of job updated: 319
	319  -  MemoryUsage of job (MB)
	326996  -  ResidentSetSize of job (KB)
...
006 (61127943.133.000) 05/27 07:33:48 Image size of job updated: 319
	319  -  MemoryUsage of job (MB)
	327060  -  ResidentSetSize of job (KB)
...
006 (61127943.133.000) 05/27 07:34:50 Image size of job updated: 319
	319  -  MemoryUsage of job (MB)
	327108  -  ResidentSetSize of job (KB)
...
006 (61127943.133.000) 05/27 07:35:50 Image size of job updated: 319
	319  -  MemoryUsage of job (MB)
	327208  -  ResidentSetSize of job (KB)
...
006 (61127943.133.000) 05/27 07:36:50 Image size of job updated: 319
	319  -  MemoryUsage of job (MB)
	327240  -  ResidentSetSize of job (KB)
...
006 (61127943.133.000) 05/27 07:37:50 Image size of job updated: 319
	319  -  MemoryUsage of job (MB)
	327316  -  ResidentSetSize of job (KB)
...
006 (61127943.133.000) 05/27 07:38:50 Image size of job updated: 319
	319  -  MemoryUsage of job (MB)
	327356  -  ResidentSetSize of job (KB)
...
006 (61127943.133.000) 05/27 07:39:46 Image size of job updated: 319
	319  -  MemoryUsage of job (MB)
	327440  -  ResidentSetSize of job (KB)
...
005 (61127943.133.000) 05/27 07:39:47 Job terminated.
	(1) Normal termination (return value 0)
		Usr 0 01:14:39, Sys 0 00:10:32  -  Run Remote Usage
		Usr 0 00:00:00, Sys 0 00:00:00  -  Run Local Usage
		Usr 0 01:14:39, Sys 0 00:10:32  -  Total Remote Usage
		Usr 0 00:00:00, Sys 0 00:00:00  -  Total Local Usage
	181155  -  Run Bytes Sent By Job
	14471  -  Run Bytes Received By Job
	181155  -  Total Bytes Sent By Job
	14471  -  Total Bytes Received By Job
	Partitionable Resources :    Usage  Request Allocated 
	   Cpus                 :        0        1         1 
	   Disk (KB)            :      210        7    320477 
	   Memory (MB)          :      319     2048      2048 
...
