000 (61127943.143.000) 05/27 05:40:41 Job submitted from host: <131.225.188.235:9618?addrs=131.225.188.235-9618&noUDP&sock=15005_c2aa_3>
...
001 (61127943.143.000) 05/27 05:41:34 Job executing on host: <131.225.204.51:9618?addrs=131.225.204.51-9618&noUDP&sock=4580_13d8_3>
...
006 (61127943.143.000) 05/27 05:41:43 Image size of job updated: 9
	9  -  MemoryUsage of job (MB)
	10128  -  ResidentSetSize of job (KB)
...
006 (61127943.143.000) 05/27 05:42:43 Image size of job updated: 296
	296  -  MemoryUsage of job (MB)
	303912  -  ResidentSetSize of job (KB)
...
006 (61127943.143.000) 05/27 05:43:43 Image size of job updated: 297
	297  -  MemoryUsage of job (MB)
	305036  -  ResidentSetSize of job (KB)
...
006 (61127943.143.000) 05/27 05:44:43 Image size of job updated: 298
	298  -  MemoryUsage of job (MB)
	305632  -  ResidentSetSize of job (KB)
...
006 (61127943.143.000) 05/27 05:45:43 Image size of job updated: 298
	298  -  MemoryUsage of job (MB)
	305740  -  ResidentSetSize of job (KB)
...
006 (61127943.143.000) 05/27 05:46:43 Image size of job updated: 298
	298  -  MemoryUsage of job (MB)
	305796  -  ResidentSetSize of job (KB)
...
006 (61127943.143.000) 05/27 05:47:43 Image size of job updated: 298
	298  -  MemoryUsage of job (MB)
	305956  -  ResidentSetSize of job (KB)
...
006 (61127943.143.000) 05/27 05:48:43 Image size of job updated: 298
	298  -  MemoryUsage of job (MB)
	306056  -  ResidentSetSize of job (KB)
...
006 (61127943.143.000) 05/27 05:49:43 Image size of job updated: 299
	299  -  MemoryUsage of job (MB)
	306196  -  ResidentSetSize of job (KB)
...
006 (61127943.143.000) 05/27 05:50:43 Image size of job updated: 299
	299  -  MemoryUsage of job (MB)
	306368  -  ResidentSetSize of job (KB)
...
006 (61127943.143.000) 05/27 05:51:43 Image size of job updated: 299
	299  -  MemoryUsage of job (MB)
	306500  -  ResidentSetSize of job (KB)
...
006 (61127943.143.000) 05/27 05:52:34 Image size of job updated: 299
	299  -  MemoryUsage of job (MB)
	306688  -  ResidentSetSize of job (KB)
...
005 (61127943.143.000) 05/27 05:52:35 Job terminated.
	(1) Normal termination (return value 0)
		Usr 0 00:06:28, Sys 0 00:00:56  -  Run Remote Usage
		Usr 0 00:00:00, Sys 0 00:00:00  -  Run Local Usage
		Usr 0 00:06:28, Sys 0 00:00:56  -  Total Remote Usage
		Usr 0 00:00:00, Sys 0 00:00:00  -  Total Local Usage
	23149  -  Run Bytes Sent By Job
	14471  -  Run Bytes Received By Job
	23149  -  Total Bytes Sent By Job
	14471  -  Total Bytes Received By Job
	Partitionable Resources :    Usage  Request Allocated 
	   Cpus                 :     0.00        1         1 
	   Disk (KB)            :    56           7    319789 
	   Memory (MB)          :   299        2048      2048 
...
