000 (61127943.161.000) 05/27 05:40:41 Job submitted from host: <131.225.188.235:9618?addrs=131.225.188.235-9618&noUDP&sock=15005_c2aa_3>
...
001 (61127943.161.000) 05/27 05:41:38 Job executing on host: <131.225.204.100:9618?addrs=131.225.204.100-9618&noUDP&sock=4562_bb24_3>
...
006 (61127943.161.000) 05/27 05:41:47 Image size of job updated: 2
	1  -  MemoryUsage of job (MB)
	1560  -  ResidentSetSize of job (KB)
...
006 (61127943.161.000) 05/27 05:42:48 Image size of job updated: 295
	295  -  MemoryUsage of job (MB)
	302232  -  ResidentSetSize of job (KB)
...
006 (61127943.161.000) 05/27 05:43:49 Image size of job updated: 295
	295  -  MemoryUsage of job (MB)
	303064  -  ResidentSetSize of job (KB)
...
006 (61127943.161.000) 05/27 05:44:50 Image size of job updated: 296
	296  -  MemoryUsage of job (MB)
	303408  -  ResidentSetSize of job (KB)
...
006 (61127943.161.000) 05/27 05:45:51 Image size of job updated: 297
	297  -  MemoryUsage of job (MB)
	304588  -  ResidentSetSize of job (KB)
...
006 (61127943.161.000) 05/27 05:46:52 Image size of job updated: 297
	297  -  MemoryUsage of job (MB)
	304748  -  ResidentSetSize of job (KB)
...
006 (61127943.161.000) 05/27 05:47:53 Image size of job updated: 297
	297  -  MemoryUsage of job (MB)
	304880  -  ResidentSetSize of job (KB)
...
006 (61127943.161.000) 05/27 05:48:54 Image size of job updated: 297
	297  -  MemoryUsage of job (MB)
	305028  -  ResidentSetSize of job (KB)
...
006 (61127943.161.000) 05/27 05:49:55 Image size of job updated: 298
	298  -  MemoryUsage of job (MB)
	305152  -  ResidentSetSize of job (KB)
...
006 (61127943.161.000) 05/27 05:50:56 Image size of job updated: 298
	298  -  MemoryUsage of job (MB)
	305352  -  ResidentSetSize of job (KB)
...
006 (61127943.161.000) 05/27 05:51:57 Image size of job updated: 298
	298  -  MemoryUsage of job (MB)
	305480  -  ResidentSetSize of job (KB)
...
006 (61127943.161.000) 05/27 05:52:55 Image size of job updated: 298
	298  -  MemoryUsage of job (MB)
	305604  -  ResidentSetSize of job (KB)
...
005 (61127943.161.000) 05/27 05:52:56 Job terminated.
	(1) Normal termination (return value 0)
		Usr 0 00:07:37, Sys 0 00:00:51  -  Run Remote Usage
		Usr 0 00:00:00, Sys 0 00:00:00  -  Run Local Usage
		Usr 0 00:07:37, Sys 0 00:00:51  -  Total Remote Usage
		Usr 0 00:00:00, Sys 0 00:00:00  -  Total Local Usage
	25394  -  Run Bytes Sent By Job
	14471  -  Run Bytes Received By Job
	25394  -  Total Bytes Sent By Job
	14471  -  Total Bytes Received By Job
	Partitionable Resources :    Usage  Request Allocated 
	   Cpus                 :     0.01        1         1 
	   Disk (KB)            :    58           7    314593 
	   Memory (MB)          :   298        2048      2048 
...
