000 (61127943.099.000) 05/27 05:40:41 Job submitted from host: <131.225.188.235:9618?addrs=131.225.188.235-9618&noUDP&sock=15005_c2aa_3>
...
001 (61127943.099.000) 05/27 05:41:24 Job executing on host: <131.225.206.238:9618?addrs=131.225.206.238-9618&noUDP&sock=4662_529c_3>
...
006 (61127943.099.000) 05/27 05:41:32 Image size of job updated: 2
	1  -  MemoryUsage of job (MB)
	1348  -  ResidentSetSize of job (KB)
...
006 (61127943.099.000) 05/27 05:42:34 Image size of job updated: 273
	273  -  MemoryUsage of job (MB)
	279828  -  ResidentSetSize of job (KB)
...
006 (61127943.099.000) 05/27 05:44:36 Image size of job updated: 273
	273  -  MemoryUsage of job (MB)
	280052  -  ResidentSetSize of job (KB)
...
006 (61127943.099.000) 05/27 05:45:37 Image size of job updated: 273
	273  -  MemoryUsage of job (MB)
	280056  -  ResidentSetSize of job (KB)
...
006 (61127943.099.000) 05/27 05:47:39 Image size of job updated: 287
	287  -  MemoryUsage of job (MB)
	293932  -  ResidentSetSize of job (KB)
...
006 (61127943.099.000) 05/27 05:48:40 Image size of job updated: 287
	287  -  MemoryUsage of job (MB)
	293980  -  ResidentSetSize of job (KB)
...
006 (61127943.099.000) 05/27 05:49:42 Image size of job updated: 287
	287  -  MemoryUsage of job (MB)
	294160  -  ResidentSetSize of job (KB)
...
006 (61127943.099.000) 05/27 05:50:43 Image size of job updated: 287
	287  -  MemoryUsage of job (MB)
	294324  -  ResidentSetSize of job (KB)
...
006 (61127943.099.000) 05/27 05:51:43 Image size of job updated: 287
	287  -  MemoryUsage of job (MB)
	294432  -  ResidentSetSize of job (KB)
...
006 (61127943.099.000) 05/27 05:52:43 Image size of job updated: 287
	287  -  MemoryUsage of job (MB)
	294520  -  ResidentSetSize of job (KB)
...
006 (61127943.099.000) 05/27 05:53:43 Image size of job updated: 288
	288  -  MemoryUsage of job (MB)
	294936  -  ResidentSetSize of job (KB)
...
006 (61127943.099.000) 05/27 05:54:43 Image size of job updated: 288
	288  -  MemoryUsage of job (MB)
	295084  -  ResidentSetSize of job (KB)
...
006 (61127943.099.000) 05/27 05:55:43 Image size of job updated: 288
	288  -  MemoryUsage of job (MB)
	295140  -  ResidentSetSize of job (KB)
...
006 (61127943.099.000) 05/27 05:56:43 Image size of job updated: 288
	288  -  MemoryUsage of job (MB)
	295228  -  ResidentSetSize of job (KB)
...
006 (61127943.099.000) 05/27 05:57:43 Image size of job updated: 288
	288  -  MemoryUsage of job (MB)
	295328  -  ResidentSetSize of job (KB)
...
006 (61127943.099.000) 05/27 05:58:43 Image size of job updated: 288
	288  -  MemoryUsage of job (MB)
	295476  -  ResidentSetSize of job (KB)
...
006 (61127943.099.000) 05/27 05:59:43 Image size of job updated: 306
	306  -  MemoryUsage of job (MB)
	313480  -  ResidentSetSize of job (KB)
...
006 (61127943.099.000) 05/27 06:00:43 Image size of job updated: 306
	306  -  MemoryUsage of job (MB)
	313580  -  ResidentSetSize of job (KB)
...
006 (61127943.099.000) 05/27 06:01:43 Image size of job updated: 306
	306  -  MemoryUsage of job (MB)
	313712  -  ResidentSetSize of job (KB)
...
006 (61127943.099.000) 05/27 06:02:43 Image size of job updated: 306
	306  -  MemoryUsage of job (MB)
	313820  -  ResidentSetSize of job (KB)
...
006 (61127943.099.000) 05/27 06:03:43 Image size of job updated: 306
	306  -  MemoryUsage of job (MB)
	313932  -  ResidentSetSize of job (KB)
...
006 (61127943.099.000) 05/27 06:04:43 Image size of job updated: 306
	306  -  MemoryUsage of job (MB)
	313988  -  ResidentSetSize of job (KB)
...
006 (61127943.099.000) 05/27 06:05:43 Image size of job updated: 306
	306  -  MemoryUsage of job (MB)
	314084  -  ResidentSetSize of job (KB)
...
006 (61127943.099.000) 05/27 06:06:43 Image size of job updated: 306
	306  -  MemoryUsage of job (MB)
	314184  -  ResidentSetSize of job (KB)
...
006 (61127943.099.000) 05/27 06:07:44 Image size of job updated: 306
	306  -  MemoryUsage of job (MB)
	314264  -  ResidentSetSize of job (KB)
...
006 (61127943.099.000) 05/27 06:08:45 Image size of job updated: 307
	307  -  MemoryUsage of job (MB)
	314392  -  ResidentSetSize of job (KB)
...
006 (61127943.099.000) 05/27 06:09:46 Image size of job updated: 307
	307  -  MemoryUsage of job (MB)
	314560  -  ResidentSetSize of job (KB)
...
006 (61127943.099.000) 05/27 06:10:47 Image size of job updated: 307
	307  -  MemoryUsage of job (MB)
	314616  -  ResidentSetSize of job (KB)
...
006 (61127943.099.000) 05/27 06:11:48 Image size of job updated: 307
	307  -  MemoryUsage of job (MB)
	314720  -  ResidentSetSize of job (KB)
...
006 (61127943.099.000) 05/27 06:12:49 Image size of job updated: 307
	307  -  MemoryUsage of job (MB)
	314812  -  ResidentSetSize of job (KB)
...
006 (61127943.099.000) 05/27 06:13:50 Image size of job updated: 307
	307  -  MemoryUsage of job (MB)
	314872  -  ResidentSetSize of job (KB)
...
006 (61127943.099.000) 05/27 06:14:51 Image size of job updated: 307
	307  -  MemoryUsage of job (MB)
	315000  -  ResidentSetSize of job (KB)
...
006 (61127943.099.000) 05/27 06:15:53 Image size of job updated: 307
	307  -  MemoryUsage of job (MB)
	315084  -  ResidentSetSize of job (KB)
...
006 (61127943.099.000) 05/27 06:16:54 Image size of job updated: 307
	307  -  MemoryUsage of job (MB)
	315188  -  ResidentSetSize of job (KB)
...
006 (61127943.099.000) 05/27 06:17:55 Image size of job updated: 307
	307  -  MemoryUsage of job (MB)
	315340  -  ResidentSetSize of job (KB)
...
006 (61127943.099.000) 05/27 06:18:56 Image size of job updated: 308
	308  -  MemoryUsage of job (MB)
	315408  -  ResidentSetSize of job (KB)
...
006 (61127943.099.000) 05/27 06:19:58 Image size of job updated: 308
	308  -  MemoryUsage of job (MB)
	315540  -  ResidentSetSize of job (KB)
...
006 (61127943.099.000) 05/27 06:20:58 Image size of job updated: 308
	308  -  MemoryUsage of job (MB)
	315588  -  ResidentSetSize of job (KB)
...
006 (61127943.099.000) 05/27 06:22:00 Image size of job updated: 308
	308  -  MemoryUsage of job (MB)
	315712  -  ResidentSetSize of job (KB)
...
006 (61127943.099.000) 05/27 06:23:00 Image size of job updated: 308
	308  -  MemoryUsage of job (MB)
	315836  -  ResidentSetSize of job (KB)
...
006 (61127943.099.000) 05/27 06:24:00 Image size of job updated: 308
	308  -  MemoryUsage of job (MB)
	315968  -  ResidentSetSize of job (KB)
...
005 (61127943.099.000) 05/27 06:24:11 Job terminated.
	(1) Normal termination (return value 0)
		Usr 0 00:24:12, Sys 0 00:05:39  -  Run Remote Usage
		Usr 0 00:00:00, Sys 0 00:00:00  -  Run Local Usage
		Usr 0 00:24:12, Sys 0 00:05:39  -  Total Remote Usage
		Usr 0 00:00:00, Sys 0 00:00:00  -  Total Local Usage
	39654  -  Run Bytes Sent By Job
	14471  -  Run Bytes Received By Job
	39654  -  Total Bytes Sent By Job
	14471  -  Total Bytes Received By Job
	Partitionable Resources :    Usage  Request Allocated 
	   Cpus                 :        0        1         1 
	   Disk (KB)            :       72        7    314986 
	   Memory (MB)          :      308     2048      2048 
...
