000 (61127943.089.000) 05/27 05:40:40 Job submitted from host: <131.225.188.235:9618?addrs=131.225.188.235-9618&noUDP&sock=15005_c2aa_3>
...
001 (61127943.089.000) 05/27 05:41:21 Job executing on host: <131.225.191.134:9618?addrs=131.225.191.134-9618&noUDP&sock=4550_8001_3>
...
006 (61127943.089.000) 05/27 05:41:30 Image size of job updated: 4
	4  -  MemoryUsage of job (MB)
	4680  -  ResidentSetSize of job (KB)
...
006 (61127943.089.000) 05/27 05:42:30 Image size of job updated: 235
	235  -  MemoryUsage of job (MB)
	241012  -  ResidentSetSize of job (KB)
...
006 (61127943.089.000) 05/27 05:43:30 Image size of job updated: 235
	235  -  MemoryUsage of job (MB)
	241584  -  ResidentSetSize of job (KB)
...
006 (61127943.089.000) 05/27 05:44:30 Image size of job updated: 235
	235  -  MemoryUsage of job (MB)
	241648  -  ResidentSetSize of job (KB)
...
006 (61127943.089.000) 05/27 05:47:30 Image size of job updated: 235
	235  -  MemoryUsage of job (MB)
	241652  -  ResidentSetSize of job (KB)
...
006 (61127943.089.000) 05/27 05:48:30 Image size of job updated: 235
	235  -  MemoryUsage of job (MB)
	241656  -  ResidentSetSize of job (KB)
...
006 (61127943.089.000) 05/27 05:49:30 Image size of job updated: 235
	235  -  MemoryUsage of job (MB)
	241660  -  ResidentSetSize of job (KB)
...
006 (61127943.089.000) 05/27 05:50:30 Image size of job updated: 236
	236  -  MemoryUsage of job (MB)
	241664  -  ResidentSetSize of job (KB)
...
006 (61127943.089.000) 05/27 05:51:30 Image size of job updated: 236
	236  -  MemoryUsage of job (MB)
	241672  -  ResidentSetSize of job (KB)
...
006 (61127943.089.000) 05/27 05:52:30 Image size of job updated: 280
	280  -  MemoryUsage of job (MB)
	287464  -  ResidentSetSize of job (KB)
...
006 (61127943.089.000) 05/27 05:53:30 Image size of job updated: 283
	283  -  MemoryUsage of job (MB)
	290268  -  ResidentSetSize of job (KB)
...
006 (61127943.089.000) 05/27 05:54:30 Image size of job updated: 285
	285  -  MemoryUsage of job (MB)
	292648  -  ResidentSetSize of job (KB)
...
006 (61127943.089.000) 05/27 05:55:30 Image size of job updated: 287
	287  -  MemoryUsage of job (MB)
	294808  -  ResidentSetSize of job (KB)
...
006 (61127943.089.000) 05/27 05:56:30 Image size of job updated: 290
	290  -  MemoryUsage of job (MB)
	297036  -  ResidentSetSize of job (KB)
...
006 (61127943.089.000) 05/27 05:57:31 Image size of job updated: 291
	291  -  MemoryUsage of job (MB)
	298600  -  ResidentSetSize of job (KB)
...
006 (61127943.089.000) 05/27 05:58:32 Image size of job updated: 293
	293  -  MemoryUsage of job (MB)
	300812  -  ResidentSetSize of job (KB)
...
006 (61127943.089.000) 05/27 05:59:33 Image size of job updated: 295
	295  -  MemoryUsage of job (MB)
	303024  -  ResidentSetSize of job (KB)
...
006 (61127943.089.000) 05/27 06:00:34 Image size of job updated: 298
	298  -  MemoryUsage of job (MB)
	305260  -  ResidentSetSize of job (KB)
...
006 (61127943.089.000) 05/27 06:01:36 Image size of job updated: 299
	299  -  MemoryUsage of job (MB)
	307180  -  ResidentSetSize of job (KB)
...
006 (61127943.089.000) 05/27 06:03:38 Image size of job updated: 309
	309  -  MemoryUsage of job (MB)
	316832  -  ResidentSetSize of job (KB)
...
006 (61127943.089.000) 05/27 06:04:39 Image size of job updated: 309
	309  -  MemoryUsage of job (MB)
	316848  -  ResidentSetSize of job (KB)
...
006 (61127943.089.000) 05/27 06:05:40 Image size of job updated: 309
	309  -  MemoryUsage of job (MB)
	316856  -  ResidentSetSize of job (KB)
...
006 (61127943.089.000) 05/27 06:13:50 Image size of job updated: 310
	310  -  MemoryUsage of job (MB)
	317616  -  ResidentSetSize of job (KB)
...
006 (61127943.089.000) 05/27 06:21:52 Image size of job updated: 310
	310  -  MemoryUsage of job (MB)
	317620  -  ResidentSetSize of job (KB)
...
006 (61127943.089.000) 05/27 06:22:52 Image size of job updated: 486
	486  -  MemoryUsage of job (MB)
	498252  -  ResidentSetSize of job (KB)
...
006 (61127943.089.000) 05/27 06:23:52 Image size of job updated: 486
	486  -  MemoryUsage of job (MB)
	498344  -  ResidentSetSize of job (KB)
...
006 (61127943.089.000) 05/27 06:35:58 Image size of job updated: 486
	486  -  MemoryUsage of job (MB)
	498428  -  ResidentSetSize of job (KB)
...
006 (61127943.089.000) 05/27 06:57:13 Image size of job updated: 486
	486  -  MemoryUsage of job (MB)
	498440  -  ResidentSetSize of job (KB)
...
006 (61127943.089.000) 05/27 07:07:19 Image size of job updated: 486
	486  -  MemoryUsage of job (MB)
	498444  -  ResidentSetSize of job (KB)
...
006 (61127943.089.000) 05/27 07:09:19 Image size of job updated: 486
	486  -  MemoryUsage of job (MB)
	498448  -  ResidentSetSize of job (KB)
...
006 (61127943.089.000) 05/27 07:18:25 Image size of job updated: 486
	486  -  MemoryUsage of job (MB)
	498452  -  ResidentSetSize of job (KB)
...
006 (61127943.089.000) 05/27 07:27:27 Image size of job updated: 486
	486  -  MemoryUsage of job (MB)
	498456  -  ResidentSetSize of job (KB)
...
006 (61127943.089.000) 05/27 07:38:33 Image size of job updated: 486
	486  -  MemoryUsage of job (MB)
	498460  -  ResidentSetSize of job (KB)
...
005 (61127943.089.000) 05/27 07:47:10 Job terminated.
	(1) Normal termination (return value 0)
		Usr 0 01:25:52, Sys 0 00:07:55  -  Run Remote Usage
		Usr 0 00:00:00, Sys 0 00:00:00  -  Run Local Usage
		Usr 0 01:25:52, Sys 0 00:07:55  -  Total Remote Usage
		Usr 0 00:00:00, Sys 0 00:00:00  -  Total Local Usage
	95695  -  Run Bytes Sent By Job
	14471  -  Run Bytes Received By Job
	95695  -  Total Bytes Sent By Job
	14471  -  Total Bytes Received By Job
	Partitionable Resources :    Usage  Request Allocated 
	   Cpus                 :        0        1         1 
	   Disk (KB)            :      127        7    315048 
	   Memory (MB)          :      486     2048      2048 
...
