000 (61127943.088.000) 05/27 05:40:40 Job submitted from host: <131.225.188.235:9618?addrs=131.225.188.235-9618&noUDP&sock=15005_c2aa_3>
...
001 (61127943.088.000) 05/27 05:41:21 Job executing on host: <131.225.206.177:9618?addrs=131.225.206.177-9618&noUDP&sock=4539_f476_3>
...
006 (61127943.088.000) 05/27 05:41:30 Image size of job updated: 3
	3  -  MemoryUsage of job (MB)
	3540  -  ResidentSetSize of job (KB)
...
006 (61127943.088.000) 05/27 05:42:30 Image size of job updated: 235
	235  -  MemoryUsage of job (MB)
	241012  -  ResidentSetSize of job (KB)
...
006 (61127943.088.000) 05/27 05:43:30 Image size of job updated: 235
	235  -  MemoryUsage of job (MB)
	241024  -  ResidentSetSize of job (KB)
...
006 (61127943.088.000) 05/27 05:44:30 Image size of job updated: 235
	235  -  MemoryUsage of job (MB)
	241052  -  ResidentSetSize of job (KB)
...
006 (61127943.088.000) 05/27 05:45:30 Image size of job updated: 235
	235  -  MemoryUsage of job (MB)
	241072  -  ResidentSetSize of job (KB)
...
006 (61127943.088.000) 05/27 05:46:30 Image size of job updated: 235
	235  -  MemoryUsage of job (MB)
	241128  -  ResidentSetSize of job (KB)
...
006 (61127943.088.000) 05/27 05:47:31 Image size of job updated: 235
	235  -  MemoryUsage of job (MB)
	241132  -  ResidentSetSize of job (KB)
...
006 (61127943.088.000) 05/27 05:48:32 Image size of job updated: 235
	235  -  MemoryUsage of job (MB)
	241152  -  ResidentSetSize of job (KB)
...
006 (61127943.088.000) 05/27 05:51:35 Image size of job updated: 235
	235  -  MemoryUsage of job (MB)
	241168  -  ResidentSetSize of job (KB)
...
006 (61127943.088.000) 05/27 05:52:36 Image size of job updated: 235
	235  -  MemoryUsage of job (MB)
	241172  -  ResidentSetSize of job (KB)
...
006 (61127943.088.000) 05/27 05:53:37 Image size of job updated: 281
	281  -  MemoryUsage of job (MB)
	288372  -  ResidentSetSize of job (KB)
...
006 (61127943.088.000) 05/27 05:54:38 Image size of job updated: 283
	283  -  MemoryUsage of job (MB)
	290780  -  ResidentSetSize of job (KB)
...
006 (61127943.088.000) 05/27 05:55:39 Image size of job updated: 285
	285  -  MemoryUsage of job (MB)
	292232  -  ResidentSetSize of job (KB)
...
006 (61127943.088.000) 05/27 05:56:40 Image size of job updated: 287
	287  -  MemoryUsage of job (MB)
	294624  -  ResidentSetSize of job (KB)
...
006 (61127943.088.000) 05/27 05:57:41 Image size of job updated: 289
	289  -  MemoryUsage of job (MB)
	296828  -  ResidentSetSize of job (KB)
...
006 (61127943.088.000) 05/27 05:58:42 Image size of job updated: 292
	292  -  MemoryUsage of job (MB)
	299096  -  ResidentSetSize of job (KB)
...
006 (61127943.088.000) 05/27 05:59:43 Image size of job updated: 293
	293  -  MemoryUsage of job (MB)
	300736  -  ResidentSetSize of job (KB)
...
006 (61127943.088.000) 05/27 06:00:44 Image size of job updated: 296
	296  -  MemoryUsage of job (MB)
	303132  -  ResidentSetSize of job (KB)
...
006 (61127943.088.000) 05/27 06:01:45 Image size of job updated: 298
	298  -  MemoryUsage of job (MB)
	305336  -  ResidentSetSize of job (KB)
...
006 (61127943.088.000) 05/27 06:02:46 Image size of job updated: 298
	298  -  MemoryUsage of job (MB)
	306072  -  ResidentSetSize of job (KB)
...
006 (61127943.088.000) 05/27 06:03:48 Image size of job updated: 308
	308  -  MemoryUsage of job (MB)
	315504  -  ResidentSetSize of job (KB)
...
006 (61127943.088.000) 05/27 06:04:48 Image size of job updated: 308
	308  -  MemoryUsage of job (MB)
	315508  -  ResidentSetSize of job (KB)
...
006 (61127943.088.000) 05/27 06:05:48 Image size of job updated: 308
	308  -  MemoryUsage of job (MB)
	315532  -  ResidentSetSize of job (KB)
...
006 (61127943.088.000) 05/27 06:08:48 Image size of job updated: 308
	308  -  MemoryUsage of job (MB)
	315544  -  ResidentSetSize of job (KB)
...
006 (61127943.088.000) 05/27 06:13:48 Image size of job updated: 308
	308  -  MemoryUsage of job (MB)
	316000  -  ResidentSetSize of job (KB)
...
006 (61127943.088.000) 05/27 06:23:51 Image size of job updated: 308
	308  -  MemoryUsage of job (MB)
	316140  -  ResidentSetSize of job (KB)
...
006 (61127943.088.000) 05/27 06:24:52 Image size of job updated: 482
	482  -  MemoryUsage of job (MB)
	493956  -  ResidentSetSize of job (KB)
...
006 (61127943.088.000) 05/27 06:26:54 Image size of job updated: 487
	487  -  MemoryUsage of job (MB)
	499416  -  ResidentSetSize of job (KB)
...
006 (61127943.088.000) 05/27 06:29:54 Image size of job updated: 487
	487  -  MemoryUsage of job (MB)
	499420  -  ResidentSetSize of job (KB)
...
006 (61127943.088.000) 05/27 06:31:54 Image size of job updated: 487
	487  -  MemoryUsage of job (MB)
	499584  -  ResidentSetSize of job (KB)
...
006 (61127943.088.000) 05/27 06:33:54 Image size of job updated: 487
	487  -  MemoryUsage of job (MB)
	499596  -  ResidentSetSize of job (KB)
...
006 (61127943.088.000) 05/27 06:51:02 Image size of job updated: 487
	487  -  MemoryUsage of job (MB)
	499600  -  ResidentSetSize of job (KB)
...
006 (61127943.088.000) 05/27 07:13:16 Image size of job updated: 487
	487  -  MemoryUsage of job (MB)
	499624  -  ResidentSetSize of job (KB)
...
006 (61127943.088.000) 05/27 07:23:25 Image size of job updated: 487
	487  -  MemoryUsage of job (MB)
	499632  -  ResidentSetSize of job (KB)
...
006 (61127943.088.000) 05/27 07:34:27 Image size of job updated: 487
	487  -  MemoryUsage of job (MB)
	499636  -  ResidentSetSize of job (KB)
...
005 (61127943.088.000) 05/27 07:44:02 Job terminated.
	(1) Normal termination (return value 0)
		Usr 0 01:23:55, Sys 0 00:08:01  -  Run Remote Usage
		Usr 0 00:00:00, Sys 0 00:00:00  -  Run Local Usage
		Usr 0 01:23:55, Sys 0 00:08:01  -  Total Remote Usage
		Usr 0 00:00:00, Sys 0 00:00:00  -  Total Local Usage
	89610  -  Run Bytes Sent By Job
	14471  -  Run Bytes Received By Job
	89610  -  Total Bytes Sent By Job
	14471  -  Total Bytes Received By Job
	Partitionable Resources :    Usage  Request Allocated 
	   Cpus                 :        0        1         1 
	   Disk (KB)            :      121        7    314378 
	   Memory (MB)          :      487     2048      2048 
...
