000 (61127943.096.000) 05/27 05:40:40 Job submitted from host: <131.225.188.235:9618?addrs=131.225.188.235-9618&noUDP&sock=15005_c2aa_3>
...
001 (61127943.096.000) 05/27 05:41:23 Job executing on host: <131.225.204.105:9618?addrs=131.225.204.105-9618&noUDP&sock=4525_5a23_3>
...
006 (61127943.096.000) 05/27 05:41:32 Image size of job updated: 2
	2  -  MemoryUsage of job (MB)
	2820  -  ResidentSetSize of job (KB)
...
006 (61127943.096.000) 05/27 05:42:34 Image size of job updated: 267
	267  -  MemoryUsage of job (MB)
	273980  -  ResidentSetSize of job (KB)
...
006 (61127943.096.000) 05/27 05:43:35 Image size of job updated: 267
	267  -  MemoryUsage of job (MB)
	274012  -  ResidentSetSize of job (KB)
...
006 (61127943.096.000) 05/27 05:44:36 Image size of job updated: 267
	267  -  MemoryUsage of job (MB)
	274228  -  ResidentSetSize of job (KB)
...
006 (61127943.096.000) 05/27 05:45:37 Image size of job updated: 282
	282  -  MemoryUsage of job (MB)
	288936  -  ResidentSetSize of job (KB)
...
006 (61127943.096.000) 05/27 05:46:38 Image size of job updated: 289
	289  -  MemoryUsage of job (MB)
	296268  -  ResidentSetSize of job (KB)
...
006 (61127943.096.000) 05/27 05:47:39 Image size of job updated: 294
	294  -  MemoryUsage of job (MB)
	301080  -  ResidentSetSize of job (KB)
...
006 (61127943.096.000) 05/27 05:48:40 Image size of job updated: 298
	298  -  MemoryUsage of job (MB)
	305684  -  ResidentSetSize of job (KB)
...
006 (61127943.096.000) 05/27 05:49:41 Image size of job updated: 298
	298  -  MemoryUsage of job (MB)
	305708  -  ResidentSetSize of job (KB)
...
006 (61127943.096.000) 05/27 05:50:42 Image size of job updated: 298
	298  -  MemoryUsage of job (MB)
	305736  -  ResidentSetSize of job (KB)
...
006 (61127943.096.000) 05/27 05:53:46 Image size of job updated: 298
	298  -  MemoryUsage of job (MB)
	305776  -  ResidentSetSize of job (KB)
...
006 (61127943.096.000) 05/27 05:54:47 Image size of job updated: 298
	298  -  MemoryUsage of job (MB)
	305780  -  ResidentSetSize of job (KB)
...
006 (61127943.096.000) 05/27 05:55:48 Image size of job updated: 474
	474  -  MemoryUsage of job (MB)
	486388  -  ResidentSetSize of job (KB)
...
006 (61127943.096.000) 05/27 05:56:50 Image size of job updated: 480
	480  -  MemoryUsage of job (MB)
	491856  -  ResidentSetSize of job (KB)
...
006 (61127943.096.000) 05/27 05:57:51 Image size of job updated: 486
	486  -  MemoryUsage of job (MB)
	498404  -  ResidentSetSize of job (KB)
...
006 (61127943.096.000) 05/27 05:58:51 Image size of job updated: 486
	486  -  MemoryUsage of job (MB)
	498428  -  ResidentSetSize of job (KB)
...
006 (61127943.096.000) 05/27 06:00:52 Image size of job updated: 486
	486  -  MemoryUsage of job (MB)
	498488  -  ResidentSetSize of job (KB)
...
006 (61127943.096.000) 05/27 06:13:56 Image size of job updated: 488
	488  -  MemoryUsage of job (MB)
	500028  -  ResidentSetSize of job (KB)
...
006 (61127943.096.000) 05/27 06:14:57 Image size of job updated: 488
	488  -  MemoryUsage of job (MB)
	500032  -  ResidentSetSize of job (KB)
...
006 (61127943.096.000) 05/27 06:15:58 Image size of job updated: 488
	488  -  MemoryUsage of job (MB)
	500036  -  ResidentSetSize of job (KB)
...
006 (61127943.096.000) 05/27 06:24:03 Image size of job updated: 488
	488  -  MemoryUsage of job (MB)
	500076  -  ResidentSetSize of job (KB)
...
005 (61127943.096.000) 05/27 06:25:56 Job terminated.
	(1) Normal termination (return value 0)
		Usr 0 00:27:40, Sys 0 00:04:27  -  Run Remote Usage
		Usr 0 00:00:00, Sys 0 00:00:00  -  Run Local Usage
		Usr 0 00:27:40, Sys 0 00:04:27  -  Total Remote Usage
		Usr 0 00:00:00, Sys 0 00:00:00  -  Total Local Usage
	33919  -  Run Bytes Sent By Job
	14471  -  Run Bytes Received By Job
	33919  -  Total Bytes Sent By Job
	14471  -  Total Bytes Received By Job
	Partitionable Resources :    Usage  Request Allocated 
	   Cpus                 :        0        1         1 
	   Disk (KB)            :       67        7    315481 
	   Memory (MB)          :      488     2048      2048 
...
