000 (61127943.092.000) 05/27 05:40:40 Job submitted from host: <131.225.188.235:9618?addrs=131.225.188.235-9618&noUDP&sock=15005_c2aa_3>
...
001 (61127943.092.000) 05/27 05:41:22 Job executing on host: <131.225.206.161:9618?addrs=131.225.206.161-9618&noUDP&sock=4536_e5ae_3>
...
006 (61127943.092.000) 05/27 05:41:31 Image size of job updated: 2
	0  -  MemoryUsage of job (MB)
	296  -  ResidentSetSize of job (KB)
...
006 (61127943.092.000) 05/27 05:42:32 Image size of job updated: 251
	251  -  MemoryUsage of job (MB)
	258016  -  ResidentSetSize of job (KB)
...
006 (61127943.092.000) 05/27 05:43:33 Image size of job updated: 271
	271  -  MemoryUsage of job (MB)
	277876  -  ResidentSetSize of job (KB)
...
006 (61127943.092.000) 05/27 05:44:34 Image size of job updated: 276
	276  -  MemoryUsage of job (MB)
	283364  -  ResidentSetSize of job (KB)
...
006 (61127943.092.000) 05/27 05:45:35 Image size of job updated: 282
	282  -  MemoryUsage of job (MB)
	288976  -  ResidentSetSize of job (KB)
...
006 (61127943.092.000) 05/27 05:46:37 Image size of job updated: 286
	286  -  MemoryUsage of job (MB)
	293868  -  ResidentSetSize of job (KB)
...
006 (61127943.092.000) 05/27 05:47:38 Image size of job updated: 287
	287  -  MemoryUsage of job (MB)
	293892  -  ResidentSetSize of job (KB)
...
006 (61127943.092.000) 05/27 05:49:38 Image size of job updated: 287
	287  -  MemoryUsage of job (MB)
	293904  -  ResidentSetSize of job (KB)
...
006 (61127943.092.000) 05/27 05:50:30 Image size of job updated: 287
	287  -  MemoryUsage of job (MB)
	293912  -  ResidentSetSize of job (KB)
...
005 (61127943.092.000) 05/27 05:50:31 Job terminated.
	(1) Normal termination (return value 0)
		Usr 0 00:05:32, Sys 0 00:01:06  -  Run Remote Usage
		Usr 0 00:00:00, Sys 0 00:00:00  -  Run Local Usage
		Usr 0 00:05:32, Sys 0 00:01:06  -  Total Remote Usage
		Usr 0 00:00:00, Sys 0 00:00:00  -  Total Local Usage
	17791  -  Run Bytes Sent By Job
	14471  -  Run Bytes Received By Job
	17791  -  Total Bytes Sent By Job
	14471  -  Total Bytes Received By Job
	Partitionable Resources :    Usage  Request Allocated 
	   Cpus                 :        0        1         1 
	   Disk (KB)            :       50        7    322503 
	   Memory (MB)          :      287     2048      2048 
...
