000 (61127943.093.000) 05/27 05:40:40 Job submitted from host: <131.225.188.235:9618?addrs=131.225.188.235-9618&noUDP&sock=15005_c2aa_3>
...
001 (61127943.093.000) 05/27 05:41:22 Job executing on host: <131.225.191.159:9618?addrs=131.225.191.159-9618&noUDP&sock=4539_f476_3>
...
006 (61127943.093.000) 05/27 05:41:31 Image size of job updated: 7
	7  -  MemoryUsage of job (MB)
	7520  -  ResidentSetSize of job (KB)
...
006 (61127943.093.000) 05/27 05:42:33 Image size of job updated: 274
	274  -  MemoryUsage of job (MB)
	280772  -  ResidentSetSize of job (KB)
...
006 (61127943.093.000) 05/27 05:44:36 Image size of job updated: 274
	274  -  MemoryUsage of job (MB)
	280784  -  ResidentSetSize of job (KB)
...
006 (61127943.093.000) 05/27 05:45:37 Image size of job updated: 274
	274  -  MemoryUsage of job (MB)
	280812  -  ResidentSetSize of job (KB)
...
006 (61127943.093.000) 05/27 05:46:37 Image size of job updated: 274
	274  -  MemoryUsage of job (MB)
	280816  -  ResidentSetSize of job (KB)
...
006 (61127943.093.000) 05/27 05:48:37 Image size of job updated: 274
	274  -  MemoryUsage of job (MB)
	280820  -  ResidentSetSize of job (KB)
...
006 (61127943.093.000) 05/27 05:49:37 Image size of job updated: 276
	276  -  MemoryUsage of job (MB)
	283296  -  ResidentSetSize of job (KB)
...
006 (61127943.093.000) 05/27 05:50:37 Image size of job updated: 277
	277  -  MemoryUsage of job (MB)
	283984  -  ResidentSetSize of job (KB)
...
006 (61127943.093.000) 05/27 05:51:37 Image size of job updated: 277
	277  -  MemoryUsage of job (MB)
	284336  -  ResidentSetSize of job (KB)
...
006 (61127943.093.000) 05/27 05:52:37 Image size of job updated: 278
	278  -  MemoryUsage of job (MB)
	285132  -  ResidentSetSize of job (KB)
...
006 (61127943.093.000) 05/27 05:53:37 Image size of job updated: 278
	278  -  MemoryUsage of job (MB)
	285360  -  ResidentSetSize of job (KB)
...
006 (61127943.093.000) 05/27 05:54:37 Image size of job updated: 279
	279  -  MemoryUsage of job (MB)
	285932  -  ResidentSetSize of job (KB)
...
006 (61127943.093.000) 05/27 05:55:37 Image size of job updated: 279
	279  -  MemoryUsage of job (MB)
	285936  -  ResidentSetSize of job (KB)
...
006 (61127943.093.000) 05/27 05:56:37 Image size of job updated: 279
	279  -  MemoryUsage of job (MB)
	285972  -  ResidentSetSize of job (KB)
...
006 (61127943.093.000) 05/27 05:58:37 Image size of job updated: 279
	279  -  MemoryUsage of job (MB)
	286036  -  ResidentSetSize of job (KB)
...
006 (61127943.093.000) 05/27 05:59:37 Image size of job updated: 279
	279  -  MemoryUsage of job (MB)
	286280  -  ResidentSetSize of job (KB)
...
006 (61127943.093.000) 05/27 06:04:38 Image size of job updated: 463
	463  -  MemoryUsage of job (MB)
	474676  -  ResidentSetSize of job (KB)
...
006 (61127943.093.000) 05/27 06:05:39 Image size of job updated: 463
	463  -  MemoryUsage of job (MB)
	474972  -  ResidentSetSize of job (KB)
...
006 (61127943.093.000) 05/27 06:06:40 Image size of job updated: 463
	463  -  MemoryUsage of job (MB)
	475084  -  ResidentSetSize of job (KB)
...
006 (61127943.093.000) 05/27 06:08:42 Image size of job updated: 464
	464  -  MemoryUsage of job (MB)
	475260  -  ResidentSetSize of job (KB)
...
006 (61127943.093.000) 05/27 06:10:44 Image size of job updated: 464
	464  -  MemoryUsage of job (MB)
	475356  -  ResidentSetSize of job (KB)
...
006 (61127943.093.000) 05/27 06:13:44 Image size of job updated: 464
	464  -  MemoryUsage of job (MB)
	475360  -  ResidentSetSize of job (KB)
...
006 (61127943.093.000) 05/27 06:20:45 Image size of job updated: 470
	470  -  MemoryUsage of job (MB)
	482236  -  ResidentSetSize of job (KB)
...
006 (61127943.093.000) 05/27 06:36:58 Image size of job updated: 472
	472  -  MemoryUsage of job (MB)
	483624  -  ResidentSetSize of job (KB)
...
006 (61127943.093.000) 05/27 06:37:58 Image size of job updated: 472
	472  -  MemoryUsage of job (MB)
	483928  -  ResidentSetSize of job (KB)
...
006 (61127943.093.000) 05/27 06:38:58 Image size of job updated: 472
	472  -  MemoryUsage of job (MB)
	484076  -  ResidentSetSize of job (KB)
...
006 (61127943.093.000) 05/27 06:43:58 Image size of job updated: 472
	472  -  MemoryUsage of job (MB)
	484084  -  ResidentSetSize of job (KB)
...
006 (61127943.093.000) 05/27 06:44:58 Image size of job updated: 472
	472  -  MemoryUsage of job (MB)
	484088  -  ResidentSetSize of job (KB)
...
006 (61127943.093.000) 05/27 06:50:59 Image size of job updated: 472
	472  -  MemoryUsage of job (MB)
	484092  -  ResidentSetSize of job (KB)
...
005 (61127943.093.000) 05/27 07:03:15 Job terminated.
	(1) Normal termination (return value 0)
		Usr 0 00:48:05, Sys 0 00:08:19  -  Run Remote Usage
		Usr 0 00:00:00, Sys 0 00:00:00  -  Run Local Usage
		Usr 0 00:48:05, Sys 0 00:08:19  -  Total Remote Usage
		Usr 0 00:00:00, Sys 0 00:00:00  -  Total Local Usage
	43515  -  Run Bytes Sent By Job
	14471  -  Run Bytes Received By Job
	43515  -  Total Bytes Sent By Job
	14471  -  Total Bytes Received By Job
	Partitionable Resources :    Usage  Request Allocated 
	   Cpus                 :        0        1         1 
	   Disk (KB)            :       76        7    314710 
	   Memory (MB)          :      472     2048      2048 
...
