000 (61127943.065.000) 05/27 05:40:40 Job submitted from host: <131.225.188.235:9618?addrs=131.225.188.235-9618&noUDP&sock=15005_c2aa_3>
...
001 (61127943.065.000) 05/27 05:41:17 Job executing on host: <131.225.204.84:9618?addrs=131.225.204.84-9618&noUDP&sock=4536_e5ae_3>
...
006 (61127943.065.000) 05/27 05:41:26 Image size of job updated: 13
	13  -  MemoryUsage of job (MB)
	14260  -  ResidentSetSize of job (KB)
...
006 (61127943.065.000) 05/27 05:42:26 Image size of job updated: 225
	225  -  MemoryUsage of job (MB)
	230464  -  ResidentSetSize of job (KB)
...
006 (61127943.065.000) 05/27 05:43:26 Image size of job updated: 225
	225  -  MemoryUsage of job (MB)
	230504  -  ResidentSetSize of job (KB)
...
006 (61127943.065.000) 05/27 05:44:26 Image size of job updated: 266
	266  -  MemoryUsage of job (MB)
	273024  -  ResidentSetSize of job (KB)
...
006 (61127943.065.000) 05/27 05:45:26 Image size of job updated: 270
	270  -  MemoryUsage of job (MB)
	276480  -  ResidentSetSize of job (KB)
...
006 (61127943.065.000) 05/27 05:46:26 Image size of job updated: 271
	271  -  MemoryUsage of job (MB)
	278364  -  ResidentSetSize of job (KB)
...
006 (61127943.065.000) 05/27 05:47:26 Image size of job updated: 277
	277  -  MemoryUsage of job (MB)
	284248  -  ResidentSetSize of job (KB)
...
006 (61127943.065.000) 05/27 05:48:26 Image size of job updated: 284
	284  -  MemoryUsage of job (MB)
	291200  -  ResidentSetSize of job (KB)
...
006 (61127943.065.000) 05/27 05:49:26 Image size of job updated: 287
	287  -  MemoryUsage of job (MB)
	294180  -  ResidentSetSize of job (KB)
...
006 (61127943.065.000) 05/27 05:50:27 Image size of job updated: 289
	289  -  MemoryUsage of job (MB)
	296120  -  ResidentSetSize of job (KB)
...
006 (61127943.065.000) 05/27 05:51:28 Image size of job updated: 292
	292  -  MemoryUsage of job (MB)
	299776  -  ResidentSetSize of job (KB)
...
006 (61127943.065.000) 05/27 05:52:29 Image size of job updated: 292
	292  -  MemoryUsage of job (MB)
	299824  -  ResidentSetSize of job (KB)
...
006 (61127943.065.000) 05/27 05:55:32 Image size of job updated: 294
	294  -  MemoryUsage of job (MB)
	301588  -  ResidentSetSize of job (KB)
...
005 (61127943.065.000) 05/27 05:57:42 Job terminated.
	(1) Normal termination (return value 0)
		Usr 0 00:09:39, Sys 0 00:01:47  -  Run Remote Usage
		Usr 0 00:00:00, Sys 0 00:00:00  -  Run Local Usage
		Usr 0 00:09:39, Sys 0 00:01:47  -  Total Remote Usage
		Usr 0 00:00:00, Sys 0 00:00:00  -  Total Local Usage
	24316  -  Run Bytes Sent By Job
	14471  -  Run Bytes Received By Job
	24316  -  Total Bytes Sent By Job
	14471  -  Total Bytes Received By Job
	Partitionable Resources :    Usage  Request Allocated 
	   Cpus                 :     0.00        1         1 
	   Disk (KB)            :    57           7    321773 
	   Memory (MB)          :   294        2048      2048 
...
