000 (61127943.052.000) 05/27 05:40:40 Job submitted from host: <131.225.188.235:9618?addrs=131.225.188.235-9618&noUDP&sock=15005_c2aa_3>
...
001 (61127943.052.000) 05/27 05:41:14 Job executing on host: <131.225.206.222:9618?addrs=131.225.206.222-9618&noUDP&sock=4538_44de_3>
...
006 (61127943.052.000) 05/27 05:41:23 Image size of job updated: 2
	0  -  MemoryUsage of job (MB)
	852  -  ResidentSetSize of job (KB)
...
006 (61127943.052.000) 05/27 05:42:23 Image size of job updated: 284
	284  -  MemoryUsage of job (MB)
	291676  -  ResidentSetSize of job (KB)
...
006 (61127943.052.000) 05/27 05:44:23 Image size of job updated: 284
	284  -  MemoryUsage of job (MB)
	291820  -  ResidentSetSize of job (KB)
...
006 (61127943.052.000) 05/27 05:45:23 Image size of job updated: 285
	285  -  MemoryUsage of job (MB)
	291944  -  ResidentSetSize of job (KB)
...
006 (61127943.052.000) 05/27 06:01:27 Image size of job updated: 285
	283  -  MemoryUsage of job (MB)
	291944  -  ResidentSetSize of job (KB)
...
005 (61127943.052.000) 05/27 06:23:59 Job terminated.
	(1) Normal termination (return value 0)
		Usr 0 00:27:30, Sys 0 00:04:05  -  Run Remote Usage
		Usr 0 00:00:00, Sys 0 00:00:00  -  Run Local Usage
		Usr 0 00:27:30, Sys 0 00:04:05  -  Total Remote Usage
		Usr 0 00:00:00, Sys 0 00:00:00  -  Total Local Usage
	34973  -  Run Bytes Sent By Job
	14471  -  Run Bytes Received By Job
	34973  -  Total Bytes Sent By Job
	14471  -  Total Bytes Received By Job
	Partitionable Resources :    Usage  Request Allocated 
	   Cpus                 :        0        1         1 
	   Disk (KB)            :       68        7    321924 
	   Memory (MB)          :      283     2048      2048 
...
