000 (61127943.056.000) 05/27 05:40:40 Job submitted from host: <131.225.188.235:9618?addrs=131.225.188.235-9618&noUDP&sock=15005_c2aa_3>
...
001 (61127943.056.000) 05/27 05:41:15 Job executing on host: <131.225.204.71:9618?addrs=131.225.204.71-9618&noUDP&sock=4709_8f90_3>
...
006 (61127943.056.000) 05/27 05:41:24 Image size of job updated: 15
	15  -  MemoryUsage of job (MB)
	16136  -  ResidentSetSize of job (KB)
...
006 (61127943.056.000) 05/27 05:42:24 Image size of job updated: 284
	284  -  MemoryUsage of job (MB)
	291536  -  ResidentSetSize of job (KB)
...
006 (61127943.056.000) 05/27 05:45:24 Image size of job updated: 284
	284  -  MemoryUsage of job (MB)
	291700  -  ResidentSetSize of job (KB)
...
006 (61127943.056.000) 05/27 05:46:24 Image size of job updated: 284
	284  -  MemoryUsage of job (MB)
	291804  -  ResidentSetSize of job (KB)
...
006 (61127943.056.000) 05/27 06:06:42 Image size of job updated: 284
	283  -  MemoryUsage of job (MB)
	291804  -  ResidentSetSize of job (KB)
...
005 (61127943.056.000) 05/27 06:22:07 Job terminated.
	(1) Normal termination (return value 0)
		Usr 0 00:24:32, Sys 0 00:04:13  -  Run Remote Usage
		Usr 0 00:00:00, Sys 0 00:00:00  -  Run Local Usage
		Usr 0 00:24:32, Sys 0 00:04:13  -  Total Remote Usage
		Usr 0 00:00:00, Sys 0 00:00:00  -  Total Local Usage
	34971  -  Run Bytes Sent By Job
	14471  -  Run Bytes Received By Job
	34971  -  Total Bytes Sent By Job
	14471  -  Total Bytes Received By Job
	Partitionable Resources :    Usage  Request Allocated 
	   Cpus                 :        0        1         1 
	   Disk (KB)            :       67        7    323125 
	   Memory (MB)          :      283     2048      2048 
...
