000 (61127943.070.000) 05/27 05:40:40 Job submitted from host: <131.225.188.235:9618?addrs=131.225.188.235-9618&noUDP&sock=15005_c2aa_3>
...
001 (61127943.070.000) 05/27 05:41:18 Job executing on host: <131.225.204.109:9618?addrs=131.225.204.109-9618&noUDP&sock=4536_e5ae_3>
...
006 (61127943.070.000) 05/27 05:41:27 Image size of job updated: 2
	1  -  MemoryUsage of job (MB)
	1588  -  ResidentSetSize of job (KB)
...
006 (61127943.070.000) 05/27 05:42:27 Image size of job updated: 264
	264  -  MemoryUsage of job (MB)
	271200  -  ResidentSetSize of job (KB)
...
006 (61127943.070.000) 05/27 05:43:27 Image size of job updated: 264
	264  -  MemoryUsage of job (MB)
	271208  -  ResidentSetSize of job (KB)
...
006 (61127943.070.000) 05/27 05:44:27 Image size of job updated: 286
	286  -  MemoryUsage of job (MB)
	293436  -  ResidentSetSize of job (KB)
...
006 (61127943.070.000) 05/27 05:45:27 Image size of job updated: 295
	295  -  MemoryUsage of job (MB)
	302208  -  ResidentSetSize of job (KB)
...
006 (61127943.070.000) 05/27 05:48:27 Image size of job updated: 477
	477  -  MemoryUsage of job (MB)
	488476  -  ResidentSetSize of job (KB)
...
006 (61127943.070.000) 05/27 05:52:27 Image size of job updated: 477
	477  -  MemoryUsage of job (MB)
	488500  -  ResidentSetSize of job (KB)
...
006 (61127943.070.000) 05/27 05:55:29 Image size of job updated: 480
	480  -  MemoryUsage of job (MB)
	492048  -  ResidentSetSize of job (KB)
...
006 (61127943.070.000) 05/27 05:56:30 Image size of job updated: 481
	481  -  MemoryUsage of job (MB)
	493104  -  ResidentSetSize of job (KB)
...
006 (61127943.070.000) 05/27 05:57:31 Image size of job updated: 481
	481  -  MemoryUsage of job (MB)
	493112  -  ResidentSetSize of job (KB)
...
005 (61127943.070.000) 05/27 06:00:41 Job terminated.
	(1) Normal termination (return value 0)
		Usr 0 00:11:34, Sys 0 00:02:09  -  Run Remote Usage
		Usr 0 00:00:00, Sys 0 00:00:00  -  Run Local Usage
		Usr 0 00:11:34, Sys 0 00:02:09  -  Total Remote Usage
		Usr 0 00:00:00, Sys 0 00:00:00  -  Total Local Usage
	22060  -  Run Bytes Sent By Job
	14471  -  Run Bytes Received By Job
	22060  -  Total Bytes Sent By Job
	14471  -  Total Bytes Received By Job
	Partitionable Resources :    Usage  Request Allocated 
	   Cpus                 :     0.00        1         1 
	   Disk (KB)            :    55           7    323266 
	   Memory (MB)          :   481        2048      2048 
...
