000 (61127943.057.000) 05/27 05:40:40 Job submitted from host: <131.225.188.235:9618?addrs=131.225.188.235-9618&noUDP&sock=15005_c2aa_3>
...
001 (61127943.057.000) 05/27 05:41:15 Job executing on host: <131.225.206.236:9618?addrs=131.225.206.236-9618&noUDP&sock=4532_274d_3>
...
006 (61127943.057.000) 05/27 05:41:24 Image size of job updated: 15
	15  -  MemoryUsage of job (MB)
	16196  -  ResidentSetSize of job (KB)
...
006 (61127943.057.000) 05/27 05:42:26 Image size of job updated: 284
	284  -  MemoryUsage of job (MB)
	291728  -  ResidentSetSize of job (KB)
...
006 (61127943.057.000) 05/27 05:44:28 Image size of job updated: 284
	284  -  MemoryUsage of job (MB)
	291780  -  ResidentSetSize of job (KB)
...
006 (61127943.057.000) 05/27 05:46:30 Image size of job updated: 285
	285  -  MemoryUsage of job (MB)
	291996  -  ResidentSetSize of job (KB)
...
006 (61127943.057.000) 05/27 06:05:38 Image size of job updated: 285
	283  -  MemoryUsage of job (MB)
	291996  -  ResidentSetSize of job (KB)
...
005 (61127943.057.000) 05/27 06:23:46 Job terminated.
	(1) Normal termination (return value 0)
		Usr 0 00:24:08, Sys 0 00:04:12  -  Run Remote Usage
		Usr 0 00:00:00, Sys 0 00:00:00  -  Run Local Usage
		Usr 0 00:24:08, Sys 0 00:04:12  -  Total Remote Usage
		Usr 0 00:00:00, Sys 0 00:00:00  -  Total Local Usage
	34961  -  Run Bytes Sent By Job
	14471  -  Run Bytes Received By Job
	34961  -  Total Bytes Sent By Job
	14471  -  Total Bytes Received By Job
	Partitionable Resources :    Usage  Request Allocated 
	   Cpus                 :        0        1         1 
	   Disk (KB)            :       68        7    315975 
	   Memory (MB)          :      283     2048      2048 
...
