000 (61127943.072.000) 05/27 05:40:40 Job submitted from host: <131.225.188.235:9618?addrs=131.225.188.235-9618&noUDP&sock=15005_c2aa_3>
...
001 (61127943.072.000) 05/27 05:41:28 Job executing on host: <131.225.205.191:9618?addrs=131.225.205.191-9618&noUDP&sock=47733_723b_3>
...
006 (61127943.072.000) 05/27 05:41:37 Image size of job updated: 2
	1  -  MemoryUsage of job (MB)
	1420  -  ResidentSetSize of job (KB)
...
006 (61127943.072.000) 05/27 05:42:37 Image size of job updated: 262
	262  -  MemoryUsage of job (MB)
	268364  -  ResidentSetSize of job (KB)
...
006 (61127943.072.000) 05/27 05:43:38 Image size of job updated: 277
	277  -  MemoryUsage of job (MB)
	284012  -  ResidentSetSize of job (KB)
...
006 (61127943.072.000) 05/27 05:44:04 Image size of job updated: 277
	0  -  MemoryUsage of job (MB)
	284012  -  ResidentSetSize of job (KB)
...
005 (61127943.072.000) 05/27 05:44:05 Job terminated.
	(1) Normal termination (return value 0)
		Usr 0 00:01:53, Sys 0 00:00:15  -  Run Remote Usage
		Usr 0 00:00:00, Sys 0 00:00:00  -  Run Local Usage
		Usr 0 00:01:53, Sys 0 00:00:15  -  Total Remote Usage
		Usr 0 00:00:00, Sys 0 00:00:00  -  Total Local Usage
	15671  -  Run Bytes Sent By Job
	14471  -  Run Bytes Received By Job
	15671  -  Total Bytes Sent By Job
	14471  -  Total Bytes Received By Job
	Partitionable Resources :    Usage  Request Allocated 
	   Cpus                 :     0.12        1         1 
	   Disk (KB)            :    50           7   1704935 
	   Memory (MB)          :     0        2048      2048 
...
