000 (61127943.061.000) 05/27 05:40:40 Job submitted from host: <131.225.188.235:9618?addrs=131.225.188.235-9618&noUDP&sock=15005_c2aa_3>
...
001 (61127943.061.000) 05/27 05:41:16 Job executing on host: <131.225.206.206:9618?addrs=131.225.206.206-9618&noUDP&sock=4580_13d8_3>
...
006 (61127943.061.000) 05/27 05:41:25 Image size of job updated: 9
	9  -  MemoryUsage of job (MB)
	10128  -  ResidentSetSize of job (KB)
...
006 (61127943.061.000) 05/27 05:42:27 Image size of job updated: 265
	265  -  MemoryUsage of job (MB)
	271412  -  ResidentSetSize of job (KB)
...
006 (61127943.061.000) 05/27 05:43:27 Image size of job updated: 265
	265  -  MemoryUsage of job (MB)
	271476  -  ResidentSetSize of job (KB)
...
006 (61127943.061.000) 05/27 05:44:27 Image size of job updated: 265
	265  -  MemoryUsage of job (MB)
	271560  -  ResidentSetSize of job (KB)
...
006 (61127943.061.000) 05/27 05:46:27 Image size of job updated: 268
	268  -  MemoryUsage of job (MB)
	274584  -  ResidentSetSize of job (KB)
...
006 (61127943.061.000) 05/27 05:47:27 Image size of job updated: 268
	268  -  MemoryUsage of job (MB)
	274616  -  ResidentSetSize of job (KB)
...
006 (61127943.061.000) 05/27 05:48:27 Image size of job updated: 268
	268  -  MemoryUsage of job (MB)
	274640  -  ResidentSetSize of job (KB)
...
006 (61127943.061.000) 05/27 05:49:27 Image size of job updated: 268
	268  -  MemoryUsage of job (MB)
	274676  -  ResidentSetSize of job (KB)
...
006 (61127943.061.000) 05/27 05:50:28 Image size of job updated: 268
	268  -  MemoryUsage of job (MB)
	274708  -  ResidentSetSize of job (KB)
...
006 (61127943.061.000) 05/27 05:51:28 Image size of job updated: 268
	268  -  MemoryUsage of job (MB)
	274768  -  ResidentSetSize of job (KB)
...
006 (61127943.061.000) 05/27 05:52:28 Image size of job updated: 268
	268  -  MemoryUsage of job (MB)
	274796  -  ResidentSetSize of job (KB)
...
006 (61127943.061.000) 05/27 05:53:28 Image size of job updated: 268
	268  -  MemoryUsage of job (MB)
	274820  -  ResidentSetSize of job (KB)
...
006 (61127943.061.000) 05/27 05:54:28 Image size of job updated: 268
	268  -  MemoryUsage of job (MB)
	274836  -  ResidentSetSize of job (KB)
...
006 (61127943.061.000) 05/27 05:55:28 Image size of job updated: 268
	268  -  MemoryUsage of job (MB)
	274860  -  ResidentSetSize of job (KB)
...
006 (61127943.061.000) 05/27 05:56:28 Image size of job updated: 268
	268  -  MemoryUsage of job (MB)
	274892  -  ResidentSetSize of job (KB)
...
006 (61127943.061.000) 05/27 05:57:28 Image size of job updated: 268
	267  -  MemoryUsage of job (MB)
	274892  -  ResidentSetSize of job (KB)
...
006 (61127943.061.000) 05/27 05:58:28 Image size of job updated: 268
	268  -  MemoryUsage of job (MB)
	274892  -  ResidentSetSize of job (KB)
...
006 (61127943.061.000) 05/27 05:59:28 Image size of job updated: 268
	268  -  MemoryUsage of job (MB)
	274900  -  ResidentSetSize of job (KB)
...
006 (61127943.061.000) 05/27 06:00:28 Image size of job updated: 268
	268  -  MemoryUsage of job (MB)
	274924  -  ResidentSetSize of job (KB)
...
006 (61127943.061.000) 05/27 06:01:29 Image size of job updated: 268
	268  -  MemoryUsage of job (MB)
	274992  -  ResidentSetSize of job (KB)
...
006 (61127943.061.000) 05/27 06:02:30 Image size of job updated: 268
	268  -  MemoryUsage of job (MB)
	275188  -  ResidentSetSize of job (KB)
...
006 (61127943.061.000) 05/27 06:03:31 Image size of job updated: 268
	268  -  MemoryUsage of job (MB)
	275204  -  ResidentSetSize of job (KB)
...
006 (61127943.061.000) 05/27 06:04:32 Image size of job updated: 268
	268  -  MemoryUsage of job (MB)
	275228  -  ResidentSetSize of job (KB)
...
006 (61127943.061.000) 05/27 06:05:33 Image size of job updated: 268
	268  -  MemoryUsage of job (MB)
	275256  -  ResidentSetSize of job (KB)
...
006 (61127943.061.000) 05/27 06:06:35 Image size of job updated: 269
	269  -  MemoryUsage of job (MB)
	275456  -  ResidentSetSize of job (KB)
...
006 (61127943.061.000) 05/27 06:07:36 Image size of job updated: 269
	269  -  MemoryUsage of job (MB)
	275468  -  ResidentSetSize of job (KB)
...
006 (61127943.061.000) 05/27 06:08:37 Image size of job updated: 269
	269  -  MemoryUsage of job (MB)
	275500  -  ResidentSetSize of job (KB)
...
006 (61127943.061.000) 05/27 06:09:38 Image size of job updated: 269
	269  -  MemoryUsage of job (MB)
	275532  -  ResidentSetSize of job (KB)
...
006 (61127943.061.000) 05/27 06:10:39 Image size of job updated: 269
	269  -  MemoryUsage of job (MB)
	275552  -  ResidentSetSize of job (KB)
...
006 (61127943.061.000) 05/27 06:11:41 Image size of job updated: 269
	269  -  MemoryUsage of job (MB)
	275568  -  ResidentSetSize of job (KB)
...
006 (61127943.061.000) 05/27 06:14:41 Image size of job updated: 269
	269  -  MemoryUsage of job (MB)
	275636  -  ResidentSetSize of job (KB)
...
006 (61127943.061.000) 05/27 06:15:41 Image size of job updated: 269
	269  -  MemoryUsage of job (MB)
	275652  -  ResidentSetSize of job (KB)
...
006 (61127943.061.000) 05/27 06:16:41 Image size of job updated: 269
	269  -  MemoryUsage of job (MB)
	275684  -  ResidentSetSize of job (KB)
...
006 (61127943.061.000) 05/27 06:17:41 Image size of job updated: 269
	269  -  MemoryUsage of job (MB)
	275708  -  ResidentSetSize of job (KB)
...
006 (61127943.061.000) 05/27 06:18:41 Image size of job updated: 269
	269  -  MemoryUsage of job (MB)
	275732  -  ResidentSetSize of job (KB)
...
006 (61127943.061.000) 05/27 06:19:41 Image size of job updated: 269
	269  -  MemoryUsage of job (MB)
	275752  -  ResidentSetSize of job (KB)
...
006 (61127943.061.000) 05/27 06:20:41 Image size of job updated: 269
	269  -  MemoryUsage of job (MB)
	275772  -  ResidentSetSize of job (KB)
...
006 (61127943.061.000) 05/27 06:21:41 Image size of job updated: 269
	269  -  MemoryUsage of job (MB)
	275800  -  ResidentSetSize of job (KB)
...
006 (61127943.061.000) 05/27 06:22:42 Image size of job updated: 269
	269  -  MemoryUsage of job (MB)
	275836  -  ResidentSetSize of job (KB)
...
006 (61127943.061.000) 05/27 06:23:43 Image size of job updated: 269
	269  -  MemoryUsage of job (MB)
	275860  -  ResidentSetSize of job (KB)
...
006 (61127943.061.000) 05/27 06:24:41 Image size of job updated: 269
	269  -  MemoryUsage of job (MB)
	275880  -  ResidentSetSize of job (KB)
...
005 (61127943.061.000) 05/27 06:24:42 Job terminated.
	(1) Normal termination (return value 0)
		Usr 0 00:27:35, Sys 0 00:04:21  -  Run Remote Usage
		Usr 0 00:00:00, Sys 0 00:00:00  -  Run Local Usage
		Usr 0 00:27:35, Sys 0 00:04:21  -  Total Remote Usage
		Usr 0 00:00:00, Sys 0 00:00:00  -  Total Local Usage
	37044  -  Run Bytes Sent By Job
	14471  -  Run Bytes Received By Job
	37044  -  Total Bytes Sent By Job
	14471  -  Total Bytes Received By Job
	Partitionable Resources :    Usage  Request Allocated 
	   Cpus                 :        0        1         1 
	   Disk (KB)            :       70        7    312064 
	   Memory (MB)          :      269     2048      2048 
...
