000 (61127943.062.000) 05/27 05:40:40 Job submitted from host: <131.225.188.235:9618?addrs=131.225.188.235-9618&noUDP&sock=15005_c2aa_3>
...
001 (61127943.062.000) 05/27 05:41:16 Job executing on host: <131.225.206.165:9618?addrs=131.225.206.165-9618&noUDP&sock=4546_c1a0_3>
...
006 (61127943.062.000) 05/27 05:41:25 Image size of job updated: 9
	9  -  MemoryUsage of job (MB)
	10168  -  ResidentSetSize of job (KB)
...
006 (61127943.062.000) 05/27 05:42:27 Image size of job updated: 265
	265  -  MemoryUsage of job (MB)
	271416  -  ResidentSetSize of job (KB)
...
006 (61127943.062.000) 05/27 05:44:29 Image size of job updated: 265
	265  -  MemoryUsage of job (MB)
	271488  -  ResidentSetSize of job (KB)
...
006 (61127943.062.000) 05/27 05:45:30 Image size of job updated: 265
	265  -  MemoryUsage of job (MB)
	271520  -  ResidentSetSize of job (KB)
...
006 (61127943.062.000) 05/27 05:46:31 Image size of job updated: 268
	268  -  MemoryUsage of job (MB)
	274568  -  ResidentSetSize of job (KB)
...
006 (61127943.062.000) 05/27 05:47:32 Image size of job updated: 268
	268  -  MemoryUsage of job (MB)
	274704  -  ResidentSetSize of job (KB)
...
006 (61127943.062.000) 05/27 05:48:33 Image size of job updated: 268
	268  -  MemoryUsage of job (MB)
	274716  -  ResidentSetSize of job (KB)
...
006 (61127943.062.000) 05/27 05:49:34 Image size of job updated: 268
	268  -  MemoryUsage of job (MB)
	274740  -  ResidentSetSize of job (KB)
...
006 (61127943.062.000) 05/27 05:50:35 Image size of job updated: 268
	268  -  MemoryUsage of job (MB)
	274772  -  ResidentSetSize of job (KB)
...
006 (61127943.062.000) 05/27 05:51:37 Image size of job updated: 268
	268  -  MemoryUsage of job (MB)
	274788  -  ResidentSetSize of job (KB)
...
006 (61127943.062.000) 05/27 05:52:38 Image size of job updated: 268
	268  -  MemoryUsage of job (MB)
	274812  -  ResidentSetSize of job (KB)
...
006 (61127943.062.000) 05/27 05:53:40 Image size of job updated: 268
	268  -  MemoryUsage of job (MB)
	274832  -  ResidentSetSize of job (KB)
...
006 (61127943.062.000) 05/27 05:54:41 Image size of job updated: 268
	268  -  MemoryUsage of job (MB)
	274840  -  ResidentSetSize of job (KB)
...
006 (61127943.062.000) 05/27 05:55:41 Image size of job updated: 268
	268  -  MemoryUsage of job (MB)
	274876  -  ResidentSetSize of job (KB)
...
006 (61127943.062.000) 05/27 05:56:41 Image size of job updated: 268
	268  -  MemoryUsage of job (MB)
	275040  -  ResidentSetSize of job (KB)
...
006 (61127943.062.000) 05/27 05:57:41 Image size of job updated: 268
	268  -  MemoryUsage of job (MB)
	275056  -  ResidentSetSize of job (KB)
...
006 (61127943.062.000) 05/27 05:58:41 Image size of job updated: 268
	268  -  MemoryUsage of job (MB)
	275100  -  ResidentSetSize of job (KB)
...
006 (61127943.062.000) 05/27 05:59:41 Image size of job updated: 268
	268  -  MemoryUsage of job (MB)
	275120  -  ResidentSetSize of job (KB)
...
006 (61127943.062.000) 05/27 06:00:41 Image size of job updated: 268
	268  -  MemoryUsage of job (MB)
	275140  -  ResidentSetSize of job (KB)
...
006 (61127943.062.000) 05/27 06:06:41 Image size of job updated: 268
	268  -  MemoryUsage of job (MB)
	275152  -  ResidentSetSize of job (KB)
...
006 (61127943.062.000) 05/27 06:08:41 Image size of job updated: 268
	268  -  MemoryUsage of job (MB)
	275156  -  ResidentSetSize of job (KB)
...
006 (61127943.062.000) 05/27 06:09:41 Image size of job updated: 268
	268  -  MemoryUsage of job (MB)
	275204  -  ResidentSetSize of job (KB)
...
006 (61127943.062.000) 05/27 06:10:42 Image size of job updated: 268
	268  -  MemoryUsage of job (MB)
	275256  -  ResidentSetSize of job (KB)
...
006 (61127943.062.000) 05/27 06:11:43 Image size of job updated: 268
	268  -  MemoryUsage of job (MB)
	275276  -  ResidentSetSize of job (KB)
...
006 (61127943.062.000) 05/27 06:12:44 Image size of job updated: 268
	268  -  MemoryUsage of job (MB)
	275304  -  ResidentSetSize of job (KB)
...
006 (61127943.062.000) 05/27 06:13:45 Image size of job updated: 268
	268  -  MemoryUsage of job (MB)
	275328  -  ResidentSetSize of job (KB)
...
006 (61127943.062.000) 05/27 06:14:46 Image size of job updated: 268
	268  -  MemoryUsage of job (MB)
	275368  -  ResidentSetSize of job (KB)
...
006 (61127943.062.000) 05/27 06:16:48 Image size of job updated: 269
	269  -  MemoryUsage of job (MB)
	275460  -  ResidentSetSize of job (KB)
...
006 (61127943.062.000) 05/27 06:17:49 Image size of job updated: 269
	269  -  MemoryUsage of job (MB)
	275480  -  ResidentSetSize of job (KB)
...
006 (61127943.062.000) 05/27 06:18:50 Image size of job updated: 269
	269  -  MemoryUsage of job (MB)
	275684  -  ResidentSetSize of job (KB)
...
006 (61127943.062.000) 05/27 06:19:51 Image size of job updated: 269
	269  -  MemoryUsage of job (MB)
	275764  -  ResidentSetSize of job (KB)
...
006 (61127943.062.000) 05/27 06:20:51 Image size of job updated: 269
	269  -  MemoryUsage of job (MB)
	275780  -  ResidentSetSize of job (KB)
...
006 (61127943.062.000) 05/27 06:21:51 Image size of job updated: 269
	269  -  MemoryUsage of job (MB)
	275816  -  ResidentSetSize of job (KB)
...
006 (61127943.062.000) 05/27 06:22:51 Image size of job updated: 269
	269  -  MemoryUsage of job (MB)
	275840  -  ResidentSetSize of job (KB)
...
006 (61127943.062.000) 05/27 06:23:51 Image size of job updated: 269
	269  -  MemoryUsage of job (MB)
	275884  -  ResidentSetSize of job (KB)
...
006 (61127943.062.000) 05/27 06:24:52 Image size of job updated: 269
	269  -  MemoryUsage of job (MB)
	275920  -  ResidentSetSize of job (KB)
...
006 (61127943.062.000) 05/27 06:25:53 Image size of job updated: 269
	269  -  MemoryUsage of job (MB)
	275924  -  ResidentSetSize of job (KB)
...
006 (61127943.062.000) 05/27 06:26:54 Image size of job updated: 269
	269  -  MemoryUsage of job (MB)
	275952  -  ResidentSetSize of job (KB)
...
005 (61127943.062.000) 05/27 06:26:58 Job terminated.
	(1) Normal termination (return value 0)
		Usr 0 00:28:21, Sys 0 00:04:19  -  Run Remote Usage
		Usr 0 00:00:00, Sys 0 00:00:00  -  Run Local Usage
		Usr 0 00:28:21, Sys 0 00:04:19  -  Total Remote Usage
		Usr 0 00:00:00, Sys 0 00:00:00  -  Total Local Usage
	37314  -  Run Bytes Sent By Job
	14471  -  Run Bytes Received By Job
	37314  -  Total Bytes Sent By Job
	14471  -  Total Bytes Received By Job
	Partitionable Resources :    Usage  Request Allocated 
	   Cpus                 :     0.01        1         1 
	   Disk (KB)            :    70           7    314360 
	   Memory (MB)          :   269        2048      2048 
...
