000 (61127943.068.000) 05/27 05:40:40 Job submitted from host: <131.225.188.235:9618?addrs=131.225.188.235-9618&noUDP&sock=15005_c2aa_3>
...
001 (61127943.068.000) 05/27 05:41:17 Job executing on host: <131.225.204.114:9618?addrs=131.225.204.114-9618&noUDP&sock=4521_9bc2_3>
...
006 (61127943.068.000) 05/27 05:41:26 Image size of job updated: 3
	3  -  MemoryUsage of job (MB)
	3620  -  ResidentSetSize of job (KB)
...
006 (61127943.068.000) 05/27 05:42:28 Image size of job updated: 262
	262  -  MemoryUsage of job (MB)
	268292  -  ResidentSetSize of job (KB)
...
006 (61127943.068.000) 05/27 05:44:30 Image size of job updated: 262
	262  -  MemoryUsage of job (MB)
	268336  -  ResidentSetSize of job (KB)
...
006 (61127943.068.000) 05/27 05:45:31 Image size of job updated: 262
	262  -  MemoryUsage of job (MB)
	268360  -  ResidentSetSize of job (KB)
...
006 (61127943.068.000) 05/27 05:46:32 Image size of job updated: 262
	262  -  MemoryUsage of job (MB)
	268760  -  ResidentSetSize of job (KB)
...
006 (61127943.068.000) 05/27 05:48:34 Image size of job updated: 271
	271  -  MemoryUsage of job (MB)
	277776  -  ResidentSetSize of job (KB)
...
006 (61127943.068.000) 05/27 05:49:35 Image size of job updated: 279
	279  -  MemoryUsage of job (MB)
	286620  -  ResidentSetSize of job (KB)
...
006 (61127943.068.000) 05/27 05:50:36 Image size of job updated: 286
	286  -  MemoryUsage of job (MB)
	293060  -  ResidentSetSize of job (KB)
...
006 (61127943.068.000) 05/27 05:51:38 Image size of job updated: 292
	292  -  MemoryUsage of job (MB)
	299040  -  ResidentSetSize of job (KB)
...
006 (61127943.068.000) 05/27 05:52:38 Image size of job updated: 292
	292  -  MemoryUsage of job (MB)
	299124  -  ResidentSetSize of job (KB)
...
006 (61127943.068.000) 05/27 05:53:38 Image size of job updated: 292
	292  -  MemoryUsage of job (MB)
	299176  -  ResidentSetSize of job (KB)
...
006 (61127943.068.000) 05/27 05:54:38 Image size of job updated: 292
	292  -  MemoryUsage of job (MB)
	299180  -  ResidentSetSize of job (KB)
...
006 (61127943.068.000) 05/27 05:55:38 Image size of job updated: 292
	292  -  MemoryUsage of job (MB)
	299184  -  ResidentSetSize of job (KB)
...
006 (61127943.068.000) 05/27 05:57:38 Image size of job updated: 292
	292  -  MemoryUsage of job (MB)
	299192  -  ResidentSetSize of job (KB)
...
006 (61127943.068.000) 05/27 05:58:38 Image size of job updated: 292
	292  -  MemoryUsage of job (MB)
	299196  -  ResidentSetSize of job (KB)
...
006 (61127943.068.000) 05/27 05:59:39 Image size of job updated: 473
	473  -  MemoryUsage of job (MB)
	485168  -  ResidentSetSize of job (KB)
...
006 (61127943.068.000) 05/27 06:01:39 Image size of job updated: 479
	479  -  MemoryUsage of job (MB)
	490516  -  ResidentSetSize of job (KB)
...
006 (61127943.068.000) 05/27 06:02:39 Image size of job updated: 479
	479  -  MemoryUsage of job (MB)
	490652  -  ResidentSetSize of job (KB)
...
006 (61127943.068.000) 05/27 06:04:39 Image size of job updated: 479
	479  -  MemoryUsage of job (MB)
	490688  -  ResidentSetSize of job (KB)
...
006 (61127943.068.000) 05/27 06:05:39 Image size of job updated: 479
	479  -  MemoryUsage of job (MB)
	490716  -  ResidentSetSize of job (KB)
...
006 (61127943.068.000) 05/27 06:06:39 Image size of job updated: 479
	479  -  MemoryUsage of job (MB)
	490832  -  ResidentSetSize of job (KB)
...
006 (61127943.068.000) 05/27 06:12:44 Image size of job updated: 479
	479  -  MemoryUsage of job (MB)
	490880  -  ResidentSetSize of job (KB)
...
006 (61127943.068.000) 05/27 06:13:45 Image size of job updated: 479
	479  -  MemoryUsage of job (MB)
	490896  -  ResidentSetSize of job (KB)
...
006 (61127943.068.000) 05/27 06:14:46 Image size of job updated: 480
	480  -  MemoryUsage of job (MB)
	491692  -  ResidentSetSize of job (KB)
...
006 (61127943.068.000) 05/27 06:16:48 Image size of job updated: 480
	480  -  MemoryUsage of job (MB)
	491720  -  ResidentSetSize of job (KB)
...
006 (61127943.068.000) 05/27 06:19:50 Image size of job updated: 480
	480  -  MemoryUsage of job (MB)
	491732  -  ResidentSetSize of job (KB)
...
006 (61127943.068.000) 05/27 06:23:51 Image size of job updated: 480
	480  -  MemoryUsage of job (MB)
	491744  -  ResidentSetSize of job (KB)
...
006 (61127943.068.000) 05/27 06:24:51 Image size of job updated: 480
	480  -  MemoryUsage of job (MB)
	491796  -  ResidentSetSize of job (KB)
...
006 (61127943.068.000) 05/27 06:25:52 Image size of job updated: 481
	481  -  MemoryUsage of job (MB)
	492592  -  ResidentSetSize of job (KB)
...
006 (61127943.068.000) 05/27 06:34:00 Image size of job updated: 481
	481  -  MemoryUsage of job (MB)
	492596  -  ResidentSetSize of job (KB)
...
006 (61127943.068.000) 05/27 06:37:02 Image size of job updated: 481
	481  -  MemoryUsage of job (MB)
	493432  -  ResidentSetSize of job (KB)
...
006 (61127943.068.000) 05/27 06:39:02 Image size of job updated: 481
	481  -  MemoryUsage of job (MB)
	493448  -  ResidentSetSize of job (KB)
...
006 (61127943.068.000) 05/27 06:43:02 Image size of job updated: 481
	481  -  MemoryUsage of job (MB)
	493464  -  ResidentSetSize of job (KB)
...
006 (61127943.068.000) 05/27 06:47:03 Image size of job updated: 482
	482  -  MemoryUsage of job (MB)
	493780  -  ResidentSetSize of job (KB)
...
006 (61127943.068.000) 05/27 06:57:11 Image size of job updated: 482
	482  -  MemoryUsage of job (MB)
	494344  -  ResidentSetSize of job (KB)
...
006 (61127943.068.000) 05/27 07:08:16 Image size of job updated: 484
	484  -  MemoryUsage of job (MB)
	496060  -  ResidentSetSize of job (KB)
...
006 (61127943.068.000) 05/27 07:09:17 Image size of job updated: 484
	484  -  MemoryUsage of job (MB)
	496096  -  ResidentSetSize of job (KB)
...
005 (61127943.068.000) 05/27 07:10:23 Job terminated.
	(1) Normal termination (return value 0)
		Usr 0 00:50:54, Sys 0 00:08:26  -  Run Remote Usage
		Usr 0 00:00:00, Sys 0 00:00:00  -  Run Local Usage
		Usr 0 00:50:54, Sys 0 00:08:26  -  Total Remote Usage
		Usr 0 00:00:00, Sys 0 00:00:00  -  Total Local Usage
	46882  -  Run Bytes Sent By Job
	14471  -  Run Bytes Received By Job
	46882  -  Total Bytes Sent By Job
	14471  -  Total Bytes Received By Job
	Partitionable Resources :    Usage  Request Allocated 
	   Cpus                 :     0.00        1         1 
	   Disk (KB)            :    80           7    318769 
	   Memory (MB)          :   484        2048      2048 
...
