000 (61127943.045.000) 05/27 05:40:40 Job submitted from host: <131.225.188.235:9618?addrs=131.225.188.235-9618&noUDP&sock=15005_c2aa_3>
...
001 (61127943.045.000) 05/27 05:41:13 Job executing on host: <131.225.204.112:9618?addrs=131.225.204.112-9618&noUDP&sock=4575_a5df_3>
...
006 (61127943.045.000) 05/27 05:41:22 Image size of job updated: 2
	1  -  MemoryUsage of job (MB)
	1804  -  ResidentSetSize of job (KB)
...
006 (61127943.045.000) 05/27 05:42:22 Image size of job updated: 284
	284  -  MemoryUsage of job (MB)
	291132  -  ResidentSetSize of job (KB)
...
006 (61127943.045.000) 05/27 05:44:23 Image size of job updated: 284
	284  -  MemoryUsage of job (MB)
	291424  -  ResidentSetSize of job (KB)
...
006 (61127943.045.000) 05/27 05:45:24 Image size of job updated: 284
	284  -  MemoryUsage of job (MB)
	291428  -  ResidentSetSize of job (KB)
...
006 (61127943.045.000) 05/27 06:01:43 Image size of job updated: 284
	283  -  MemoryUsage of job (MB)
	291428  -  ResidentSetSize of job (KB)
...
005 (61127943.045.000) 05/27 06:19:23 Job terminated.
	(1) Normal termination (return value 0)
		Usr 0 00:25:25, Sys 0 00:04:13  -  Run Remote Usage
		Usr 0 00:00:00, Sys 0 00:00:00  -  Run Local Usage
		Usr 0 00:25:25, Sys 0 00:04:13  -  Total Remote Usage
		Usr 0 00:00:00, Sys 0 00:00:00  -  Total Local Usage
	34724  -  Run Bytes Sent By Job
	14471  -  Run Bytes Received By Job
	34724  -  Total Bytes Sent By Job
	14471  -  Total Bytes Received By Job
	Partitionable Resources :    Usage  Request Allocated 
	   Cpus                 :        0        1         1 
	   Disk (KB)            :       67        7    318256 
	   Memory (MB)          :      283     2048      2048 
...
