000 (61127943.074.000) 05/27 05:40:40 Job submitted from host: <131.225.188.235:9618?addrs=131.225.188.235-9618&noUDP&sock=15005_c2aa_3>
...
001 (61127943.074.000) 05/27 05:41:18 Job executing on host: <131.225.204.53:9618?addrs=131.225.204.53-9618&noUDP&sock=4551_2f99_3>
...
006 (61127943.074.000) 05/27 05:41:27 Image size of job updated: 2
	1  -  MemoryUsage of job (MB)
	1440  -  ResidentSetSize of job (KB)
...
006 (61127943.074.000) 05/27 05:42:29 Image size of job updated: 272
	272  -  MemoryUsage of job (MB)
	279400  -  ResidentSetSize of job (KB)
...
006 (61127943.074.000) 05/27 05:43:30 Image size of job updated: 280
	280  -  MemoryUsage of job (MB)
	286948  -  ResidentSetSize of job (KB)
...
006 (61127943.074.000) 05/27 05:44:15 Image size of job updated: 280
	280  -  MemoryUsage of job (MB)
	286988  -  ResidentSetSize of job (KB)
...
005 (61127943.074.000) 05/27 05:44:16 Job terminated.
	(1) Normal termination (return value 0)
		Usr 0 00:01:40, Sys 0 00:00:17  -  Run Remote Usage
		Usr 0 00:00:00, Sys 0 00:00:00  -  Run Local Usage
		Usr 0 00:01:40, Sys 0 00:00:17  -  Total Remote Usage
		Usr 0 00:00:00, Sys 0 00:00:00  -  Total Local Usage
	15551  -  Run Bytes Sent By Job
	14471  -  Run Bytes Received By Job
	15551  -  Total Bytes Sent By Job
	14471  -  Total Bytes Received By Job
	Partitionable Resources :    Usage  Request Allocated 
	   Cpus                 :     0.00        1         1 
	   Disk (KB)            :    48           7    323064 
	   Memory (MB)          :   280        2048      2048 
...
