000 (61127943.047.000) 05/27 05:40:40 Job submitted from host: <131.225.188.235:9618?addrs=131.225.188.235-9618&noUDP&sock=15005_c2aa_3>
...
001 (61127943.047.000) 05/27 05:41:13 Job executing on host: <131.225.204.106:9618?addrs=131.225.204.106-9618&noUDP&sock=4527_b953_3>
...
006 (61127943.047.000) 05/27 05:41:22 Image size of job updated: 9
	9  -  MemoryUsage of job (MB)
	10128  -  ResidentSetSize of job (KB)
...
006 (61127943.047.000) 05/27 05:42:22 Image size of job updated: 284
	284  -  MemoryUsage of job (MB)
	291332  -  ResidentSetSize of job (KB)
...
006 (61127943.047.000) 05/27 05:44:22 Image size of job updated: 284
	284  -  MemoryUsage of job (MB)
	291400  -  ResidentSetSize of job (KB)
...
006 (61127943.047.000) 05/27 05:46:22 Image size of job updated: 284
	284  -  MemoryUsage of job (MB)
	291608  -  ResidentSetSize of job (KB)
...
006 (61127943.047.000) 05/27 06:01:28 Image size of job updated: 284
	283  -  MemoryUsage of job (MB)
	291608  -  ResidentSetSize of job (KB)
...
005 (61127943.047.000) 05/27 06:21:33 Job terminated.
	(1) Normal termination (return value 0)
		Usr 0 00:24:51, Sys 0 00:04:10  -  Run Remote Usage
		Usr 0 00:00:00, Sys 0 00:00:00  -  Run Local Usage
		Usr 0 00:24:51, Sys 0 00:04:10  -  Total Remote Usage
		Usr 0 00:00:00, Sys 0 00:00:00  -  Total Local Usage
	34754  -  Run Bytes Sent By Job
	14471  -  Run Bytes Received By Job
	34754  -  Total Bytes Sent By Job
	14471  -  Total Bytes Received By Job
	Partitionable Resources :    Usage  Request Allocated 
	   Cpus                 :        0        1         1 
	   Disk (KB)            :       68        7    322617 
	   Memory (MB)          :      283     2048      2048 
...
