000 (61127943.064.000) 05/27 05:40:40 Job submitted from host: <131.225.188.235:9618?addrs=131.225.188.235-9618&noUDP&sock=15005_c2aa_3>
...
001 (61127943.064.000) 05/27 05:41:17 Job executing on host: <131.225.191.189:9618?addrs=131.225.191.189-9618&noUDP&sock=4534_867d_3>
...
006 (61127943.064.000) 05/27 05:41:26 Image size of job updated: 2
	2  -  MemoryUsage of job (MB)
	2188  -  ResidentSetSize of job (KB)
...
006 (61127943.064.000) 05/27 05:42:26 Image size of job updated: 268
	268  -  MemoryUsage of job (MB)
	275376  -  ResidentSetSize of job (KB)
...
006 (61127943.064.000) 05/27 05:43:27 Image size of job updated: 268
	268  -  MemoryUsage of job (MB)
	275416  -  ResidentSetSize of job (KB)
...
006 (61127943.064.000) 05/27 05:47:31 Image size of job updated: 271
	271  -  MemoryUsage of job (MB)
	278400  -  ResidentSetSize of job (KB)
...
006 (61127943.064.000) 05/27 05:48:32 Image size of job updated: 271
	271  -  MemoryUsage of job (MB)
	278412  -  ResidentSetSize of job (KB)
...
006 (61127943.064.000) 05/27 05:49:33 Image size of job updated: 271
	271  -  MemoryUsage of job (MB)
	278436  -  ResidentSetSize of job (KB)
...
006 (61127943.064.000) 05/27 05:50:34 Image size of job updated: 271
	271  -  MemoryUsage of job (MB)
	278452  -  ResidentSetSize of job (KB)
...
006 (61127943.064.000) 05/27 05:51:35 Image size of job updated: 271
	271  -  MemoryUsage of job (MB)
	278456  -  ResidentSetSize of job (KB)
...
006 (61127943.064.000) 05/27 05:52:36 Image size of job updated: 272
	272  -  MemoryUsage of job (MB)
	278632  -  ResidentSetSize of job (KB)
...
006 (61127943.064.000) 05/27 05:53:37 Image size of job updated: 272
	272  -  MemoryUsage of job (MB)
	278644  -  ResidentSetSize of job (KB)
...
006 (61127943.064.000) 05/27 05:54:38 Image size of job updated: 272
	272  -  MemoryUsage of job (MB)
	278672  -  ResidentSetSize of job (KB)
...
006 (61127943.064.000) 05/27 05:55:40 Image size of job updated: 272
	272  -  MemoryUsage of job (MB)
	278680  -  ResidentSetSize of job (KB)
...
006 (61127943.064.000) 05/27 05:56:41 Image size of job updated: 272
	272  -  MemoryUsage of job (MB)
	278692  -  ResidentSetSize of job (KB)
...
006 (61127943.064.000) 05/27 05:57:42 Image size of job updated: 272
	272  -  MemoryUsage of job (MB)
	278720  -  ResidentSetSize of job (KB)
...
006 (61127943.064.000) 05/27 05:58:44 Image size of job updated: 272
	272  -  MemoryUsage of job (MB)
	278724  -  ResidentSetSize of job (KB)
...
006 (61127943.064.000) 05/27 05:59:44 Image size of job updated: 272
	272  -  MemoryUsage of job (MB)
	278808  -  ResidentSetSize of job (KB)
...
006 (61127943.064.000) 05/27 06:00:44 Image size of job updated: 272
	272  -  MemoryUsage of job (MB)
	278824  -  ResidentSetSize of job (KB)
...
006 (61127943.064.000) 05/27 06:01:44 Image size of job updated: 272
	272  -  MemoryUsage of job (MB)
	278844  -  ResidentSetSize of job (KB)
...
006 (61127943.064.000) 05/27 06:02:44 Image size of job updated: 272
	272  -  MemoryUsage of job (MB)
	278856  -  ResidentSetSize of job (KB)
...
006 (61127943.064.000) 05/27 06:03:44 Image size of job updated: 272
	271  -  MemoryUsage of job (MB)
	278856  -  ResidentSetSize of job (KB)
...
006 (61127943.064.000) 05/27 06:05:44 Image size of job updated: 272
	272  -  MemoryUsage of job (MB)
	278856  -  ResidentSetSize of job (KB)
...
006 (61127943.064.000) 05/27 06:06:44 Image size of job updated: 272
	272  -  MemoryUsage of job (MB)
	278880  -  ResidentSetSize of job (KB)
...
006 (61127943.064.000) 05/27 06:07:45 Image size of job updated: 272
	272  -  MemoryUsage of job (MB)
	278896  -  ResidentSetSize of job (KB)
...
006 (61127943.064.000) 05/27 06:08:45 Image size of job updated: 272
	272  -  MemoryUsage of job (MB)
	278908  -  ResidentSetSize of job (KB)
...
006 (61127943.064.000) 05/27 06:09:45 Image size of job updated: 272
	272  -  MemoryUsage of job (MB)
	278928  -  ResidentSetSize of job (KB)
...
006 (61127943.064.000) 05/27 06:10:45 Image size of job updated: 272
	272  -  MemoryUsage of job (MB)
	278940  -  ResidentSetSize of job (KB)
...
006 (61127943.064.000) 05/27 06:11:45 Image size of job updated: 272
	272  -  MemoryUsage of job (MB)
	278948  -  ResidentSetSize of job (KB)
...
006 (61127943.064.000) 05/27 06:12:46 Image size of job updated: 272
	272  -  MemoryUsage of job (MB)
	278952  -  ResidentSetSize of job (KB)
...
006 (61127943.064.000) 05/27 06:13:47 Image size of job updated: 272
	272  -  MemoryUsage of job (MB)
	278976  -  ResidentSetSize of job (KB)
...
006 (61127943.064.000) 05/27 06:14:48 Image size of job updated: 272
	272  -  MemoryUsage of job (MB)
	278992  -  ResidentSetSize of job (KB)
...
006 (61127943.064.000) 05/27 06:15:49 Image size of job updated: 272
	272  -  MemoryUsage of job (MB)
	279000  -  ResidentSetSize of job (KB)
...
006 (61127943.064.000) 05/27 06:16:50 Image size of job updated: 272
	272  -  MemoryUsage of job (MB)
	279008  -  ResidentSetSize of job (KB)
...
006 (61127943.064.000) 05/27 06:17:51 Image size of job updated: 272
	272  -  MemoryUsage of job (MB)
	279024  -  ResidentSetSize of job (KB)
...
006 (61127943.064.000) 05/27 06:18:52 Image size of job updated: 272
	272  -  MemoryUsage of job (MB)
	279036  -  ResidentSetSize of job (KB)
...
006 (61127943.064.000) 05/27 06:19:53 Image size of job updated: 272
	272  -  MemoryUsage of job (MB)
	279048  -  ResidentSetSize of job (KB)
...
006 (61127943.064.000) 05/27 06:20:54 Image size of job updated: 272
	272  -  MemoryUsage of job (MB)
	279060  -  ResidentSetSize of job (KB)
...
006 (61127943.064.000) 05/27 06:21:55 Image size of job updated: 272
	272  -  MemoryUsage of job (MB)
	279076  -  ResidentSetSize of job (KB)
...
005 (61127943.064.000) 05/27 06:37:26 Job terminated.
	(1) Normal termination (return value 0)
		Usr 0 00:33:02, Sys 0 00:05:01  -  Run Remote Usage
		Usr 0 00:00:00, Sys 0 00:00:00  -  Run Local Usage
		Usr 0 00:33:02, Sys 0 00:05:01  -  Total Remote Usage
		Usr 0 00:00:00, Sys 0 00:00:00  -  Total Local Usage
	39135  -  Run Bytes Sent By Job
	14471  -  Run Bytes Received By Job
	39135  -  Total Bytes Sent By Job
	14471  -  Total Bytes Received By Job
	Partitionable Resources :    Usage  Request Allocated 
	   Cpus                 :     0.00        1         1 
	   Disk (KB)            :    71           7    314569 
	   Memory (MB)          :   272        2048      2048 
...
