000 (61127943.075.000) 05/27 05:40:40 Job submitted from host: <131.225.188.235:9618?addrs=131.225.188.235-9618&noUDP&sock=15005_c2aa_3>
...
001 (61127943.075.000) 05/27 05:41:19 Job executing on host: <131.225.206.219:9618?addrs=131.225.206.219-9618&noUDP&sock=4538_44de_3>
...
006 (61127943.075.000) 05/27 05:41:28 Image size of job updated: 2
	1  -  MemoryUsage of job (MB)
	2004  -  ResidentSetSize of job (KB)
...
006 (61127943.075.000) 05/27 05:42:28 Image size of job updated: 252
	252  -  MemoryUsage of job (MB)
	258452  -  ResidentSetSize of job (KB)
...
006 (61127943.075.000) 05/27 05:43:28 Image size of job updated: 252
	252  -  MemoryUsage of job (MB)
	258492  -  ResidentSetSize of job (KB)
...
006 (61127943.075.000) 05/27 05:44:28 Image size of job updated: 275
	275  -  MemoryUsage of job (MB)
	282308  -  ResidentSetSize of job (KB)
...
006 (61127943.075.000) 05/27 05:45:28 Image size of job updated: 286
	286  -  MemoryUsage of job (MB)
	293768  -  ResidentSetSize of job (KB)
...
006 (61127943.075.000) 05/27 05:46:28 Image size of job updated: 286
	286  -  MemoryUsage of job (MB)
	293824  -  ResidentSetSize of job (KB)
...
006 (61127943.075.000) 05/27 05:47:28 Image size of job updated: 468
	468  -  MemoryUsage of job (MB)
	479840  -  ResidentSetSize of job (KB)
...
006 (61127943.075.000) 05/27 05:48:28 Image size of job updated: 469
	469  -  MemoryUsage of job (MB)
	481196  -  ResidentSetSize of job (KB)
...
006 (61127943.075.000) 05/27 05:52:28 Image size of job updated: 470
	470  -  MemoryUsage of job (MB)
	481324  -  ResidentSetSize of job (KB)
...
006 (61127943.075.000) 05/27 05:53:30 Image size of job updated: 477
	477  -  MemoryUsage of job (MB)
	488572  -  ResidentSetSize of job (KB)
...
006 (61127943.075.000) 05/27 05:54:31 Image size of job updated: 477
	477  -  MemoryUsage of job (MB)
	488580  -  ResidentSetSize of job (KB)
...
006 (61127943.075.000) 05/27 06:01:38 Image size of job updated: 478
	478  -  MemoryUsage of job (MB)
	489812  -  ResidentSetSize of job (KB)
...
006 (61127943.075.000) 05/27 06:07:45 Image size of job updated: 478
	478  -  MemoryUsage of job (MB)
	489820  -  ResidentSetSize of job (KB)
...
006 (61127943.075.000) 05/27 06:09:41 Image size of job updated: 478
	81  -  MemoryUsage of job (MB)
	489820  -  ResidentSetSize of job (KB)
...
005 (61127943.075.000) 05/27 06:09:42 Job terminated.
	(1) Normal termination (return value 0)
		Usr 0 00:18:23, Sys 0 00:03:17  -  Run Remote Usage
		Usr 0 00:00:00, Sys 0 00:00:00  -  Run Local Usage
		Usr 0 00:18:23, Sys 0 00:03:17  -  Total Remote Usage
		Usr 0 00:00:00, Sys 0 00:00:00  -  Total Local Usage
	24458  -  Run Bytes Sent By Job
	14471  -  Run Bytes Received By Job
	24458  -  Total Bytes Sent By Job
	14471  -  Total Bytes Received By Job
	Partitionable Resources :    Usage  Request Allocated 
	   Cpus                 :        0        1         1 
	   Disk (KB)            :       57        7    311505 
	   Memory (MB)          :       81     2048      2048 
...
