000 (61127943.050.000) 05/27 05:40:40 Job submitted from host: <131.225.188.235:9618?addrs=131.225.188.235-9618&noUDP&sock=15005_c2aa_3>
...
001 (61127943.050.000) 05/27 05:41:14 Job executing on host: <131.225.204.59:9618?addrs=131.225.204.59-9618&noUDP&sock=4534_867d_3>
...
006 (61127943.050.000) 05/27 05:41:23 Image size of job updated: 2
	1  -  MemoryUsage of job (MB)
	1592  -  ResidentSetSize of job (KB)
...
006 (61127943.050.000) 05/27 05:42:25 Image size of job updated: 284
	284  -  MemoryUsage of job (MB)
	291352  -  ResidentSetSize of job (KB)
...
006 (61127943.050.000) 05/27 05:44:27 Image size of job updated: 284
	284  -  MemoryUsage of job (MB)
	291456  -  ResidentSetSize of job (KB)
...
006 (61127943.050.000) 05/27 05:45:28 Image size of job updated: 284
	284  -  MemoryUsage of job (MB)
	291620  -  ResidentSetSize of job (KB)
...
006 (61127943.050.000) 05/27 06:01:39 Image size of job updated: 284
	283  -  MemoryUsage of job (MB)
	291620  -  ResidentSetSize of job (KB)
...
005 (61127943.050.000) 05/27 06:20:00 Job terminated.
	(1) Normal termination (return value 0)
		Usr 0 00:25:00, Sys 0 00:04:07  -  Run Remote Usage
		Usr 0 00:00:00, Sys 0 00:00:00  -  Run Local Usage
		Usr 0 00:25:00, Sys 0 00:04:07  -  Total Remote Usage
		Usr 0 00:00:00, Sys 0 00:00:00  -  Total Local Usage
	34756  -  Run Bytes Sent By Job
	14471  -  Run Bytes Received By Job
	34756  -  Total Bytes Sent By Job
	14471  -  Total Bytes Received By Job
	Partitionable Resources :    Usage  Request Allocated 
	   Cpus                 :        0        1         1 
	   Disk (KB)            :       68        7    319510 
	   Memory (MB)          :      283     2048      2048 
...
