000 (61127943.060.000) 05/27 05:40:40 Job submitted from host: <131.225.188.235:9618?addrs=131.225.188.235-9618&noUDP&sock=15005_c2aa_3>
...
001 (61127943.060.000) 05/27 05:41:16 Job executing on host: <131.225.191.184:9618?addrs=131.225.191.184-9618&noUDP&sock=4558_fcc3_3>
...
006 (61127943.060.000) 05/27 05:41:25 Image size of job updated: 2
	2  -  MemoryUsage of job (MB)
	2180  -  ResidentSetSize of job (KB)
...
006 (61127943.060.000) 05/27 05:42:25 Image size of job updated: 267
	267  -  MemoryUsage of job (MB)
	273584  -  ResidentSetSize of job (KB)
...
006 (61127943.060.000) 05/27 05:44:25 Image size of job updated: 267
	267  -  MemoryUsage of job (MB)
	273592  -  ResidentSetSize of job (KB)
...
006 (61127943.060.000) 05/27 05:45:25 Image size of job updated: 267
	267  -  MemoryUsage of job (MB)
	273596  -  ResidentSetSize of job (KB)
...
006 (61127943.060.000) 05/27 05:46:25 Image size of job updated: 270
	270  -  MemoryUsage of job (MB)
	276520  -  ResidentSetSize of job (KB)
...
006 (61127943.060.000) 05/27 05:47:25 Image size of job updated: 270
	270  -  MemoryUsage of job (MB)
	276832  -  ResidentSetSize of job (KB)
...
006 (61127943.060.000) 05/27 05:48:25 Image size of job updated: 270
	270  -  MemoryUsage of job (MB)
	276864  -  ResidentSetSize of job (KB)
...
006 (61127943.060.000) 05/27 05:49:25 Image size of job updated: 270
	270  -  MemoryUsage of job (MB)
	276880  -  ResidentSetSize of job (KB)
...
006 (61127943.060.000) 05/27 05:50:25 Image size of job updated: 270
	270  -  MemoryUsage of job (MB)
	276904  -  ResidentSetSize of job (KB)
...
006 (61127943.060.000) 05/27 05:51:25 Image size of job updated: 270
	270  -  MemoryUsage of job (MB)
	276920  -  ResidentSetSize of job (KB)
...
006 (61127943.060.000) 05/27 05:52:25 Image size of job updated: 270
	270  -  MemoryUsage of job (MB)
	277068  -  ResidentSetSize of job (KB)
...
006 (61127943.060.000) 05/27 05:53:25 Image size of job updated: 270
	270  -  MemoryUsage of job (MB)
	277080  -  ResidentSetSize of job (KB)
...
006 (61127943.060.000) 05/27 05:54:25 Image size of job updated: 270
	270  -  MemoryUsage of job (MB)
	277112  -  ResidentSetSize of job (KB)
...
006 (61127943.060.000) 05/27 05:55:25 Image size of job updated: 270
	270  -  MemoryUsage of job (MB)
	277128  -  ResidentSetSize of job (KB)
...
006 (61127943.060.000) 05/27 05:56:25 Image size of job updated: 270
	270  -  MemoryUsage of job (MB)
	277164  -  ResidentSetSize of job (KB)
...
006 (61127943.060.000) 05/27 05:57:26 Image size of job updated: 270
	270  -  MemoryUsage of job (MB)
	277172  -  ResidentSetSize of job (KB)
...
006 (61127943.060.000) 05/27 05:58:27 Image size of job updated: 270
	269  -  MemoryUsage of job (MB)
	277172  -  ResidentSetSize of job (KB)
...
006 (61127943.060.000) 05/27 05:59:28 Image size of job updated: 270
	270  -  MemoryUsage of job (MB)
	277172  -  ResidentSetSize of job (KB)
...
006 (61127943.060.000) 05/27 06:04:34 Image size of job updated: 270
	270  -  MemoryUsage of job (MB)
	277216  -  ResidentSetSize of job (KB)
...
006 (61127943.060.000) 05/27 06:05:35 Image size of job updated: 270
	270  -  MemoryUsage of job (MB)
	277384  -  ResidentSetSize of job (KB)
...
006 (61127943.060.000) 05/27 06:06:36 Image size of job updated: 270
	270  -  MemoryUsage of job (MB)
	277408  -  ResidentSetSize of job (KB)
...
006 (61127943.060.000) 05/27 06:07:37 Image size of job updated: 270
	270  -  MemoryUsage of job (MB)
	277456  -  ResidentSetSize of job (KB)
...
006 (61127943.060.000) 05/27 06:08:38 Image size of job updated: 270
	270  -  MemoryUsage of job (MB)
	277492  -  ResidentSetSize of job (KB)
...
006 (61127943.060.000) 05/27 06:09:39 Image size of job updated: 271
	271  -  MemoryUsage of job (MB)
	277520  -  ResidentSetSize of job (KB)
...
006 (61127943.060.000) 05/27 06:10:41 Image size of job updated: 271
	270  -  MemoryUsage of job (MB)
	277520  -  ResidentSetSize of job (KB)
...
005 (61127943.060.000) 05/27 06:21:57 Job terminated.
	(1) Normal termination (return value 0)
		Usr 0 00:26:30, Sys 0 00:04:26  -  Run Remote Usage
		Usr 0 00:00:00, Sys 0 00:00:00  -  Run Local Usage
		Usr 0 00:26:30, Sys 0 00:04:26  -  Total Remote Usage
		Usr 0 00:00:00, Sys 0 00:00:00  -  Total Local Usage
	36722  -  Run Bytes Sent By Job
	14471  -  Run Bytes Received By Job
	36722  -  Total Bytes Sent By Job
	14471  -  Total Bytes Received By Job
	Partitionable Resources :    Usage  Request Allocated 
	   Cpus                 :        0        1         1 
	   Disk (KB)            :       70        7    297584 
	   Memory (MB)          :      270     2048      2048 
...
