000 (61127943.046.000) 05/27 05:40:40 Job submitted from host: <131.225.188.235:9618?addrs=131.225.188.235-9618&noUDP&sock=15005_c2aa_3>
...
001 (61127943.046.000) 05/27 05:41:13 Job executing on host: <131.225.206.3:9618?addrs=131.225.206.3-9618&noUDP&sock=4528_68ec_3>
...
006 (61127943.046.000) 05/27 05:41:22 Image size of job updated: 2
	0  -  MemoryUsage of job (MB)
	292  -  ResidentSetSize of job (KB)
...
006 (61127943.046.000) 05/27 05:42:23 Image size of job updated: 284
	284  -  MemoryUsage of job (MB)
	291328  -  ResidentSetSize of job (KB)
...
006 (61127943.046.000) 05/27 05:44:25 Image size of job updated: 284
	284  -  MemoryUsage of job (MB)
	291368  -  ResidentSetSize of job (KB)
...
006 (61127943.046.000) 05/27 05:46:27 Image size of job updated: 284
	284  -  MemoryUsage of job (MB)
	291596  -  ResidentSetSize of job (KB)
...
006 (61127943.046.000) 05/27 06:01:30 Image size of job updated: 312
	312  -  MemoryUsage of job (MB)
	319976  -  ResidentSetSize of job (KB)
...
006 (61127943.046.000) 05/27 06:02:30 Image size of job updated: 312
	283  -  MemoryUsage of job (MB)
	319976  -  ResidentSetSize of job (KB)
...
005 (61127943.046.000) 05/27 06:24:09 Job terminated.
	(1) Normal termination (return value 0)
		Usr 0 00:27:30, Sys 0 00:04:14  -  Run Remote Usage
		Usr 0 00:00:00, Sys 0 00:00:00  -  Run Local Usage
		Usr 0 00:27:30, Sys 0 00:04:14  -  Total Remote Usage
		Usr 0 00:00:00, Sys 0 00:00:00  -  Total Local Usage
	35016  -  Run Bytes Sent By Job
	14471  -  Run Bytes Received By Job
	35016  -  Total Bytes Sent By Job
	14471  -  Total Bytes Received By Job
	Partitionable Resources :    Usage  Request Allocated 
	   Cpus                 :     0.00        1         1 
	   Disk (KB)            :    68           7    311341 
	   Memory (MB)          :   283        2048      2048 
...
