000 (61127943.049.000) 05/27 05:40:40 Job submitted from host: <131.225.188.235:9618?addrs=131.225.188.235-9618&noUDP&sock=15005_c2aa_3>
...
001 (61127943.049.000) 05/27 05:41:14 Job executing on host: <131.225.206.194:9618?addrs=131.225.206.194-9618&noUDP&sock=4527_b953_3>
...
006 (61127943.049.000) 05/27 05:41:23 Image size of job updated: 2
	0  -  MemoryUsage of job (MB)
	856  -  ResidentSetSize of job (KB)
...
006 (61127943.049.000) 05/27 05:42:23 Image size of job updated: 284
	284  -  MemoryUsage of job (MB)
	291368  -  ResidentSetSize of job (KB)
...
006 (61127943.049.000) 05/27 05:44:23 Image size of job updated: 284
	284  -  MemoryUsage of job (MB)
	291408  -  ResidentSetSize of job (KB)
...
006 (61127943.049.000) 05/27 05:45:23 Image size of job updated: 284
	284  -  MemoryUsage of job (MB)
	291636  -  ResidentSetSize of job (KB)
...
006 (61127943.049.000) 05/27 06:02:27 Image size of job updated: 284
	283  -  MemoryUsage of job (MB)
	291636  -  ResidentSetSize of job (KB)
...
005 (61127943.049.000) 05/27 06:19:04 Job terminated.
	(1) Normal termination (return value 0)
		Usr 0 00:24:55, Sys 0 00:04:09  -  Run Remote Usage
		Usr 0 00:00:00, Sys 0 00:00:00  -  Run Local Usage
		Usr 0 00:24:55, Sys 0 00:04:09  -  Total Remote Usage
		Usr 0 00:00:00, Sys 0 00:00:00  -  Total Local Usage
	34827  -  Run Bytes Sent By Job
	14471  -  Run Bytes Received By Job
	34827  -  Total Bytes Sent By Job
	14471  -  Total Bytes Received By Job
	Partitionable Resources :    Usage  Request Allocated 
	   Cpus                 :     0.06        1         1 
	   Disk (KB)            :    68           7    312168 
	   Memory (MB)          :   283        2048      2048 
...
