000 (61127943.058.000) 05/27 05:40:40 Job submitted from host: <131.225.188.235:9618?addrs=131.225.188.235-9618&noUDP&sock=15005_c2aa_3>
...
001 (61127943.058.000) 05/27 05:41:15 Job executing on host: <131.225.206.171:9618?addrs=131.225.206.171-9618&noUDP&sock=4536_e5ae_3>
...
006 (61127943.058.000) 05/27 05:41:24 Image size of job updated: 2
	2  -  MemoryUsage of job (MB)
	2212  -  ResidentSetSize of job (KB)
...
006 (61127943.058.000) 05/27 05:42:26 Image size of job updated: 284
	284  -  MemoryUsage of job (MB)
	291736  -  ResidentSetSize of job (KB)
...
006 (61127943.058.000) 05/27 05:44:26 Image size of job updated: 284
	284  -  MemoryUsage of job (MB)
	291744  -  ResidentSetSize of job (KB)
...
006 (61127943.058.000) 05/27 05:45:26 Image size of job updated: 285
	285  -  MemoryUsage of job (MB)
	291984  -  ResidentSetSize of job (KB)
...
006 (61127943.058.000) 05/27 06:02:27 Image size of job updated: 285
	283  -  MemoryUsage of job (MB)
	291984  -  ResidentSetSize of job (KB)
...
005 (61127943.058.000) 05/27 06:18:16 Job terminated.
	(1) Normal termination (return value 0)
		Usr 0 00:23:51, Sys 0 00:04:07  -  Run Remote Usage
		Usr 0 00:00:00, Sys 0 00:00:00  -  Run Local Usage
		Usr 0 00:23:51, Sys 0 00:04:07  -  Total Remote Usage
		Usr 0 00:00:00, Sys 0 00:00:00  -  Total Local Usage
	35002  -  Run Bytes Sent By Job
	14471  -  Run Bytes Received By Job
	35002  -  Total Bytes Sent By Job
	14471  -  Total Bytes Received By Job
	Partitionable Resources :    Usage  Request Allocated 
	   Cpus                 :     0.00        1         1 
	   Disk (KB)            :    68           7    317567 
	   Memory (MB)          :   283        2048      2048 
...
