000 (61127943.048.000) 05/27 05:40:40 Job submitted from host: <131.225.188.235:9618?addrs=131.225.188.235-9618&noUDP&sock=15005_c2aa_3>
...
001 (61127943.048.000) 05/27 05:41:13 Job executing on host: <131.225.206.213:9618?addrs=131.225.206.213-9618&noUDP&sock=4533_d6e5_3>
...
006 (61127943.048.000) 05/27 05:41:23 Image size of job updated: 13
	13  -  MemoryUsage of job (MB)
	14328  -  ResidentSetSize of job (KB)
...
006 (61127943.048.000) 05/27 05:42:24 Image size of job updated: 284
	284  -  MemoryUsage of job (MB)
	291228  -  ResidentSetSize of job (KB)
...
006 (61127943.048.000) 05/27 05:44:24 Image size of job updated: 284
	284  -  MemoryUsage of job (MB)
	291268  -  ResidentSetSize of job (KB)
...
006 (61127943.048.000) 05/27 05:47:24 Image size of job updated: 284
	284  -  MemoryUsage of job (MB)
	291496  -  ResidentSetSize of job (KB)
...
006 (61127943.048.000) 05/27 06:08:33 Image size of job updated: 284
	283  -  MemoryUsage of job (MB)
	291496  -  ResidentSetSize of job (KB)
...
005 (61127943.048.000) 05/27 06:22:57 Job terminated.
	(1) Normal termination (return value 0)
		Usr 0 00:24:09, Sys 0 00:04:09  -  Run Remote Usage
		Usr 0 00:00:00, Sys 0 00:00:00  -  Run Local Usage
		Usr 0 00:24:09, Sys 0 00:04:09  -  Total Remote Usage
		Usr 0 00:00:00, Sys 0 00:00:00  -  Total Local Usage
	34464  -  Run Bytes Sent By Job
	14471  -  Run Bytes Received By Job
	34464  -  Total Bytes Sent By Job
	14471  -  Total Bytes Received By Job
	Partitionable Resources :    Usage  Request Allocated 
	   Cpus                 :        0        1         1 
	   Disk (KB)            :       67        7    314888 
	   Memory (MB)          :      283     2048      2048 
...
