000 (61127943.063.000) 05/27 05:40:40 Job submitted from host: <131.225.188.235:9618?addrs=131.225.188.235-9618&noUDP&sock=15005_c2aa_3>
...
001 (61127943.063.000) 05/27 05:41:16 Job executing on host: <131.225.206.163:9618?addrs=131.225.206.163-9618&noUDP&sock=4538_44de_3>
...
006 (61127943.063.000) 05/27 05:41:25 Image size of job updated: 16
	16  -  MemoryUsage of job (MB)
	16440  -  ResidentSetSize of job (KB)
...
006 (61127943.063.000) 05/27 05:42:25 Image size of job updated: 265
	265  -  MemoryUsage of job (MB)
	271472  -  ResidentSetSize of job (KB)
...
006 (61127943.063.000) 05/27 05:43:25 Image size of job updated: 265
	265  -  MemoryUsage of job (MB)
	271516  -  ResidentSetSize of job (KB)
...
006 (61127943.063.000) 05/27 05:45:25 Image size of job updated: 265
	265  -  MemoryUsage of job (MB)
	271664  -  ResidentSetSize of job (KB)
...
006 (61127943.063.000) 05/27 05:46:25 Image size of job updated: 267
	267  -  MemoryUsage of job (MB)
	274092  -  ResidentSetSize of job (KB)
...
006 (61127943.063.000) 05/27 05:47:25 Image size of job updated: 268
	268  -  MemoryUsage of job (MB)
	274592  -  ResidentSetSize of job (KB)
...
006 (61127943.063.000) 05/27 05:48:25 Image size of job updated: 268
	268  -  MemoryUsage of job (MB)
	274608  -  ResidentSetSize of job (KB)
...
006 (61127943.063.000) 05/27 05:49:25 Image size of job updated: 268
	268  -  MemoryUsage of job (MB)
	274868  -  ResidentSetSize of job (KB)
...
006 (61127943.063.000) 05/27 05:50:26 Image size of job updated: 268
	268  -  MemoryUsage of job (MB)
	274884  -  ResidentSetSize of job (KB)
...
006 (61127943.063.000) 05/27 05:51:27 Image size of job updated: 268
	268  -  MemoryUsage of job (MB)
	274912  -  ResidentSetSize of job (KB)
...
006 (61127943.063.000) 05/27 05:52:28 Image size of job updated: 268
	268  -  MemoryUsage of job (MB)
	274936  -  ResidentSetSize of job (KB)
...
006 (61127943.063.000) 05/27 05:53:29 Image size of job updated: 268
	268  -  MemoryUsage of job (MB)
	274968  -  ResidentSetSize of job (KB)
...
006 (61127943.063.000) 05/27 05:54:30 Image size of job updated: 268
	268  -  MemoryUsage of job (MB)
	274976  -  ResidentSetSize of job (KB)
...
006 (61127943.063.000) 05/27 05:55:31 Image size of job updated: 268
	268  -  MemoryUsage of job (MB)
	275000  -  ResidentSetSize of job (KB)
...
006 (61127943.063.000) 05/27 05:56:32 Image size of job updated: 268
	268  -  MemoryUsage of job (MB)
	275068  -  ResidentSetSize of job (KB)
...
006 (61127943.063.000) 05/27 05:57:33 Image size of job updated: 268
	268  -  MemoryUsage of job (MB)
	275088  -  ResidentSetSize of job (KB)
...
006 (61127943.063.000) 05/27 05:58:35 Image size of job updated: 268
	268  -  MemoryUsage of job (MB)
	275112  -  ResidentSetSize of job (KB)
...
006 (61127943.063.000) 05/27 05:59:36 Image size of job updated: 268
	268  -  MemoryUsage of job (MB)
	275120  -  ResidentSetSize of job (KB)
...
006 (61127943.063.000) 05/27 06:00:37 Image size of job updated: 268
	268  -  MemoryUsage of job (MB)
	275132  -  ResidentSetSize of job (KB)
...
006 (61127943.063.000) 05/27 06:01:38 Image size of job updated: 268
	268  -  MemoryUsage of job (MB)
	275176  -  ResidentSetSize of job (KB)
...
006 (61127943.063.000) 05/27 06:02:39 Image size of job updated: 268
	268  -  MemoryUsage of job (MB)
	275204  -  ResidentSetSize of job (KB)
...
006 (61127943.063.000) 05/27 06:03:40 Image size of job updated: 268
	268  -  MemoryUsage of job (MB)
	275228  -  ResidentSetSize of job (KB)
...
006 (61127943.063.000) 05/27 06:04:42 Image size of job updated: 268
	268  -  MemoryUsage of job (MB)
	275244  -  ResidentSetSize of job (KB)
...
006 (61127943.063.000) 05/27 06:05:43 Image size of job updated: 268
	268  -  MemoryUsage of job (MB)
	275404  -  ResidentSetSize of job (KB)
...
006 (61127943.063.000) 05/27 06:06:43 Image size of job updated: 268
	268  -  MemoryUsage of job (MB)
	275436  -  ResidentSetSize of job (KB)
...
006 (61127943.063.000) 05/27 06:07:43 Image size of job updated: 268
	268  -  MemoryUsage of job (MB)
	275452  -  ResidentSetSize of job (KB)
...
006 (61127943.063.000) 05/27 06:08:43 Image size of job updated: 269
	269  -  MemoryUsage of job (MB)
	275472  -  ResidentSetSize of job (KB)
...
006 (61127943.063.000) 05/27 06:09:43 Image size of job updated: 269
	269  -  MemoryUsage of job (MB)
	275504  -  ResidentSetSize of job (KB)
...
006 (61127943.063.000) 05/27 06:10:43 Image size of job updated: 269
	269  -  MemoryUsage of job (MB)
	275536  -  ResidentSetSize of job (KB)
...
006 (61127943.063.000) 05/27 06:11:43 Image size of job updated: 269
	269  -  MemoryUsage of job (MB)
	275556  -  ResidentSetSize of job (KB)
...
006 (61127943.063.000) 05/27 06:12:43 Image size of job updated: 269
	269  -  MemoryUsage of job (MB)
	275572  -  ResidentSetSize of job (KB)
...
006 (61127943.063.000) 05/27 06:13:43 Image size of job updated: 269
	269  -  MemoryUsage of job (MB)
	275584  -  ResidentSetSize of job (KB)
...
006 (61127943.063.000) 05/27 06:14:43 Image size of job updated: 269
	268  -  MemoryUsage of job (MB)
	275584  -  ResidentSetSize of job (KB)
...
006 (61127943.063.000) 05/27 06:17:44 Image size of job updated: 269
	269  -  MemoryUsage of job (MB)
	275584  -  ResidentSetSize of job (KB)
...
006 (61127943.063.000) 05/27 06:18:45 Image size of job updated: 269
	269  -  MemoryUsage of job (MB)
	275608  -  ResidentSetSize of job (KB)
...
006 (61127943.063.000) 05/27 06:19:46 Image size of job updated: 269
	269  -  MemoryUsage of job (MB)
	275624  -  ResidentSetSize of job (KB)
...
006 (61127943.063.000) 05/27 06:20:47 Image size of job updated: 269
	269  -  MemoryUsage of job (MB)
	275656  -  ResidentSetSize of job (KB)
...
006 (61127943.063.000) 05/27 06:21:48 Image size of job updated: 269
	269  -  MemoryUsage of job (MB)
	275700  -  ResidentSetSize of job (KB)
...
006 (61127943.063.000) 05/27 06:22:49 Image size of job updated: 269
	269  -  MemoryUsage of job (MB)
	275720  -  ResidentSetSize of job (KB)
...
006 (61127943.063.000) 05/27 06:23:49 Image size of job updated: 269
	269  -  MemoryUsage of job (MB)
	275756  -  ResidentSetSize of job (KB)
...
006 (61127943.063.000) 05/27 06:24:49 Image size of job updated: 269
	269  -  MemoryUsage of job (MB)
	275776  -  ResidentSetSize of job (KB)
...
006 (61127943.063.000) 05/27 06:25:49 Image size of job updated: 269
	269  -  MemoryUsage of job (MB)
	275808  -  ResidentSetSize of job (KB)
...
005 (61127943.063.000) 05/27 06:26:43 Job terminated.
	(1) Normal termination (return value 0)
		Usr 0 00:28:47, Sys 0 00:04:15  -  Run Remote Usage
		Usr 0 00:00:00, Sys 0 00:00:00  -  Run Local Usage
		Usr 0 00:28:47, Sys 0 00:04:15  -  Total Remote Usage
		Usr 0 00:00:00, Sys 0 00:00:00  -  Total Local Usage
	36033  -  Run Bytes Sent By Job
	14471  -  Run Bytes Received By Job
	36033  -  Total Bytes Sent By Job
	14471  -  Total Bytes Received By Job
	Partitionable Resources :    Usage  Request Allocated 
	   Cpus                 :        0        1         1 
	   Disk (KB)            :       68        7    320787 
	   Memory (MB)          :      269     2048      2048 
...
