000 (61127943.006.000) 05/27 05:40:40 Job submitted from host: <131.225.188.235:9618?addrs=131.225.188.235-9618&noUDP&sock=15005_c2aa_3>
...
001 (61127943.006.000) 05/27 05:41:05 Job executing on host: <131.225.204.60:9618?addrs=131.225.204.60-9618&noUDP&sock=4539_f476_3>
...
006 (61127943.006.000) 05/27 05:41:14 Image size of job updated: 12
	12  -  MemoryUsage of job (MB)
	12936  -  ResidentSetSize of job (KB)
...
006 (61127943.006.000) 05/27 05:42:15 Image size of job updated: 265
	265  -  MemoryUsage of job (MB)
	271736  -  ResidentSetSize of job (KB)
...
006 (61127943.006.000) 05/27 05:43:15 Image size of job updated: 282
	282  -  MemoryUsage of job (MB)
	289784  -  ResidentSetSize of job (KB)
...
006 (61127943.006.000) 05/27 05:44:15 Image size of job updated: 287
	287  -  MemoryUsage of job (MB)
	294212  -  ResidentSetSize of job (KB)
...
006 (61127943.006.000) 05/27 05:44:58 Image size of job updated: 289
	289  -  MemoryUsage of job (MB)
	296624  -  ResidentSetSize of job (KB)
...
005 (61127943.006.000) 05/27 05:44:58 Job terminated.
	(1) Normal termination (return value 0)
		Usr 0 00:02:35, Sys 0 00:00:19  -  Run Remote Usage
		Usr 0 00:00:00, Sys 0 00:00:00  -  Run Local Usage
		Usr 0 00:02:35, Sys 0 00:00:19  -  Total Remote Usage
		Usr 0 00:00:00, Sys 0 00:00:00  -  Total Local Usage
	21171  -  Run Bytes Sent By Job
	14471  -  Run Bytes Received By Job
	21171  -  Total Bytes Sent By Job
	14471  -  Total Bytes Received By Job
	Partitionable Resources :    Usage  Request Allocated 
	   Cpus                 :     0.00        1         1 
	   Disk (KB)            :    54           7    321697 
	   Memory (MB)          :   289        2048      2048 
...
