000 (61127943.007.000) 05/27 05:40:40 Job submitted from host: <131.225.188.235:9618?addrs=131.225.188.235-9618&noUDP&sock=15005_c2aa_3>
...
001 (61127943.007.000) 05/27 05:41:05 Job executing on host: <131.225.204.58:9618?addrs=131.225.204.58-9618&noUDP&sock=4719_6b82_3>
...
006 (61127943.007.000) 05/27 05:41:14 Image size of job updated: 2
	1  -  MemoryUsage of job (MB)
	1600  -  ResidentSetSize of job (KB)
...
006 (61127943.007.000) 05/27 05:42:16 Image size of job updated: 275
	275  -  MemoryUsage of job (MB)
	282388  -  ResidentSetSize of job (KB)
...
006 (61127943.007.000) 05/27 05:43:17 Image size of job updated: 285
	285  -  MemoryUsage of job (MB)
	291876  -  ResidentSetSize of job (KB)
...
006 (61127943.007.000) 05/27 05:44:17 Image size of job updated: 289
	289  -  MemoryUsage of job (MB)
	296904  -  ResidentSetSize of job (KB)
...
006 (61127943.007.000) 05/27 05:45:03 Image size of job updated: 292
	292  -  MemoryUsage of job (MB)
	299812  -  ResidentSetSize of job (KB)
...
005 (61127943.007.000) 05/27 05:45:03 Job terminated.
	(1) Normal termination (return value 0)
		Usr 0 00:02:36, Sys 0 00:00:18  -  Run Remote Usage
		Usr 0 00:00:00, Sys 0 00:00:00  -  Run Local Usage
		Usr 0 00:02:36, Sys 0 00:00:18  -  Total Remote Usage
		Usr 0 00:00:00, Sys 0 00:00:00  -  Total Local Usage
	20291  -  Run Bytes Sent By Job
	14471  -  Run Bytes Received By Job
	20291  -  Total Bytes Sent By Job
	14471  -  Total Bytes Received By Job
	Partitionable Resources :    Usage  Request Allocated 
	   Cpus                 :     0.00        1         1 
	   Disk (KB)            :    53           7    320117 
	   Memory (MB)          :   292        2048      2048 
...
