000 (61127943.002.000) 05/27 05:40:40 Job submitted from host: <131.225.188.235:9618?addrs=131.225.188.235-9618&noUDP&sock=15005_c2aa_3>
...
001 (61127943.002.000) 05/27 05:41:04 Job executing on host: <131.225.206.180:9618?addrs=131.225.206.180-9618&noUDP&sock=4700_6336_3>
...
006 (61127943.002.000) 05/27 05:41:13 Image size of job updated: 2
	1  -  MemoryUsage of job (MB)
	1904  -  ResidentSetSize of job (KB)
...
006 (61127943.002.000) 05/27 05:42:13 Image size of job updated: 216
	216  -  MemoryUsage of job (MB)
	221356  -  ResidentSetSize of job (KB)
...
006 (61127943.002.000) 05/27 05:43:13 Image size of job updated: 282
	282  -  MemoryUsage of job (MB)
	289744  -  ResidentSetSize of job (KB)
...
006 (61127943.002.000) 05/27 05:44:13 Image size of job updated: 291
	291  -  MemoryUsage of job (MB)
	298560  -  ResidentSetSize of job (KB)
...
006 (61127943.002.000) 05/27 05:45:04 Image size of job updated: 295
	295  -  MemoryUsage of job (MB)
	302888  -  ResidentSetSize of job (KB)
...
005 (61127943.002.000) 05/27 05:45:05 Job terminated.
	(1) Normal termination (return value 0)
		Usr 0 00:02:42, Sys 0 00:00:16  -  Run Remote Usage
		Usr 0 00:00:00, Sys 0 00:00:00  -  Run Local Usage
		Usr 0 00:02:42, Sys 0 00:00:16  -  Total Remote Usage
		Usr 0 00:00:00, Sys 0 00:00:00  -  Total Local Usage
	20762  -  Run Bytes Sent By Job
	14471  -  Run Bytes Received By Job
	20762  -  Total Bytes Sent By Job
	14471  -  Total Bytes Received By Job
	Partitionable Resources :    Usage  Request Allocated 
	   Cpus                 :     0.00        1         1 
	   Disk (KB)            :    54           7    312818 
	   Memory (MB)          :   295        2048      2048 
...
