000 (61127943.011.000) 05/27 05:40:40 Job submitted from host: <131.225.188.235:9618?addrs=131.225.188.235-9618&noUDP&sock=15005_c2aa_3>
...
001 (61127943.011.000) 05/27 05:41:06 Job executing on host: <131.225.204.98:9618?addrs=131.225.204.98-9618&noUDP&sock=4538_44de_3>
...
006 (61127943.011.000) 05/27 05:41:15 Image size of job updated: 2
	2  -  MemoryUsage of job (MB)
	2888  -  ResidentSetSize of job (KB)
...
006 (61127943.011.000) 05/27 05:42:17 Image size of job updated: 260
	260  -  MemoryUsage of job (MB)
	266704  -  ResidentSetSize of job (KB)
...
006 (61127943.011.000) 05/27 05:43:18 Image size of job updated: 286
	286  -  MemoryUsage of job (MB)
	293072  -  ResidentSetSize of job (KB)
...
006 (61127943.011.000) 05/27 05:44:19 Image size of job updated: 348
	348  -  MemoryUsage of job (MB)
	357224  -  ResidentSetSize of job (KB)
...
006 (61127943.011.000) 05/27 05:45:20 Image size of job updated: 348
	348  -  MemoryUsage of job (MB)
	357256  -  ResidentSetSize of job (KB)
...
006 (61127943.011.000) 05/27 05:46:22 Image size of job updated: 348
	348  -  MemoryUsage of job (MB)
	357308  -  ResidentSetSize of job (KB)
...
006 (61127943.011.000) 05/27 05:47:22 Image size of job updated: 348
	348  -  MemoryUsage of job (MB)
	357324  -  ResidentSetSize of job (KB)
...
006 (61127943.011.000) 05/27 05:48:22 Image size of job updated: 348
	348  -  MemoryUsage of job (MB)
	357340  -  ResidentSetSize of job (KB)
...
006 (61127943.011.000) 05/27 05:50:22 Image size of job updated: 348
	348  -  MemoryUsage of job (MB)
	357344  -  ResidentSetSize of job (KB)
...
005 (61127943.011.000) 05/27 05:51:26 Job terminated.
	(1) Normal termination (return value 0)
		Usr 0 00:08:24, Sys 0 00:00:25  -  Run Remote Usage
		Usr 0 00:00:00, Sys 0 00:00:00  -  Run Local Usage
		Usr 0 00:08:24, Sys 0 00:00:25  -  Total Remote Usage
		Usr 0 00:00:00, Sys 0 00:00:00  -  Total Local Usage
	22754  -  Run Bytes Sent By Job
	14471  -  Run Bytes Received By Job
	22754  -  Total Bytes Sent By Job
	14471  -  Total Bytes Received By Job
	Partitionable Resources :    Usage  Request Allocated 
	   Cpus                 :     0.00        1         1 
	   Disk (KB)            :    56           7    317531 
	   Memory (MB)          :   348        2048      2048 
...
