000 (61127943.023.000) 05/27 05:40:40 Job submitted from host: <131.225.188.235:9618?addrs=131.225.188.235-9618&noUDP&sock=15005_c2aa_3>
...
001 (61127943.023.000) 05/27 05:41:08 Job executing on host: <131.225.206.47:9618?addrs=131.225.206.47-9618&noUDP&sock=4531_77b4_3>
...
006 (61127943.023.000) 05/27 05:41:17 Image size of job updated: 2
	2  -  MemoryUsage of job (MB)
	2200  -  ResidentSetSize of job (KB)
...
006 (61127943.023.000) 05/27 05:42:17 Image size of job updated: 216
	216  -  MemoryUsage of job (MB)
	221276  -  ResidentSetSize of job (KB)
...
006 (61127943.023.000) 05/27 05:43:17 Image size of job updated: 277
	277  -  MemoryUsage of job (MB)
	284584  -  ResidentSetSize of job (KB)
...
006 (61127943.023.000) 05/27 05:44:18 Image size of job updated: 283
	283  -  MemoryUsage of job (MB)
	290248  -  ResidentSetSize of job (KB)
...
006 (61127943.023.000) 05/27 05:45:19 Image size of job updated: 287
	287  -  MemoryUsage of job (MB)
	294656  -  ResidentSetSize of job (KB)
...
006 (61127943.023.000) 05/27 05:46:20 Image size of job updated: 291
	291  -  MemoryUsage of job (MB)
	298408  -  ResidentSetSize of job (KB)
...
006 (61127943.023.000) 05/27 05:47:21 Image size of job updated: 293
	293  -  MemoryUsage of job (MB)
	301044  -  ResidentSetSize of job (KB)
...
006 (61127943.023.000) 05/27 05:48:22 Image size of job updated: 296
	296  -  MemoryUsage of job (MB)
	303888  -  ResidentSetSize of job (KB)
...
006 (61127943.023.000) 05/27 05:49:23 Image size of job updated: 296
	296  -  MemoryUsage of job (MB)
	303908  -  ResidentSetSize of job (KB)
...
005 (61127943.023.000) 05/27 05:50:23 Job terminated.
	(1) Normal termination (return value 0)
		Usr 0 00:05:45, Sys 0 00:00:35  -  Run Remote Usage
		Usr 0 00:00:00, Sys 0 00:00:00  -  Run Local Usage
		Usr 0 00:05:45, Sys 0 00:00:35  -  Total Remote Usage
		Usr 0 00:00:00, Sys 0 00:00:00  -  Total Local Usage
	29342  -  Run Bytes Sent By Job
	14471  -  Run Bytes Received By Job
	29342  -  Total Bytes Sent By Job
	14471  -  Total Bytes Received By Job
	Partitionable Resources :    Usage  Request Allocated 
	   Cpus                 :        0        1         1 
	   Disk (KB)            :       62        7    322564 
	   Memory (MB)          :      296     2048      2048 
...
