000 (61127943.022.000) 05/27 05:40:40 Job submitted from host: <131.225.188.235:9618?addrs=131.225.188.235-9618&noUDP&sock=15005_c2aa_3>
...
001 (61127943.022.000) 05/27 05:41:08 Job executing on host: <131.225.206.107:9618?addrs=131.225.206.107-9618&noUDP&sock=4551_2f99_3>
...
006 (61127943.022.000) 05/27 05:41:17 Image size of job updated: 12
	12  -  MemoryUsage of job (MB)
	12940  -  ResidentSetSize of job (KB)
...
006 (61127943.022.000) 05/27 05:42:17 Image size of job updated: 215
	215  -  MemoryUsage of job (MB)
	221136  -  ResidentSetSize of job (KB)
...
006 (61127943.022.000) 05/27 05:43:17 Image size of job updated: 216
	216  -  MemoryUsage of job (MB)
	221572  -  ResidentSetSize of job (KB)
...
006 (61127943.022.000) 05/27 05:44:17 Image size of job updated: 216
	216  -  MemoryUsage of job (MB)
	221608  -  ResidentSetSize of job (KB)
...
006 (61127943.022.000) 05/27 05:45:17 Image size of job updated: 277
	277  -  MemoryUsage of job (MB)
	284180  -  ResidentSetSize of job (KB)
...
006 (61127943.022.000) 05/27 05:46:17 Image size of job updated: 279
	279  -  MemoryUsage of job (MB)
	286432  -  ResidentSetSize of job (KB)
...
006 (61127943.022.000) 05/27 05:47:17 Image size of job updated: 282
	282  -  MemoryUsage of job (MB)
	289516  -  ResidentSetSize of job (KB)
...
006 (61127943.022.000) 05/27 05:48:17 Image size of job updated: 285
	285  -  MemoryUsage of job (MB)
	292008  -  ResidentSetSize of job (KB)
...
006 (61127943.022.000) 05/27 05:49:18 Image size of job updated: 288
	288  -  MemoryUsage of job (MB)
	295732  -  ResidentSetSize of job (KB)
...
006 (61127943.022.000) 05/27 05:50:19 Image size of job updated: 290
	290  -  MemoryUsage of job (MB)
	297592  -  ResidentSetSize of job (KB)
...
006 (61127943.022.000) 05/27 05:51:20 Image size of job updated: 292
	292  -  MemoryUsage of job (MB)
	299896  -  ResidentSetSize of job (KB)
...
006 (61127943.022.000) 05/27 05:52:21 Image size of job updated: 295
	295  -  MemoryUsage of job (MB)
	302392  -  ResidentSetSize of job (KB)
...
006 (61127943.022.000) 05/27 05:53:22 Image size of job updated: 297
	297  -  MemoryUsage of job (MB)
	304660  -  ResidentSetSize of job (KB)
...
006 (61127943.022.000) 05/27 05:54:23 Image size of job updated: 297
	297  -  MemoryUsage of job (MB)
	304840  -  ResidentSetSize of job (KB)
...
006 (61127943.022.000) 05/27 05:55:24 Image size of job updated: 297
	297  -  MemoryUsage of job (MB)
	304904  -  ResidentSetSize of job (KB)
...
006 (61127943.022.000) 05/27 05:56:26 Image size of job updated: 297
	297  -  MemoryUsage of job (MB)
	304912  -  ResidentSetSize of job (KB)
...
006 (61127943.022.000) 05/27 05:57:26 Image size of job updated: 297
	297  -  MemoryUsage of job (MB)
	304916  -  ResidentSetSize of job (KB)
...
006 (61127943.022.000) 05/27 06:00:26 Image size of job updated: 297
	297  -  MemoryUsage of job (MB)
	305100  -  ResidentSetSize of job (KB)
...
006 (61127943.022.000) 05/27 06:03:27 Image size of job updated: 398
	398  -  MemoryUsage of job (MB)
	408100  -  ResidentSetSize of job (KB)
...
006 (61127943.022.000) 05/27 06:04:27 Image size of job updated: 398
	398  -  MemoryUsage of job (MB)
	408156  -  ResidentSetSize of job (KB)
...
006 (61127943.022.000) 05/27 06:05:27 Image size of job updated: 398
	398  -  MemoryUsage of job (MB)
	408184  -  ResidentSetSize of job (KB)
...
006 (61127943.022.000) 05/27 06:08:30 Image size of job updated: 398
	398  -  MemoryUsage of job (MB)
	408416  -  ResidentSetSize of job (KB)
...
006 (61127943.022.000) 05/27 06:10:32 Image size of job updated: 398
	398  -  MemoryUsage of job (MB)
	408520  -  ResidentSetSize of job (KB)
...
006 (61127943.022.000) 05/27 06:14:43 Image size of job updated: 398
	11  -  MemoryUsage of job (MB)
	408520  -  ResidentSetSize of job (KB)
...
005 (61127943.022.000) 05/27 06:14:44 Job terminated.
	(1) Normal termination (return value 0)
		Usr 0 00:23:44, Sys 0 00:01:50  -  Run Remote Usage
		Usr 0 00:00:00, Sys 0 00:00:00  -  Run Local Usage
		Usr 0 00:23:44, Sys 0 00:01:50  -  Total Remote Usage
		Usr 0 00:00:00, Sys 0 00:00:00  -  Total Local Usage
	75382  -  Run Bytes Sent By Job
	14471  -  Run Bytes Received By Job
	75382  -  Total Bytes Sent By Job
	14471  -  Total Bytes Received By Job
	Partitionable Resources :    Usage  Request Allocated 
	   Cpus                 :     0.00        1         1 
	   Disk (KB)            :   107           7    384779 
	   Memory (MB)          :    11        2048      2048 
...
