000 (61127943.019.000) 05/27 05:40:40 Job submitted from host: <131.225.188.235:9618?addrs=131.225.188.235-9618&noUDP&sock=15005_c2aa_3>
...
001 (61127943.019.000) 05/27 05:41:08 Job executing on host: <131.225.191.147:9618?addrs=131.225.191.147-9618&noUDP&sock=4720_1b1b_3>
...
006 (61127943.019.000) 05/27 05:41:17 Image size of job updated: 2
	1  -  MemoryUsage of job (MB)
	1600  -  ResidentSetSize of job (KB)
...
006 (61127943.019.000) 05/27 05:42:18 Image size of job updated: 216
	216  -  MemoryUsage of job (MB)
	221688  -  ResidentSetSize of job (KB)
...
006 (61127943.019.000) 05/27 05:43:18 Image size of job updated: 216
	216  -  MemoryUsage of job (MB)
	221760  -  ResidentSetSize of job (KB)
...
006 (61127943.019.000) 05/27 05:44:18 Image size of job updated: 216
	216  -  MemoryUsage of job (MB)
	221780  -  ResidentSetSize of job (KB)
...
006 (61127943.019.000) 05/27 05:45:18 Image size of job updated: 216
	216  -  MemoryUsage of job (MB)
	221788  -  ResidentSetSize of job (KB)
...
006 (61127943.019.000) 05/27 05:47:18 Image size of job updated: 273
	273  -  MemoryUsage of job (MB)
	279740  -  ResidentSetSize of job (KB)
...
006 (61127943.019.000) 05/27 05:48:18 Image size of job updated: 280
	280  -  MemoryUsage of job (MB)
	287464  -  ResidentSetSize of job (KB)
...
006 (61127943.019.000) 05/27 05:49:18 Image size of job updated: 282
	282  -  MemoryUsage of job (MB)
	289748  -  ResidentSetSize of job (KB)
...
006 (61127943.019.000) 05/27 05:50:18 Image size of job updated: 284
	284  -  MemoryUsage of job (MB)
	290916  -  ResidentSetSize of job (KB)
...
006 (61127943.019.000) 05/27 05:51:19 Image size of job updated: 285
	285  -  MemoryUsage of job (MB)
	292652  -  ResidentSetSize of job (KB)
...
006 (61127943.019.000) 05/27 05:52:20 Image size of job updated: 288
	288  -  MemoryUsage of job (MB)
	295144  -  ResidentSetSize of job (KB)
...
006 (61127943.019.000) 05/27 05:53:21 Image size of job updated: 290
	290  -  MemoryUsage of job (MB)
	297440  -  ResidentSetSize of job (KB)
...
006 (61127943.019.000) 05/27 05:54:22 Image size of job updated: 291
	291  -  MemoryUsage of job (MB)
	298768  -  ResidentSetSize of job (KB)
...
006 (61127943.019.000) 05/27 05:55:23 Image size of job updated: 293
	293  -  MemoryUsage of job (MB)
	300452  -  ResidentSetSize of job (KB)
...
006 (61127943.019.000) 05/27 05:56:24 Image size of job updated: 295
	295  -  MemoryUsage of job (MB)
	302332  -  ResidentSetSize of job (KB)
...
006 (61127943.019.000) 05/27 05:57:25 Image size of job updated: 297
	297  -  MemoryUsage of job (MB)
	304372  -  ResidentSetSize of job (KB)
...
006 (61127943.019.000) 05/27 05:58:26 Image size of job updated: 298
	298  -  MemoryUsage of job (MB)
	305296  -  ResidentSetSize of job (KB)
...
006 (61127943.019.000) 05/27 06:00:28 Image size of job updated: 298
	298  -  MemoryUsage of job (MB)
	305320  -  ResidentSetSize of job (KB)
...
006 (61127943.019.000) 05/27 06:05:28 Image size of job updated: 298
	298  -  MemoryUsage of job (MB)
	305324  -  ResidentSetSize of job (KB)
...
006 (61127943.019.000) 05/27 06:07:29 Image size of job updated: 298
	298  -  MemoryUsage of job (MB)
	305328  -  ResidentSetSize of job (KB)
...
006 (61127943.019.000) 05/27 06:09:31 Image size of job updated: 402
	402  -  MemoryUsage of job (MB)
	411796  -  ResidentSetSize of job (KB)
...
005 (61127943.019.000) 05/27 06:43:49 Job terminated.
	(1) Normal termination (return value 0)
		Usr 0 00:42:04, Sys 0 00:03:35  -  Run Remote Usage
		Usr 0 00:00:00, Sys 0 00:00:00  -  Run Local Usage
		Usr 0 00:42:04, Sys 0 00:03:35  -  Total Remote Usage
		Usr 0 00:00:00, Sys 0 00:00:00  -  Total Local Usage
	135344  -  Run Bytes Sent By Job
	14471  -  Run Bytes Received By Job
	135344  -  Total Bytes Sent By Job
	14471  -  Total Bytes Received By Job
	Partitionable Resources :    Usage  Request Allocated 
	   Cpus                 :        0        1         1 
	   Disk (KB)            :      166        7    316940 
	   Memory (MB)          :      402     2048      2048 
...
