000 (61127943.014.000) 05/27 05:40:40 Job submitted from host: <131.225.188.235:9618?addrs=131.225.188.235-9618&noUDP&sock=15005_c2aa_3>
...
001 (61127943.014.000) 05/27 05:41:07 Job executing on host: <131.225.191.137:9618?addrs=131.225.191.137-9618&noUDP&sock=4539_f476_3>
...
006 (61127943.014.000) 05/27 05:41:16 Image size of job updated: 8
	8  -  MemoryUsage of job (MB)
	9032  -  ResidentSetSize of job (KB)
...
006 (61127943.014.000) 05/27 05:42:18 Image size of job updated: 259
	259  -  MemoryUsage of job (MB)
	265472  -  ResidentSetSize of job (KB)
...
006 (61127943.014.000) 05/27 05:43:19 Image size of job updated: 280
	280  -  MemoryUsage of job (MB)
	286760  -  ResidentSetSize of job (KB)
...
006 (61127943.014.000) 05/27 05:44:21 Image size of job updated: 348
	348  -  MemoryUsage of job (MB)
	356824  -  ResidentSetSize of job (KB)
...
006 (61127943.014.000) 05/27 05:45:21 Image size of job updated: 350
	350  -  MemoryUsage of job (MB)
	359240  -  ResidentSetSize of job (KB)
...
006 (61127943.014.000) 05/27 05:46:21 Image size of job updated: 351
	351  -  MemoryUsage of job (MB)
	359436  -  ResidentSetSize of job (KB)
...
006 (61127943.014.000) 05/27 05:48:21 Image size of job updated: 351
	351  -  MemoryUsage of job (MB)
	359440  -  ResidentSetSize of job (KB)
...
005 (61127943.014.000) 05/27 05:49:03 Job terminated.
	(1) Normal termination (return value 0)
		Usr 0 00:06:22, Sys 0 00:00:19  -  Run Remote Usage
		Usr 0 00:00:00, Sys 0 00:00:00  -  Run Local Usage
		Usr 0 00:06:22, Sys 0 00:00:19  -  Total Remote Usage
		Usr 0 00:00:00, Sys 0 00:00:00  -  Total Local Usage
	19324  -  Run Bytes Sent By Job
	14471  -  Run Bytes Received By Job
	19324  -  Total Bytes Sent By Job
	14471  -  Total Bytes Received By Job
	Partitionable Resources :    Usage  Request Allocated 
	   Cpus                 :     0.00        1         1 
	   Disk (KB)            :    53           7    319848 
	   Memory (MB)          :   351        2048      2048 
...
