000 (61127943.009.000) 05/27 05:40:40 Job submitted from host: <131.225.188.235:9618?addrs=131.225.188.235-9618&noUDP&sock=15005_c2aa_3>
...
001 (61127943.009.000) 05/27 05:41:06 Job executing on host: <131.225.204.101:9618?addrs=131.225.204.101-9618&noUDP&sock=4530_c81c_3>
...
006 (61127943.009.000) 05/27 05:41:15 Image size of job updated: 15
	15  -  MemoryUsage of job (MB)
	16192  -  ResidentSetSize of job (KB)
...
006 (61127943.009.000) 05/27 05:42:16 Image size of job updated: 214
	214  -  MemoryUsage of job (MB)
	220044  -  ResidentSetSize of job (KB)
...
006 (61127943.009.000) 05/27 05:43:17 Image size of job updated: 214
	214  -  MemoryUsage of job (MB)
	220096  -  ResidentSetSize of job (KB)
...
006 (61127943.009.000) 05/27 05:44:18 Image size of job updated: 260
	260  -  MemoryUsage of job (MB)
	267044  -  ResidentSetSize of job (KB)
...
006 (61127943.009.000) 05/27 05:45:19 Image size of job updated: 345
	345  -  MemoryUsage of job (MB)
	353540  -  ResidentSetSize of job (KB)
...
006 (61127943.009.000) 05/27 05:46:19 Image size of job updated: 348
	348  -  MemoryUsage of job (MB)
	357172  -  ResidentSetSize of job (KB)
...
006 (61127943.009.000) 05/27 05:47:19 Image size of job updated: 348
	348  -  MemoryUsage of job (MB)
	357360  -  ResidentSetSize of job (KB)
...
006 (61127943.009.000) 05/27 05:48:19 Image size of job updated: 349
	349  -  MemoryUsage of job (MB)
	357380  -  ResidentSetSize of job (KB)
...
006 (61127943.009.000) 05/27 05:49:19 Image size of job updated: 349
	349  -  MemoryUsage of job (MB)
	357392  -  ResidentSetSize of job (KB)
...
006 (61127943.009.000) 05/27 05:50:20 Image size of job updated: 349
	349  -  MemoryUsage of job (MB)
	357400  -  ResidentSetSize of job (KB)
...
006 (61127943.009.000) 05/27 05:51:20 Image size of job updated: 349
	349  -  MemoryUsage of job (MB)
	357496  -  ResidentSetSize of job (KB)
...
006 (61127943.009.000) 05/27 05:52:20 Image size of job updated: 349
	349  -  MemoryUsage of job (MB)
	357500  -  ResidentSetSize of job (KB)
...
006 (61127943.009.000) 05/27 05:53:20 Image size of job updated: 349
	349  -  MemoryUsage of job (MB)
	357528  -  ResidentSetSize of job (KB)
...
006 (61127943.009.000) 05/27 05:54:22 Image size of job updated: 349
	349  -  MemoryUsage of job (MB)
	357556  -  ResidentSetSize of job (KB)
...
006 (61127943.009.000) 05/27 05:57:25 Image size of job updated: 349
	349  -  MemoryUsage of job (MB)
	357564  -  ResidentSetSize of job (KB)
...
006 (61127943.009.000) 05/27 05:59:27 Image size of job updated: 349
	349  -  MemoryUsage of job (MB)
	357580  -  ResidentSetSize of job (KB)
...
006 (61127943.009.000) 05/27 06:01:30 Image size of job updated: 349
	349  -  MemoryUsage of job (MB)
	357588  -  ResidentSetSize of job (KB)
...
006 (61127943.009.000) 05/27 06:02:30 Image size of job updated: 349
	349  -  MemoryUsage of job (MB)
	357628  -  ResidentSetSize of job (KB)
...
006 (61127943.009.000) 05/27 06:03:30 Image size of job updated: 349
	349  -  MemoryUsage of job (MB)
	357632  -  ResidentSetSize of job (KB)
...
006 (61127943.009.000) 05/27 06:07:30 Image size of job updated: 349
	349  -  MemoryUsage of job (MB)
	357652  -  ResidentSetSize of job (KB)
...
006 (61127943.009.000) 05/27 06:08:30 Image size of job updated: 349
	349  -  MemoryUsage of job (MB)
	357656  -  ResidentSetSize of job (KB)
...
006 (61127943.009.000) 05/27 06:09:31 Image size of job updated: 349
	349  -  MemoryUsage of job (MB)
	357676  -  ResidentSetSize of job (KB)
...
006 (61127943.009.000) 05/27 06:11:33 Image size of job updated: 349
	349  -  MemoryUsage of job (MB)
	357700  -  ResidentSetSize of job (KB)
...
006 (61127943.009.000) 05/27 06:13:36 Image size of job updated: 349
	349  -  MemoryUsage of job (MB)
	357704  -  ResidentSetSize of job (KB)
...
006 (61127943.009.000) 05/27 06:14:36 Image size of job updated: 349
	349  -  MemoryUsage of job (MB)
	357712  -  ResidentSetSize of job (KB)
...
006 (61127943.009.000) 05/27 06:16:36 Image size of job updated: 349
	349  -  MemoryUsage of job (MB)
	357728  -  ResidentSetSize of job (KB)
...
006 (61127943.009.000) 05/27 06:19:36 Image size of job updated: 349
	349  -  MemoryUsage of job (MB)
	357732  -  ResidentSetSize of job (KB)
...
006 (61127943.009.000) 05/27 06:38:47 Image size of job updated: 349
	349  -  MemoryUsage of job (MB)
	357736  -  ResidentSetSize of job (KB)
...
006 (61127943.009.000) 05/27 06:45:49 Image size of job updated: 349
	349  -  MemoryUsage of job (MB)
	357740  -  ResidentSetSize of job (KB)
...
006 (61127943.009.000) 05/27 06:49:53 Image size of job updated: 349
	349  -  MemoryUsage of job (MB)
	357744  -  ResidentSetSize of job (KB)
...
006 (61127943.009.000) 05/27 06:51:55 Image size of job updated: 349
	349  -  MemoryUsage of job (MB)
	357764  -  ResidentSetSize of job (KB)
...
006 (61127943.009.000) 05/27 06:59:58 Image size of job updated: 349
	81  -  MemoryUsage of job (MB)
	357764  -  ResidentSetSize of job (KB)
...
005 (61127943.009.000) 05/27 07:00:08 Job terminated.
	(1) Normal termination (return value 0)
		Usr 0 01:06:55, Sys 0 00:02:25  -  Run Remote Usage
		Usr 0 00:00:00, Sys 0 00:00:00  -  Run Local Usage
		Usr 0 01:06:55, Sys 0 00:02:25  -  Total Remote Usage
		Usr 0 00:00:00, Sys 0 00:00:00  -  Total Local Usage
	96885  -  Run Bytes Sent By Job
	14471  -  Run Bytes Received By Job
	96885  -  Total Bytes Sent By Job
	14471  -  Total Bytes Received By Job
	Partitionable Resources :    Usage  Request Allocated 
	   Cpus                 :        0        1         1 
	   Disk (KB)            :      129        7    320986 
	   Memory (MB)          :       81     2048      2048 
...
