000 (61127943.020.000) 05/27 05:40:40 Job submitted from host: <131.225.188.235:9618?addrs=131.225.188.235-9618&noUDP&sock=15005_c2aa_3>
...
001 (61127943.020.000) 05/27 05:41:08 Job executing on host: <131.225.206.174:9618?addrs=131.225.206.174-9618&noUDP&sock=4530_c81c_3>
...
006 (61127943.020.000) 05/27 05:41:17 Image size of job updated: 14
	14  -  MemoryUsage of job (MB)
	14336  -  ResidentSetSize of job (KB)
...
006 (61127943.020.000) 05/27 05:42:17 Image size of job updated: 216
	216  -  MemoryUsage of job (MB)
	221292  -  ResidentSetSize of job (KB)
...
006 (61127943.020.000) 05/27 05:43:17 Image size of job updated: 278
	278  -  MemoryUsage of job (MB)
	285016  -  ResidentSetSize of job (KB)
...
006 (61127943.020.000) 05/27 05:43:39 Image size of job updated: 279
	279  -  MemoryUsage of job (MB)
	286216  -  ResidentSetSize of job (KB)
...
005 (61127943.020.000) 05/27 05:43:40 Job terminated.
	(1) Normal termination (return value 0)
		Usr 0 00:01:36, Sys 0 00:00:10  -  Run Remote Usage
		Usr 0 00:00:00, Sys 0 00:00:00  -  Run Local Usage
		Usr 0 00:01:36, Sys 0 00:00:10  -  Total Remote Usage
		Usr 0 00:00:00, Sys 0 00:00:00  -  Total Local Usage
	17724  -  Run Bytes Sent By Job
	14471  -  Run Bytes Received By Job
	17724  -  Total Bytes Sent By Job
	14471  -  Total Bytes Received By Job
	Partitionable Resources :    Usage  Request Allocated 
	   Cpus                 :        0        1         1 
	   Disk (KB)            :       51        7    313773 
	   Memory (MB)          :      279     2048      2048 
...
