000 (61127943.083.000) 05/27 05:40:40 Job submitted from host: <131.225.188.235:9618?addrs=131.225.188.235-9618&noUDP&sock=15005_c2aa_3>
...
001 (61127943.083.000) 05/27 05:41:20 Job executing on host: <131.225.204.91:9618?addrs=131.225.204.91-9618&noUDP&sock=4543_b2d7_3>
...
006 (61127943.083.000) 05/27 05:41:29 Image size of job updated: 8
	8  -  MemoryUsage of job (MB)
	9028  -  ResidentSetSize of job (KB)
...
006 (61127943.083.000) 05/27 05:42:29 Image size of job updated: 219
	219  -  MemoryUsage of job (MB)
	224800  -  ResidentSetSize of job (KB)
...
006 (61127943.083.000) 05/27 05:43:29 Image size of job updated: 256
	256  -  MemoryUsage of job (MB)
	262432  -  ResidentSetSize of job (KB)
...
005 (61127943.083.000) 05/27 05:44:02 Job terminated.
	(1) Normal termination (return value 0)
		Usr 0 00:01:11, Sys 0 00:00:13  -  Run Remote Usage
		Usr 0 00:00:00, Sys 0 00:00:00  -  Run Local Usage
		Usr 0 00:01:11, Sys 0 00:00:13  -  Total Remote Usage
		Usr 0 00:00:00, Sys 0 00:00:00  -  Total Local Usage
	15715  -  Run Bytes Sent By Job
	14471  -  Run Bytes Received By Job
	15715  -  Total Bytes Sent By Job
	14471  -  Total Bytes Received By Job
	Partitionable Resources :    Usage  Request Allocated 
	   Cpus                 :     0.00        1         1 
	   Disk (KB)            :    48           7    308699 
	   Memory (MB)          :   256        2048      2048 
...
