000 (61127943.082.000) 05/27 05:40:40 Job submitted from host: <131.225.188.235:9618?addrs=131.225.188.235-9618&noUDP&sock=15005_c2aa_3>
...
001 (61127943.082.000) 05/27 05:41:20 Job executing on host: <131.225.191.192:9618?addrs=131.225.191.192-9618&noUDP&sock=4551_2f99_3>
...
006 (61127943.082.000) 05/27 05:41:29 Image size of job updated: 11
	11  -  MemoryUsage of job (MB)
	12204  -  ResidentSetSize of job (KB)
...
006 (61127943.082.000) 05/27 05:42:30 Image size of job updated: 272
	272  -  MemoryUsage of job (MB)
	279260  -  ResidentSetSize of job (KB)
...
006 (61127943.082.000) 05/27 05:44:32 Image size of job updated: 272
	272  -  MemoryUsage of job (MB)
	279300  -  ResidentSetSize of job (KB)
...
006 (61127943.082.000) 05/27 05:45:32 Image size of job updated: 272
	272  -  MemoryUsage of job (MB)
	279304  -  ResidentSetSize of job (KB)
...
006 (61127943.082.000) 05/27 05:46:32 Image size of job updated: 272
	272  -  MemoryUsage of job (MB)
	279332  -  ResidentSetSize of job (KB)
...
006 (61127943.082.000) 05/27 05:48:32 Image size of job updated: 272
	272  -  MemoryUsage of job (MB)
	279364  -  ResidentSetSize of job (KB)
...
006 (61127943.082.000) 05/27 05:50:32 Image size of job updated: 272
	272  -  MemoryUsage of job (MB)
	279372  -  ResidentSetSize of job (KB)
...
006 (61127943.082.000) 05/27 05:52:32 Image size of job updated: 272
	272  -  MemoryUsage of job (MB)
	279396  -  ResidentSetSize of job (KB)
...
006 (61127943.082.000) 05/27 05:53:32 Image size of job updated: 272
	272  -  MemoryUsage of job (MB)
	279400  -  ResidentSetSize of job (KB)
...
006 (61127943.082.000) 05/27 05:56:33 Image size of job updated: 272
	272  -  MemoryUsage of job (MB)
	279404  -  ResidentSetSize of job (KB)
...
005 (61127943.082.000) 05/27 05:57:27 Job terminated.
	(1) Normal termination (return value 0)
		Usr 0 00:07:58, Sys 0 00:01:48  -  Run Remote Usage
		Usr 0 00:00:00, Sys 0 00:00:00  -  Run Local Usage
		Usr 0 00:07:58, Sys 0 00:01:48  -  Total Remote Usage
		Usr 0 00:00:00, Sys 0 00:00:00  -  Total Local Usage
	37446  -  Run Bytes Sent By Job
	14471  -  Run Bytes Received By Job
	37446  -  Total Bytes Sent By Job
	14471  -  Total Bytes Received By Job
	Partitionable Resources :    Usage  Request Allocated 
	   Cpus                 :        0        1         1 
	   Disk (KB)            :       70        7    317731 
	   Memory (MB)          :      272     2048      2048 
...
