000 (61127943.078.000) 05/27 05:40:40 Job submitted from host: <131.225.188.235:9618?addrs=131.225.188.235-9618&noUDP&sock=15005_c2aa_3>
...
001 (61127943.078.000) 05/27 05:41:19 Job executing on host: <131.225.204.93:9618?addrs=131.225.204.93-9618&noUDP&sock=4528_68ec_3>
...
006 (61127943.078.000) 05/27 05:41:28 Image size of job updated: 15
	15  -  MemoryUsage of job (MB)
	16276  -  ResidentSetSize of job (KB)
...
006 (61127943.078.000) 05/27 05:42:28 Image size of job updated: 270
	270  -  MemoryUsage of job (MB)
	277000  -  ResidentSetSize of job (KB)
...
006 (61127943.078.000) 05/27 05:44:28 Image size of job updated: 270
	270  -  MemoryUsage of job (MB)
	277040  -  ResidentSetSize of job (KB)
...
006 (61127943.078.000) 05/27 05:46:28 Image size of job updated: 270
	270  -  MemoryUsage of job (MB)
	277044  -  ResidentSetSize of job (KB)
...
006 (61127943.078.000) 05/27 05:48:28 Image size of job updated: 285
	285  -  MemoryUsage of job (MB)
	292344  -  ResidentSetSize of job (KB)
...
006 (61127943.078.000) 05/27 05:49:28 Image size of job updated: 286
	286  -  MemoryUsage of job (MB)
	293468  -  ResidentSetSize of job (KB)
...
006 (61127943.078.000) 05/27 05:50:28 Image size of job updated: 287
	287  -  MemoryUsage of job (MB)
	293944  -  ResidentSetSize of job (KB)
...
006 (61127943.078.000) 05/27 05:51:28 Image size of job updated: 287
	287  -  MemoryUsage of job (MB)
	294752  -  ResidentSetSize of job (KB)
...
006 (61127943.078.000) 05/27 05:52:28 Image size of job updated: 288
	288  -  MemoryUsage of job (MB)
	295560  -  ResidentSetSize of job (KB)
...
006 (61127943.078.000) 05/27 05:53:28 Image size of job updated: 289
	289  -  MemoryUsage of job (MB)
	296188  -  ResidentSetSize of job (KB)
...
006 (61127943.078.000) 05/27 05:54:28 Image size of job updated: 290
	290  -  MemoryUsage of job (MB)
	296960  -  ResidentSetSize of job (KB)
...
006 (61127943.078.000) 05/27 05:55:28 Image size of job updated: 290
	290  -  MemoryUsage of job (MB)
	297708  -  ResidentSetSize of job (KB)
...
006 (61127943.078.000) 05/27 05:56:29 Image size of job updated: 291
	291  -  MemoryUsage of job (MB)
	298528  -  ResidentSetSize of job (KB)
...
006 (61127943.078.000) 05/27 05:57:30 Image size of job updated: 292
	292  -  MemoryUsage of job (MB)
	299008  -  ResidentSetSize of job (KB)
...
006 (61127943.078.000) 05/27 05:58:31 Image size of job updated: 292
	292  -  MemoryUsage of job (MB)
	299876  -  ResidentSetSize of job (KB)
...
006 (61127943.078.000) 05/27 05:59:32 Image size of job updated: 293
	293  -  MemoryUsage of job (MB)
	300732  -  ResidentSetSize of job (KB)
...
006 (61127943.078.000) 05/27 06:00:33 Image size of job updated: 294
	294  -  MemoryUsage of job (MB)
	301620  -  ResidentSetSize of job (KB)
...
006 (61127943.078.000) 05/27 06:01:34 Image size of job updated: 295
	295  -  MemoryUsage of job (MB)
	302464  -  ResidentSetSize of job (KB)
...
006 (61127943.078.000) 05/27 06:02:35 Image size of job updated: 295
	295  -  MemoryUsage of job (MB)
	303064  -  ResidentSetSize of job (KB)
...
006 (61127943.078.000) 05/27 06:03:36 Image size of job updated: 305
	305  -  MemoryUsage of job (MB)
	312736  -  ResidentSetSize of job (KB)
...
006 (61127943.078.000) 05/27 06:04:37 Image size of job updated: 306
	306  -  MemoryUsage of job (MB)
	313580  -  ResidentSetSize of job (KB)
...
006 (61127943.078.000) 05/27 06:05:38 Image size of job updated: 307
	307  -  MemoryUsage of job (MB)
	314372  -  ResidentSetSize of job (KB)
...
006 (61127943.078.000) 05/27 06:06:39 Image size of job updated: 307
	307  -  MemoryUsage of job (MB)
	314900  -  ResidentSetSize of job (KB)
...
006 (61127943.078.000) 05/27 06:07:40 Image size of job updated: 308
	308  -  MemoryUsage of job (MB)
	315908  -  ResidentSetSize of job (KB)
...
006 (61127943.078.000) 05/27 06:08:41 Image size of job updated: 309
	309  -  MemoryUsage of job (MB)
	316648  -  ResidentSetSize of job (KB)
...
006 (61127943.078.000) 05/27 06:09:42 Image size of job updated: 309
	309  -  MemoryUsage of job (MB)
	317412  -  ResidentSetSize of job (KB)
...
006 (61127943.078.000) 05/27 06:10:44 Image size of job updated: 310
	310  -  MemoryUsage of job (MB)
	318304  -  ResidentSetSize of job (KB)
...
006 (61127943.078.000) 05/27 06:11:46 Image size of job updated: 311
	311  -  MemoryUsage of job (MB)
	318820  -  ResidentSetSize of job (KB)
...
006 (61127943.078.000) 05/27 06:12:47 Image size of job updated: 312
	312  -  MemoryUsage of job (MB)
	319672  -  ResidentSetSize of job (KB)
...
006 (61127943.078.000) 05/27 06:13:47 Image size of job updated: 312
	312  -  MemoryUsage of job (MB)
	320444  -  ResidentSetSize of job (KB)
...
006 (61127943.078.000) 05/27 06:14:47 Image size of job updated: 315
	315  -  MemoryUsage of job (MB)
	323172  -  ResidentSetSize of job (KB)
...
006 (61127943.078.000) 05/27 06:18:47 Image size of job updated: 315
	315  -  MemoryUsage of job (MB)
	323196  -  ResidentSetSize of job (KB)
...
006 (61127943.078.000) 05/27 06:20:47 Image size of job updated: 315
	315  -  MemoryUsage of job (MB)
	323200  -  ResidentSetSize of job (KB)
...
006 (61127943.078.000) 05/27 06:25:49 Image size of job updated: 315
	315  -  MemoryUsage of job (MB)
	323268  -  ResidentSetSize of job (KB)
...
006 (61127943.078.000) 05/27 06:26:50 Image size of job updated: 315
	315  -  MemoryUsage of job (MB)
	323280  -  ResidentSetSize of job (KB)
...
006 (61127943.078.000) 05/27 06:27:51 Image size of job updated: 315
	315  -  MemoryUsage of job (MB)
	323284  -  ResidentSetSize of job (KB)
...
006 (61127943.078.000) 05/27 06:28:52 Image size of job updated: 315
	315  -  MemoryUsage of job (MB)
	323308  -  ResidentSetSize of job (KB)
...
006 (61127943.078.000) 05/27 06:34:59 Image size of job updated: 315
	315  -  MemoryUsage of job (MB)
	323328  -  ResidentSetSize of job (KB)
...
005 (61127943.078.000) 05/27 06:36:52 Job terminated.
	(1) Normal termination (return value 0)
		Usr 0 00:34:05, Sys 0 00:05:41  -  Run Remote Usage
		Usr 0 00:00:00, Sys 0 00:00:00  -  Run Local Usage
		Usr 0 00:34:05, Sys 0 00:05:41  -  Total Remote Usage
		Usr 0 00:00:00, Sys 0 00:00:00  -  Total Local Usage
	41559  -  Run Bytes Sent By Job
	14471  -  Run Bytes Received By Job
	41559  -  Total Bytes Sent By Job
	14471  -  Total Bytes Received By Job
	Partitionable Resources :    Usage  Request Allocated 
	   Cpus                 :     0.00        1         1 
	   Disk (KB)            :    74           7    322148 
	   Memory (MB)          :   315        2048      2048 
...
