000 (61127943.080.000) 05/27 05:40:40 Job submitted from host: <131.225.188.235:9618?addrs=131.225.188.235-9618&noUDP&sock=15005_c2aa_3>
...
001 (61127943.080.000) 05/27 05:41:20 Job executing on host: <131.225.191.191:9618?addrs=131.225.191.191-9618&noUDP&sock=4531_77b4_3>
...
006 (61127943.080.000) 05/27 05:41:29 Image size of job updated: 15
	15  -  MemoryUsage of job (MB)
	16280  -  ResidentSetSize of job (KB)
...
006 (61127943.080.000) 05/27 05:42:30 Image size of job updated: 270
	270  -  MemoryUsage of job (MB)
	277016  -  ResidentSetSize of job (KB)
...
006 (61127943.080.000) 05/27 05:44:32 Image size of job updated: 270
	270  -  MemoryUsage of job (MB)
	277076  -  ResidentSetSize of job (KB)
...
006 (61127943.080.000) 05/27 05:45:32 Image size of job updated: 270
	270  -  MemoryUsage of job (MB)
	277108  -  ResidentSetSize of job (KB)
...
006 (61127943.080.000) 05/27 05:48:32 Image size of job updated: 270
	270  -  MemoryUsage of job (MB)
	277112  -  ResidentSetSize of job (KB)
...
006 (61127943.080.000) 05/27 05:49:32 Image size of job updated: 272
	272  -  MemoryUsage of job (MB)
	278672  -  ResidentSetSize of job (KB)
...
006 (61127943.080.000) 05/27 05:50:32 Image size of job updated: 286
	286  -  MemoryUsage of job (MB)
	293040  -  ResidentSetSize of job (KB)
...
006 (61127943.080.000) 05/27 05:51:32 Image size of job updated: 287
	287  -  MemoryUsage of job (MB)
	293988  -  ResidentSetSize of job (KB)
...
006 (61127943.080.000) 05/27 05:52:32 Image size of job updated: 287
	287  -  MemoryUsage of job (MB)
	294808  -  ResidentSetSize of job (KB)
...
006 (61127943.080.000) 05/27 05:53:32 Image size of job updated: 288
	288  -  MemoryUsage of job (MB)
	295592  -  ResidentSetSize of job (KB)
...
006 (61127943.080.000) 05/27 05:54:32 Image size of job updated: 289
	289  -  MemoryUsage of job (MB)
	296056  -  ResidentSetSize of job (KB)
...
006 (61127943.080.000) 05/27 05:55:32 Image size of job updated: 289
	289  -  MemoryUsage of job (MB)
	296756  -  ResidentSetSize of job (KB)
...
006 (61127943.080.000) 05/27 05:56:32 Image size of job updated: 290
	290  -  MemoryUsage of job (MB)
	297536  -  ResidentSetSize of job (KB)
...
006 (61127943.080.000) 05/27 05:57:32 Image size of job updated: 291
	291  -  MemoryUsage of job (MB)
	298324  -  ResidentSetSize of job (KB)
...
006 (61127943.080.000) 05/27 05:58:32 Image size of job updated: 291
	291  -  MemoryUsage of job (MB)
	298768  -  ResidentSetSize of job (KB)
...
006 (61127943.080.000) 05/27 05:59:32 Image size of job updated: 292
	292  -  MemoryUsage of job (MB)
	299540  -  ResidentSetSize of job (KB)
...
006 (61127943.080.000) 05/27 06:00:32 Image size of job updated: 293
	293  -  MemoryUsage of job (MB)
	300240  -  ResidentSetSize of job (KB)
...
006 (61127943.080.000) 05/27 06:01:32 Image size of job updated: 293
	293  -  MemoryUsage of job (MB)
	300984  -  ResidentSetSize of job (KB)
...
006 (61127943.080.000) 05/27 06:02:32 Image size of job updated: 294
	294  -  MemoryUsage of job (MB)
	301476  -  ResidentSetSize of job (KB)
...
006 (61127943.080.000) 05/27 06:03:33 Image size of job updated: 295
	295  -  MemoryUsage of job (MB)
	302104  -  ResidentSetSize of job (KB)
...
006 (61127943.080.000) 05/27 06:04:34 Image size of job updated: 295
	295  -  MemoryUsage of job (MB)
	302824  -  ResidentSetSize of job (KB)
...
006 (61127943.080.000) 05/27 06:05:35 Image size of job updated: 296
	296  -  MemoryUsage of job (MB)
	303516  -  ResidentSetSize of job (KB)
...
006 (61127943.080.000) 05/27 06:06:36 Image size of job updated: 296
	296  -  MemoryUsage of job (MB)
	303948  -  ResidentSetSize of job (KB)
...
006 (61127943.080.000) 05/27 06:07:37 Image size of job updated: 313
	313  -  MemoryUsage of job (MB)
	321312  -  ResidentSetSize of job (KB)
...
006 (61127943.080.000) 05/27 06:08:38 Image size of job updated: 314
	314  -  MemoryUsage of job (MB)
	322192  -  ResidentSetSize of job (KB)
...
006 (61127943.080.000) 05/27 06:09:39 Image size of job updated: 315
	315  -  MemoryUsage of job (MB)
	323052  -  ResidentSetSize of job (KB)
...
006 (61127943.080.000) 05/27 06:10:40 Image size of job updated: 316
	316  -  MemoryUsage of job (MB)
	323612  -  ResidentSetSize of job (KB)
...
006 (61127943.080.000) 05/27 06:11:41 Image size of job updated: 316
	316  -  MemoryUsage of job (MB)
	324548  -  ResidentSetSize of job (KB)
...
006 (61127943.080.000) 05/27 06:12:42 Image size of job updated: 317
	317  -  MemoryUsage of job (MB)
	325328  -  ResidentSetSize of job (KB)
...
006 (61127943.080.000) 05/27 06:13:43 Image size of job updated: 318
	318  -  MemoryUsage of job (MB)
	326220  -  ResidentSetSize of job (KB)
...
006 (61127943.080.000) 05/27 06:14:44 Image size of job updated: 319
	319  -  MemoryUsage of job (MB)
	327072  -  ResidentSetSize of job (KB)
...
006 (61127943.080.000) 05/27 06:15:45 Image size of job updated: 320
	320  -  MemoryUsage of job (MB)
	327728  -  ResidentSetSize of job (KB)
...
006 (61127943.080.000) 05/27 06:16:46 Image size of job updated: 320
	320  -  MemoryUsage of job (MB)
	328608  -  ResidentSetSize of job (KB)
...
006 (61127943.080.000) 05/27 06:17:47 Image size of job updated: 321
	321  -  MemoryUsage of job (MB)
	329496  -  ResidentSetSize of job (KB)
...
006 (61127943.080.000) 05/27 06:18:48 Image size of job updated: 321
	321  -  MemoryUsage of job (MB)
	329524  -  ResidentSetSize of job (KB)
...
006 (61127943.080.000) 05/27 06:19:48 Image size of job updated: 321
	321  -  MemoryUsage of job (MB)
	329592  -  ResidentSetSize of job (KB)
...
006 (61127943.080.000) 05/27 06:48:03 Image size of job updated: 322
	322  -  MemoryUsage of job (MB)
	329872  -  ResidentSetSize of job (KB)
...
006 (61127943.080.000) 05/27 06:49:04 Image size of job updated: 322
	322  -  MemoryUsage of job (MB)
	329888  -  ResidentSetSize of job (KB)
...
006 (61127943.080.000) 05/27 06:50:05 Image size of job updated: 322
	322  -  MemoryUsage of job (MB)
	329892  -  ResidentSetSize of job (KB)
...
006 (61127943.080.000) 05/27 06:52:07 Image size of job updated: 322
	322  -  MemoryUsage of job (MB)
	329896  -  ResidentSetSize of job (KB)
...
006 (61127943.080.000) 05/27 06:54:07 Image size of job updated: 322
	322  -  MemoryUsage of job (MB)
	329928  -  ResidentSetSize of job (KB)
...
006 (61127943.080.000) 05/27 06:56:08 Image size of job updated: 322
	322  -  MemoryUsage of job (MB)
	329988  -  ResidentSetSize of job (KB)
...
006 (61127943.080.000) 05/27 06:58:08 Image size of job updated: 322
	322  -  MemoryUsage of job (MB)
	329996  -  ResidentSetSize of job (KB)
...
005 (61127943.080.000) 05/27 07:03:36 Job terminated.
	(1) Normal termination (return value 0)
		Usr 0 00:51:28, Sys 0 00:08:19  -  Run Remote Usage
		Usr 0 00:00:00, Sys 0 00:00:00  -  Run Local Usage
		Usr 0 00:51:28, Sys 0 00:08:19  -  Total Remote Usage
		Usr 0 00:00:00, Sys 0 00:00:00  -  Total Local Usage
	55362  -  Run Bytes Sent By Job
	14471  -  Run Bytes Received By Job
	55362  -  Total Bytes Sent By Job
	14471  -  Total Bytes Received By Job
	Partitionable Resources :    Usage  Request Allocated 
	   Cpus                 :     0.00        1         1 
	   Disk (KB)            :    88           7    314856 
	   Memory (MB)          :   322        2048      2048 
...
