000 (61127943.026.000) 05/27 05:40:40 Job submitted from host: <131.225.188.235:9618?addrs=131.225.188.235-9618&noUDP&sock=15005_c2aa_3>
...
001 (61127943.026.000) 05/27 05:41:09 Job executing on host: <131.225.204.96:9618?addrs=131.225.204.96-9618&noUDP&sock=4585_81d2_3>
...
006 (61127943.026.000) 05/27 05:41:18 Image size of job updated: 13
	13  -  MemoryUsage of job (MB)
	14328  -  ResidentSetSize of job (KB)
...
006 (61127943.026.000) 05/27 05:42:18 Image size of job updated: 232
	232  -  MemoryUsage of job (MB)
	237632  -  ResidentSetSize of job (KB)
...
006 (61127943.026.000) 05/27 05:42:38 Image size of job updated: 276
	276  -  MemoryUsage of job (MB)
	283184  -  ResidentSetSize of job (KB)
...
005 (61127943.026.000) 05/27 05:42:39 Job terminated.
	(1) Normal termination (return value 0)
		Usr 0 00:00:47, Sys 0 00:00:06  -  Run Remote Usage
		Usr 0 00:00:00, Sys 0 00:00:00  -  Run Local Usage
		Usr 0 00:00:47, Sys 0 00:00:06  -  Total Remote Usage
		Usr 0 00:00:00, Sys 0 00:00:00  -  Total Local Usage
	16147  -  Run Bytes Sent By Job
	14471  -  Run Bytes Received By Job
	16147  -  Total Bytes Sent By Job
	14471  -  Total Bytes Received By Job
	Partitionable Resources :    Usage  Request Allocated 
	   Cpus                 :        0        1         1 
	   Disk (KB)            :       49        7    324728 
	   Memory (MB)          :      276     2048      2048 
...
