000 (61127943.017.000) 05/27 05:40:40 Job submitted from host: <131.225.188.235:9618?addrs=131.225.188.235-9618&noUDP&sock=15005_c2aa_3>
...
001 (61127943.017.000) 05/27 05:41:07 Job executing on host: <131.225.191.160:9618?addrs=131.225.191.160-9618&noUDP&sock=4696_a4d5_3>
...
006 (61127943.017.000) 05/27 05:41:16 Image size of job updated: 15
	15  -  MemoryUsage of job (MB)
	16220  -  ResidentSetSize of job (KB)
...
006 (61127943.017.000) 05/27 05:42:17 Image size of job updated: 261
	261  -  MemoryUsage of job (MB)
	268132  -  ResidentSetSize of job (KB)
...
006 (61127943.017.000) 05/27 05:43:18 Image size of job updated: 284
	284  -  MemoryUsage of job (MB)
	291044  -  ResidentSetSize of job (KB)
...
006 (61127943.017.000) 05/27 05:44:20 Image size of job updated: 352
	352  -  MemoryUsage of job (MB)
	360524  -  ResidentSetSize of job (KB)
...
006 (61127943.017.000) 05/27 05:45:20 Image size of job updated: 352
	352  -  MemoryUsage of job (MB)
	361348  -  ResidentSetSize of job (KB)
...
006 (61127943.017.000) 05/27 05:46:09 Image size of job updated: 352
	352  -  MemoryUsage of job (MB)
	361456  -  ResidentSetSize of job (KB)
...
005 (61127943.017.000) 05/27 05:46:10 Job terminated.
	(1) Normal termination (return value 0)
		Usr 0 00:03:53, Sys 0 00:00:15  -  Run Remote Usage
		Usr 0 00:00:00, Sys 0 00:00:00  -  Run Local Usage
		Usr 0 00:03:53, Sys 0 00:00:15  -  Total Remote Usage
		Usr 0 00:00:00, Sys 0 00:00:00  -  Total Local Usage
	17692  -  Run Bytes Sent By Job
	14471  -  Run Bytes Received By Job
	17692  -  Total Bytes Sent By Job
	14471  -  Total Bytes Received By Job
	Partitionable Resources :    Usage  Request Allocated 
	   Cpus                 :     0.00        1         1 
	   Disk (KB)            :    51           7    320579 
	   Memory (MB)          :   352        2048      2048 
...
