000 (61127943.077.000) 05/27 05:40:40 Job submitted from host: <131.225.188.235:9618?addrs=131.225.188.235-9618&noUDP&sock=15005_c2aa_3>
...
001 (61127943.077.000) 05/27 05:41:19 Job executing on host: <131.225.206.85:9618?addrs=131.225.206.85-9618&noUDP&sock=4522_4b5a_3>
...
006 (61127943.077.000) 05/27 05:41:28 Image size of job updated: 16
	16  -  MemoryUsage of job (MB)
	16448  -  ResidentSetSize of job (KB)
...
006 (61127943.077.000) 05/27 05:42:29 Image size of job updated: 213
	213  -  MemoryUsage of job (MB)
	218244  -  ResidentSetSize of job (KB)
...
006 (61127943.077.000) 05/27 05:43:30 Image size of job updated: 213
	213  -  MemoryUsage of job (MB)
	218288  -  ResidentSetSize of job (KB)
...
006 (61127943.077.000) 05/27 05:44:31 Image size of job updated: 231
	231  -  MemoryUsage of job (MB)
	236896  -  ResidentSetSize of job (KB)
...
006 (61127943.077.000) 05/27 05:45:32 Image size of job updated: 231
	231  -  MemoryUsage of job (MB)
	237184  -  ResidentSetSize of job (KB)
...
006 (61127943.077.000) 05/27 05:46:34 Image size of job updated: 231
	231  -  MemoryUsage of job (MB)
	237252  -  ResidentSetSize of job (KB)
...
006 (61127943.077.000) 05/27 05:47:36 Image size of job updated: 231
	231  -  MemoryUsage of job (MB)
	237312  -  ResidentSetSize of job (KB)
...
006 (61127943.077.000) 05/27 05:48:36 Image size of job updated: 231
	231  -  MemoryUsage of job (MB)
	237404  -  ResidentSetSize of job (KB)
...
006 (61127943.077.000) 05/27 05:48:56 Image size of job updated: 231
	231  -  MemoryUsage of job (MB)
	237420  -  ResidentSetSize of job (KB)
...
005 (61127943.077.000) 05/27 05:48:57 Job terminated.
	(1) Normal termination (return value 0)
		Usr 0 00:03:51, Sys 0 00:00:51  -  Run Remote Usage
		Usr 0 00:00:00, Sys 0 00:00:00  -  Run Local Usage
		Usr 0 00:03:51, Sys 0 00:00:51  -  Total Remote Usage
		Usr 0 00:00:00, Sys 0 00:00:00  -  Total Local Usage
	37744  -  Run Bytes Sent By Job
	14471  -  Run Bytes Received By Job
	37744  -  Total Bytes Sent By Job
	14471  -  Total Bytes Received By Job
	Partitionable Resources :    Usage  Request Allocated 
	   Cpus                 :     0.00        1         1 
	   Disk (KB)            :    70           7    323719 
	   Memory (MB)          :   231        2048      2048 
...
