000 (2781559.006.000) 12/31 03:40:41 Job submitted from host: <131.225.189.221:9618?addrs=131.225.189.221-9618&noUDP&sock=7970_9786_3>
...
001 (2781559.006.000) 12/31 03:40:50 Job executing on host: <131.225.204.123:65505?addrs=131.225.204.123-65505>
...
006 (2781559.006.000) 12/31 03:40:58 Image size of job updated: 40612
	8  -  MemoryUsage of job (MB)
	7740  -  ResidentSetSize of job (KB)
...
006 (2781559.006.000) 12/31 03:41:58 Image size of job updated: 920528
	302  -  MemoryUsage of job (MB)
	309012  -  ResidentSetSize of job (KB)
...
006 (2781559.006.000) 12/31 03:42:58 Image size of job updated: 1036120
	431  -  MemoryUsage of job (MB)
	440816  -  ResidentSetSize of job (KB)
...
005 (2781559.006.000) 12/31 03:43:13 Job terminated.
	(1) Normal termination (return value 0)
		Usr 0 00:01:32, Sys 0 00:00:03  -  Run Remote Usage
		Usr 0 00:00:00, Sys 0 00:00:00  -  Run Local Usage
		Usr 0 00:01:32, Sys 0 00:00:03  -  Total Remote Usage
		Usr 0 00:00:00, Sys 0 00:00:00  -  Total Local Usage
	15978  -  Run Bytes Sent By Job
	14407  -  Run Bytes Received By Job
	15978  -  Total Bytes Sent By Job
	14407  -  Total Bytes Received By Job
	Partitionable Resources :    Usage  Request Allocated
	   Cpus                 :                 1         1
	   Disk (KB)            :    71434        7   3468844
	   Memory (MB)          :      431     2100      2100
...
