000 (2781559.015.000) 12/31 03:40:41 Job submitted from host: <131.225.189.221:9618?addrs=131.225.189.221-9618&noUDP&sock=7970_9786_3>
...
001 (2781559.015.000) 12/31 03:40:52 Job executing on host: <131.225.207.162:29102?addrs=131.225.207.162-29102>
...
006 (2781559.015.000) 12/31 03:41:00 Image size of job updated: 76400
	3  -  MemoryUsage of job (MB)
	2180  -  ResidentSetSize of job (KB)
...
006 (2781559.015.000) 12/31 03:42:00 Image size of job updated: 920704
	303  -  MemoryUsage of job (MB)
	309636  -  ResidentSetSize of job (KB)
...
006 (2781559.015.000) 12/31 03:43:00 Image size of job updated: 1028004
	423  -  MemoryUsage of job (MB)
	432596  -  ResidentSetSize of job (KB)
...
005 (2781559.015.000) 12/31 03:43:01 Job terminated.
	(1) Normal termination (return value 0)
		Usr 0 00:01:28, Sys 0 00:00:02  -  Run Remote Usage
		Usr 0 00:00:00, Sys 0 00:00:00  -  Run Local Usage
		Usr 0 00:01:28, Sys 0 00:00:02  -  Total Remote Usage
		Usr 0 00:00:00, Sys 0 00:00:00  -  Total Local Usage
	15964  -  Run Bytes Sent By Job
	14407  -  Run Bytes Received By Job
	15964  -  Total Bytes Sent By Job
	14407  -  Total Bytes Received By Job
	Partitionable Resources :    Usage  Request Allocated
	   Cpus                 :                 1         1
	   Disk (KB)            :    74647        7   3505700
	   Memory (MB)          :      423     2100      2100
...
