000 (2781559.002.000) 12/31 03:40:41 Job submitted from host: <131.225.189.221:9618?addrs=131.225.189.221-9618&noUDP&sock=7970_9786_3>
...
001 (2781559.002.000) 12/31 03:40:48 Job executing on host: <131.225.206.201:42295?addrs=131.225.206.201-42295>
...
006 (2781559.002.000) 12/31 03:40:56 Image size of job updated: 360536
	36  -  MemoryUsage of job (MB)
	35856  -  ResidentSetSize of job (KB)
...
006 (2781559.002.000) 12/31 03:41:56 Image size of job updated: 925632
	297  -  MemoryUsage of job (MB)
	303840  -  ResidentSetSize of job (KB)
...
005 (2781559.002.000) 12/31 03:42:49 Job terminated.
	(1) Normal termination (return value 0)
		Usr 0 00:01:14, Sys 0 00:00:05  -  Run Remote Usage
		Usr 0 00:00:00, Sys 0 00:00:00  -  Run Local Usage
		Usr 0 00:01:14, Sys 0 00:00:05  -  Total Remote Usage
		Usr 0 00:00:00, Sys 0 00:00:00  -  Total Local Usage
	15879  -  Run Bytes Sent By Job
	14407  -  Run Bytes Received By Job
	15879  -  Total Bytes Sent By Job
	14407  -  Total Bytes Received By Job
	Partitionable Resources :    Usage  Request Allocated
	   Cpus                 :                 1         1
	   Disk (KB)            :    31360        7   2964400
	   Memory (MB)          :      297     2100      2100
...
