000 (2781559.013.000) 12/31 03:40:41 Job submitted from host: <131.225.189.221:9618?addrs=131.225.189.221-9618&noUDP&sock=7970_9786_3>
...
001 (2781559.013.000) 12/31 03:40:50 Job executing on host: <131.225.204.123:65505?addrs=131.225.204.123-65505>
...
006 (2781559.013.000) 12/31 03:40:59 Image size of job updated: 33072
	8  -  MemoryUsage of job (MB)
	7744  -  ResidentSetSize of job (KB)
...
006 (2781559.013.000) 12/31 03:42:00 Image size of job updated: 921288
	307  -  MemoryUsage of job (MB)
	313648  -  ResidentSetSize of job (KB)
...
006 (2781559.013.000) 12/31 03:42:58 Image size of job updated: 1029784
	307  -  MemoryUsage of job (MB)
	313648  -  ResidentSetSize of job (KB)
...
005 (2781559.013.000) 12/31 03:42:59 Job terminated.
	(1) Normal termination (return value 0)
		Usr 0 00:01:27, Sys 0 00:00:02  -  Run Remote Usage
		Usr 0 00:00:00, Sys 0 00:00:00  -  Run Local Usage
		Usr 0 00:01:27, Sys 0 00:00:02  -  Total Remote Usage
		Usr 0 00:00:00, Sys 0 00:00:00  -  Total Local Usage
	15966  -  Run Bytes Sent By Job
	14407  -  Run Bytes Received By Job
	15966  -  Total Bytes Sent By Job
	14407  -  Total Bytes Received By Job
	Partitionable Resources :    Usage  Request Allocated
	   Cpus                 :                 1         1
	   Disk (KB)            :    38989        7   3468844
	   Memory (MB)          :      307     2100      2100
...
