000 (2781559.014.000) 12/31 03:40:41 Job submitted from host: <131.225.189.221:9618?addrs=131.225.189.221-9618&noUDP&sock=7970_9786_3>
...
001 (2781559.014.000) 12/31 03:40:50 Job executing on host: <131.225.204.111:10329?addrs=131.225.204.111-10329>
...
006 (2781559.014.000) 12/31 03:40:59 Image size of job updated: 340636
	88  -  MemoryUsage of job (MB)
	89540  -  ResidentSetSize of job (KB)
...
006 (2781559.014.000) 12/31 03:42:00 Image size of job updated: 924136
	292  -  MemoryUsage of job (MB)
	298572  -  ResidentSetSize of job (KB)
...
006 (2781559.014.000) 12/31 03:42:47 Image size of job updated: 924316
	292  -  MemoryUsage of job (MB)
	298572  -  ResidentSetSize of job (KB)
...
005 (2781559.014.000) 12/31 03:42:48 Job terminated.
	(1) Normal termination (return value 0)
		Usr 0 00:01:11, Sys 0 00:00:03  -  Run Remote Usage
		Usr 0 00:00:00, Sys 0 00:00:00  -  Run Local Usage
		Usr 0 00:01:11, Sys 0 00:00:03  -  Total Remote Usage
		Usr 0 00:00:00, Sys 0 00:00:00  -  Total Local Usage
	15878  -  Run Bytes Sent By Job
	14407  -  Run Bytes Received By Job
	15878  -  Total Bytes Sent By Job
	14407  -  Total Bytes Received By Job
	Partitionable Resources :    Usage  Request Allocated
	   Cpus                 :                 1         1
	   Disk (KB)            :    31297        7   3424976
	   Memory (MB)          :      292     2100      2100
...
