000 (2781559.003.000) 12/31 03:40:41 Job submitted from host: <131.225.189.221:9618?addrs=131.225.189.221-9618&noUDP&sock=7970_9786_3>
...
001 (2781559.003.000) 12/31 03:40:48 Job executing on host: <131.225.207.100:64480?addrs=131.225.207.100-64480>
...
006 (2781559.003.000) 12/31 03:40:57 Image size of job updated: 360536
	8  -  MemoryUsage of job (MB)
	8160  -  ResidentSetSize of job (KB)
...
006 (2781559.003.000) 12/31 03:41:58 Image size of job updated: 918860
	322  -  MemoryUsage of job (MB)
	328748  -  ResidentSetSize of job (KB)
...
006 (2781559.003.000) 12/31 03:42:54 Image size of job updated: 923524
	322  -  MemoryUsage of job (MB)
	328748  -  ResidentSetSize of job (KB)
...
005 (2781559.003.000) 12/31 03:42:56 Job terminated.
	(1) Normal termination (return value 0)
		Usr 0 00:01:22, Sys 0 00:00:03  -  Run Remote Usage
		Usr 0 00:00:00, Sys 0 00:00:00  -  Run Local Usage
		Usr 0 00:01:22, Sys 0 00:00:03  -  Total Remote Usage
		Usr 0 00:00:00, Sys 0 00:00:00  -  Total Local Usage
	18381  -  Run Bytes Sent By Job
	14407  -  Run Bytes Received By Job
	18381  -  Total Bytes Sent By Job
	14407  -  Total Bytes Received By Job
	Partitionable Resources :    Usage  Request Allocated
	   Cpus                 :                 1         1
	   Disk (KB)            :    33374        7   3506990
	   Memory (MB)          :      322     2100      2100
...
