000 (2781559.005.000) 12/31 03:40:41 Job submitted from host: <131.225.189.221:9618?addrs=131.225.189.221-9618&noUDP&sock=7970_9786_3>
...
001 (2781559.005.000) 12/31 03:40:48 Job executing on host: <131.225.207.174:34879?addrs=131.225.207.174-34879>
...
006 (2781559.005.000) 12/31 03:40:57 Image size of job updated: 301292
	49  -  MemoryUsage of job (MB)
	49160  -  ResidentSetSize of job (KB)
...
006 (2781559.005.000) 12/31 03:41:58 Image size of job updated: 919012
	311  -  MemoryUsage of job (MB)
	317616  -  ResidentSetSize of job (KB)
...
006 (2781559.005.000) 12/31 03:42:59 Image size of job updated: 1032628
	427  -  MemoryUsage of job (MB)
	437148  -  ResidentSetSize of job (KB)
...
005 (2781559.005.000) 12/31 03:43:06 Job terminated.
	(1) Normal termination (return value 0)
		Usr 0 00:01:30, Sys 0 00:00:03  -  Run Remote Usage
		Usr 0 00:00:00, Sys 0 00:00:00  -  Run Local Usage
		Usr 0 00:01:30, Sys 0 00:00:03  -  Total Remote Usage
		Usr 0 00:00:00, Sys 0 00:00:00  -  Total Local Usage
	17107  -  Run Bytes Sent By Job
	14407  -  Run Bytes Received By Job
	17107  -  Total Bytes Sent By Job
	14407  -  Total Bytes Received By Job
	Partitionable Resources :    Usage  Request Allocated
	   Cpus                 :                 1         1
	   Disk (KB)            :    75931        7   3559920
	   Memory (MB)          :      427     2100      2100
...
