000 (2781559.018.000) 12/31 03:40:41 Job submitted from host: <131.225.189.221:9618?addrs=131.225.189.221-9618&noUDP&sock=7970_9786_3>
...
001 (2781559.018.000) 12/31 03:40:52 Job executing on host: <131.225.207.77:31220?addrs=131.225.207.77-31220>
...
006 (2781559.018.000) 12/31 03:41:00 Image size of job updated: 71040
	9  -  MemoryUsage of job (MB)
	8368  -  ResidentSetSize of job (KB)
...
006 (2781559.018.000) 12/31 03:42:00 Image size of job updated: 921996
	300  -  MemoryUsage of job (MB)
	306276  -  ResidentSetSize of job (KB)
...
006 (2781559.018.000) 12/31 03:43:00 Image size of job updated: 1029056
	423  -  MemoryUsage of job (MB)
	432176  -  ResidentSetSize of job (KB)
...
005 (2781559.018.000) 12/31 03:43:07 Job terminated.
	(1) Normal termination (return value 0)
		Usr 0 00:01:27, Sys 0 00:00:04  -  Run Remote Usage
		Usr 0 00:00:00, Sys 0 00:00:00  -  Run Local Usage
		Usr 0 00:01:27, Sys 0 00:00:04  -  Total Remote Usage
		Usr 0 00:00:00, Sys 0 00:00:00  -  Total Local Usage
	15767  -  Run Bytes Sent By Job
	14407  -  Run Bytes Received By Job
	15767  -  Total Bytes Sent By Job
	14407  -  Total Bytes Received By Job
	Partitionable Resources :    Usage  Request Allocated
	   Cpus                 :                 1         1
	   Disk (KB)            :    74862        7   3033464
	   Memory (MB)          :      423     2100      2100
...
