000 (2781559.016.000) 12/31 03:40:41 Job submitted from host: <131.225.189.221:9618?addrs=131.225.189.221-9618&noUDP&sock=7970_9786_3>
...
001 (2781559.016.000) 12/31 03:40:52 Job executing on host: <131.225.206.85:1246?addrs=131.225.206.85-1246>
...
006 (2781559.016.000) 12/31 03:41:00 Image size of job updated: 46080
	9  -  MemoryUsage of job (MB)
	8288  -  ResidentSetSize of job (KB)
...
006 (2781559.016.000) 12/31 03:42:00 Image size of job updated: 924004
	285  -  MemoryUsage of job (MB)
	291552  -  ResidentSetSize of job (KB)
...
005 (2781559.016.000) 12/31 03:42:53 Job terminated.
	(1) Normal termination (return value 0)
		Usr 0 00:01:21, Sys 0 00:00:04  -  Run Remote Usage
		Usr 0 00:00:00, Sys 0 00:00:00  -  Run Local Usage
		Usr 0 00:01:21, Sys 0 00:00:04  -  Total Remote Usage
		Usr 0 00:00:00, Sys 0 00:00:00  -  Total Local Usage
	15886  -  Run Bytes Sent By Job
	14407  -  Run Bytes Received By Job
	15886  -  Total Bytes Sent By Job
	14407  -  Total Bytes Received By Job
	Partitionable Resources :    Usage  Request Allocated
	   Cpus                 :                 1         1
	   Disk (KB)            :    32437        7   3517867
	   Memory (MB)          :      285     2100      2100
...
