000 (2781559.000.000) 12/31 03:40:41 Job submitted from host: <131.225.189.221:9618?addrs=131.225.189.221-9618&noUDP&sock=7970_9786_3>
...
001 (2781559.000.000) 12/31 03:40:48 Job executing on host: <131.225.207.100:64480?addrs=131.225.207.100-64480>
...
006 (2781559.000.000) 12/31 03:40:57 Image size of job updated: 360536
	8  -  MemoryUsage of job (MB)
	8148  -  ResidentSetSize of job (KB)
...
006 (2781559.000.000) 12/31 03:41:58 Image size of job updated: 919404
	349  -  MemoryUsage of job (MB)
	356456  -  ResidentSetSize of job (KB)
...
006 (2781559.000.000) 12/31 03:42:56 Image size of job updated: 1036248
	349  -  MemoryUsage of job (MB)
	356456  -  ResidentSetSize of job (KB)
...
005 (2781559.000.000) 12/31 03:42:57 Job terminated.
	(1) Normal termination (return value 0)
		Usr 0 00:01:27, Sys 0 00:00:03  -  Run Remote Usage
		Usr 0 00:00:00, Sys 0 00:00:00  -  Run Local Usage
		Usr 0 00:01:27, Sys 0 00:00:03  -  Total Remote Usage
		Usr 0 00:00:00, Sys 0 00:00:00  -  Total Local Usage
	15744  -  Run Bytes Sent By Job
	14407  -  Run Bytes Received By Job
	15744  -  Total Bytes Sent By Job
	14407  -  Total Bytes Received By Job
	Partitionable Resources :    Usage  Request Allocated
	   Cpus                 :                 1         1
	   Disk (KB)            :    49607        7   3506990
	   Memory (MB)          :      349     2100      2100
...
