000 (2781559.008.000) 12/31 03:40:41 Job submitted from host: <131.225.189.221:9618?addrs=131.225.189.221-9618&noUDP&sock=7970_9786_3>
...
001 (2781559.008.000) 12/31 03:40:50 Job executing on host: <131.225.206.161:56280?addrs=131.225.206.161-56280>
...
006 (2781559.008.000) 12/31 03:40:58 Image size of job updated: 287164
	44  -  MemoryUsage of job (MB)
	45004  -  ResidentSetSize of job (KB)
...
006 (2781559.008.000) 12/31 03:41:58 Image size of job updated: 920544
	272  -  MemoryUsage of job (MB)
	277956  -  ResidentSetSize of job (KB)
...
006 (2781559.008.000) 12/31 03:42:58 Image size of job updated: 1035584
	415  -  MemoryUsage of job (MB)
	423976  -  ResidentSetSize of job (KB)
...
006 (2781559.008.000) 12/31 03:43:58 Image size of job updated: 1035584
	415  -  MemoryUsage of job (MB)
	424020  -  ResidentSetSize of job (KB)
...
005 (2781559.008.000) 12/31 03:46:27 Job terminated.
	(1) Normal termination (return value 0)
		Usr 0 00:01:27, Sys 0 00:00:02  -  Run Remote Usage
		Usr 0 00:00:00, Sys 0 00:00:00  -  Run Local Usage
		Usr 0 00:01:27, Sys 0 00:00:02  -  Total Remote Usage
		Usr 0 00:00:00, Sys 0 00:00:00  -  Total Local Usage
	15771  -  Run Bytes Sent By Job
	14407  -  Run Bytes Received By Job
	15771  -  Total Bytes Sent By Job
	14407  -  Total Bytes Received By Job
	Partitionable Resources :    Usage  Request Allocated
	   Cpus                 :                 1         1
	   Disk (KB)            :    71649        7   3055652
	   Memory (MB)          :      415     2100      2100
...
