000 (2781559.007.000) 12/31 03:40:41 Job submitted from host: <131.225.189.221:9618?addrs=131.225.189.221-9618&noUDP&sock=7970_9786_3>
...
001 (2781559.007.000) 12/31 03:40:50 Job executing on host: <131.225.206.201:42295?addrs=131.225.206.201-42295>
...
006 (2781559.007.000) 12/31 03:40:58 Image size of job updated: 318812
	105  -  MemoryUsage of job (MB)
	107200  -  ResidentSetSize of job (KB)
...
006 (2781559.007.000) 12/31 03:41:58 Image size of job updated: 922512
	303  -  MemoryUsage of job (MB)
	309752  -  ResidentSetSize of job (KB)
...
006 (2781559.007.000) 12/31 03:42:58 Image size of job updated: 922512
	319  -  MemoryUsage of job (MB)
	326056  -  ResidentSetSize of job (KB)
...
005 (2781559.007.000) 12/31 03:42:59 Job terminated.
	(1) Normal termination (return value 0)
		Usr 0 00:01:23, Sys 0 00:00:02  -  Run Remote Usage
		Usr 0 00:00:00, Sys 0 00:00:00  -  Run Local Usage
		Usr 0 00:01:23, Sys 0 00:00:02  -  Total Remote Usage
		Usr 0 00:00:00, Sys 0 00:00:00  -  Total Local Usage
	15745  -  Run Bytes Sent By Job
	14407  -  Run Bytes Received By Job
	15745  -  Total Bytes Sent By Job
	14407  -  Total Bytes Received By Job
	Partitionable Resources :    Usage  Request Allocated
	   Cpus                 :                 1         1
	   Disk (KB)            :    36642        7   2964400
	   Memory (MB)          :      319     2100      2100
...
