000 (2781559.001.000) 12/31 03:40:41 Job submitted from host: <131.225.189.221:9618?addrs=131.225.189.221-9618&noUDP&sock=7970_9786_3>
...
001 (2781559.001.000) 12/31 03:40:48 Job executing on host: <131.225.207.174:34879?addrs=131.225.207.174-34879>
...
006 (2781559.001.000) 12/31 03:40:56 Image size of job updated: 301424
	49  -  MemoryUsage of job (MB)
	49360  -  ResidentSetSize of job (KB)
...
006 (2781559.001.000) 12/31 03:41:56 Image size of job updated: 925172
	290  -  MemoryUsage of job (MB)
	296348  -  ResidentSetSize of job (KB)
...
005 (2781559.001.000) 12/31 03:42:47 Job terminated.
	(1) Normal termination (return value 0)
		Usr 0 00:01:16, Sys 0 00:00:02  -  Run Remote Usage
		Usr 0 00:00:00, Sys 0 00:00:00  -  Run Local Usage
		Usr 0 00:01:16, Sys 0 00:00:02  -  Total Remote Usage
		Usr 0 00:00:00, Sys 0 00:00:00  -  Total Local Usage
	15880  -  Run Bytes Sent By Job
	14407  -  Run Bytes Received By Job
	15880  -  Total Bytes Sent By Job
	14407  -  Total Bytes Received By Job
	Partitionable Resources :    Usage  Request Allocated
	   Cpus                 :                 1         1
	   Disk (KB)            :    31887        7   3559942
	   Memory (MB)          :      290     2100      2100
...
