000 (2781559.010.000) 12/31 03:40:41 Job submitted from host: <131.225.189.221:9618?addrs=131.225.189.221-9618&noUDP&sock=7970_9786_3>
...
001 (2781559.010.000) 12/31 03:40:50 Job executing on host: <131.225.207.100:64480?addrs=131.225.207.100-64480>
...
006 (2781559.010.000) 12/31 03:40:58 Image size of job updated: 104828
	8  -  MemoryUsage of job (MB)
	8164  -  ResidentSetSize of job (KB)
...
006 (2781559.010.000) 12/31 03:41:58 Image size of job updated: 919972
	339  -  MemoryUsage of job (MB)
	346336  -  ResidentSetSize of job (KB)
...
006 (2781559.010.000) 12/31 03:42:58 Image size of job updated: 1024660
	453  -  MemoryUsage of job (MB)
	463832  -  ResidentSetSize of job (KB)
...
005 (2781559.010.000) 12/31 03:43:12 Job terminated.
	(1) Normal termination (return value 0)
		Usr 0 00:01:33, Sys 0 00:00:03  -  Run Remote Usage
		Usr 0 00:00:00, Sys 0 00:00:00  -  Run Local Usage
		Usr 0 00:01:33, Sys 0 00:00:03  -  Total Remote Usage
		Usr 0 00:00:00, Sys 0 00:00:00  -  Total Local Usage
	15754  -  Run Bytes Sent By Job
	14407  -  Run Bytes Received By Job
	15754  -  Total Bytes Sent By Job
	14407  -  Total Bytes Received By Job
	Partitionable Resources :    Usage  Request Allocated
	   Cpus                 :                 1         1
	   Disk (KB)            :    73602        7   3506990
	   Memory (MB)          :      453     2100      2100
...
