000 (2781559.063.000) 12/31 03:40:41 Job submitted from host: <131.225.189.221:9618?addrs=131.225.189.221-9618&noUDP&sock=7970_9786_3>
...
001 (2781559.063.000) 12/31 03:40:59 Job executing on host: <131.225.191.152:38993?addrs=131.225.191.152-38993>
...
006 (2781559.063.000) 12/31 03:41:08 Image size of job updated: 2
	3  -  MemoryUsage of job (MB)
	2424  -  ResidentSetSize of job (KB)
...
006 (2781559.063.000) 12/31 03:42:08 Image size of job updated: 844176
	243  -  MemoryUsage of job (MB)
	248804  -  ResidentSetSize of job (KB)
...
006 (2781559.063.000) 12/31 03:43:08 Image size of job updated: 844176
	244  -  MemoryUsage of job (MB)
	248872  -  ResidentSetSize of job (KB)
...
006 (2781559.063.000) 12/31 03:44:08 Image size of job updated: 844360
	244  -  MemoryUsage of job (MB)
	249048  -  ResidentSetSize of job (KB)
...
006 (2781559.063.000) 12/31 03:45:08 Image size of job updated: 907476
	299  -  MemoryUsage of job (MB)
	306124  -  ResidentSetSize of job (KB)
...
006 (2781559.063.000) 12/31 03:46:08 Image size of job updated: 907476
	299  -  MemoryUsage of job (MB)
	306144  -  ResidentSetSize of job (KB)
...
006 (2781559.063.000) 12/31 03:47:08 Image size of job updated: 907476
	303  -  MemoryUsage of job (MB)
	309344  -  ResidentSetSize of job (KB)
...
006 (2781559.063.000) 12/31 03:48:09 Image size of job updated: 907476
	305  -  MemoryUsage of job (MB)
	311616  -  ResidentSetSize of job (KB)
...
006 (2781559.063.000) 12/31 03:49:10 Image size of job updated: 907476
	305  -  MemoryUsage of job (MB)
	311636  -  ResidentSetSize of job (KB)
...
006 (2781559.063.000) 12/31 03:50:11 Image size of job updated: 907772
	305  -  MemoryUsage of job (MB)
	312080  -  ResidentSetSize of job (KB)
...
006 (2781559.063.000) 12/31 03:51:12 Image size of job updated: 907772
	306  -  MemoryUsage of job (MB)
	312420  -  ResidentSetSize of job (KB)
...
006 (2781559.063.000) 12/31 03:52:14 Image size of job updated: 907772
	306  -  MemoryUsage of job (MB)
	312424  -  ResidentSetSize of job (KB)
...
006 (2781559.063.000) 12/31 03:53:14 Image size of job updated: 907772
	306  -  MemoryUsage of job (MB)
	312440  -  ResidentSetSize of job (KB)
...
006 (2781559.063.000) 12/31 03:54:14 Image size of job updated: 907772
	306  -  MemoryUsage of job (MB)
	312448  -  ResidentSetSize of job (KB)
...
006 (2781559.063.000) 12/31 03:55:14 Image size of job updated: 907772
	306  -  MemoryUsage of job (MB)
	312544  -  ResidentSetSize of job (KB)
...
006 (2781559.063.000) 12/31 03:56:14 Image size of job updated: 907772
	306  -  MemoryUsage of job (MB)
	313200  -  ResidentSetSize of job (KB)
...
006 (2781559.063.000) 12/31 03:58:14 Image size of job updated: 907908
	306  -  MemoryUsage of job (MB)
	313284  -  ResidentSetSize of job (KB)
...
006 (2781559.063.000) 12/31 04:01:17 Image size of job updated: 907908
	306  -  MemoryUsage of job (MB)
	313288  -  ResidentSetSize of job (KB)
...
006 (2781559.063.000) 12/31 04:03:19 Image size of job updated: 907908
	306  -  MemoryUsage of job (MB)
	313292  -  ResidentSetSize of job (KB)
...
006 (2781559.063.000) 12/31 04:19:27 Image size of job updated: 929296
	309  -  MemoryUsage of job (MB)
	316260  -  ResidentSetSize of job (KB)
...
006 (2781559.063.000) 12/31 04:21:27 Image size of job updated: 929592
	326  -  MemoryUsage of job (MB)
	333820  -  ResidentSetSize of job (KB)
...
006 (2781559.063.000) 12/31 04:23:29 Image size of job updated: 929592
	327  -  MemoryUsage of job (MB)
	333828  -  ResidentSetSize of job (KB)
...
006 (2781559.063.000) 12/31 04:25:31 Image size of job updated: 929740
	327  -  MemoryUsage of job (MB)
	333976  -  ResidentSetSize of job (KB)
...
006 (2781559.063.000) 12/31 04:26:32 Image size of job updated: 929740
	327  -  MemoryUsage of job (MB)
	334012  -  ResidentSetSize of job (KB)
...
006 (2781559.063.000) 12/31 04:30:33 Image size of job updated: 929740
	327  -  MemoryUsage of job (MB)
	334076  -  ResidentSetSize of job (KB)
...
005 (2781559.063.000) 12/31 04:37:48 Job terminated.
	(1) Normal termination (return value 0)
		Usr 0 00:45:26, Sys 0 00:00:42  -  Run Remote Usage
		Usr 0 00:00:00, Sys 0 00:00:00  -  Run Local Usage
		Usr 0 00:45:26, Sys 0 00:00:42  -  Total Remote Usage
		Usr 0 00:00:00, Sys 0 00:00:00  -  Total Local Usage
	49242  -  Run Bytes Sent By Job
	14407  -  Run Bytes Received By Job
	49242  -  Total Bytes Sent By Job
	14407  -  Total Bytes Received By Job
	Partitionable Resources :    Usage  Request Allocated
	   Cpus                 :                 1         1
	   Disk (KB)            :    31259        7   3064218
	   Memory (MB)          :      327     2100      2100
...
