000 (2781559.061.000) 12/31 03:40:41 Job submitted from host: <131.225.189.221:9618?addrs=131.225.189.221-9618&noUDP&sock=7970_9786_3>
...
001 (2781559.061.000) 12/31 03:40:59 Job executing on host: <131.225.206.230:51922?addrs=131.225.206.230-51922>
...
006 (2781559.061.000) 12/31 03:41:08 Image size of job updated: 67992
	7  -  MemoryUsage of job (MB)
	6832  -  ResidentSetSize of job (KB)
...
006 (2781559.061.000) 12/31 03:42:08 Image size of job updated: 907292
	289  -  MemoryUsage of job (MB)
	295272  -  ResidentSetSize of job (KB)
...
006 (2781559.061.000) 12/31 03:43:08 Image size of job updated: 907292
	289  -  MemoryUsage of job (MB)
	295420  -  ResidentSetSize of job (KB)
...
006 (2781559.061.000) 12/31 03:44:08 Image size of job updated: 907292
	300  -  MemoryUsage of job (MB)
	306648  -  ResidentSetSize of job (KB)
...
006 (2781559.061.000) 12/31 03:45:08 Image size of job updated: 907292
	303  -  MemoryUsage of job (MB)
	309916  -  ResidentSetSize of job (KB)
...
005 (2781559.061.000) 12/31 03:45:19 Job terminated.
	(1) Normal termination (return value 0)
		Usr 0 00:03:20, Sys 0 00:00:03  -  Run Remote Usage
		Usr 0 00:00:00, Sys 0 00:00:00  -  Run Local Usage
		Usr 0 00:03:20, Sys 0 00:00:03  -  Total Remote Usage
		Usr 0 00:00:00, Sys 0 00:00:00  -  Total Local Usage
	15271  -  Run Bytes Sent By Job
	14407  -  Run Bytes Received By Job
	15271  -  Total Bytes Sent By Job
	14407  -  Total Bytes Received By Job
	Partitionable Resources :    Usage  Request Allocated
	   Cpus                 :                 1         1
	   Disk (KB)            :    31226        7   3018806
	   Memory (MB)          :      303     2100      2100
...
