000 (2781559.062.000) 12/31 03:40:41 Job submitted from host: <131.225.189.221:9618?addrs=131.225.189.221-9618&noUDP&sock=7970_9786_3>
...
001 (2781559.062.000) 12/31 03:40:59 Job executing on host: <131.225.206.162:26236?addrs=131.225.206.162-26236>
...
006 (2781559.062.000) 12/31 03:41:08 Image size of job updated: 77632
	9  -  MemoryUsage of job (MB)
	8872  -  ResidentSetSize of job (KB)
...
006 (2781559.062.000) 12/31 03:42:08 Image size of job updated: 844260
	244  -  MemoryUsage of job (MB)
	248840  -  ResidentSetSize of job (KB)
...
006 (2781559.062.000) 12/31 03:43:08 Image size of job updated: 844260
	244  -  MemoryUsage of job (MB)
	248976  -  ResidentSetSize of job (KB)
...
006 (2781559.062.000) 12/31 03:44:08 Image size of job updated: 844260
	244  -  MemoryUsage of job (MB)
	249012  -  ResidentSetSize of job (KB)
...
006 (2781559.062.000) 12/31 03:45:08 Image size of job updated: 907952
	288  -  MemoryUsage of job (MB)
	294204  -  ResidentSetSize of job (KB)
...
006 (2781559.062.000) 12/31 03:46:08 Image size of job updated: 929656
	326  -  MemoryUsage of job (MB)
	333500  -  ResidentSetSize of job (KB)
...
006 (2781559.062.000) 12/31 03:47:08 Image size of job updated: 929808
	327  -  MemoryUsage of job (MB)
	334508  -  ResidentSetSize of job (KB)
...
006 (2781559.062.000) 12/31 03:48:08 Image size of job updated: 929808
	327  -  MemoryUsage of job (MB)
	334760  -  ResidentSetSize of job (KB)
...
006 (2781559.062.000) 12/31 03:49:09 Image size of job updated: 929808
	328  -  MemoryUsage of job (MB)
	335044  -  ResidentSetSize of job (KB)
...
006 (2781559.062.000) 12/31 03:50:10 Image size of job updated: 929808
	328  -  MemoryUsage of job (MB)
	335080  -  ResidentSetSize of job (KB)
...
006 (2781559.062.000) 12/31 03:52:12 Image size of job updated: 929808
	328  -  MemoryUsage of job (MB)
	335084  -  ResidentSetSize of job (KB)
...
006 (2781559.062.000) 12/31 03:53:13 Image size of job updated: 929808
	328  -  MemoryUsage of job (MB)
	335100  -  ResidentSetSize of job (KB)
...
006 (2781559.062.000) 12/31 03:55:13 Image size of job updated: 929808
	328  -  MemoryUsage of job (MB)
	335104  -  ResidentSetSize of job (KB)
...
006 (2781559.062.000) 12/31 03:59:14 Image size of job updated: 929808
	328  -  MemoryUsage of job (MB)
	335108  -  ResidentSetSize of job (KB)
...
006 (2781559.062.000) 12/31 04:00:15 Image size of job updated: 929808
	328  -  MemoryUsage of job (MB)
	335116  -  ResidentSetSize of job (KB)
...
006 (2781559.062.000) 12/31 04:01:16 Image size of job updated: 929808
	328  -  MemoryUsage of job (MB)
	335120  -  ResidentSetSize of job (KB)
...
005 (2781559.062.000) 12/31 04:47:21 Job terminated.
	(1) Normal termination (return value 0)
		Usr 0 00:43:10, Sys 0 00:01:02  -  Run Remote Usage
		Usr 0 00:00:00, Sys 0 00:00:00  -  Run Local Usage
		Usr 0 00:43:10, Sys 0 00:01:02  -  Total Remote Usage
		Usr 0 00:00:00, Sys 0 00:00:00  -  Total Local Usage
	48088  -  Run Bytes Sent By Job
	14407  -  Run Bytes Received By Job
	48088  -  Total Bytes Sent By Job
	14407  -  Total Bytes Received By Job
	Partitionable Resources :    Usage  Request Allocated
	   Cpus                 :                 1         1
	   Disk (KB)            :    31258        7   2996145
	   Memory (MB)          :      328     2100      2100
...
