000 (2781559.050.000) 12/31 03:40:41 Job submitted from host: <131.225.189.221:9618?addrs=131.225.189.221-9618&noUDP&sock=7970_9786_3>
...
001 (2781559.050.000) 12/31 03:40:56 Job executing on host: <131.225.207.165:27812?addrs=131.225.207.165-27812>
...
006 (2781559.050.000) 12/31 03:41:05 Image size of job updated: 344348
	122  -  MemoryUsage of job (MB)
	124556  -  ResidentSetSize of job (KB)
...
006 (2781559.050.000) 12/31 03:42:06 Image size of job updated: 843868
	243  -  MemoryUsage of job (MB)
	248196  -  ResidentSetSize of job (KB)
...
006 (2781559.050.000) 12/31 03:43:07 Image size of job updated: 843868
	243  -  MemoryUsage of job (MB)
	248368  -  ResidentSetSize of job (KB)
...
006 (2781559.050.000) 12/31 03:44:08 Image size of job updated: 930520
	293  -  MemoryUsage of job (MB)
	299588  -  ResidentSetSize of job (KB)
...
006 (2781559.050.000) 12/31 03:45:09 Image size of job updated: 930520
	312  -  MemoryUsage of job (MB)
	319228  -  ResidentSetSize of job (KB)
...
006 (2781559.050.000) 12/31 03:46:10 Image size of job updated: 930520
	328  -  MemoryUsage of job (MB)
	335788  -  ResidentSetSize of job (KB)
...
006 (2781559.050.000) 12/31 03:48:10 Image size of job updated: 930520
	329  -  MemoryUsage of job (MB)
	335900  -  ResidentSetSize of job (KB)
...
006 (2781559.050.000) 12/31 03:51:10 Image size of job updated: 930520
	329  -  MemoryUsage of job (MB)
	335904  -  ResidentSetSize of job (KB)
...
006 (2781559.050.000) 12/31 03:55:11 Image size of job updated: 930520
	329  -  MemoryUsage of job (MB)
	335908  -  ResidentSetSize of job (KB)
...
006 (2781559.050.000) 12/31 03:59:15 Image size of job updated: 930656
	329  -  MemoryUsage of job (MB)
	335960  -  ResidentSetSize of job (KB)
...
006 (2781559.050.000) 12/31 04:01:16 Image size of job updated: 930656
	329  -  MemoryUsage of job (MB)
	335964  -  ResidentSetSize of job (KB)
...
006 (2781559.050.000) 12/31 04:11:22 Image size of job updated: 930656
	329  -  MemoryUsage of job (MB)
	335968  -  ResidentSetSize of job (KB)
...
005 (2781559.050.000) 12/31 04:17:21 Job terminated.
	(1) Normal termination (return value 0)
		Usr 0 00:28:11, Sys 0 00:00:30  -  Run Remote Usage
		Usr 0 00:00:00, Sys 0 00:00:00  -  Run Local Usage
		Usr 0 00:28:11, Sys 0 00:00:30  -  Total Remote Usage
		Usr 0 00:00:00, Sys 0 00:00:00  -  Total Local Usage
	40977  -  Run Bytes Sent By Job
	14407  -  Run Bytes Received By Job
	40977  -  Total Bytes Sent By Job
	14407  -  Total Bytes Received By Job
	Partitionable Resources :    Usage  Request Allocated
	   Cpus                 :                 1         1
	   Disk (KB)            :    31268        7   3497176
	   Memory (MB)          :      329     2100      2100
...
