000 (2781559.054.000) 12/31 03:40:41 Job submitted from host: <131.225.189.221:9618?addrs=131.225.189.221-9618&noUDP&sock=7970_9786_3>
...
001 (2781559.054.000) 12/31 03:40:58 Job executing on host: <131.225.191.145:62843?addrs=131.225.191.145-62843>
...
006 (2781559.054.000) 12/31 03:41:07 Image size of job updated: 373500
	151  -  MemoryUsage of job (MB)
	154436  -  ResidentSetSize of job (KB)
...
006 (2781559.054.000) 12/31 03:42:08 Image size of job updated: 843924
	242  -  MemoryUsage of job (MB)
	247760  -  ResidentSetSize of job (KB)
...
006 (2781559.054.000) 12/31 03:43:09 Image size of job updated: 843924
	242  -  MemoryUsage of job (MB)
	247788  -  ResidentSetSize of job (KB)
...
006 (2781559.054.000) 12/31 03:45:11 Image size of job updated: 843960
	242  -  MemoryUsage of job (MB)
	247788  -  ResidentSetSize of job (KB)
...
006 (2781559.054.000) 12/31 03:46:12 Image size of job updated: 908164
	288  -  MemoryUsage of job (MB)
	294896  -  ResidentSetSize of job (KB)
...
006 (2781559.054.000) 12/31 03:47:13 Image size of job updated: 930204
	315  -  MemoryUsage of job (MB)
	322008  -  ResidentSetSize of job (KB)
...
006 (2781559.054.000) 12/31 03:48:13 Image size of job updated: 930204
	315  -  MemoryUsage of job (MB)
	322152  -  ResidentSetSize of job (KB)
...
006 (2781559.054.000) 12/31 03:49:13 Image size of job updated: 930204
	315  -  MemoryUsage of job (MB)
	322156  -  ResidentSetSize of job (KB)
...
006 (2781559.054.000) 12/31 03:50:13 Image size of job updated: 930204
	315  -  MemoryUsage of job (MB)
	322180  -  ResidentSetSize of job (KB)
...
006 (2781559.054.000) 12/31 03:53:13 Image size of job updated: 930204
	315  -  MemoryUsage of job (MB)
	322184  -  ResidentSetSize of job (KB)
...
006 (2781559.054.000) 12/31 03:54:14 Image size of job updated: 930348
	315  -  MemoryUsage of job (MB)
	322244  -  ResidentSetSize of job (KB)
...
006 (2781559.054.000) 12/31 03:55:15 Image size of job updated: 930348
	315  -  MemoryUsage of job (MB)
	322376  -  ResidentSetSize of job (KB)
...
006 (2781559.054.000) 12/31 03:56:16 Image size of job updated: 930488
	315  -  MemoryUsage of job (MB)
	322432  -  ResidentSetSize of job (KB)
...
006 (2781559.054.000) 12/31 03:59:18 Image size of job updated: 930488
	315  -  MemoryUsage of job (MB)
	322444  -  ResidentSetSize of job (KB)
...
006 (2781559.054.000) 12/31 04:12:23 Image size of job updated: 930488
	328  -  MemoryUsage of job (MB)
	335760  -  ResidentSetSize of job (KB)
...
006 (2781559.054.000) 12/31 04:26:29 Image size of job updated: 930488
	328  -  MemoryUsage of job (MB)
	335764  -  ResidentSetSize of job (KB)
...
006 (2781559.054.000) 12/31 04:45:41 Image size of job updated: 930644
	328  -  MemoryUsage of job (MB)
	335764  -  ResidentSetSize of job (KB)
...
005 (2781559.054.000) 12/31 05:16:35 Job terminated.
	(1) Normal termination (return value 0)
		Usr 0 00:40:34, Sys 0 00:00:41  -  Run Remote Usage
		Usr 0 00:00:00, Sys 0 00:00:00  -  Run Local Usage
		Usr 0 00:40:34, Sys 0 00:00:41  -  Total Remote Usage
		Usr 0 00:00:00, Sys 0 00:00:00  -  Total Local Usage
	52917  -  Run Bytes Sent By Job
	14407  -  Run Bytes Received By Job
	52917  -  Total Bytes Sent By Job
	14407  -  Total Bytes Received By Job
	Partitionable Resources :    Usage  Request Allocated
	   Cpus                 :                 1         1
	   Disk (KB)            :    31299        7   2974088
	   Memory (MB)          :      328     2100      2100
...
