000 (2781559.122.000) 12/31 03:40:42 Job submitted from host: <131.225.189.221:9618?addrs=131.225.189.221-9618&noUDP&sock=7970_9786_3>
...
001 (2781559.122.000) 12/31 03:41:18 Job executing on host: <131.225.207.79:2990?addrs=131.225.207.79-2990>
...
006 (2781559.122.000) 12/31 03:41:26 Image size of job updated: 2
	3  -  MemoryUsage of job (MB)
	2424  -  ResidentSetSize of job (KB)
...
006 (2781559.122.000) 12/31 03:42:26 Image size of job updated: 848232
	283  -  MemoryUsage of job (MB)
	289256  -  ResidentSetSize of job (KB)
...
006 (2781559.122.000) 12/31 03:43:26 Image size of job updated: 848232
	283  -  MemoryUsage of job (MB)
	289304  -  ResidentSetSize of job (KB)
...
006 (2781559.122.000) 12/31 03:44:26 Image size of job updated: 848232
	283  -  MemoryUsage of job (MB)
	289308  -  ResidentSetSize of job (KB)
...
006 (2781559.122.000) 12/31 03:45:26 Image size of job updated: 848232
	283  -  MemoryUsage of job (MB)
	289324  -  ResidentSetSize of job (KB)
...
006 (2781559.122.000) 12/31 03:47:28 Image size of job updated: 848232
	283  -  MemoryUsage of job (MB)
	289336  -  ResidentSetSize of job (KB)
...
006 (2781559.122.000) 12/31 03:48:29 Image size of job updated: 848232
	283  -  MemoryUsage of job (MB)
	289400  -  ResidentSetSize of job (KB)
...
006 (2781559.122.000) 12/31 03:49:30 Image size of job updated: 848232
	283  -  MemoryUsage of job (MB)
	289444  -  ResidentSetSize of job (KB)
...
006 (2781559.122.000) 12/31 03:56:32 Image size of job updated: 857968
	292  -  MemoryUsage of job (MB)
	298044  -  ResidentSetSize of job (KB)
...
006 (2781559.122.000) 12/31 03:57:32 Image size of job updated: 858384
	293  -  MemoryUsage of job (MB)
	299988  -  ResidentSetSize of job (KB)
...
006 (2781559.122.000) 12/31 04:03:38 Image size of job updated: 858384
	293  -  MemoryUsage of job (MB)
	299996  -  ResidentSetSize of job (KB)
...
006 (2781559.122.000) 12/31 04:06:38 Image size of job updated: 858384
	293  -  MemoryUsage of job (MB)
	300004  -  ResidentSetSize of job (KB)
...
006 (2781559.122.000) 12/31 04:08:38 Image size of job updated: 858384
	293  -  MemoryUsage of job (MB)
	300008  -  ResidentSetSize of job (KB)
...
006 (2781559.122.000) 12/31 04:13:42 Image size of job updated: 858524
	293  -  MemoryUsage of job (MB)
	300008  -  ResidentSetSize of job (KB)
...
005 (2781559.122.000) 12/31 05:18:11 Job terminated.
	(1) Normal termination (return value 0)
		Usr 0 00:32:39, Sys 0 00:01:04  -  Run Remote Usage
		Usr 0 00:00:00, Sys 0 00:00:00  -  Run Local Usage
		Usr 0 00:32:39, Sys 0 00:01:04  -  Total Remote Usage
		Usr 0 00:00:00, Sys 0 00:00:00  -  Total Local Usage
	80518  -  Run Bytes Sent By Job
	14407  -  Run Bytes Received By Job
	80518  -  Total Bytes Sent By Job
	14407  -  Total Bytes Received By Job
	Partitionable Resources :    Usage  Request Allocated
	   Cpus                 :                 1         1
	   Disk (KB)            :    31289        7   3435674
	   Memory (MB)          :      293     2100      2100
...
