000 (2781559.127.000) 12/31 03:40:42 Job submitted from host: <131.225.189.221:9618?addrs=131.225.189.221-9618&noUDP&sock=7970_9786_3>
...
001 (2781559.127.000) 12/31 03:41:12 Job executing on host: <131.225.207.162:29102?addrs=131.225.207.162-29102>
...
006 (2781559.127.000) 12/31 03:41:21 Image size of job updated: 384540
	162  -  MemoryUsage of job (MB)
	165388  -  ResidentSetSize of job (KB)
...
006 (2781559.127.000) 12/31 03:42:22 Image size of job updated: 848248
	283  -  MemoryUsage of job (MB)
	289256  -  ResidentSetSize of job (KB)
...
006 (2781559.127.000) 12/31 03:47:24 Image size of job updated: 850024
	285  -  MemoryUsage of job (MB)
	290824  -  ResidentSetSize of job (KB)
...
006 (2781559.127.000) 12/31 03:48:24 Image size of job updated: 857896
	291  -  MemoryUsage of job (MB)
	297496  -  ResidentSetSize of job (KB)
...
006 (2781559.127.000) 12/31 03:49:24 Image size of job updated: 862376
	297  -  MemoryUsage of job (MB)
	303156  -  ResidentSetSize of job (KB)
...
006 (2781559.127.000) 12/31 03:54:29 Image size of job updated: 862376
	297  -  MemoryUsage of job (MB)
	303160  -  ResidentSetSize of job (KB)
...
006 (2781559.127.000) 12/31 03:55:30 Image size of job updated: 862376
	297  -  MemoryUsage of job (MB)
	303164  -  ResidentSetSize of job (KB)
...
006 (2781559.127.000) 12/31 03:56:30 Image size of job updated: 862376
	297  -  MemoryUsage of job (MB)
	303176  -  ResidentSetSize of job (KB)
...
006 (2781559.127.000) 12/31 03:57:30 Image size of job updated: 862376
	297  -  MemoryUsage of job (MB)
	303228  -  ResidentSetSize of job (KB)
...
006 (2781559.127.000) 12/31 03:58:30 Image size of job updated: 862376
	297  -  MemoryUsage of job (MB)
	303268  -  ResidentSetSize of job (KB)
...
006 (2781559.127.000) 12/31 04:08:37 Image size of job updated: 862376
	297  -  MemoryUsage of job (MB)
	303272  -  ResidentSetSize of job (KB)
...
006 (2781559.127.000) 12/31 04:09:37 Image size of job updated: 862376
	297  -  MemoryUsage of job (MB)
	303276  -  ResidentSetSize of job (KB)
...
006 (2781559.127.000) 12/31 04:13:38 Image size of job updated: 862376
	297  -  MemoryUsage of job (MB)
	303280  -  ResidentSetSize of job (KB)
...
006 (2781559.127.000) 12/31 04:16:41 Image size of job updated: 862376
	297  -  MemoryUsage of job (MB)
	303284  -  ResidentSetSize of job (KB)
...
005 (2781559.127.000) 12/31 04:20:25 Job terminated.
	(1) Normal termination (return value 0)
		Usr 0 00:24:51, Sys 0 00:00:56  -  Run Remote Usage
		Usr 0 00:00:00, Sys 0 00:00:00  -  Run Local Usage
		Usr 0 00:24:51, Sys 0 00:00:56  -  Total Remote Usage
		Usr 0 00:00:00, Sys 0 00:00:00  -  Total Local Usage
	63359  -  Run Bytes Sent By Job
	14407  -  Run Bytes Received By Job
	63359  -  Total Bytes Sent By Job
	14407  -  Total Bytes Received By Job
	Partitionable Resources :    Usage  Request Allocated
	   Cpus                 :                 1         1
	   Disk (KB)            :    31272        7   3505700
	   Memory (MB)          :      297     2100      2100
...
