000 (2781559.138.000) 12/31 03:40:42 Job submitted from host: <131.225.189.221:9618?addrs=131.225.189.221-9618&noUDP&sock=7970_9786_3>
...
001 (2781559.138.000) 12/31 03:41:14 Job executing on host: <131.225.206.39:20960?addrs=131.225.206.39-20960>
...
006 (2781559.138.000) 12/31 03:41:23 Image size of job updated: 2
	3  -  MemoryUsage of job (MB)
	2424  -  ResidentSetSize of job (KB)
...
006 (2781559.138.000) 12/31 03:42:24 Image size of job updated: 850792
	285  -  MemoryUsage of job (MB)
	291812  -  ResidentSetSize of job (KB)
...
006 (2781559.138.000) 12/31 03:43:25 Image size of job updated: 850792
	285  -  MemoryUsage of job (MB)
	291832  -  ResidentSetSize of job (KB)
...
006 (2781559.138.000) 12/31 03:44:26 Image size of job updated: 850792
	286  -  MemoryUsage of job (MB)
	291852  -  ResidentSetSize of job (KB)
...
006 (2781559.138.000) 12/31 03:45:27 Image size of job updated: 850792
	286  -  MemoryUsage of job (MB)
	291872  -  ResidentSetSize of job (KB)
...
006 (2781559.138.000) 12/31 03:46:27 Image size of job updated: 850792
	286  -  MemoryUsage of job (MB)
	291884  -  ResidentSetSize of job (KB)
...
006 (2781559.138.000) 12/31 03:47:27 Image size of job updated: 850792
	286  -  MemoryUsage of job (MB)
	291892  -  ResidentSetSize of job (KB)
...
006 (2781559.138.000) 12/31 03:48:27 Image size of job updated: 850792
	286  -  MemoryUsage of job (MB)
	291904  -  ResidentSetSize of job (KB)
...
006 (2781559.138.000) 12/31 03:49:27 Image size of job updated: 850792
	286  -  MemoryUsage of job (MB)
	292008  -  ResidentSetSize of job (KB)
...
006 (2781559.138.000) 12/31 03:50:27 Image size of job updated: 850792
	286  -  MemoryUsage of job (MB)
	292016  -  ResidentSetSize of job (KB)
...
006 (2781559.138.000) 12/31 03:51:05 Image size of job updated: 949380
	286  -  MemoryUsage of job (MB)
	292016  -  ResidentSetSize of job (KB)
...
005 (2781559.138.000) 12/31 03:51:06 Job terminated.
	(1) Normal termination (return value 0)
		Usr 0 00:02:46, Sys 0 00:00:09  -  Run Remote Usage
		Usr 0 00:00:00, Sys 0 00:00:00  -  Run Local Usage
		Usr 0 00:02:46, Sys 0 00:00:09  -  Total Remote Usage
		Usr 0 00:00:00, Sys 0 00:00:00  -  Total Local Usage
	37185  -  Run Bytes Sent By Job
	14407  -  Run Bytes Received By Job
	37185  -  Total Bytes Sent By Job
	14407  -  Total Bytes Received By Job
	Partitionable Resources :    Usage  Request Allocated
	   Cpus                 :                 1         1
	   Disk (KB)            :    31239        7   3534934
	   Memory (MB)          :      286     2100      2100
...
