000 (2781559.130.000) 12/31 03:40:42 Job submitted from host: <131.225.189.221:9618?addrs=131.225.189.221-9618&noUDP&sock=7970_9786_3>
...
001 (2781559.130.000) 12/31 03:41:14 Job executing on host: <131.225.206.179:44680?addrs=131.225.206.179-44680>
...
006 (2781559.130.000) 12/31 03:41:22 Image size of job updated: 2
	3  -  MemoryUsage of job (MB)
	2424  -  ResidentSetSize of job (KB)
...
006 (2781559.130.000) 12/31 03:42:22 Image size of job updated: 850468
	285  -  MemoryUsage of job (MB)
	291404  -  ResidentSetSize of job (KB)
...
006 (2781559.130.000) 12/31 03:43:22 Image size of job updated: 850816
	286  -  MemoryUsage of job (MB)
	291916  -  ResidentSetSize of job (KB)
...
006 (2781559.130.000) 12/31 03:44:22 Image size of job updated: 850816
	286  -  MemoryUsage of job (MB)
	291944  -  ResidentSetSize of job (KB)
...
006 (2781559.130.000) 12/31 03:45:22 Image size of job updated: 850816
	286  -  MemoryUsage of job (MB)
	291948  -  ResidentSetSize of job (KB)
...
006 (2781559.130.000) 12/31 03:48:25 Image size of job updated: 850816
	286  -  MemoryUsage of job (MB)
	291956  -  ResidentSetSize of job (KB)
...
006 (2781559.130.000) 12/31 03:49:26 Image size of job updated: 850816
	286  -  MemoryUsage of job (MB)
	292012  -  ResidentSetSize of job (KB)
...
006 (2781559.130.000) 12/31 03:50:27 Image size of job updated: 850816
	286  -  MemoryUsage of job (MB)
	292048  -  ResidentSetSize of job (KB)
...
006 (2781559.130.000) 12/31 03:52:27 Image size of job updated: 850816
	286  -  MemoryUsage of job (MB)
	292056  -  ResidentSetSize of job (KB)
...
006 (2781559.130.000) 12/31 03:53:27 Image size of job updated: 850816
	286  -  MemoryUsage of job (MB)
	292064  -  ResidentSetSize of job (KB)
...
006 (2781559.130.000) 12/31 03:54:27 Image size of job updated: 850816
	286  -  MemoryUsage of job (MB)
	292068  -  ResidentSetSize of job (KB)
...
006 (2781559.130.000) 12/31 03:55:27 Image size of job updated: 850816
	286  -  MemoryUsage of job (MB)
	292076  -  ResidentSetSize of job (KB)
...
006 (2781559.130.000) 12/31 03:56:27 Image size of job updated: 850816
	286  -  MemoryUsage of job (MB)
	292084  -  ResidentSetSize of job (KB)
...
006 (2781559.130.000) 12/31 03:58:29 Image size of job updated: 858832
	293  -  MemoryUsage of job (MB)
	299044  -  ResidentSetSize of job (KB)
...
006 (2781559.130.000) 12/31 03:59:30 Image size of job updated: 859252
	293  -  MemoryUsage of job (MB)
	299504  -  ResidentSetSize of job (KB)
...
006 (2781559.130.000) 12/31 04:00:31 Image size of job updated: 859252
	293  -  MemoryUsage of job (MB)
	299672  -  ResidentSetSize of job (KB)
...
006 (2781559.130.000) 12/31 04:01:32 Image size of job updated: 859252
	294  -  MemoryUsage of job (MB)
	300216  -  ResidentSetSize of job (KB)
...
006 (2781559.130.000) 12/31 04:02:32 Image size of job updated: 859352
	294  -  MemoryUsage of job (MB)
	300648  -  ResidentSetSize of job (KB)
...
006 (2781559.130.000) 12/31 04:05:32 Image size of job updated: 859476
	295  -  MemoryUsage of job (MB)
	301068  -  ResidentSetSize of job (KB)
...
006 (2781559.130.000) 12/31 04:06:32 Image size of job updated: 862852
	298  -  MemoryUsage of job (MB)
	304444  -  ResidentSetSize of job (KB)
...
006 (2781559.130.000) 12/31 04:09:34 Image size of job updated: 907852
	307  -  MemoryUsage of job (MB)
	314208  -  ResidentSetSize of job (KB)
...
006 (2781559.130.000) 12/31 04:10:35 Image size of job updated: 908268
	308  -  MemoryUsage of job (MB)
	314632  -  ResidentSetSize of job (KB)
...
006 (2781559.130.000) 12/31 04:21:41 Image size of job updated: 908400
	308  -  MemoryUsage of job (MB)
	314632  -  ResidentSetSize of job (KB)
...
006 (2781559.130.000) 12/31 04:30:45 Image size of job updated: 908436
	308  -  MemoryUsage of job (MB)
	314632  -  ResidentSetSize of job (KB)
...
006 (2781559.130.000) 12/31 04:32:47 Image size of job updated: 908436
	321  -  MemoryUsage of job (MB)
	328588  -  ResidentSetSize of job (KB)
...
006 (2781559.130.000) 12/31 04:33:48 Image size of job updated: 908436
	342  -  MemoryUsage of job (MB)
	349364  -  ResidentSetSize of job (KB)
...
006 (2781559.130.000) 12/31 04:34:49 Image size of job updated: 908436
	342  -  MemoryUsage of job (MB)
	349376  -  ResidentSetSize of job (KB)
...
006 (2781559.130.000) 12/31 04:35:50 Image size of job updated: 908436
	342  -  MemoryUsage of job (MB)
	349380  -  ResidentSetSize of job (KB)
...
006 (2781559.130.000) 12/31 04:37:50 Image size of job updated: 908436
	342  -  MemoryUsage of job (MB)
	349384  -  ResidentSetSize of job (KB)
...
006 (2781559.130.000) 12/31 04:38:50 Image size of job updated: 908436
	342  -  MemoryUsage of job (MB)
	349404  -  ResidentSetSize of job (KB)
...
006 (2781559.130.000) 12/31 04:41:51 Image size of job updated: 908436
	342  -  MemoryUsage of job (MB)
	349408  -  ResidentSetSize of job (KB)
...
005 (2781559.130.000) 12/31 04:54:24 Job terminated.
	(1) Normal termination (return value 0)
		Usr 0 00:41:21, Sys 0 00:01:28  -  Run Remote Usage
		Usr 0 00:00:00, Sys 0 00:00:00  -  Run Local Usage
		Usr 0 00:41:21, Sys 0 00:01:28  -  Total Remote Usage
		Usr 0 00:00:00, Sys 0 00:00:00  -  Total Local Usage
	96578  -  Run Bytes Sent By Job
	14407  -  Run Bytes Received By Job
	96578  -  Total Bytes Sent By Job
	14407  -  Total Bytes Received By Job
	Partitionable Resources :    Usage  Request Allocated
	   Cpus                 :                 1         1
	   Disk (KB)            :    31305        7   3471620
	   Memory (MB)          :      342     2100      2100
...
