000 (2781559.126.000) 12/31 03:40:42 Job submitted from host: <131.225.189.221:9618?addrs=131.225.189.221-9618&noUDP&sock=7970_9786_3>
...
001 (2781559.126.000) 12/31 03:41:12 Job executing on host: <131.225.207.166:13323?addrs=131.225.207.166-13323>
...
006 (2781559.126.000) 12/31 03:41:21 Image size of job updated: 2
	3  -  MemoryUsage of job (MB)
	2420  -  ResidentSetSize of job (KB)
...
006 (2781559.126.000) 12/31 03:42:22 Image size of job updated: 848148
	283  -  MemoryUsage of job (MB)
	289160  -  ResidentSetSize of job (KB)
...
006 (2781559.126.000) 12/31 03:43:23 Image size of job updated: 848280
	283  -  MemoryUsage of job (MB)
	289280  -  ResidentSetSize of job (KB)
...
006 (2781559.126.000) 12/31 03:44:24 Image size of job updated: 848280
	283  -  MemoryUsage of job (MB)
	289304  -  ResidentSetSize of job (KB)
...
006 (2781559.126.000) 12/31 03:45:25 Image size of job updated: 848280
	283  -  MemoryUsage of job (MB)
	289324  -  ResidentSetSize of job (KB)
...
006 (2781559.126.000) 12/31 03:56:30 Image size of job updated: 857856
	291  -  MemoryUsage of job (MB)
	297596  -  ResidentSetSize of job (KB)
...
006 (2781559.126.000) 12/31 03:57:31 Image size of job updated: 857992
	291  -  MemoryUsage of job (MB)
	297732  -  ResidentSetSize of job (KB)
...
006 (2781559.126.000) 12/31 03:58:31 Image size of job updated: 857992
	292  -  MemoryUsage of job (MB)
	298944  -  ResidentSetSize of job (KB)
...
006 (2781559.126.000) 12/31 03:59:31 Image size of job updated: 857992
	293  -  MemoryUsage of job (MB)
	299272  -  ResidentSetSize of job (KB)
...
006 (2781559.126.000) 12/31 04:00:31 Image size of job updated: 858128
	293  -  MemoryUsage of job (MB)
	299360  -  ResidentSetSize of job (KB)
...
006 (2781559.126.000) 12/31 04:01:31 Image size of job updated: 861116
	296  -  MemoryUsage of job (MB)
	302296  -  ResidentSetSize of job (KB)
...
006 (2781559.126.000) 12/31 04:05:33 Image size of job updated: 861116
	296  -  MemoryUsage of job (MB)
	302300  -  ResidentSetSize of job (KB)
...
005 (2781559.126.000) 12/31 04:45:13 Job terminated.
	(1) Normal termination (return value 0)
		Usr 0 00:38:03, Sys 0 00:01:14  -  Run Remote Usage
		Usr 0 00:00:00, Sys 0 00:00:00  -  Run Local Usage
		Usr 0 00:38:03, Sys 0 00:01:14  -  Total Remote Usage
		Usr 0 00:00:00, Sys 0 00:00:00  -  Total Local Usage
	91924  -  Run Bytes Sent By Job
	14407  -  Run Bytes Received By Job
	91924  -  Total Bytes Sent By Job
	14407  -  Total Bytes Received By Job
	Partitionable Resources :    Usage  Request Allocated
	   Cpus                 :                 1         1
	   Disk (KB)            :    31300        7   3487067
	   Memory (MB)          :      296     2100      2100
...
