000 (2781559.181.000) 12/31 03:40:42 Job submitted from host: <131.225.189.221:9618?addrs=131.225.189.221-9618&noUDP&sock=7970_9786_3>
...
001 (2781559.181.000) 12/31 03:41:24 Job executing on host: <131.225.207.164:32565?addrs=131.225.207.164-32565>
...
006 (2781559.181.000) 12/31 03:41:33 Image size of job updated: 2
	3  -  MemoryUsage of job (MB)
	2420  -  ResidentSetSize of job (KB)
...
006 (2781559.181.000) 12/31 03:42:34 Image size of job updated: 955508
	356  -  MemoryUsage of job (MB)
	364068  -  ResidentSetSize of job (KB)
...
006 (2781559.181.000) 12/31 03:43:35 Image size of job updated: 956032
	357  -  MemoryUsage of job (MB)
	365228  -  ResidentSetSize of job (KB)
...
006 (2781559.181.000) 12/31 03:44:36 Image size of job updated: 956740
	358  -  MemoryUsage of job (MB)
	366476  -  ResidentSetSize of job (KB)
...
006 (2781559.181.000) 12/31 03:45:37 Image size of job updated: 956740
	359  -  MemoryUsage of job (MB)
	366776  -  ResidentSetSize of job (KB)
...
006 (2781559.181.000) 12/31 03:46:39 Image size of job updated: 956740
	359  -  MemoryUsage of job (MB)
	366956  -  ResidentSetSize of job (KB)
...
006 (2781559.181.000) 12/31 03:47:39 Image size of job updated: 956740
	359  -  MemoryUsage of job (MB)
	367160  -  ResidentSetSize of job (KB)
...
006 (2781559.181.000) 12/31 03:48:39 Image size of job updated: 956740
	359  -  MemoryUsage of job (MB)
	367336  -  ResidentSetSize of job (KB)
...
005 (2781559.181.000) 12/31 03:49:21 Job terminated.
	(1) Normal termination (return value 0)
		Usr 0 00:05:57, Sys 0 00:00:11  -  Run Remote Usage
		Usr 0 00:00:00, Sys 0 00:00:00  -  Run Local Usage
		Usr 0 00:05:57, Sys 0 00:00:11  -  Total Remote Usage
		Usr 0 00:00:00, Sys 0 00:00:00  -  Total Local Usage
	24069  -  Run Bytes Sent By Job
	14407  -  Run Bytes Received By Job
	24069  -  Total Bytes Sent By Job
	14407  -  Total Bytes Received By Job
	Partitionable Resources :    Usage  Request Allocated
	   Cpus                 :                 1         1
	   Disk (KB)            :    31250        7   3516541
	   Memory (MB)          :      359     2100      2100
...
