000 (2781559.178.000) 12/31 03:40:42 Job submitted from host: <131.225.189.221:9618?addrs=131.225.189.221-9618&noUDP&sock=7970_9786_3>
...
001 (2781559.178.000) 12/31 03:41:22 Job executing on host: <131.225.206.229:50104?addrs=131.225.206.229-50104>
...
006 (2781559.178.000) 12/31 03:41:31 Image size of job updated: 2
	3  -  MemoryUsage of job (MB)
	2424  -  ResidentSetSize of job (KB)
...
006 (2781559.178.000) 12/31 03:42:32 Image size of job updated: 955436
	357  -  MemoryUsage of job (MB)
	365188  -  ResidentSetSize of job (KB)
...
006 (2781559.178.000) 12/31 03:43:33 Image size of job updated: 956324
	359  -  MemoryUsage of job (MB)
	366616  -  ResidentSetSize of job (KB)
...
006 (2781559.178.000) 12/31 03:44:34 Image size of job updated: 956324
	359  -  MemoryUsage of job (MB)
	366936  -  ResidentSetSize of job (KB)
...
006 (2781559.178.000) 12/31 03:45:35 Image size of job updated: 957608
	362  -  MemoryUsage of job (MB)
	369668  -  ResidentSetSize of job (KB)
...
006 (2781559.178.000) 12/31 03:46:36 Image size of job updated: 957608
	362  -  MemoryUsage of job (MB)
	369944  -  ResidentSetSize of job (KB)
...
006 (2781559.178.000) 12/31 03:47:36 Image size of job updated: 957608
	368  -  MemoryUsage of job (MB)
	376480  -  ResidentSetSize of job (KB)
...
006 (2781559.178.000) 12/31 03:48:36 Image size of job updated: 957608
	378  -  MemoryUsage of job (MB)
	386840  -  ResidentSetSize of job (KB)
...
006 (2781559.178.000) 12/31 03:49:36 Image size of job updated: 957608
	378  -  MemoryUsage of job (MB)
	386980  -  ResidentSetSize of job (KB)
...
006 (2781559.178.000) 12/31 03:50:36 Image size of job updated: 957608
	379  -  MemoryUsage of job (MB)
	387208  -  ResidentSetSize of job (KB)
...
006 (2781559.178.000) 12/31 03:51:36 Image size of job updated: 957608
	379  -  MemoryUsage of job (MB)
	387320  -  ResidentSetSize of job (KB)
...
006 (2781559.178.000) 12/31 03:52:36 Image size of job updated: 957608
	379  -  MemoryUsage of job (MB)
	387448  -  ResidentSetSize of job (KB)
...
006 (2781559.178.000) 12/31 03:53:37 Image size of job updated: 957608
	379  -  MemoryUsage of job (MB)
	387544  -  ResidentSetSize of job (KB)
...
006 (2781559.178.000) 12/31 03:54:38 Image size of job updated: 957608
	379  -  MemoryUsage of job (MB)
	387660  -  ResidentSetSize of job (KB)
...
006 (2781559.178.000) 12/31 03:55:39 Image size of job updated: 957608
	379  -  MemoryUsage of job (MB)
	387788  -  ResidentSetSize of job (KB)
...
006 (2781559.178.000) 12/31 03:56:40 Image size of job updated: 957608
	379  -  MemoryUsage of job (MB)
	387880  -  ResidentSetSize of job (KB)
...
006 (2781559.178.000) 12/31 03:57:41 Image size of job updated: 957928
	380  -  MemoryUsage of job (MB)
	388452  -  ResidentSetSize of job (KB)
...
006 (2781559.178.000) 12/31 03:58:41 Image size of job updated: 961576
	383  -  MemoryUsage of job (MB)
	392168  -  ResidentSetSize of job (KB)
...
006 (2781559.178.000) 12/31 03:59:41 Image size of job updated: 961576
	384  -  MemoryUsage of job (MB)
	392304  -  ResidentSetSize of job (KB)
...
006 (2781559.178.000) 12/31 04:00:41 Image size of job updated: 961576
	384  -  MemoryUsage of job (MB)
	392440  -  ResidentSetSize of job (KB)
...
006 (2781559.178.000) 12/31 04:01:41 Image size of job updated: 961576
	384  -  MemoryUsage of job (MB)
	392572  -  ResidentSetSize of job (KB)
...
006 (2781559.178.000) 12/31 04:02:41 Image size of job updated: 961576
	384  -  MemoryUsage of job (MB)
	392720  -  ResidentSetSize of job (KB)
...
006 (2781559.178.000) 12/31 04:03:41 Image size of job updated: 961576
	384  -  MemoryUsage of job (MB)
	392836  -  ResidentSetSize of job (KB)
...
006 (2781559.178.000) 12/31 04:06:44 Image size of job updated: 961576
	390  -  MemoryUsage of job (MB)
	398380  -  ResidentSetSize of job (KB)
...
006 (2781559.178.000) 12/31 04:07:45 Image size of job updated: 961576
	390  -  MemoryUsage of job (MB)
	398416  -  ResidentSetSize of job (KB)
...
006 (2781559.178.000) 12/31 04:08:47 Image size of job updated: 961576
	390  -  MemoryUsage of job (MB)
	398472  -  ResidentSetSize of job (KB)
...
006 (2781559.178.000) 12/31 04:09:47 Image size of job updated: 961576
	390  -  MemoryUsage of job (MB)
	398520  -  ResidentSetSize of job (KB)
...
006 (2781559.178.000) 12/31 04:10:47 Image size of job updated: 961576
	390  -  MemoryUsage of job (MB)
	398560  -  ResidentSetSize of job (KB)
...
006 (2781559.178.000) 12/31 04:11:47 Image size of job updated: 961576
	390  -  MemoryUsage of job (MB)
	398608  -  ResidentSetSize of job (KB)
...
006 (2781559.178.000) 12/31 04:41:02 Image size of job updated: 961576
	391  -  MemoryUsage of job (MB)
	400176  -  ResidentSetSize of job (KB)
...
006 (2781559.178.000) 12/31 04:43:04 Image size of job updated: 961576
	393  -  MemoryUsage of job (MB)
	401676  -  ResidentSetSize of job (KB)
...
006 (2781559.178.000) 12/31 04:46:06 Image size of job updated: 961576
	393  -  MemoryUsage of job (MB)
	402356  -  ResidentSetSize of job (KB)
...
006 (2781559.178.000) 12/31 04:49:06 Image size of job updated: 963016
	395  -  MemoryUsage of job (MB)
	404220  -  ResidentSetSize of job (KB)
...
005 (2781559.178.000) 12/31 05:02:47 Job terminated.
	(1) Normal termination (return value 0)
		Usr 0 00:54:18, Sys 0 00:02:03  -  Run Remote Usage
		Usr 0 00:00:00, Sys 0 00:00:00  -  Run Local Usage
		Usr 0 00:54:18, Sys 0 00:02:03  -  Total Remote Usage
		Usr 0 00:00:00, Sys 0 00:00:00  -  Total Local Usage
	147394  -  Run Bytes Sent By Job
	14407  -  Run Bytes Received By Job
	147394  -  Total Bytes Sent By Job
	14407  -  Total Bytes Received By Job
	Partitionable Resources :    Usage  Request Allocated
	   Cpus                 :                 1         1
	   Disk (KB)            :    31556        7   2982117
	   Memory (MB)          :      395     2100      2100
...
