000 (2781559.150.000) 12/31 03:40:42 Job submitted from host: <131.225.189.221:9618?addrs=131.225.189.221-9618&noUDP&sock=7970_9786_3>
...
001 (2781559.150.000) 12/31 03:41:16 Job executing on host: <131.225.206.38:34838?addrs=131.225.206.38-34838>
...
006 (2781559.150.000) 12/31 03:41:25 Image size of job updated: 286344
	44  -  MemoryUsage of job (MB)
	44368  -  ResidentSetSize of job (KB)
...
006 (2781559.150.000) 12/31 03:42:26 Image size of job updated: 957260
	360  -  MemoryUsage of job (MB)
	367752  -  ResidentSetSize of job (KB)
...
006 (2781559.150.000) 12/31 03:43:27 Image size of job updated: 957744
	361  -  MemoryUsage of job (MB)
	368700  -  ResidentSetSize of job (KB)
...
006 (2781559.150.000) 12/31 03:44:28 Image size of job updated: 958844
	363  -  MemoryUsage of job (MB)
	370916  -  ResidentSetSize of job (KB)
...
006 (2781559.150.000) 12/31 03:45:29 Image size of job updated: 958844
	363  -  MemoryUsage of job (MB)
	371336  -  ResidentSetSize of job (KB)
...
006 (2781559.150.000) 12/31 03:46:30 Image size of job updated: 958844
	364  -  MemoryUsage of job (MB)
	371776  -  ResidentSetSize of job (KB)
...
006 (2781559.150.000) 12/31 03:47:30 Image size of job updated: 958844
	364  -  MemoryUsage of job (MB)
	371840  -  ResidentSetSize of job (KB)
...
006 (2781559.150.000) 12/31 03:48:30 Image size of job updated: 958844
	371  -  MemoryUsage of job (MB)
	379068  -  ResidentSetSize of job (KB)
...
006 (2781559.150.000) 12/31 03:49:30 Image size of job updated: 958844
	371  -  MemoryUsage of job (MB)
	379556  -  ResidentSetSize of job (KB)
...
006 (2781559.150.000) 12/31 03:50:30 Image size of job updated: 959028
	388  -  MemoryUsage of job (MB)
	397152  -  ResidentSetSize of job (KB)
...
006 (2781559.150.000) 12/31 03:51:30 Image size of job updated: 959028
	388  -  MemoryUsage of job (MB)
	397220  -  ResidentSetSize of job (KB)
...
006 (2781559.150.000) 12/31 03:52:31 Image size of job updated: 959028
	388  -  MemoryUsage of job (MB)
	397244  -  ResidentSetSize of job (KB)
...
006 (2781559.150.000) 12/31 04:05:38 Image size of job updated: 959256
	389  -  MemoryUsage of job (MB)
	397676  -  ResidentSetSize of job (KB)
...
006 (2781559.150.000) 12/31 04:11:42 Image size of job updated: 959256
	390  -  MemoryUsage of job (MB)
	398784  -  ResidentSetSize of job (KB)
...
006 (2781559.150.000) 12/31 04:14:42 Image size of job updated: 959256
	390  -  MemoryUsage of job (MB)
	398868  -  ResidentSetSize of job (KB)
...
006 (2781559.150.000) 12/31 04:15:43 Image size of job updated: 959256
	391  -  MemoryUsage of job (MB)
	399640  -  ResidentSetSize of job (KB)
...
006 (2781559.150.000) 12/31 04:20:48 Image size of job updated: 959672
	392  -  MemoryUsage of job (MB)
	400468  -  ResidentSetSize of job (KB)
...
006 (2781559.150.000) 12/31 04:34:54 Image size of job updated: 960420
	393  -  MemoryUsage of job (MB)
	401480  -  ResidentSetSize of job (KB)
...
005 (2781559.150.000) 12/31 04:48:02 Job terminated.
	(1) Normal termination (return value 0)
		Usr 0 00:37:41, Sys 0 00:02:02  -  Run Remote Usage
		Usr 0 00:00:00, Sys 0 00:00:00  -  Run Local Usage
		Usr 0 00:37:41, Sys 0 00:02:02  -  Total Remote Usage
		Usr 0 00:00:00, Sys 0 00:00:00  -  Total Local Usage
	151455  -  Run Bytes Sent By Job
	14407  -  Run Bytes Received By Job
	151455  -  Total Bytes Sent By Job
	14407  -  Total Bytes Received By Job
	Partitionable Resources :    Usage  Request Allocated
	   Cpus                 :                 1         1
	   Disk (KB)            :    33765        7   3504982
	   Memory (MB)          :      393     2100      2100
...
