000 (2781559.164.000) 12/31 03:40:42 Job submitted from host: <131.225.189.221:9618?addrs=131.225.189.221-9618&noUDP&sock=7970_9786_3>
...
001 (2781559.164.000) 12/31 03:41:20 Job executing on host: <131.225.206.189:33412?addrs=131.225.206.189-33412>
...
006 (2781559.164.000) 12/31 03:41:29 Image size of job updated: 385664
	163  -  MemoryUsage of job (MB)
	166540  -  ResidentSetSize of job (KB)
...
006 (2781559.164.000) 12/31 03:42:30 Image size of job updated: 954464
	354  -  MemoryUsage of job (MB)
	361736  -  ResidentSetSize of job (KB)
...
006 (2781559.164.000) 12/31 03:44:32 Image size of job updated: 954796
	354  -  MemoryUsage of job (MB)
	361736  -  ResidentSetSize of job (KB)
...
005 (2781559.164.000) 12/31 03:45:02 Job terminated.
	(1) Normal termination (return value 0)
		Usr 0 00:02:12, Sys 0 00:00:08  -  Run Remote Usage
		Usr 0 00:00:00, Sys 0 00:00:00  -  Run Local Usage
		Usr 0 00:02:12, Sys 0 00:00:08  -  Total Remote Usage
		Usr 0 00:00:00, Sys 0 00:00:00  -  Total Local Usage
	17429  -  Run Bytes Sent By Job
	14407  -  Run Bytes Received By Job
	17429  -  Total Bytes Sent By Job
	14407  -  Total Bytes Received By Job
	Partitionable Resources :    Usage  Request Allocated
	   Cpus                 :                 1         1
	   Disk (KB)            :    31232        7   3017381
	   Memory (MB)          :      354     2100      2100
...
