000 (2781559.149.000) 12/31 03:40:42 Job submitted from host: <131.225.189.221:9618?addrs=131.225.189.221-9618&noUDP&sock=7970_9786_3>
...
001 (2781559.149.000) 12/31 03:41:16 Job executing on host: <131.225.206.211:9551?addrs=131.225.206.211-9551>
...
006 (2781559.149.000) 12/31 03:41:25 Image size of job updated: 356464
	135  -  MemoryUsage of job (MB)
	137344  -  ResidentSetSize of job (KB)
...
006 (2781559.149.000) 12/31 03:42:26 Image size of job updated: 957676
	359  -  MemoryUsage of job (MB)
	367028  -  ResidentSetSize of job (KB)
...
006 (2781559.149.000) 12/31 03:43:27 Image size of job updated: 958168
	360  -  MemoryUsage of job (MB)
	367708  -  ResidentSetSize of job (KB)
...
006 (2781559.149.000) 12/31 03:45:29 Image size of job updated: 958168
	360  -  MemoryUsage of job (MB)
	368332  -  ResidentSetSize of job (KB)
...
006 (2781559.149.000) 12/31 03:46:30 Image size of job updated: 958168
	361  -  MemoryUsage of job (MB)
	369660  -  ResidentSetSize of job (KB)
...
006 (2781559.149.000) 12/31 03:47:30 Image size of job updated: 959912
	364  -  MemoryUsage of job (MB)
	372188  -  ResidentSetSize of job (KB)
...
006 (2781559.149.000) 12/31 03:48:30 Image size of job updated: 959912
	371  -  MemoryUsage of job (MB)
	379072  -  ResidentSetSize of job (KB)
...
006 (2781559.149.000) 12/31 03:49:30 Image size of job updated: 959912
	375  -  MemoryUsage of job (MB)
	383300  -  ResidentSetSize of job (KB)
...
006 (2781559.149.000) 12/31 03:50:30 Image size of job updated: 959912
	375  -  MemoryUsage of job (MB)
	383400  -  ResidentSetSize of job (KB)
...
006 (2781559.149.000) 12/31 03:51:30 Image size of job updated: 959912
	375  -  MemoryUsage of job (MB)
	383456  -  ResidentSetSize of job (KB)
...
006 (2781559.149.000) 12/31 03:52:31 Image size of job updated: 959912
	375  -  MemoryUsage of job (MB)
	383632  -  ResidentSetSize of job (KB)
...
006 (2781559.149.000) 12/31 03:53:32 Image size of job updated: 959912
	375  -  MemoryUsage of job (MB)
	383748  -  ResidentSetSize of job (KB)
...
006 (2781559.149.000) 12/31 03:54:33 Image size of job updated: 959912
	376  -  MemoryUsage of job (MB)
	384620  -  ResidentSetSize of job (KB)
...
006 (2781559.149.000) 12/31 03:55:34 Image size of job updated: 959912
	376  -  MemoryUsage of job (MB)
	384816  -  ResidentSetSize of job (KB)
...
006 (2781559.149.000) 12/31 03:56:35 Image size of job updated: 959912
	393  -  MemoryUsage of job (MB)
	401528  -  ResidentSetSize of job (KB)
...
006 (2781559.149.000) 12/31 04:07:40 Image size of job updated: 959968
	393  -  MemoryUsage of job (MB)
	401620  -  ResidentSetSize of job (KB)
...
006 (2781559.149.000) 12/31 04:22:49 Image size of job updated: 964968
	393  -  MemoryUsage of job (MB)
	401620  -  ResidentSetSize of job (KB)
...
005 (2781559.149.000) 12/31 08:32:26 Job terminated.
	(1) Normal termination (return value 0)
		Usr 0 00:38:10, Sys 0 00:02:20  -  Run Remote Usage
		Usr 0 00:00:00, Sys 0 00:00:00  -  Run Local Usage
		Usr 0 00:38:10, Sys 0 00:02:20  -  Total Remote Usage
		Usr 0 00:00:00, Sys 0 00:00:00  -  Total Local Usage
	151099  -  Run Bytes Sent By Job
	14407  -  Run Bytes Received By Job
	151099  -  Total Bytes Sent By Job
	14407  -  Total Bytes Received By Job
	Partitionable Resources :    Usage  Request Allocated
	   Cpus                 :                 1         1
	   Disk (KB)            :    31447        7   3027873
	   Memory (MB)          :      393     2100      2100
...
