000 (2781559.166.000) 12/31 03:40:42 Job submitted from host: <131.225.189.221:9618?addrs=131.225.189.221-9618&noUDP&sock=7970_9786_3>
...
001 (2781559.166.000) 12/31 03:41:22 Job executing on host: <131.225.206.53:20718?addrs=131.225.206.53-20718>
...
006 (2781559.166.000) 12/31 03:41:30 Image size of job updated: 67992
	7  -  MemoryUsage of job (MB)
	6836  -  ResidentSetSize of job (KB)
...
006 (2781559.166.000) 12/31 03:42:30 Image size of job updated: 967888
	369  -  MemoryUsage of job (MB)
	377400  -  ResidentSetSize of job (KB)
...
006 (2781559.166.000) 12/31 03:43:30 Image size of job updated: 968896
	371  -  MemoryUsage of job (MB)
	379328  -  ResidentSetSize of job (KB)
...
006 (2781559.166.000) 12/31 03:44:30 Image size of job updated: 969412
	372  -  MemoryUsage of job (MB)
	380356  -  ResidentSetSize of job (KB)
...
006 (2781559.166.000) 12/31 03:45:30 Image size of job updated: 969412
	372  -  MemoryUsage of job (MB)
	380520  -  ResidentSetSize of job (KB)
...
006 (2781559.166.000) 12/31 03:46:30 Image size of job updated: 969412
	372  -  MemoryUsage of job (MB)
	380660  -  ResidentSetSize of job (KB)
...
006 (2781559.166.000) 12/31 03:47:31 Image size of job updated: 969412
	372  -  MemoryUsage of job (MB)
	380800  -  ResidentSetSize of job (KB)
...
006 (2781559.166.000) 12/31 03:48:32 Image size of job updated: 969412
	372  -  MemoryUsage of job (MB)
	380928  -  ResidentSetSize of job (KB)
...
006 (2781559.166.000) 12/31 03:49:33 Image size of job updated: 969412
	373  -  MemoryUsage of job (MB)
	381112  -  ResidentSetSize of job (KB)
...
006 (2781559.166.000) 12/31 03:50:34 Image size of job updated: 969412
	382  -  MemoryUsage of job (MB)
	390424  -  ResidentSetSize of job (KB)
...
006 (2781559.166.000) 12/31 03:51:35 Image size of job updated: 969412
	382  -  MemoryUsage of job (MB)
	390684  -  ResidentSetSize of job (KB)
...
006 (2781559.166.000) 12/31 03:52:35 Image size of job updated: 969412
	382  -  MemoryUsage of job (MB)
	390860  -  ResidentSetSize of job (KB)
...
006 (2781559.166.000) 12/31 03:53:35 Image size of job updated: 969412
	382  -  MemoryUsage of job (MB)
	391156  -  ResidentSetSize of job (KB)
...
006 (2781559.166.000) 12/31 03:54:35 Image size of job updated: 969412
	383  -  MemoryUsage of job (MB)
	391332  -  ResidentSetSize of job (KB)
...
006 (2781559.166.000) 12/31 03:55:35 Image size of job updated: 969412
	383  -  MemoryUsage of job (MB)
	391516  -  ResidentSetSize of job (KB)
...
006 (2781559.166.000) 12/31 03:56:35 Image size of job updated: 969412
	383  -  MemoryUsage of job (MB)
	391660  -  ResidentSetSize of job (KB)
...
006 (2781559.166.000) 12/31 03:57:35 Image size of job updated: 969412
	383  -  MemoryUsage of job (MB)
	391892  -  ResidentSetSize of job (KB)
...
006 (2781559.166.000) 12/31 03:58:36 Image size of job updated: 969412
	398  -  MemoryUsage of job (MB)
	407124  -  ResidentSetSize of job (KB)
...
006 (2781559.166.000) 12/31 03:59:37 Image size of job updated: 969412
	398  -  MemoryUsage of job (MB)
	407404  -  ResidentSetSize of job (KB)
...
006 (2781559.166.000) 12/31 04:00:38 Image size of job updated: 969412
	398  -  MemoryUsage of job (MB)
	407428  -  ResidentSetSize of job (KB)
...
006 (2781559.166.000) 12/31 04:01:39 Image size of job updated: 969412
	398  -  MemoryUsage of job (MB)
	407452  -  ResidentSetSize of job (KB)
...
006 (2781559.166.000) 12/31 04:02:40 Image size of job updated: 969412
	398  -  MemoryUsage of job (MB)
	407484  -  ResidentSetSize of job (KB)
...
006 (2781559.166.000) 12/31 04:03:42 Image size of job updated: 969412
	398  -  MemoryUsage of job (MB)
	407512  -  ResidentSetSize of job (KB)
...
006 (2781559.166.000) 12/31 04:04:42 Image size of job updated: 969412
	398  -  MemoryUsage of job (MB)
	407548  -  ResidentSetSize of job (KB)
...
006 (2781559.166.000) 12/31 04:07:42 Image size of job updated: 969592
	399  -  MemoryUsage of job (MB)
	407848  -  ResidentSetSize of job (KB)
...
006 (2781559.166.000) 12/31 04:08:42 Image size of job updated: 969592
	399  -  MemoryUsage of job (MB)
	407880  -  ResidentSetSize of job (KB)
...
006 (2781559.166.000) 12/31 04:09:42 Image size of job updated: 969592
	399  -  MemoryUsage of job (MB)
	407912  -  ResidentSetSize of job (KB)
...
006 (2781559.166.000) 12/31 04:10:42 Image size of job updated: 969592
	399  -  MemoryUsage of job (MB)
	407924  -  ResidentSetSize of job (KB)
...
006 (2781559.166.000) 12/31 04:11:43 Image size of job updated: 969592
	399  -  MemoryUsage of job (MB)
	407952  -  ResidentSetSize of job (KB)
...
006 (2781559.166.000) 12/31 04:12:44 Image size of job updated: 969592
	399  -  MemoryUsage of job (MB)
	407984  -  ResidentSetSize of job (KB)
...
006 (2781559.166.000) 12/31 04:13:45 Image size of job updated: 969592
	399  -  MemoryUsage of job (MB)
	408008  -  ResidentSetSize of job (KB)
...
006 (2781559.166.000) 12/31 04:26:52 Image size of job updated: 969592
	399  -  MemoryUsage of job (MB)
	408160  -  ResidentSetSize of job (KB)
...
006 (2781559.166.000) 12/31 04:27:53 Image size of job updated: 969592
	399  -  MemoryUsage of job (MB)
	408168  -  ResidentSetSize of job (KB)
...
006 (2781559.166.000) 12/31 04:28:55 Image size of job updated: 969592
	399  -  MemoryUsage of job (MB)
	408408  -  ResidentSetSize of job (KB)
...
006 (2781559.166.000) 12/31 04:29:55 Image size of job updated: 983192
	399  -  MemoryUsage of job (MB)
	408408  -  ResidentSetSize of job (KB)
...
006 (2781559.166.000) 12/31 04:46:01 Image size of job updated: 983192
	400  -  MemoryUsage of job (MB)
	408788  -  ResidentSetSize of job (KB)
...
006 (2781559.166.000) 12/31 04:52:05 Image size of job updated: 983192
	400  -  MemoryUsage of job (MB)
	408792  -  ResidentSetSize of job (KB)
...
006 (2781559.166.000) 12/31 04:55:07 Image size of job updated: 983192
	400  -  MemoryUsage of job (MB)
	408796  -  ResidentSetSize of job (KB)
...
006 (2781559.166.000) 12/31 05:24:20 Image size of job updated: 983192
	400  -  MemoryUsage of job (MB)
	408908  -  ResidentSetSize of job (KB)
...
006 (2781559.166.000) 12/31 05:42:31 Image size of job updated: 983192
	401  -  MemoryUsage of job (MB)
	409772  -  ResidentSetSize of job (KB)
...
006 (2781559.166.000) 12/31 06:01:39 Image size of job updated: 983192
	401  -  MemoryUsage of job (MB)
	409780  -  ResidentSetSize of job (KB)
...
006 (2781559.166.000) 12/31 07:53:38 Image size of job updated: 983192
	401  -  MemoryUsage of job (MB)
	409788  -  ResidentSetSize of job (KB)
...
006 (2781559.166.000) 12/31 07:55:38 Image size of job updated: 983192
	401  -  MemoryUsage of job (MB)
	410312  -  ResidentSetSize of job (KB)
...
006 (2781559.166.000) 12/31 08:05:44 Image size of job updated: 983192
	401  -  MemoryUsage of job (MB)
	410344  -  ResidentSetSize of job (KB)
...
005 (2781559.166.000) 12/31 09:22:17 Job terminated.
	(1) Normal termination (return value 0)
		Usr 0 00:49:17, Sys 0 00:03:36  -  Run Remote Usage
		Usr 0 00:00:00, Sys 0 00:00:00  -  Run Local Usage
		Usr 0 00:49:17, Sys 0 00:03:36  -  Total Remote Usage
		Usr 0 00:00:00, Sys 0 00:00:00  -  Total Local Usage
	146757  -  Run Bytes Sent By Job
	14407  -  Run Bytes Received By Job
	146757  -  Total Bytes Sent By Job
	14407  -  Total Bytes Received By Job
	Partitionable Resources :    Usage  Request Allocated
	   Cpus                 :                 1         1
	   Disk (KB)            :    31521        7   3419603
	   Memory (MB)          :      401     2100      2100
...
