000 (2781559.163.000) 12/31 03:40:42 Job submitted from host: <131.225.189.221:9618?addrs=131.225.189.221-9618&noUDP&sock=7970_9786_3>
...
001 (2781559.163.000) 12/31 03:41:20 Job executing on host: <131.225.206.166:47384?addrs=131.225.206.166-47384>
...
006 (2781559.163.000) 12/31 03:41:29 Image size of job updated: 348872
	127  -  MemoryUsage of job (MB)
	129804  -  ResidentSetSize of job (KB)
...
006 (2781559.163.000) 12/31 03:42:30 Image size of job updated: 948460
	349  -  MemoryUsage of job (MB)
	357112  -  ResidentSetSize of job (KB)
...
006 (2781559.163.000) 12/31 03:43:31 Image size of job updated: 958264
	359  -  MemoryUsage of job (MB)
	367352  -  ResidentSetSize of job (KB)
...
006 (2781559.163.000) 12/31 03:44:32 Image size of job updated: 958264
	360  -  MemoryUsage of job (MB)
	367628  -  ResidentSetSize of job (KB)
...
006 (2781559.163.000) 12/31 03:45:32 Image size of job updated: 958264
	360  -  MemoryUsage of job (MB)
	367744  -  ResidentSetSize of job (KB)
...
006 (2781559.163.000) 12/31 03:46:32 Image size of job updated: 958264
	360  -  MemoryUsage of job (MB)
	367948  -  ResidentSetSize of job (KB)
...
006 (2781559.163.000) 12/31 03:47:32 Image size of job updated: 958264
	360  -  MemoryUsage of job (MB)
	368084  -  ResidentSetSize of job (KB)
...
006 (2781559.163.000) 12/31 03:48:32 Image size of job updated: 958412
	360  -  MemoryUsage of job (MB)
	368284  -  ResidentSetSize of job (KB)
...
006 (2781559.163.000) 12/31 03:49:32 Image size of job updated: 958412
	360  -  MemoryUsage of job (MB)
	368568  -  ResidentSetSize of job (KB)
...
005 (2781559.163.000) 12/31 03:49:44 Job terminated.
	(1) Normal termination (return value 0)
		Usr 0 00:04:46, Sys 0 00:00:12  -  Run Remote Usage
		Usr 0 00:00:00, Sys 0 00:00:00  -  Run Local Usage
		Usr 0 00:04:46, Sys 0 00:00:12  -  Total Remote Usage
		Usr 0 00:00:00, Sys 0 00:00:00  -  Total Local Usage
	21824  -  Run Bytes Sent By Job
	14407  -  Run Bytes Received By Job
	21824  -  Total Bytes Sent By Job
	14407  -  Total Bytes Received By Job
	Partitionable Resources :    Usage  Request Allocated
	   Cpus                 :                 1         1
	   Disk (KB)            :    31245        7   3043593
	   Memory (MB)          :      360     2100      2100
...
