000 (2781559.157.000) 12/31 03:40:42 Job submitted from host: <131.225.189.221:9618?addrs=131.225.189.221-9618&noUDP&sock=7970_9786_3>
...
001 (2781559.157.000) 12/31 03:41:18 Job executing on host: <131.225.206.48:7634?addrs=131.225.206.48-7634>
...
006 (2781559.157.000) 12/31 03:41:27 Image size of job updated: 386976
	164  -  MemoryUsage of job (MB)
	167904  -  ResidentSetSize of job (KB)
...
006 (2781559.157.000) 12/31 03:42:28 Image size of job updated: 871500
	304  -  MemoryUsage of job (MB)
	311296  -  ResidentSetSize of job (KB)
...
006 (2781559.157.000) 12/31 03:43:29 Image size of job updated: 964172
	369  -  MemoryUsage of job (MB)
	377232  -  ResidentSetSize of job (KB)
...
006 (2781559.157.000) 12/31 03:44:30 Image size of job updated: 964172
	369  -  MemoryUsage of job (MB)
	377592  -  ResidentSetSize of job (KB)
...
006 (2781559.157.000) 12/31 03:45:32 Image size of job updated: 964172
	369  -  MemoryUsage of job (MB)
	377720  -  ResidentSetSize of job (KB)
...
006 (2781559.157.000) 12/31 03:46:32 Image size of job updated: 964172
	370  -  MemoryUsage of job (MB)
	377888  -  ResidentSetSize of job (KB)
...
006 (2781559.157.000) 12/31 03:47:32 Image size of job updated: 964172
	370  -  MemoryUsage of job (MB)
	378060  -  ResidentSetSize of job (KB)
...
006 (2781559.157.000) 12/31 03:48:32 Image size of job updated: 964312
	370  -  MemoryUsage of job (MB)
	378352  -  ResidentSetSize of job (KB)
...
006 (2781559.157.000) 12/31 03:49:32 Image size of job updated: 964312
	370  -  MemoryUsage of job (MB)
	378448  -  ResidentSetSize of job (KB)
...
006 (2781559.157.000) 12/31 03:50:32 Image size of job updated: 964312
	370  -  MemoryUsage of job (MB)
	378552  -  ResidentSetSize of job (KB)
...
006 (2781559.157.000) 12/31 03:51:32 Image size of job updated: 964312
	370  -  MemoryUsage of job (MB)
	378692  -  ResidentSetSize of job (KB)
...
006 (2781559.157.000) 12/31 03:52:33 Image size of job updated: 964312
	370  -  MemoryUsage of job (MB)
	378808  -  ResidentSetSize of job (KB)
...
006 (2781559.157.000) 12/31 03:53:34 Image size of job updated: 964312
	377  -  MemoryUsage of job (MB)
	385760  -  ResidentSetSize of job (KB)
...
006 (2781559.157.000) 12/31 03:54:35 Image size of job updated: 964312
	378  -  MemoryUsage of job (MB)
	386444  -  ResidentSetSize of job (KB)
...
006 (2781559.157.000) 12/31 03:55:36 Image size of job updated: 964312
	378  -  MemoryUsage of job (MB)
	386608  -  ResidentSetSize of job (KB)
...
006 (2781559.157.000) 12/31 03:56:37 Image size of job updated: 964312
	379  -  MemoryUsage of job (MB)
	387172  -  ResidentSetSize of job (KB)
...
006 (2781559.157.000) 12/31 03:57:38 Image size of job updated: 964312
	386  -  MemoryUsage of job (MB)
	394880  -  ResidentSetSize of job (KB)
...
006 (2781559.157.000) 12/31 03:58:38 Image size of job updated: 964376
	386  -  MemoryUsage of job (MB)
	395180  -  ResidentSetSize of job (KB)
...
006 (2781559.157.000) 12/31 03:59:38 Image size of job updated: 964376
	387  -  MemoryUsage of job (MB)
	395360  -  ResidentSetSize of job (KB)
...
006 (2781559.157.000) 12/31 04:00:38 Image size of job updated: 964376
	387  -  MemoryUsage of job (MB)
	395440  -  ResidentSetSize of job (KB)
...
006 (2781559.157.000) 12/31 04:01:38 Image size of job updated: 966500
	389  -  MemoryUsage of job (MB)
	397600  -  ResidentSetSize of job (KB)
...
006 (2781559.157.000) 12/31 04:02:38 Image size of job updated: 966660
	389  -  MemoryUsage of job (MB)
	397732  -  ResidentSetSize of job (KB)
...
006 (2781559.157.000) 12/31 04:03:39 Image size of job updated: 966796
	389  -  MemoryUsage of job (MB)
	397960  -  ResidentSetSize of job (KB)
...
006 (2781559.157.000) 12/31 04:04:40 Image size of job updated: 966796
	389  -  MemoryUsage of job (MB)
	398032  -  ResidentSetSize of job (KB)
...
006 (2781559.157.000) 12/31 04:05:41 Image size of job updated: 968484
	391  -  MemoryUsage of job (MB)
	399800  -  ResidentSetSize of job (KB)
...
006 (2781559.157.000) 12/31 04:06:42 Image size of job updated: 968484
	391  -  MemoryUsage of job (MB)
	399856  -  ResidentSetSize of job (KB)
...
006 (2781559.157.000) 12/31 04:07:43 Image size of job updated: 968484
	391  -  MemoryUsage of job (MB)
	399936  -  ResidentSetSize of job (KB)
...
006 (2781559.157.000) 12/31 04:08:44 Image size of job updated: 968484
	391  -  MemoryUsage of job (MB)
	399996  -  ResidentSetSize of job (KB)
...
006 (2781559.157.000) 12/31 04:22:49 Image size of job updated: 968484
	392  -  MemoryUsage of job (MB)
	400536  -  ResidentSetSize of job (KB)
...
006 (2781559.157.000) 12/31 04:23:49 Image size of job updated: 968484
	392  -  MemoryUsage of job (MB)
	400644  -  ResidentSetSize of job (KB)
...
006 (2781559.157.000) 12/31 04:30:54 Image size of job updated: 968484
	392  -  MemoryUsage of job (MB)
	400728  -  ResidentSetSize of job (KB)
...
006 (2781559.157.000) 12/31 04:42:00 Image size of job updated: 969040
	396  -  MemoryUsage of job (MB)
	404508  -  ResidentSetSize of job (KB)
...
006 (2781559.157.000) 12/31 04:43:00 Image size of job updated: 969040
	396  -  MemoryUsage of job (MB)
	404564  -  ResidentSetSize of job (KB)
...
006 (2781559.157.000) 12/31 04:44:00 Image size of job updated: 969040
	396  -  MemoryUsage of job (MB)
	404628  -  ResidentSetSize of job (KB)
...
006 (2781559.157.000) 12/31 05:05:12 Image size of job updated: 969040
	397  -  MemoryUsage of job (MB)
	405884  -  ResidentSetSize of job (KB)
...
006 (2781559.157.000) 12/31 05:16:18 Image size of job updated: 969040
	397  -  MemoryUsage of job (MB)
	406260  -  ResidentSetSize of job (KB)
...
005 (2781559.157.000) 12/31 05:42:00 Job terminated.
	(1) Normal termination (return value 0)
		Usr 0 01:07:48, Sys 0 00:04:05  -  Run Remote Usage
		Usr 0 00:00:00, Sys 0 00:00:00  -  Run Local Usage
		Usr 0 01:07:48, Sys 0 00:04:05  -  Total Remote Usage
		Usr 0 00:00:00, Sys 0 00:00:00  -  Total Local Usage
	216644  -  Run Bytes Sent By Job
	14407  -  Run Bytes Received By Job
	216644  -  Total Bytes Sent By Job
	14407  -  Total Bytes Received By Job
	Partitionable Resources :    Usage  Request Allocated
	   Cpus                 :                 1         1
	   Disk (KB)            :    31643        7   3514551
	   Memory (MB)          :      397     2100      2100
...
