000 (2781559.154.000) 12/31 03:40:42 Job submitted from host: <131.225.189.221:9618?addrs=131.225.189.221-9618&noUDP&sock=7970_9786_3>
...
001 (2781559.154.000) 12/31 03:41:18 Job executing on host: <131.225.191.146:19238?addrs=131.225.191.146-19238>
...
006 (2781559.154.000) 12/31 03:41:27 Image size of job updated: 349152
	128  -  MemoryUsage of job (MB)
	130096  -  ResidentSetSize of job (KB)
...
006 (2781559.154.000) 12/31 03:42:28 Image size of job updated: 955988
	358  -  MemoryUsage of job (MB)
	366228  -  ResidentSetSize of job (KB)
...
006 (2781559.154.000) 12/31 03:43:29 Image size of job updated: 957060
	360  -  MemoryUsage of job (MB)
	367856  -  ResidentSetSize of job (KB)
...
006 (2781559.154.000) 12/31 03:44:30 Image size of job updated: 957060
	360  -  MemoryUsage of job (MB)
	368476  -  ResidentSetSize of job (KB)
...
006 (2781559.154.000) 12/31 03:45:31 Image size of job updated: 957060
	360  -  MemoryUsage of job (MB)
	368588  -  ResidentSetSize of job (KB)
...
006 (2781559.154.000) 12/31 03:46:32 Image size of job updated: 957060
	361  -  MemoryUsage of job (MB)
	368700  -  ResidentSetSize of job (KB)
...
006 (2781559.154.000) 12/31 03:47:33 Image size of job updated: 957060
	361  -  MemoryUsage of job (MB)
	368864  -  ResidentSetSize of job (KB)
...
006 (2781559.154.000) 12/31 03:48:33 Image size of job updated: 957060
	371  -  MemoryUsage of job (MB)
	379084  -  ResidentSetSize of job (KB)
...
006 (2781559.154.000) 12/31 03:49:33 Image size of job updated: 957060
	371  -  MemoryUsage of job (MB)
	379284  -  ResidentSetSize of job (KB)
...
006 (2781559.154.000) 12/31 03:50:33 Image size of job updated: 957060
	371  -  MemoryUsage of job (MB)
	379568  -  ResidentSetSize of job (KB)
...
006 (2781559.154.000) 12/31 03:51:33 Image size of job updated: 957060
	371  -  MemoryUsage of job (MB)
	379700  -  ResidentSetSize of job (KB)
...
006 (2781559.154.000) 12/31 03:52:33 Image size of job updated: 957060
	371  -  MemoryUsage of job (MB)
	379800  -  ResidentSetSize of job (KB)
...
006 (2781559.154.000) 12/31 03:53:33 Image size of job updated: 957060
	372  -  MemoryUsage of job (MB)
	380028  -  ResidentSetSize of job (KB)
...
006 (2781559.154.000) 12/31 03:56:36 Image size of job updated: 957060
	372  -  MemoryUsage of job (MB)
	380776  -  ResidentSetSize of job (KB)
...
006 (2781559.154.000) 12/31 03:57:37 Image size of job updated: 957060
	372  -  MemoryUsage of job (MB)
	380896  -  ResidentSetSize of job (KB)
...
006 (2781559.154.000) 12/31 03:58:38 Image size of job updated: 957060
	373  -  MemoryUsage of job (MB)
	381000  -  ResidentSetSize of job (KB)
...
006 (2781559.154.000) 12/31 03:59:39 Image size of job updated: 957060
	373  -  MemoryUsage of job (MB)
	381208  -  ResidentSetSize of job (KB)
...
006 (2781559.154.000) 12/31 04:01:39 Image size of job updated: 957172
	373  -  MemoryUsage of job (MB)
	381828  -  ResidentSetSize of job (KB)
...
006 (2781559.154.000) 12/31 04:02:39 Image size of job updated: 957172
	373  -  MemoryUsage of job (MB)
	381924  -  ResidentSetSize of job (KB)
...
006 (2781559.154.000) 12/31 04:03:39 Image size of job updated: 957172
	374  -  MemoryUsage of job (MB)
	382020  -  ResidentSetSize of job (KB)
...
006 (2781559.154.000) 12/31 04:04:39 Image size of job updated: 957172
	374  -  MemoryUsage of job (MB)
	382124  -  ResidentSetSize of job (KB)
...
006 (2781559.154.000) 12/31 04:05:39 Image size of job updated: 957172
	374  -  MemoryUsage of job (MB)
	382332  -  ResidentSetSize of job (KB)
...
006 (2781559.154.000) 12/31 04:06:40 Image size of job updated: 957172
	375  -  MemoryUsage of job (MB)
	383580  -  ResidentSetSize of job (KB)
...
006 (2781559.154.000) 12/31 04:07:41 Image size of job updated: 957172
	375  -  MemoryUsage of job (MB)
	383660  -  ResidentSetSize of job (KB)
...
006 (2781559.154.000) 12/31 04:08:42 Image size of job updated: 957172
	375  -  MemoryUsage of job (MB)
	383900  -  ResidentSetSize of job (KB)
...
006 (2781559.154.000) 12/31 04:09:43 Image size of job updated: 957172
	375  -  MemoryUsage of job (MB)
	383968  -  ResidentSetSize of job (KB)
...
006 (2781559.154.000) 12/31 04:13:45 Image size of job updated: 957172
	377  -  MemoryUsage of job (MB)
	385456  -  ResidentSetSize of job (KB)
...
006 (2781559.154.000) 12/31 04:14:45 Image size of job updated: 957340
	377  -  MemoryUsage of job (MB)
	385884  -  ResidentSetSize of job (KB)
...
006 (2781559.154.000) 12/31 04:15:45 Image size of job updated: 957340
	377  -  MemoryUsage of job (MB)
	385968  -  ResidentSetSize of job (KB)
...
006 (2781559.154.000) 12/31 04:16:45 Image size of job updated: 957340
	378  -  MemoryUsage of job (MB)
	386060  -  ResidentSetSize of job (KB)
...
006 (2781559.154.000) 12/31 04:31:54 Image size of job updated: 957340
	386  -  MemoryUsage of job (MB)
	394460  -  ResidentSetSize of job (KB)
...
006 (2781559.154.000) 12/31 04:32:55 Image size of job updated: 957340
	386  -  MemoryUsage of job (MB)
	394748  -  ResidentSetSize of job (KB)
...
006 (2781559.154.000) 12/31 04:33:56 Image size of job updated: 957340
	387  -  MemoryUsage of job (MB)
	395692  -  ResidentSetSize of job (KB)
...
006 (2781559.154.000) 12/31 04:34:56 Image size of job updated: 957340
	387  -  MemoryUsage of job (MB)
	395700  -  ResidentSetSize of job (KB)
...
006 (2781559.154.000) 12/31 04:35:56 Image size of job updated: 957340
	387  -  MemoryUsage of job (MB)
	395712  -  ResidentSetSize of job (KB)
...
006 (2781559.154.000) 12/31 04:42:59 Image size of job updated: 957340
	388  -  MemoryUsage of job (MB)
	397084  -  ResidentSetSize of job (KB)
...
006 (2781559.154.000) 12/31 04:44:00 Image size of job updated: 957340
	388  -  MemoryUsage of job (MB)
	397092  -  ResidentSetSize of job (KB)
...
005 (2781559.154.000) 12/31 04:49:09 Job terminated.
	(1) Normal termination (return value 0)
		Usr 0 00:39:43, Sys 0 00:01:59  -  Run Remote Usage
		Usr 0 00:00:00, Sys 0 00:00:00  -  Run Local Usage
		Usr 0 00:39:43, Sys 0 00:01:59  -  Total Remote Usage
		Usr 0 00:00:00, Sys 0 00:00:00  -  Total Local Usage
	142924  -  Run Bytes Sent By Job
	14407  -  Run Bytes Received By Job
	142924  -  Total Bytes Sent By Job
	14407  -  Total Bytes Received By Job
	Partitionable Resources :    Usage  Request Allocated
	   Cpus                 :                 1         1
	   Disk (KB)            :    31447        7   3018084
	   Memory (MB)          :      388     2100      2100
...
