000 (2781559.147.000) 12/31 03:40:42 Job submitted from host: <131.225.189.221:9618?addrs=131.225.189.221-9618&noUDP&sock=7970_9786_3>
...
001 (2781559.147.000) 12/31 03:41:18 Job executing on host: <131.225.206.198:50464?addrs=131.225.206.198-50464>
...
006 (2781559.147.000) 12/31 03:41:27 Image size of job updated: 2
	3  -  MemoryUsage of job (MB)
	2420  -  ResidentSetSize of job (KB)
...
006 (2781559.147.000) 12/31 03:42:28 Image size of job updated: 957680
	360  -  MemoryUsage of job (MB)
	368472  -  ResidentSetSize of job (KB)
...
006 (2781559.147.000) 12/31 03:43:29 Image size of job updated: 958884
	362  -  MemoryUsage of job (MB)
	369864  -  ResidentSetSize of job (KB)
...
006 (2781559.147.000) 12/31 03:44:30 Image size of job updated: 958884
	362  -  MemoryUsage of job (MB)
	370044  -  ResidentSetSize of job (KB)
...
006 (2781559.147.000) 12/31 03:45:31 Image size of job updated: 958884
	363  -  MemoryUsage of job (MB)
	370712  -  ResidentSetSize of job (KB)
...
006 (2781559.147.000) 12/31 03:46:32 Image size of job updated: 958884
	363  -  MemoryUsage of job (MB)
	370816  -  ResidentSetSize of job (KB)
...
006 (2781559.147.000) 12/31 03:47:32 Image size of job updated: 958884
	363  -  MemoryUsage of job (MB)
	370948  -  ResidentSetSize of job (KB)
...
006 (2781559.147.000) 12/31 03:48:32 Image size of job updated: 958884
	372  -  MemoryUsage of job (MB)
	380856  -  ResidentSetSize of job (KB)
...
006 (2781559.147.000) 12/31 03:49:32 Image size of job updated: 958884
	373  -  MemoryUsage of job (MB)
	380988  -  ResidentSetSize of job (KB)
...
006 (2781559.147.000) 12/31 03:50:32 Image size of job updated: 958884
	373  -  MemoryUsage of job (MB)
	381104  -  ResidentSetSize of job (KB)
...
006 (2781559.147.000) 12/31 03:51:32 Image size of job updated: 958884
	373  -  MemoryUsage of job (MB)
	381196  -  ResidentSetSize of job (KB)
...
006 (2781559.147.000) 12/31 03:52:32 Image size of job updated: 958884
	373  -  MemoryUsage of job (MB)
	381476  -  ResidentSetSize of job (KB)
...
006 (2781559.147.000) 12/31 03:53:33 Image size of job updated: 958884
	373  -  MemoryUsage of job (MB)
	381536  -  ResidentSetSize of job (KB)
...
006 (2781559.147.000) 12/31 03:54:34 Image size of job updated: 958884
	374  -  MemoryUsage of job (MB)
	382280  -  ResidentSetSize of job (KB)
...
006 (2781559.147.000) 12/31 03:55:35 Image size of job updated: 958884
	374  -  MemoryUsage of job (MB)
	382360  -  ResidentSetSize of job (KB)
...
006 (2781559.147.000) 12/31 03:56:36 Image size of job updated: 958884
	374  -  MemoryUsage of job (MB)
	382460  -  ResidentSetSize of job (KB)
...
006 (2781559.147.000) 12/31 03:57:37 Image size of job updated: 958884
	374  -  MemoryUsage of job (MB)
	382544  -  ResidentSetSize of job (KB)
...
006 (2781559.147.000) 12/31 03:58:37 Image size of job updated: 958884
	374  -  MemoryUsage of job (MB)
	382612  -  ResidentSetSize of job (KB)
...
006 (2781559.147.000) 12/31 03:59:37 Image size of job updated: 958884
	374  -  MemoryUsage of job (MB)
	382724  -  ResidentSetSize of job (KB)
...
006 (2781559.147.000) 12/31 04:00:37 Image size of job updated: 958884
	374  -  MemoryUsage of job (MB)
	382908  -  ResidentSetSize of job (KB)
...
006 (2781559.147.000) 12/31 04:01:37 Image size of job updated: 958884
	375  -  MemoryUsage of job (MB)
	382984  -  ResidentSetSize of job (KB)
...
006 (2781559.147.000) 12/31 04:02:37 Image size of job updated: 959204
	375  -  MemoryUsage of job (MB)
	383372  -  ResidentSetSize of job (KB)
...
006 (2781559.147.000) 12/31 04:05:39 Image size of job updated: 959204
	388  -  MemoryUsage of job (MB)
	396688  -  ResidentSetSize of job (KB)
...
006 (2781559.147.000) 12/31 04:06:40 Image size of job updated: 959204
	388  -  MemoryUsage of job (MB)
	396700  -  ResidentSetSize of job (KB)
...
006 (2781559.147.000) 12/31 04:07:41 Image size of job updated: 959204
	388  -  MemoryUsage of job (MB)
	396708  -  ResidentSetSize of job (KB)
...
006 (2781559.147.000) 12/31 04:08:43 Image size of job updated: 959204
	388  -  MemoryUsage of job (MB)
	397028  -  ResidentSetSize of job (KB)
...
006 (2781559.147.000) 12/31 04:09:43 Image size of job updated: 959204
	388  -  MemoryUsage of job (MB)
	397056  -  ResidentSetSize of job (KB)
...
006 (2781559.147.000) 12/31 04:10:43 Image size of job updated: 959204
	388  -  MemoryUsage of job (MB)
	397072  -  ResidentSetSize of job (KB)
...
006 (2781559.147.000) 12/31 04:11:43 Image size of job updated: 959204
	388  -  MemoryUsage of job (MB)
	397100  -  ResidentSetSize of job (KB)
...
006 (2781559.147.000) 12/31 04:12:43 Image size of job updated: 959204
	388  -  MemoryUsage of job (MB)
	397112  -  ResidentSetSize of job (KB)
...
006 (2781559.147.000) 12/31 04:13:43 Image size of job updated: 959204
	388  -  MemoryUsage of job (MB)
	397148  -  ResidentSetSize of job (KB)
...
006 (2781559.147.000) 12/31 04:14:43 Image size of job updated: 959204
	388  -  MemoryUsage of job (MB)
	397156  -  ResidentSetSize of job (KB)
...
006 (2781559.147.000) 12/31 04:15:44 Image size of job updated: 959204
	388  -  MemoryUsage of job (MB)
	397180  -  ResidentSetSize of job (KB)
...
006 (2781559.147.000) 12/31 04:16:45 Image size of job updated: 959204
	388  -  MemoryUsage of job (MB)
	397200  -  ResidentSetSize of job (KB)
...
006 (2781559.147.000) 12/31 04:17:46 Image size of job updated: 959204
	388  -  MemoryUsage of job (MB)
	397224  -  ResidentSetSize of job (KB)
...
006 (2781559.147.000) 12/31 04:18:47 Image size of job updated: 959204
	388  -  MemoryUsage of job (MB)
	397244  -  ResidentSetSize of job (KB)
...
006 (2781559.147.000) 12/31 04:19:48 Image size of job updated: 959204
	388  -  MemoryUsage of job (MB)
	397260  -  ResidentSetSize of job (KB)
...
006 (2781559.147.000) 12/31 04:20:48 Image size of job updated: 959204
	388  -  MemoryUsage of job (MB)
	397280  -  ResidentSetSize of job (KB)
...
006 (2781559.147.000) 12/31 04:21:48 Image size of job updated: 959204
	388  -  MemoryUsage of job (MB)
	397300  -  ResidentSetSize of job (KB)
...
006 (2781559.147.000) 12/31 04:22:48 Image size of job updated: 959204
	389  -  MemoryUsage of job (MB)
	397316  -  ResidentSetSize of job (KB)
...
006 (2781559.147.000) 12/31 04:23:48 Image size of job updated: 959204
	389  -  MemoryUsage of job (MB)
	397344  -  ResidentSetSize of job (KB)
...
006 (2781559.147.000) 12/31 04:24:48 Image size of job updated: 959204
	389  -  MemoryUsage of job (MB)
	397356  -  ResidentSetSize of job (KB)
...
006 (2781559.147.000) 12/31 04:25:48 Image size of job updated: 959204
	389  -  MemoryUsage of job (MB)
	397376  -  ResidentSetSize of job (KB)
...
006 (2781559.147.000) 12/31 04:26:49 Image size of job updated: 959204
	389  -  MemoryUsage of job (MB)
	397396  -  ResidentSetSize of job (KB)
...
006 (2781559.147.000) 12/31 04:27:50 Image size of job updated: 959204
	389  -  MemoryUsage of job (MB)
	397408  -  ResidentSetSize of job (KB)
...
006 (2781559.147.000) 12/31 04:28:51 Image size of job updated: 959204
	389  -  MemoryUsage of job (MB)
	397436  -  ResidentSetSize of job (KB)
...
006 (2781559.147.000) 12/31 04:29:52 Image size of job updated: 959204
	389  -  MemoryUsage of job (MB)
	397464  -  ResidentSetSize of job (KB)
...
006 (2781559.147.000) 12/31 04:30:54 Image size of job updated: 959352
	389  -  MemoryUsage of job (MB)
	397624  -  ResidentSetSize of job (KB)
...
006 (2781559.147.000) 12/31 04:31:54 Image size of job updated: 959352
	389  -  MemoryUsage of job (MB)
	397652  -  ResidentSetSize of job (KB)
...
006 (2781559.147.000) 12/31 04:32:54 Image size of job updated: 959352
	389  -  MemoryUsage of job (MB)
	397664  -  ResidentSetSize of job (KB)
...
006 (2781559.147.000) 12/31 04:33:54 Image size of job updated: 959352
	389  -  MemoryUsage of job (MB)
	397700  -  ResidentSetSize of job (KB)
...
006 (2781559.147.000) 12/31 04:34:54 Image size of job updated: 959352
	389  -  MemoryUsage of job (MB)
	397732  -  ResidentSetSize of job (KB)
...
006 (2781559.147.000) 12/31 04:35:54 Image size of job updated: 959352
	390  -  MemoryUsage of job (MB)
	399012  -  ResidentSetSize of job (KB)
...
006 (2781559.147.000) 12/31 04:36:54 Image size of job updated: 959352
	390  -  MemoryUsage of job (MB)
	399020  -  ResidentSetSize of job (KB)
...
006 (2781559.147.000) 12/31 04:37:55 Image size of job updated: 959352
	390  -  MemoryUsage of job (MB)
	399032  -  ResidentSetSize of job (KB)
...
006 (2781559.147.000) 12/31 04:38:56 Image size of job updated: 959352
	390  -  MemoryUsage of job (MB)
	399036  -  ResidentSetSize of job (KB)
...
006 (2781559.147.000) 12/31 04:39:57 Image size of job updated: 959352
	390  -  MemoryUsage of job (MB)
	399052  -  ResidentSetSize of job (KB)
...
006 (2781559.147.000) 12/31 04:40:58 Image size of job updated: 959352
	390  -  MemoryUsage of job (MB)
	399056  -  ResidentSetSize of job (KB)
...
006 (2781559.147.000) 12/31 04:41:59 Image size of job updated: 959352
	390  -  MemoryUsage of job (MB)
	399068  -  ResidentSetSize of job (KB)
...
006 (2781559.147.000) 12/31 04:43:01 Image size of job updated: 959352
	390  -  MemoryUsage of job (MB)
	399072  -  ResidentSetSize of job (KB)
...
006 (2781559.147.000) 12/31 04:44:01 Image size of job updated: 959352
	390  -  MemoryUsage of job (MB)
	399084  -  ResidentSetSize of job (KB)
...
006 (2781559.147.000) 12/31 04:46:01 Image size of job updated: 959352
	390  -  MemoryUsage of job (MB)
	399092  -  ResidentSetSize of job (KB)
...
006 (2781559.147.000) 12/31 04:47:01 Image size of job updated: 959352
	390  -  MemoryUsage of job (MB)
	399100  -  ResidentSetSize of job (KB)
...
006 (2781559.147.000) 12/31 04:48:01 Image size of job updated: 959352
	390  -  MemoryUsage of job (MB)
	399104  -  ResidentSetSize of job (KB)
...
005 (2781559.147.000) 12/31 04:48:07 Job terminated.
	(1) Normal termination (return value 0)
		Usr 0 00:38:11, Sys 0 00:02:02  -  Run Remote Usage
		Usr 0 00:00:00, Sys 0 00:00:00  -  Run Local Usage
		Usr 0 00:38:11, Sys 0 00:02:02  -  Total Remote Usage
		Usr 0 00:00:00, Sys 0 00:00:00  -  Total Local Usage
	150818  -  Run Bytes Sent By Job
	14407  -  Run Bytes Received By Job
	150818  -  Total Bytes Sent By Job
	14407  -  Total Bytes Received By Job
	Partitionable Resources :    Usage  Request Allocated
	   Cpus                 :                 1         1
	   Disk (KB)            :    31447        7   3068949
	   Memory (MB)          :      390     2100      2100
...
