000 (2781559.175.000) 12/31 03:40:42 Job submitted from host: <131.225.189.221:9618?addrs=131.225.189.221-9618&noUDP&sock=7970_9786_3>
...
001 (2781559.175.000) 12/31 03:41:22 Job executing on host: <131.225.207.97:36657?addrs=131.225.207.97-36657>
...
006 (2781559.175.000) 12/31 03:41:31 Image size of job updated: 2
	3  -  MemoryUsage of job (MB)
	2420  -  ResidentSetSize of job (KB)
...
006 (2781559.175.000) 12/31 03:42:32 Image size of job updated: 965788
	372  -  MemoryUsage of job (MB)
	380752  -  ResidentSetSize of job (KB)
...
006 (2781559.175.000) 12/31 03:43:33 Image size of job updated: 965968
	373  -  MemoryUsage of job (MB)
	381236  -  ResidentSetSize of job (KB)
...
006 (2781559.175.000) 12/31 03:44:34 Image size of job updated: 966132
	374  -  MemoryUsage of job (MB)
	382528  -  ResidentSetSize of job (KB)
...
006 (2781559.175.000) 12/31 03:45:35 Image size of job updated: 966740
	375  -  MemoryUsage of job (MB)
	383564  -  ResidentSetSize of job (KB)
...
006 (2781559.175.000) 12/31 03:46:36 Image size of job updated: 966740
	375  -  MemoryUsage of job (MB)
	383688  -  ResidentSetSize of job (KB)
...
006 (2781559.175.000) 12/31 03:47:36 Image size of job updated: 966740
	375  -  MemoryUsage of job (MB)
	383836  -  ResidentSetSize of job (KB)
...
006 (2781559.175.000) 12/31 03:48:36 Image size of job updated: 966740
	375  -  MemoryUsage of job (MB)
	383940  -  ResidentSetSize of job (KB)
...
006 (2781559.175.000) 12/31 03:49:36 Image size of job updated: 966740
	376  -  MemoryUsage of job (MB)
	384096  -  ResidentSetSize of job (KB)
...
006 (2781559.175.000) 12/31 03:50:36 Image size of job updated: 966876
	376  -  MemoryUsage of job (MB)
	384312  -  ResidentSetSize of job (KB)
...
006 (2781559.175.000) 12/31 03:51:36 Image size of job updated: 966876
	376  -  MemoryUsage of job (MB)
	384516  -  ResidentSetSize of job (KB)
...
006 (2781559.175.000) 12/31 03:52:36 Image size of job updated: 966876
	380  -  MemoryUsage of job (MB)
	388392  -  ResidentSetSize of job (KB)
...
006 (2781559.175.000) 12/31 03:53:37 Image size of job updated: 966876
	393  -  MemoryUsage of job (MB)
	402240  -  ResidentSetSize of job (KB)
...
006 (2781559.175.000) 12/31 03:54:38 Image size of job updated: 966876
	394  -  MemoryUsage of job (MB)
	403404  -  ResidentSetSize of job (KB)
...
006 (2781559.175.000) 12/31 03:55:39 Image size of job updated: 966876
	394  -  MemoryUsage of job (MB)
	403452  -  ResidentSetSize of job (KB)
...
006 (2781559.175.000) 12/31 03:56:40 Image size of job updated: 966876
	395  -  MemoryUsage of job (MB)
	403652  -  ResidentSetSize of job (KB)
...
006 (2781559.175.000) 12/31 03:57:41 Image size of job updated: 966876
	395  -  MemoryUsage of job (MB)
	403716  -  ResidentSetSize of job (KB)
...
006 (2781559.175.000) 12/31 03:58:42 Image size of job updated: 966876
	395  -  MemoryUsage of job (MB)
	403768  -  ResidentSetSize of job (KB)
...
006 (2781559.175.000) 12/31 03:59:43 Image size of job updated: 967980
	396  -  MemoryUsage of job (MB)
	405144  -  ResidentSetSize of job (KB)
...
006 (2781559.175.000) 12/31 04:00:43 Image size of job updated: 967980
	396  -  MemoryUsage of job (MB)
	405188  -  ResidentSetSize of job (KB)
...
006 (2781559.175.000) 12/31 04:06:45 Image size of job updated: 967980
	396  -  MemoryUsage of job (MB)
	405308  -  ResidentSetSize of job (KB)
...
006 (2781559.175.000) 12/31 04:07:46 Image size of job updated: 967980
	396  -  MemoryUsage of job (MB)
	405364  -  ResidentSetSize of job (KB)
...
006 (2781559.175.000) 12/31 04:08:47 Image size of job updated: 967980
	396  -  MemoryUsage of job (MB)
	405400  -  ResidentSetSize of job (KB)
...
006 (2781559.175.000) 12/31 04:09:48 Image size of job updated: 967980
	396  -  MemoryUsage of job (MB)
	405444  -  ResidentSetSize of job (KB)
...
006 (2781559.175.000) 12/31 04:11:50 Image size of job updated: 967980
	397  -  MemoryUsage of job (MB)
	406300  -  ResidentSetSize of job (KB)
...
006 (2781559.175.000) 12/31 04:12:50 Image size of job updated: 967980
	397  -  MemoryUsage of job (MB)
	406484  -  ResidentSetSize of job (KB)
...
006 (2781559.175.000) 12/31 04:13:50 Image size of job updated: 967980
	397  -  MemoryUsage of job (MB)
	406504  -  ResidentSetSize of job (KB)
...
006 (2781559.175.000) 12/31 04:14:50 Image size of job updated: 967980
	398  -  MemoryUsage of job (MB)
	407004  -  ResidentSetSize of job (KB)
...
006 (2781559.175.000) 12/31 04:15:50 Image size of job updated: 967980
	398  -  MemoryUsage of job (MB)
	407016  -  ResidentSetSize of job (KB)
...
006 (2781559.175.000) 12/31 04:16:51 Image size of job updated: 967980
	398  -  MemoryUsage of job (MB)
	407040  -  ResidentSetSize of job (KB)
...
006 (2781559.175.000) 12/31 04:17:52 Image size of job updated: 967980
	398  -  MemoryUsage of job (MB)
	407056  -  ResidentSetSize of job (KB)
...
006 (2781559.175.000) 12/31 04:26:56 Image size of job updated: 976440
	398  -  MemoryUsage of job (MB)
	407056  -  ResidentSetSize of job (KB)
...
006 (2781559.175.000) 12/31 04:32:00 Image size of job updated: 976440
	399  -  MemoryUsage of job (MB)
	407940  -  ResidentSetSize of job (KB)
...
006 (2781559.175.000) 12/31 04:39:03 Image size of job updated: 976440
	399  -  MemoryUsage of job (MB)
	408420  -  ResidentSetSize of job (KB)
...
006 (2781559.175.000) 12/31 04:42:04 Image size of job updated: 976440
	400  -  MemoryUsage of job (MB)
	409216  -  ResidentSetSize of job (KB)
...
006 (2781559.175.000) 12/31 05:04:16 Image size of job updated: 976440
	402  -  MemoryUsage of job (MB)
	411464  -  ResidentSetSize of job (KB)
...
006 (2781559.175.000) 12/31 05:11:23 Image size of job updated: 976440
	404  -  MemoryUsage of job (MB)
	412984  -  ResidentSetSize of job (KB)
...
005 (2781559.175.000) 12/31 10:37:45 Job terminated.
	(1) Normal termination (return value 0)
		Usr 0 01:02:06, Sys 0 00:02:34  -  Run Remote Usage
		Usr 0 00:00:00, Sys 0 00:00:00  -  Run Local Usage
		Usr 0 01:02:06, Sys 0 00:02:34  -  Total Remote Usage
		Usr 0 00:00:00, Sys 0 00:00:00  -  Total Local Usage
	160853  -  Run Bytes Sent By Job
	14407  -  Run Bytes Received By Job
	160853  -  Total Bytes Sent By Job
	14407  -  Total Bytes Received By Job
	Partitionable Resources :    Usage  Request Allocated
	   Cpus                 :                 1         1
	   Disk (KB)            :    31604        7   3489190
	   Memory (MB)          :      404     2100      2100
...
