000 (2781559.145.000) 12/31 03:40:42 Job submitted from host: <131.225.189.221:9618?addrs=131.225.189.221-9618&noUDP&sock=7970_9786_3>
...
001 (2781559.145.000) 12/31 03:41:16 Job executing on host: <131.225.206.194:32567?addrs=131.225.206.194-32567>
...
006 (2781559.145.000) 12/31 03:41:24 Image size of job updated: 2
	3  -  MemoryUsage of job (MB)
	2420  -  ResidentSetSize of job (KB)
...
006 (2781559.145.000) 12/31 03:42:24 Image size of job updated: 946596
	345  -  MemoryUsage of job (MB)
	352800  -  ResidentSetSize of job (KB)
...
006 (2781559.145.000) 12/31 03:43:24 Image size of job updated: 947172
	347  -  MemoryUsage of job (MB)
	354312  -  ResidentSetSize of job (KB)
...
005 (2781559.145.000) 12/31 03:44:22 Job terminated.
	(1) Normal termination (return value 0)
		Usr 0 00:01:29, Sys 0 00:00:04  -  Run Remote Usage
		Usr 0 00:00:00, Sys 0 00:00:00  -  Run Local Usage
		Usr 0 00:01:29, Sys 0 00:00:04  -  Total Remote Usage
		Usr 0 00:00:00, Sys 0 00:00:00  -  Total Local Usage
	17039  -  Run Bytes Sent By Job
	14407  -  Run Bytes Received By Job
	17039  -  Total Bytes Sent By Job
	14407  -  Total Bytes Received By Job
	Partitionable Resources :    Usage  Request Allocated
	   Cpus                 :                 1         1
	   Disk (KB)            :    31227        7   2979505
	   Memory (MB)          :      347     2100      2100
...
