000 (2781559.117.000) 12/31 03:40:42 Job submitted from host: <131.225.189.221:9618?addrs=131.225.189.221-9618&noUDP&sock=7970_9786_3>
...
001 (2781559.117.000) 12/31 03:41:12 Job executing on host: <131.225.206.14:6193?addrs=131.225.206.14-6193>
...
006 (2781559.117.000) 12/31 03:41:20 Image size of job updated: 2
	3  -  MemoryUsage of job (MB)
	2424  -  ResidentSetSize of job (KB)
...
006 (2781559.117.000) 12/31 03:42:20 Image size of job updated: 937220
	318  -  MemoryUsage of job (MB)
	325624  -  ResidentSetSize of job (KB)
...
006 (2781559.117.000) 12/31 03:43:20 Image size of job updated: 937220
	319  -  MemoryUsage of job (MB)
	326236  -  ResidentSetSize of job (KB)
...
006 (2781559.117.000) 12/31 03:44:20 Image size of job updated: 937220
	320  -  MemoryUsage of job (MB)
	326780  -  ResidentSetSize of job (KB)
...
006 (2781559.117.000) 12/31 03:45:21 Image size of job updated: 937220
	320  -  MemoryUsage of job (MB)
	327188  -  ResidentSetSize of job (KB)
...
005 (2781559.117.000) 12/31 03:45:57 Job terminated.
	(1) Normal termination (return value 0)
		Usr 0 00:02:36, Sys 0 00:00:11  -  Run Remote Usage
		Usr 0 00:00:00, Sys 0 00:00:00  -  Run Local Usage
		Usr 0 00:02:36, Sys 0 00:00:11  -  Total Remote Usage
		Usr 0 00:00:00, Sys 0 00:00:00  -  Total Local Usage
	17087  -  Run Bytes Sent By Job
	14407  -  Run Bytes Received By Job
	17087  -  Total Bytes Sent By Job
	14407  -  Total Bytes Received By Job
	Partitionable Resources :    Usage  Request Allocated
	   Cpus                 :                 1         1
	   Disk (KB)            :    31247        7   3543164
	   Memory (MB)          :      320     2100      2100
...
