000 (2781559.115.000) 12/31 03:40:42 Job submitted from host: <131.225.189.221:9618?addrs=131.225.189.221-9618&noUDP&sock=7970_9786_3>
...
001 (2781559.115.000) 12/31 03:41:10 Job executing on host: <131.225.207.155:44766?addrs=131.225.207.155-44766>
...
006 (2781559.115.000) 12/31 03:41:19 Image size of job updated: 2
	3  -  MemoryUsage of job (MB)
	2420  -  ResidentSetSize of job (KB)
...
006 (2781559.115.000) 12/31 03:42:20 Image size of job updated: 896612
	332  -  MemoryUsage of job (MB)
	339520  -  ResidentSetSize of job (KB)
...
006 (2781559.115.000) 12/31 03:43:21 Image size of job updated: 943540
	346  -  MemoryUsage of job (MB)
	354000  -  ResidentSetSize of job (KB)
...
006 (2781559.115.000) 12/31 03:44:22 Image size of job updated: 943540
	355  -  MemoryUsage of job (MB)
	362524  -  ResidentSetSize of job (KB)
...
006 (2781559.115.000) 12/31 03:45:22 Image size of job updated: 943540
	363  -  MemoryUsage of job (MB)
	370784  -  ResidentSetSize of job (KB)
...
006 (2781559.115.000) 12/31 03:46:22 Image size of job updated: 943812
	363  -  MemoryUsage of job (MB)
	371344  -  ResidentSetSize of job (KB)
...
006 (2781559.115.000) 12/31 03:48:22 Image size of job updated: 943812
	363  -  MemoryUsage of job (MB)
	371532  -  ResidentSetSize of job (KB)
...
006 (2781559.115.000) 12/31 03:49:22 Image size of job updated: 943812
	363  -  MemoryUsage of job (MB)
	371536  -  ResidentSetSize of job (KB)
...
006 (2781559.115.000) 12/31 03:50:23 Image size of job updated: 943948
	364  -  MemoryUsage of job (MB)
	371804  -  ResidentSetSize of job (KB)
...
006 (2781559.115.000) 12/31 03:51:24 Image size of job updated: 1127992
	543  -  MemoryUsage of job (MB)
	555784  -  ResidentSetSize of job (KB)
...
006 (2781559.115.000) 12/31 03:53:26 Image size of job updated: 1127992
	548  -  MemoryUsage of job (MB)
	560992  -  ResidentSetSize of job (KB)
...
006 (2781559.115.000) 12/31 03:54:27 Image size of job updated: 1127992
	548  -  MemoryUsage of job (MB)
	561008  -  ResidentSetSize of job (KB)
...
006 (2781559.115.000) 12/31 03:55:28 Image size of job updated: 1127992
	548  -  MemoryUsage of job (MB)
	561116  -  ResidentSetSize of job (KB)
...
006 (2781559.115.000) 12/31 03:56:28 Image size of job updated: 1127992
	549  -  MemoryUsage of job (MB)
	561196  -  ResidentSetSize of job (KB)
...
006 (2781559.115.000) 12/31 03:57:28 Image size of job updated: 1127992
	549  -  MemoryUsage of job (MB)
	561204  -  ResidentSetSize of job (KB)
...
006 (2781559.115.000) 12/31 03:58:28 Image size of job updated: 1127992
	549  -  MemoryUsage of job (MB)
	561260  -  ResidentSetSize of job (KB)
...
006 (2781559.115.000) 12/31 03:59:28 Image size of job updated: 1127992
	556  -  MemoryUsage of job (MB)
	568856  -  ResidentSetSize of job (KB)
...
006 (2781559.115.000) 12/31 04:00:28 Image size of job updated: 1127992
	559  -  MemoryUsage of job (MB)
	571616  -  ResidentSetSize of job (KB)
...
005 (2781559.115.000) 12/31 04:01:30 Job terminated.
	(1) Normal termination (return value 0)
		Usr 0 00:12:24, Sys 0 00:00:33  -  Run Remote Usage
		Usr 0 00:00:00, Sys 0 00:00:00  -  Run Local Usage
		Usr 0 00:12:24, Sys 0 00:00:33  -  Total Remote Usage
		Usr 0 00:00:00, Sys 0 00:00:00  -  Total Local Usage
	24653  -  Run Bytes Sent By Job
	14407  -  Run Bytes Received By Job
	24653  -  Total Bytes Sent By Job
	14407  -  Total Bytes Received By Job
	Partitionable Resources :    Usage  Request Allocated
	   Cpus                 :                 1         1
	   Disk (KB)            :    98011        7   3438511
	   Memory (MB)          :      559     2100      2100
...
