000 (2781559.074.000) 12/31 03:40:41 Job submitted from host: <131.225.189.221:9618?addrs=131.225.189.221-9618&noUDP&sock=7970_9786_3>
...
001 (2781559.074.000) 12/31 03:41:02 Job executing on host: <131.225.206.136:59039?addrs=131.225.206.136-59039>
...
006 (2781559.074.000) 12/31 03:41:11 Image size of job updated: 385020
	163  -  MemoryUsage of job (MB)
	165984  -  ResidentSetSize of job (KB)
...
006 (2781559.074.000) 12/31 03:42:12 Image size of job updated: 912004
	309  -  MemoryUsage of job (MB)
	316196  -  ResidentSetSize of job (KB)
...
006 (2781559.074.000) 12/31 03:44:14 Image size of job updated: 912004
	310  -  MemoryUsage of job (MB)
	316656  -  ResidentSetSize of job (KB)
...
006 (2781559.074.000) 12/31 03:45:16 Image size of job updated: 912268
	311  -  MemoryUsage of job (MB)
	317552  -  ResidentSetSize of job (KB)
...
006 (2781559.074.000) 12/31 03:46:16 Image size of job updated: 912268
	311  -  MemoryUsage of job (MB)
	317764  -  ResidentSetSize of job (KB)
...
006 (2781559.074.000) 12/31 03:47:16 Image size of job updated: 912268
	311  -  MemoryUsage of job (MB)
	317804  -  ResidentSetSize of job (KB)
...
005 (2781559.074.000) 12/31 04:11:06 Job terminated.
	(1) Normal termination (return value 0)
		Usr 0 00:16:29, Sys 0 00:00:52  -  Run Remote Usage
		Usr 0 00:00:00, Sys 0 00:00:00  -  Run Local Usage
		Usr 0 00:16:29, Sys 0 00:00:52  -  Total Remote Usage
		Usr 0 00:00:00, Sys 0 00:00:00  -  Total Local Usage
	33651  -  Run Bytes Sent By Job
	14407  -  Run Bytes Received By Job
	33651  -  Total Bytes Sent By Job
	14407  -  Total Bytes Received By Job
	Partitionable Resources :    Usage  Request Allocated
	   Cpus                 :                 1         1
	   Disk (KB)            :    31246        7   3495065
	   Memory (MB)          :      311     2100      2100
...
