000 (2781559.084.000) 12/31 03:40:41 Job submitted from host: <131.225.189.221:9618?addrs=131.225.189.221-9618&noUDP&sock=7970_9786_3>
...
001 (2781559.084.000) 12/31 03:41:04 Job executing on host: <131.225.206.38:34838?addrs=131.225.206.38-34838>
...
006 (2781559.084.000) 12/31 03:41:13 Image size of job updated: 2
	3  -  MemoryUsage of job (MB)
	2420  -  ResidentSetSize of job (KB)
...
006 (2781559.084.000) 12/31 03:42:14 Image size of job updated: 895632
	293  -  MemoryUsage of job (MB)
	299880  -  ResidentSetSize of job (KB)
...
006 (2781559.084.000) 12/31 03:44:15 Image size of job updated: 895632
	294  -  MemoryUsage of job (MB)
	300340  -  ResidentSetSize of job (KB)
...
006 (2781559.084.000) 12/31 03:45:15 Image size of job updated: 895632
	294  -  MemoryUsage of job (MB)
	300348  -  ResidentSetSize of job (KB)
...
006 (2781559.084.000) 12/31 03:46:15 Image size of job updated: 902428
	297  -  MemoryUsage of job (MB)
	304128  -  ResidentSetSize of job (KB)
...
006 (2781559.084.000) 12/31 03:47:15 Image size of job updated: 902428
	301  -  MemoryUsage of job (MB)
	307776  -  ResidentSetSize of job (KB)
...
006 (2781559.084.000) 12/31 03:49:15 Image size of job updated: 902428
	301  -  MemoryUsage of job (MB)
	307804  -  ResidentSetSize of job (KB)
...
006 (2781559.084.000) 12/31 03:50:16 Image size of job updated: 902576
	301  -  MemoryUsage of job (MB)
	307944  -  ResidentSetSize of job (KB)
...
006 (2781559.084.000) 12/31 03:52:18 Image size of job updated: 902576
	301  -  MemoryUsage of job (MB)
	307948  -  ResidentSetSize of job (KB)
...
006 (2781559.084.000) 12/31 03:54:21 Image size of job updated: 902748
	301  -  MemoryUsage of job (MB)
	308008  -  ResidentSetSize of job (KB)
...
006 (2781559.084.000) 12/31 03:58:21 Image size of job updated: 902776
	301  -  MemoryUsage of job (MB)
	308008  -  ResidentSetSize of job (KB)
...
006 (2781559.084.000) 12/31 04:02:23 Image size of job updated: 902776
	301  -  MemoryUsage of job (MB)
	308016  -  ResidentSetSize of job (KB)
...
005 (2781559.084.000) 12/31 04:17:42 Job terminated.
	(1) Normal termination (return value 0)
		Usr 0 00:19:27, Sys 0 00:01:18  -  Run Remote Usage
		Usr 0 00:00:00, Sys 0 00:00:00  -  Run Local Usage
		Usr 0 00:19:27, Sys 0 00:01:18  -  Total Remote Usage
		Usr 0 00:00:00, Sys 0 00:00:00  -  Total Local Usage
	37812  -  Run Bytes Sent By Job
	14407  -  Run Bytes Received By Job
	37812  -  Total Bytes Sent By Job
	14407  -  Total Bytes Received By Job
	Partitionable Resources :    Usage  Request Allocated
	   Cpus                 :                 1         1
	   Disk (KB)            :    31775        7   3504982
	   Memory (MB)          :      301     2100      2100
...
