000 (2781559.072.000) 12/31 03:40:41 Job submitted from host: <131.225.189.221:9618?addrs=131.225.189.221-9618&noUDP&sock=7970_9786_3>
...
001 (2781559.072.000) 12/31 03:41:02 Job executing on host: <131.225.207.150:19065?addrs=131.225.207.150-19065>
...
006 (2781559.072.000) 12/31 03:41:11 Image size of job updated: 346716
	125  -  MemoryUsage of job (MB)
	127536  -  ResidentSetSize of job (KB)
...
006 (2781559.072.000) 12/31 03:42:12 Image size of job updated: 912012
	309  -  MemoryUsage of job (MB)
	316208  -  ResidentSetSize of job (KB)
...
006 (2781559.072.000) 12/31 03:44:14 Image size of job updated: 912144
	310  -  MemoryUsage of job (MB)
	316772  -  ResidentSetSize of job (KB)
...
006 (2781559.072.000) 12/31 03:45:16 Image size of job updated: 912280
	311  -  MemoryUsage of job (MB)
	317552  -  ResidentSetSize of job (KB)
...
005 (2781559.072.000) 12/31 04:09:52 Job terminated.
	(1) Normal termination (return value 0)
		Usr 0 00:16:55, Sys 0 00:00:53  -  Run Remote Usage
		Usr 0 00:00:00, Sys 0 00:00:00  -  Run Local Usage
		Usr 0 00:16:55, Sys 0 00:00:53  -  Total Remote Usage
		Usr 0 00:00:00, Sys 0 00:00:00  -  Total Local Usage
	33650  -  Run Bytes Sent By Job
	14407  -  Run Bytes Received By Job
	33650  -  Total Bytes Sent By Job
	14407  -  Total Bytes Received By Job
	Partitionable Resources :    Usage  Request Allocated
	   Cpus                 :                 1         1
	   Disk (KB)            :    31246        7   3511399
	   Memory (MB)          :      311     2100      2100
...
