000 (2781559.066.000) 12/31 03:40:41 Job submitted from host: <131.225.189.221:9618?addrs=131.225.189.221-9618&noUDP&sock=7970_9786_3>
...
001 (2781559.066.000) 12/31 03:41:00 Job executing on host: <131.225.204.58:14167?addrs=131.225.204.58-14167>
...
006 (2781559.066.000) 12/31 03:41:09 Image size of job updated: 30756
	5  -  MemoryUsage of job (MB)
	4936  -  ResidentSetSize of job (KB)
...
006 (2781559.066.000) 12/31 03:42:10 Image size of job updated: 911704
	309  -  MemoryUsage of job (MB)
	315836  -  ResidentSetSize of job (KB)
...
006 (2781559.066.000) 12/31 03:44:12 Image size of job updated: 911704
	309  -  MemoryUsage of job (MB)
	316296  -  ResidentSetSize of job (KB)
...
006 (2781559.066.000) 12/31 03:49:13 Image size of job updated: 911704
	309  -  MemoryUsage of job (MB)
	316324  -  ResidentSetSize of job (KB)
...
006 (2781559.066.000) 12/31 04:00:19 Image size of job updated: 911704
	309  -  MemoryUsage of job (MB)
	316332  -  ResidentSetSize of job (KB)
...
006 (2781559.066.000) 12/31 04:01:19 Image size of job updated: 911704
	310  -  MemoryUsage of job (MB)
	316424  -  ResidentSetSize of job (KB)
...
006 (2781559.066.000) 12/31 04:18:31 Image size of job updated: 911968
	310  -  MemoryUsage of job (MB)
	317316  -  ResidentSetSize of job (KB)
...
006 (2781559.066.000) 12/31 04:19:32 Image size of job updated: 911968
	310  -  MemoryUsage of job (MB)
	317320  -  ResidentSetSize of job (KB)
...
005 (2781559.066.000) 12/31 04:45:10 Job terminated.
	(1) Normal termination (return value 0)
		Usr 0 00:16:27, Sys 0 00:00:46  -  Run Remote Usage
		Usr 0 00:00:00, Sys 0 00:00:00  -  Run Local Usage
		Usr 0 00:16:27, Sys 0 00:00:46  -  Total Remote Usage
		Usr 0 00:00:00, Sys 0 00:00:00  -  Total Local Usage
	33693  -  Run Bytes Sent By Job
	14407  -  Run Bytes Received By Job
	33693  -  Total Bytes Sent By Job
	14407  -  Total Bytes Received By Job
	Partitionable Resources :    Usage  Request Allocated
	   Cpus                 :                 1         1
	   Disk (KB)            :    31246        7   3541226
	   Memory (MB)          :      310     2100      2100
...
