000 (2781559.093.000) 12/31 03:40:41 Job submitted from host: <131.225.189.221:9618?addrs=131.225.189.221-9618&noUDP&sock=7970_9786_3>
...
001 (2781559.093.000) 12/31 03:41:06 Job executing on host: <131.225.207.116:27863?addrs=131.225.207.116-27863>
...
006 (2781559.093.000) 12/31 03:41:15 Image size of job updated: 71040
	10  -  MemoryUsage of job (MB)
	9888  -  ResidentSetSize of job (KB)
...
006 (2781559.093.000) 12/31 03:42:17 Image size of job updated: 886664
	285  -  MemoryUsage of job (MB)
	290936  -  ResidentSetSize of job (KB)
...
006 (2781559.093.000) 12/31 03:43:17 Image size of job updated: 886664
	285  -  MemoryUsage of job (MB)
	291396  -  ResidentSetSize of job (KB)
...
006 (2781559.093.000) 12/31 04:18:35 Image size of job updated: 886932
	285  -  MemoryUsage of job (MB)
	291396  -  ResidentSetSize of job (KB)
...
006 (2781559.093.000) 12/31 04:20:35 Image size of job updated: 911980
	307  -  MemoryUsage of job (MB)
	314128  -  ResidentSetSize of job (KB)
...
006 (2781559.093.000) 12/31 04:21:35 Image size of job updated: 911980
	310  -  MemoryUsage of job (MB)
	317116  -  ResidentSetSize of job (KB)
...
006 (2781559.093.000) 12/31 04:22:35 Image size of job updated: 1096308
	490  -  MemoryUsage of job (MB)
	501452  -  ResidentSetSize of job (KB)
...
006 (2781559.093.000) 12/31 04:23:35 Image size of job updated: 1102572
	496  -  MemoryUsage of job (MB)
	507716  -  ResidentSetSize of job (KB)
...
006 (2781559.093.000) 12/31 04:24:35 Image size of job updated: 1105924
	499  -  MemoryUsage of job (MB)
	510436  -  ResidentSetSize of job (KB)
...
006 (2781559.093.000) 12/31 04:25:35 Image size of job updated: 1109296
	502  -  MemoryUsage of job (MB)
	513812  -  ResidentSetSize of job (KB)
...
006 (2781559.093.000) 12/31 04:28:38 Image size of job updated: 1114584
	502  -  MemoryUsage of job (MB)
	513812  -  ResidentSetSize of job (KB)
...
005 (2781559.093.000) 12/31 09:22:17 Job terminated.
	(1) Normal termination (return value 0)
		Usr 0 00:34:02, Sys 0 00:02:16  -  Run Remote Usage
		Usr 0 00:00:00, Sys 0 00:00:00  -  Run Local Usage
		Usr 0 00:34:02, Sys 0 00:02:16  -  Total Remote Usage
		Usr 0 00:00:00, Sys 0 00:00:00  -  Total Local Usage
	44616  -  Run Bytes Sent By Job
	14407  -  Run Bytes Received By Job
	44616  -  Total Bytes Sent By Job
	14407  -  Total Bytes Received By Job
	Partitionable Resources :    Usage  Request Allocated
	   Cpus                 :                 1         1
	   Disk (KB)            :   893988        7   3501321
	   Memory (MB)          :      502     2100      2100
...
