000 (2781559.070.000) 12/31 03:40:41 Job submitted from host: <131.225.189.221:9618?addrs=131.225.189.221-9618&noUDP&sock=7970_9786_3>
...
001 (2781559.070.000) 12/31 03:41:02 Job executing on host: <131.225.206.180:41903?addrs=131.225.206.180-41903>
...
006 (2781559.070.000) 12/31 03:41:10 Image size of job updated: 2
	3  -  MemoryUsage of job (MB)
	2424  -  ResidentSetSize of job (KB)
...
006 (2781559.070.000) 12/31 03:42:10 Image size of job updated: 911672
	309  -  MemoryUsage of job (MB)
	315864  -  ResidentSetSize of job (KB)
...
006 (2781559.070.000) 12/31 03:44:10 Image size of job updated: 911672
	309  -  MemoryUsage of job (MB)
	316388  -  ResidentSetSize of job (KB)
...
006 (2781559.070.000) 12/31 03:46:10 Image size of job updated: 911936
	310  -  MemoryUsage of job (MB)
	317256  -  ResidentSetSize of job (KB)
...
006 (2781559.070.000) 12/31 03:51:15 Image size of job updated: 911936
	310  -  MemoryUsage of job (MB)
	317284  -  ResidentSetSize of job (KB)
...
005 (2781559.070.000) 12/31 04:14:49 Job terminated.
	(1) Normal termination (return value 0)
		Usr 0 00:16:50, Sys 0 00:00:52  -  Run Remote Usage
		Usr 0 00:00:00, Sys 0 00:00:00  -  Run Local Usage
		Usr 0 00:16:50, Sys 0 00:00:52  -  Total Remote Usage
		Usr 0 00:00:00, Sys 0 00:00:00  -  Total Local Usage
	33433  -  Run Bytes Sent By Job
	14407  -  Run Bytes Received By Job
	33433  -  Total Bytes Sent By Job
	14407  -  Total Bytes Received By Job
	Partitionable Resources :    Usage  Request Allocated
	   Cpus                 :                 1         1
	   Disk (KB)            :    31246        7   3481409
	   Memory (MB)          :      310     2100      2100
...
