000 (2781559.067.000) 12/31 03:40:41 Job submitted from host: <131.225.189.221:9618?addrs=131.225.189.221-9618&noUDP&sock=7970_9786_3>
...
001 (2781559.067.000) 12/31 03:41:00 Job executing on host: <131.225.206.191:41034?addrs=131.225.206.191-41034>
...
006 (2781559.067.000) 12/31 03:41:09 Image size of job updated: 76400
	15  -  MemoryUsage of job (MB)
	14892  -  ResidentSetSize of job (KB)
...
006 (2781559.067.000) 12/31 03:42:10 Image size of job updated: 911672
	309  -  MemoryUsage of job (MB)
	315868  -  ResidentSetSize of job (KB)
...
006 (2781559.067.000) 12/31 03:43:10 Image size of job updated: 911672
	309  -  MemoryUsage of job (MB)
	316356  -  ResidentSetSize of job (KB)
...
006 (2781559.067.000) 12/31 03:45:10 Image size of job updated: 911940
	310  -  MemoryUsage of job (MB)
	317220  -  ResidentSetSize of job (KB)
...
006 (2781559.067.000) 12/31 03:46:10 Image size of job updated: 911940
	310  -  MemoryUsage of job (MB)
	317236  -  ResidentSetSize of job (KB)
...
006 (2781559.067.000) 12/31 03:48:10 Image size of job updated: 911940
	310  -  MemoryUsage of job (MB)
	317244  -  ResidentSetSize of job (KB)
...
006 (2781559.067.000) 12/31 03:49:11 Image size of job updated: 911940
	310  -  MemoryUsage of job (MB)
	317364  -  ResidentSetSize of job (KB)
...
006 (2781559.067.000) 12/31 03:51:13 Image size of job updated: 911940
	310  -  MemoryUsage of job (MB)
	317412  -  ResidentSetSize of job (KB)
...
006 (2781559.067.000) 12/31 03:52:14 Image size of job updated: 911940
	310  -  MemoryUsage of job (MB)
	317420  -  ResidentSetSize of job (KB)
...
006 (2781559.067.000) 12/31 03:53:16 Image size of job updated: 911940
	310  -  MemoryUsage of job (MB)
	317424  -  ResidentSetSize of job (KB)
...
005 (2781559.067.000) 12/31 04:14:06 Job terminated.
	(1) Normal termination (return value 0)
		Usr 0 00:16:41, Sys 0 00:01:13  -  Run Remote Usage
		Usr 0 00:00:00, Sys 0 00:00:00  -  Run Local Usage
		Usr 0 00:16:41, Sys 0 00:01:13  -  Total Remote Usage
		Usr 0 00:00:00, Sys 0 00:00:00  -  Total Local Usage
	33431  -  Run Bytes Sent By Job
	14407  -  Run Bytes Received By Job
	33431  -  Total Bytes Sent By Job
	14407  -  Total Bytes Received By Job
	Partitionable Resources :    Usage  Request Allocated
	   Cpus                 :                 1         1
	   Disk (KB)            :    31243        7   2988684
	   Memory (MB)          :      310     2100      2100
...
