000 (2781559.082.000) 12/31 03:40:41 Job submitted from host: <131.225.189.221:9618?addrs=131.225.189.221-9618&noUDP&sock=7970_9786_3>
...
001 (2781559.082.000) 12/31 03:41:08 Job executing on host: <131.225.204.65:40972?addrs=131.225.204.65-40972>
...
006 (2781559.082.000) 12/31 03:41:17 Image size of job updated: 2
	3  -  MemoryUsage of job (MB)
	2420  -  ResidentSetSize of job (KB)
...
006 (2781559.082.000) 12/31 03:42:18 Image size of job updated: 891724
	289  -  MemoryUsage of job (MB)
	295920  -  ResidentSetSize of job (KB)
...
006 (2781559.082.000) 12/31 03:44:20 Image size of job updated: 891724
	290  -  MemoryUsage of job (MB)
	296412  -  ResidentSetSize of job (KB)
...
006 (2781559.082.000) 12/31 03:45:20 Image size of job updated: 891724
	290  -  MemoryUsage of job (MB)
	296444  -  ResidentSetSize of job (KB)
...
006 (2781559.082.000) 12/31 03:46:20 Image size of job updated: 900568
	294  -  MemoryUsage of job (MB)
	300364  -  ResidentSetSize of job (KB)
...
006 (2781559.082.000) 12/31 03:47:20 Image size of job updated: 900568
	294  -  MemoryUsage of job (MB)
	300376  -  ResidentSetSize of job (KB)
...
006 (2781559.082.000) 12/31 03:48:20 Image size of job updated: 900568
	294  -  MemoryUsage of job (MB)
	300432  -  ResidentSetSize of job (KB)
...
006 (2781559.082.000) 12/31 03:49:20 Image size of job updated: 900568
	294  -  MemoryUsage of job (MB)
	300572  -  ResidentSetSize of job (KB)
...
006 (2781559.082.000) 12/31 03:50:20 Image size of job updated: 900568
	298  -  MemoryUsage of job (MB)
	304272  -  ResidentSetSize of job (KB)
...
006 (2781559.082.000) 12/31 03:51:21 Image size of job updated: 900568
	298  -  MemoryUsage of job (MB)
	304276  -  ResidentSetSize of job (KB)
...
006 (2781559.082.000) 12/31 03:52:22 Image size of job updated: 900740
	298  -  MemoryUsage of job (MB)
	304448  -  ResidentSetSize of job (KB)
...
006 (2781559.082.000) 12/31 03:53:23 Image size of job updated: 900740
	298  -  MemoryUsage of job (MB)
	304524  -  ResidentSetSize of job (KB)
...
006 (2781559.082.000) 12/31 03:54:24 Image size of job updated: 900740
	298  -  MemoryUsage of job (MB)
	304536  -  ResidentSetSize of job (KB)
...
006 (2781559.082.000) 12/31 03:55:25 Image size of job updated: 900740
	298  -  MemoryUsage of job (MB)
	304552  -  ResidentSetSize of job (KB)
...
006 (2781559.082.000) 12/31 04:05:29 Image size of job updated: 900740
	298  -  MemoryUsage of job (MB)
	304556  -  ResidentSetSize of job (KB)
...
006 (2781559.082.000) 12/31 04:06:30 Image size of job updated: 900740
	298  -  MemoryUsage of job (MB)
	304560  -  ResidentSetSize of job (KB)
...
006 (2781559.082.000) 12/31 04:10:31 Image size of job updated: 900912
	298  -  MemoryUsage of job (MB)
	304804  -  ResidentSetSize of job (KB)
...
006 (2781559.082.000) 12/31 04:11:31 Image size of job updated: 900912
	298  -  MemoryUsage of job (MB)
	304836  -  ResidentSetSize of job (KB)
...
006 (2781559.082.000) 12/31 04:12:31 Image size of job updated: 900912
	298  -  MemoryUsage of job (MB)
	304852  -  ResidentSetSize of job (KB)
...
006 (2781559.082.000) 12/31 04:13:31 Image size of job updated: 900912
	298  -  MemoryUsage of job (MB)
	304856  -  ResidentSetSize of job (KB)
...
006 (2781559.082.000) 12/31 04:14:32 Image size of job updated: 900912
	298  -  MemoryUsage of job (MB)
	304872  -  ResidentSetSize of job (KB)
...
006 (2781559.082.000) 12/31 04:15:33 Image size of job updated: 900912
	298  -  MemoryUsage of job (MB)
	304892  -  ResidentSetSize of job (KB)
...
006 (2781559.082.000) 12/31 04:16:34 Image size of job updated: 900912
	298  -  MemoryUsage of job (MB)
	304904  -  ResidentSetSize of job (KB)
...
005 (2781559.082.000) 12/31 04:16:41 Job terminated.
	(1) Normal termination (return value 0)
		Usr 0 00:18:28, Sys 0 00:01:08  -  Run Remote Usage
		Usr 0 00:00:00, Sys 0 00:00:00  -  Run Local Usage
		Usr 0 00:18:28, Sys 0 00:01:08  -  Total Remote Usage
		Usr 0 00:00:00, Sys 0 00:00:00  -  Total Local Usage
	35991  -  Run Bytes Sent By Job
	14407  -  Run Bytes Received By Job
	35991  -  Total Bytes Sent By Job
	14407  -  Total Bytes Received By Job
	Partitionable Resources :    Usage  Request Allocated
	   Cpus                 :                 1         1
	   Disk (KB)            :    31739        7   3511800
	   Memory (MB)          :      298     2100      2100
...
