000 (2781559.092.000) 12/31 03:40:41 Job submitted from host: <131.225.189.221:9618?addrs=131.225.189.221-9618&noUDP&sock=7970_9786_3>
...
001 (2781559.092.000) 12/31 03:41:06 Job executing on host: <131.225.204.81:19153?addrs=131.225.204.81-19153>
...
006 (2781559.092.000) 12/31 03:41:14 Image size of job updated: 374104
	152  -  MemoryUsage of job (MB)
	155028  -  ResidentSetSize of job (KB)
...
006 (2781559.092.000) 12/31 03:42:14 Image size of job updated: 915792
	303  -  MemoryUsage of job (MB)
	310220  -  ResidentSetSize of job (KB)
...
005 (2781559.092.000) 12/31 03:42:31 Job terminated.
	(1) Normal termination (return value 0)
		Usr 0 00:00:58, Sys 0 00:00:02  -  Run Remote Usage
		Usr 0 00:00:00, Sys 0 00:00:00  -  Run Local Usage
		Usr 0 00:00:58, Sys 0 00:00:02  -  Total Remote Usage
		Usr 0 00:00:00, Sys 0 00:00:00  -  Total Local Usage
	14349  -  Run Bytes Sent By Job
	14407  -  Run Bytes Received By Job
	14349  -  Total Bytes Sent By Job
	14407  -  Total Bytes Received By Job
	Partitionable Resources :    Usage  Request Allocated
	   Cpus                 :                 1         1
	   Disk (KB)            :    39143        7   3514703
	   Memory (MB)          :      303     2100      2100
...
