000 (2781559.077.000) 12/31 03:40:41 Job submitted from host: <131.225.189.221:9618?addrs=131.225.189.221-9618&noUDP&sock=7970_9786_3>
...
001 (2781559.077.000) 12/31 03:41:06 Job executing on host: <131.225.206.201:42295?addrs=131.225.206.201-42295>
...
006 (2781559.077.000) 12/31 03:41:14 Image size of job updated: 102480
	3  -  MemoryUsage of job (MB)
	2472  -  ResidentSetSize of job (KB)
...
006 (2781559.077.000) 12/31 03:42:14 Image size of job updated: 912052
	309  -  MemoryUsage of job (MB)
	316152  -  ResidentSetSize of job (KB)
...
006 (2781559.077.000) 12/31 03:44:16 Image size of job updated: 912320
	310  -  MemoryUsage of job (MB)
	317180  -  ResidentSetSize of job (KB)
...
006 (2781559.077.000) 12/31 03:48:20 Image size of job updated: 912320
	310  -  MemoryUsage of job (MB)
	317184  -  ResidentSetSize of job (KB)
...
006 (2781559.077.000) 12/31 03:49:21 Image size of job updated: 912320
	310  -  MemoryUsage of job (MB)
	317308  -  ResidentSetSize of job (KB)
...
006 (2781559.077.000) 12/31 03:50:21 Image size of job updated: 912320
	310  -  MemoryUsage of job (MB)
	317316  -  ResidentSetSize of job (KB)
...
006 (2781559.077.000) 12/31 03:52:21 Image size of job updated: 912320
	311  -  MemoryUsage of job (MB)
	317456  -  ResidentSetSize of job (KB)
...
006 (2781559.077.000) 12/31 03:55:21 Image size of job updated: 912320
	311  -  MemoryUsage of job (MB)
	317464  -  ResidentSetSize of job (KB)
...
006 (2781559.077.000) 12/31 03:56:21 Image size of job updated: 912320
	311  -  MemoryUsage of job (MB)
	317516  -  ResidentSetSize of job (KB)
...
005 (2781559.077.000) 12/31 04:08:20 Job terminated.
	(1) Normal termination (return value 0)
		Usr 0 00:16:51, Sys 0 00:01:00  -  Run Remote Usage
		Usr 0 00:00:00, Sys 0 00:00:00  -  Run Local Usage
		Usr 0 00:16:51, Sys 0 00:01:00  -  Total Remote Usage
		Usr 0 00:00:00, Sys 0 00:00:00  -  Total Local Usage
	33650  -  Run Bytes Sent By Job
	14407  -  Run Bytes Received By Job
	33650  -  Total Bytes Sent By Job
	14407  -  Total Bytes Received By Job
	Partitionable Resources :    Usage  Request Allocated
	   Cpus                 :                 1         1
	   Disk (KB)            :    31246        7   2964400
	   Memory (MB)          :      311     2100      2100
...
