000 (2781559.081.000) 12/31 03:40:41 Job submitted from host: <131.225.189.221:9618?addrs=131.225.189.221-9618&noUDP&sock=7970_9786_3>
...
001 (2781559.081.000) 12/31 03:41:04 Job executing on host: <131.225.206.211:9551?addrs=131.225.206.211-9551>
...
006 (2781559.081.000) 12/31 03:41:12 Image size of job updated: 72116
	11  -  MemoryUsage of job (MB)
	10992  -  ResidentSetSize of job (KB)
...
006 (2781559.081.000) 12/31 03:42:12 Image size of job updated: 891728
	290  -  MemoryUsage of job (MB)
	295940  -  ResidentSetSize of job (KB)
...
006 (2781559.081.000) 12/31 03:43:12 Image size of job updated: 891728
	290  -  MemoryUsage of job (MB)
	296424  -  ResidentSetSize of job (KB)
...
006 (2781559.081.000) 12/31 03:44:13 Image size of job updated: 891860
	290  -  MemoryUsage of job (MB)
	296504  -  ResidentSetSize of job (KB)
...
006 (2781559.081.000) 12/31 03:46:15 Image size of job updated: 900520
	294  -  MemoryUsage of job (MB)
	300272  -  ResidentSetSize of job (KB)
...
006 (2781559.081.000) 12/31 03:47:16 Image size of job updated: 900520
	294  -  MemoryUsage of job (MB)
	300312  -  ResidentSetSize of job (KB)
...
006 (2781559.081.000) 12/31 03:48:17 Image size of job updated: 900520
	294  -  MemoryUsage of job (MB)
	300344  -  ResidentSetSize of job (KB)
...
006 (2781559.081.000) 12/31 03:49:18 Image size of job updated: 900520
	294  -  MemoryUsage of job (MB)
	300380  -  ResidentSetSize of job (KB)
...
006 (2781559.081.000) 12/31 03:50:18 Image size of job updated: 900520
	294  -  MemoryUsage of job (MB)
	300444  -  ResidentSetSize of job (KB)
...
006 (2781559.081.000) 12/31 03:51:18 Image size of job updated: 900520
	294  -  MemoryUsage of job (MB)
	300476  -  ResidentSetSize of job (KB)
...
006 (2781559.081.000) 12/31 03:52:18 Image size of job updated: 900520
	294  -  MemoryUsage of job (MB)
	300528  -  ResidentSetSize of job (KB)
...
006 (2781559.081.000) 12/31 03:53:18 Image size of job updated: 900520
	294  -  MemoryUsage of job (MB)
	300648  -  ResidentSetSize of job (KB)
...
006 (2781559.081.000) 12/31 03:54:18 Image size of job updated: 900520
	299  -  MemoryUsage of job (MB)
	305860  -  ResidentSetSize of job (KB)
...
006 (2781559.081.000) 12/31 03:57:20 Image size of job updated: 900580
	299  -  MemoryUsage of job (MB)
	305884  -  ResidentSetSize of job (KB)
...
006 (2781559.081.000) 12/31 03:58:21 Image size of job updated: 900580
	299  -  MemoryUsage of job (MB)
	306036  -  ResidentSetSize of job (KB)
...
006 (2781559.081.000) 12/31 04:01:24 Image size of job updated: 900956
	300  -  MemoryUsage of job (MB)
	306244  -  ResidentSetSize of job (KB)
...
005 (2781559.081.000) 12/31 04:14:43 Job terminated.
	(1) Normal termination (return value 0)
		Usr 0 00:18:32, Sys 0 00:01:15  -  Run Remote Usage
		Usr 0 00:00:00, Sys 0 00:00:00  -  Run Local Usage
		Usr 0 00:18:32, Sys 0 00:01:15  -  Total Remote Usage
		Usr 0 00:00:00, Sys 0 00:00:00  -  Total Local Usage
	35721  -  Run Bytes Sent By Job
	14407  -  Run Bytes Received By Job
	35721  -  Total Bytes Sent By Job
	14407  -  Total Bytes Received By Job
	Partitionable Resources :    Usage  Request Allocated
	   Cpus                 :                 1         1
	   Disk (KB)            :    31742        7   3027873
	   Memory (MB)          :      300     2100      2100
...
