000 (2781559.094.000) 12/31 03:40:41 Job submitted from host: <131.225.189.221:9618?addrs=131.225.189.221-9618&noUDP&sock=7970_9786_3>
...
001 (2781559.094.000) 12/31 03:41:06 Job executing on host: <131.225.204.69:43691?addrs=131.225.204.69-43691>
...
006 (2781559.094.000) 12/31 03:41:15 Image size of job updated: 2
	3  -  MemoryUsage of job (MB)
	2420  -  ResidentSetSize of job (KB)
...
006 (2781559.094.000) 12/31 03:42:16 Image size of job updated: 918228
	300  -  MemoryUsage of job (MB)
	307064  -  ResidentSetSize of job (KB)
...
006 (2781559.094.000) 12/31 03:43:17 Image size of job updated: 918228
	305  -  MemoryUsage of job (MB)
	312264  -  ResidentSetSize of job (KB)
...
005 (2781559.094.000) 12/31 03:43:29 Job terminated.
	(1) Normal termination (return value 0)
		Usr 0 00:01:23, Sys 0 00:00:04  -  Run Remote Usage
		Usr 0 00:00:00, Sys 0 00:00:00  -  Run Local Usage
		Usr 0 00:01:23, Sys 0 00:00:04  -  Total Remote Usage
		Usr 0 00:00:00, Sys 0 00:00:00  -  Total Local Usage
	14228  -  Run Bytes Sent By Job
	14407  -  Run Bytes Received By Job
	14228  -  Total Bytes Sent By Job
	14407  -  Total Bytes Received By Job
	Partitionable Resources :    Usage  Request Allocated
	   Cpus                 :                 1         1
	   Disk (KB)            :    54794        7   3551832
	   Memory (MB)          :      305     2100      2100
...
