000 (2781559.068.000) 12/31 03:40:41 Job submitted from host: <131.225.189.221:9618?addrs=131.225.189.221-9618&noUDP&sock=7970_9786_3>
...
001 (2781559.068.000) 12/31 03:41:00 Job executing on host: <131.225.206.183:57893?addrs=131.225.206.183-57893>
...
006 (2781559.068.000) 12/31 03:41:09 Image size of job updated: 378368
	156  -  MemoryUsage of job (MB)
	159320  -  ResidentSetSize of job (KB)
...
006 (2781559.068.000) 12/31 03:42:10 Image size of job updated: 911608
	309  -  MemoryUsage of job (MB)
	315764  -  ResidentSetSize of job (KB)
...
006 (2781559.068.000) 12/31 03:44:12 Image size of job updated: 911608
	309  -  MemoryUsage of job (MB)
	316224  -  ResidentSetSize of job (KB)
...
006 (2781559.068.000) 12/31 03:46:14 Image size of job updated: 911872
	310  -  MemoryUsage of job (MB)
	317112  -  ResidentSetSize of job (KB)
...
006 (2781559.068.000) 12/31 03:49:14 Image size of job updated: 911872
	310  -  MemoryUsage of job (MB)
	317140  -  ResidentSetSize of job (KB)
...
006 (2781559.068.000) 12/31 03:54:17 Image size of job updated: 911872
	310  -  MemoryUsage of job (MB)
	317188  -  ResidentSetSize of job (KB)
...
006 (2781559.068.000) 12/31 03:56:19 Image size of job updated: 911872
	310  -  MemoryUsage of job (MB)
	317196  -  ResidentSetSize of job (KB)
...
006 (2781559.068.000) 12/31 03:57:20 Image size of job updated: 911872
	310  -  MemoryUsage of job (MB)
	317248  -  ResidentSetSize of job (KB)
...
006 (2781559.068.000) 12/31 03:58:20 Image size of job updated: 911872
	310  -  MemoryUsage of job (MB)
	317296  -  ResidentSetSize of job (KB)
...
005 (2781559.068.000) 12/31 04:12:47 Job terminated.
	(1) Normal termination (return value 0)
		Usr 0 00:16:29, Sys 0 00:00:51  -  Run Remote Usage
		Usr 0 00:00:00, Sys 0 00:00:00  -  Run Local Usage
		Usr 0 00:16:29, Sys 0 00:00:51  -  Total Remote Usage
		Usr 0 00:00:00, Sys 0 00:00:00  -  Total Local Usage
	33141  -  Run Bytes Sent By Job
	14407  -  Run Bytes Received By Job
	33141  -  Total Bytes Sent By Job
	14407  -  Total Bytes Received By Job
	Partitionable Resources :    Usage  Request Allocated
	   Cpus                 :                 1         1
	   Disk (KB)            :    31243        7   3546537
	   Memory (MB)          :      310     2100      2100
...
