000 (2781559.085.000) 12/31 03:40:41 Job submitted from host: <131.225.189.221:9618?addrs=131.225.189.221-9618&noUDP&sock=7970_9786_3>
...
001 (2781559.085.000) 12/31 03:41:04 Job executing on host: <131.225.207.78:52414?addrs=131.225.207.78-52414>
...
006 (2781559.085.000) 12/31 03:41:13 Image size of job updated: 2
	3  -  MemoryUsage of job (MB)
	2428  -  ResidentSetSize of job (KB)
...
006 (2781559.085.000) 12/31 03:42:14 Image size of job updated: 850828
	250  -  MemoryUsage of job (MB)
	255376  -  ResidentSetSize of job (KB)
...
006 (2781559.085.000) 12/31 03:43:15 Image size of job updated: 920040
	291  -  MemoryUsage of job (MB)
	297208  -  ResidentSetSize of job (KB)
...
006 (2781559.085.000) 12/31 03:44:15 Image size of job updated: 920356
	297  -  MemoryUsage of job (MB)
	303868  -  ResidentSetSize of job (KB)
...
006 (2781559.085.000) 12/31 03:45:15 Image size of job updated: 920356
	309  -  MemoryUsage of job (MB)
	315748  -  ResidentSetSize of job (KB)
...
006 (2781559.085.000) 12/31 03:46:15 Image size of job updated: 920356
	312  -  MemoryUsage of job (MB)
	319148  -  ResidentSetSize of job (KB)
...
006 (2781559.085.000) 12/31 03:47:15 Image size of job updated: 920356
	316  -  MemoryUsage of job (MB)
	322672  -  ResidentSetSize of job (KB)
...
006 (2781559.085.000) 12/31 03:48:15 Image size of job updated: 920356
	318  -  MemoryUsage of job (MB)
	325448  -  ResidentSetSize of job (KB)
...
006 (2781559.085.000) 12/31 03:49:15 Image size of job updated: 920356
	319  -  MemoryUsage of job (MB)
	325736  -  ResidentSetSize of job (KB)
...
006 (2781559.085.000) 12/31 03:50:16 Image size of job updated: 922848
	321  -  MemoryUsage of job (MB)
	328208  -  ResidentSetSize of job (KB)
...
005 (2781559.085.000) 12/31 03:52:32 Job terminated.
	(1) Normal termination (return value 0)
		Usr 0 00:05:57, Sys 0 00:00:24  -  Run Remote Usage
		Usr 0 00:00:00, Sys 0 00:00:00  -  Run Local Usage
		Usr 0 00:05:57, Sys 0 00:00:24  -  Total Remote Usage
		Usr 0 00:00:00, Sys 0 00:00:00  -  Total Local Usage
	22992  -  Run Bytes Sent By Job
	14407  -  Run Bytes Received By Job
	22992  -  Total Bytes Sent By Job
	14407  -  Total Bytes Received By Job
	Partitionable Resources :    Usage  Request Allocated
	   Cpus                 :                 1         1
	   Disk (KB)            :    44632        7   3472443
	   Memory (MB)          :      321     2100      2100
...
