000 (2781559.032.000) 12/31 03:40:41 Job submitted from host: <131.225.189.221:9618?addrs=131.225.189.221-9618&noUDP&sock=7970_9786_3>
...
001 (2781559.032.000) 12/31 03:40:56 Job executing on host: <131.225.206.85:1246?addrs=131.225.206.85-1246>
...
006 (2781559.032.000) 12/31 03:41:04 Image size of job updated: 358248
	136  -  MemoryUsage of job (MB)
	139152  -  ResidentSetSize of job (KB)
...
006 (2781559.032.000) 12/31 03:42:04 Image size of job updated: 921144
	285  -  MemoryUsage of job (MB)
	291256  -  ResidentSetSize of job (KB)
...
006 (2781559.032.000) 12/31 03:43:04 Image size of job updated: 921144
	316  -  MemoryUsage of job (MB)
	322996  -  ResidentSetSize of job (KB)
...
006 (2781559.032.000) 12/31 03:44:04 Image size of job updated: 974984
	370  -  MemoryUsage of job (MB)
	378484  -  ResidentSetSize of job (KB)
...
006 (2781559.032.000) 12/31 03:45:04 Image size of job updated: 974984
	371  -  MemoryUsage of job (MB)
	379412  -  ResidentSetSize of job (KB)
...
006 (2781559.032.000) 12/31 03:46:05 Image size of job updated: 974984
	371  -  MemoryUsage of job (MB)
	379416  -  ResidentSetSize of job (KB)
...
006 (2781559.032.000) 12/31 03:47:06 Image size of job updated: 974984
	371  -  MemoryUsage of job (MB)
	379556  -  ResidentSetSize of job (KB)
...
006 (2781559.032.000) 12/31 03:48:07 Image size of job updated: 974984
	371  -  MemoryUsage of job (MB)
	379596  -  ResidentSetSize of job (KB)
...
006 (2781559.032.000) 12/31 03:49:08 Image size of job updated: 974984
	371  -  MemoryUsage of job (MB)
	379616  -  ResidentSetSize of job (KB)
...
005 (2781559.032.000) 12/31 03:49:24 Job terminated.
	(1) Normal termination (return value 0)
		Usr 0 00:07:00, Sys 0 00:00:05  -  Run Remote Usage
		Usr 0 00:00:00, Sys 0 00:00:00  -  Run Local Usage
		Usr 0 00:07:00, Sys 0 00:00:05  -  Total Remote Usage
		Usr 0 00:00:00, Sys 0 00:00:00  -  Total Local Usage
	24051  -  Run Bytes Sent By Job
	14407  -  Run Bytes Received By Job
	24051  -  Total Bytes Sent By Job
	14407  -  Total Bytes Received By Job
	Partitionable Resources :    Usage  Request Allocated
	   Cpus                 :                 1         1
	   Disk (KB)            :   256404        7   3517867
	   Memory (MB)          :      371     2100      2100
...
