000 (2781559.044.000) 12/31 03:40:41 Job submitted from host: <131.225.189.221:9618?addrs=131.225.189.221-9618&noUDP&sock=7970_9786_3>
...
001 (2781559.044.000) 12/31 03:40:58 Job executing on host: <131.225.206.166:47384?addrs=131.225.206.166-47384>
...
006 (2781559.044.000) 12/31 03:41:06 Image size of job updated: 314320
	109  -  MemoryUsage of job (MB)
	111144  -  ResidentSetSize of job (KB)
...
006 (2781559.044.000) 12/31 03:42:06 Image size of job updated: 842368
	241  -  MemoryUsage of job (MB)
	246244  -  ResidentSetSize of job (KB)
...
006 (2781559.044.000) 12/31 03:43:06 Image size of job updated: 925776
	291  -  MemoryUsage of job (MB)
	297128  -  ResidentSetSize of job (KB)
...
006 (2781559.044.000) 12/31 03:44:06 Image size of job updated: 925776
	302  -  MemoryUsage of job (MB)
	308892  -  ResidentSetSize of job (KB)
...
006 (2781559.044.000) 12/31 03:45:06 Image size of job updated: 925776
	302  -  MemoryUsage of job (MB)
	309052  -  ResidentSetSize of job (KB)
...
006 (2781559.044.000) 12/31 03:46:06 Image size of job updated: 925776
	304  -  MemoryUsage of job (MB)
	310412  -  ResidentSetSize of job (KB)
...
006 (2781559.044.000) 12/31 03:47:07 Image size of job updated: 925776
	308  -  MemoryUsage of job (MB)
	314976  -  ResidentSetSize of job (KB)
...
006 (2781559.044.000) 12/31 03:48:08 Image size of job updated: 925776
	311  -  MemoryUsage of job (MB)
	318068  -  ResidentSetSize of job (KB)
...
006 (2781559.044.000) 12/31 03:49:09 Image size of job updated: 925776
	315  -  MemoryUsage of job (MB)
	321596  -  ResidentSetSize of job (KB)
...
006 (2781559.044.000) 12/31 03:50:10 Image size of job updated: 925776
	323  -  MemoryUsage of job (MB)
	330320  -  ResidentSetSize of job (KB)
...
006 (2781559.044.000) 12/31 03:52:12 Image size of job updated: 925776
	323  -  MemoryUsage of job (MB)
	330628  -  ResidentSetSize of job (KB)
...
006 (2781559.044.000) 12/31 03:53:12 Image size of job updated: 925776
	323  -  MemoryUsage of job (MB)
	330640  -  ResidentSetSize of job (KB)
...
006 (2781559.044.000) 12/31 03:57:12 Image size of job updated: 925776
	323  -  MemoryUsage of job (MB)
	330652  -  ResidentSetSize of job (KB)
...
005 (2781559.044.000) 12/31 03:59:42 Job terminated.
	(1) Normal termination (return value 0)
		Usr 0 00:09:00, Sys 0 00:00:15  -  Run Remote Usage
		Usr 0 00:00:00, Sys 0 00:00:00  -  Run Local Usage
		Usr 0 00:09:00, Sys 0 00:00:15  -  Total Remote Usage
		Usr 0 00:00:00, Sys 0 00:00:00  -  Total Local Usage
	42513  -  Run Bytes Sent By Job
	14407  -  Run Bytes Received By Job
	42513  -  Total Bytes Sent By Job
	14407  -  Total Bytes Received By Job
	Partitionable Resources :    Usage  Request Allocated
	   Cpus                 :                 1         1
	   Disk (KB)            :    57216        7   3043593
	   Memory (MB)          :      323     2100      2100
...
