000 (2781559.041.000) 12/31 03:40:41 Job submitted from host: <131.225.189.221:9618?addrs=131.225.189.221-9618&noUDP&sock=7970_9786_3>
...
001 (2781559.041.000) 12/31 03:40:54 Job executing on host: <131.225.207.166:13323?addrs=131.225.207.166-13323>
...
006 (2781559.041.000) 12/31 03:41:03 Image size of job updated: 335308
	136  -  MemoryUsage of job (MB)
	138404  -  ResidentSetSize of job (KB)
...
006 (2781559.041.000) 12/31 03:42:04 Image size of job updated: 925004
	296  -  MemoryUsage of job (MB)
	302952  -  ResidentSetSize of job (KB)
...
006 (2781559.041.000) 12/31 03:43:05 Image size of job updated: 925004
	306  -  MemoryUsage of job (MB)
	313144  -  ResidentSetSize of job (KB)
...
006 (2781559.041.000) 12/31 03:44:06 Image size of job updated: 925004
	306  -  MemoryUsage of job (MB)
	313280  -  ResidentSetSize of job (KB)
...
006 (2781559.041.000) 12/31 03:45:07 Image size of job updated: 925004
	307  -  MemoryUsage of job (MB)
	313356  -  ResidentSetSize of job (KB)
...
005 (2781559.041.000) 12/31 03:46:07 Job terminated.
	(1) Normal termination (return value 0)
		Usr 0 00:01:15, Sys 0 00:00:02  -  Run Remote Usage
		Usr 0 00:00:00, Sys 0 00:00:00  -  Run Local Usage
		Usr 0 00:01:15, Sys 0 00:00:02  -  Total Remote Usage
		Usr 0 00:00:00, Sys 0 00:00:00  -  Total Local Usage
	16430  -  Run Bytes Sent By Job
	14407  -  Run Bytes Received By Job
	16430  -  Total Bytes Sent By Job
	14407  -  Total Bytes Received By Job
	Partitionable Resources :    Usage  Request Allocated
	   Cpus                 :                 1         1
	   Disk (KB)            :    33148        7   3487067
	   Memory (MB)          :      307     2100      2100
...
