000 (2781559.023.000) 12/31 03:40:41 Job submitted from host: <131.225.189.221:9618?addrs=131.225.189.221-9618&noUDP&sock=7970_9786_3>
...
001 (2781559.023.000) 12/31 03:40:52 Job executing on host: <131.225.206.53:20718?addrs=131.225.206.53-20718>
...
006 (2781559.023.000) 12/31 03:41:01 Image size of job updated: 327716
	126  -  MemoryUsage of job (MB)
	128916  -  ResidentSetSize of job (KB)
...
006 (2781559.023.000) 12/31 03:42:02 Image size of job updated: 925448
	274  -  MemoryUsage of job (MB)
	279872  -  ResidentSetSize of job (KB)
...
006 (2781559.023.000) 12/31 03:43:03 Image size of job updated: 925832
	297  -  MemoryUsage of job (MB)
	303900  -  ResidentSetSize of job (KB)
...
006 (2781559.023.000) 12/31 03:44:04 Image size of job updated: 925832
	297  -  MemoryUsage of job (MB)
	304128  -  ResidentSetSize of job (KB)
...
006 (2781559.023.000) 12/31 03:45:05 Image size of job updated: 925832
	298  -  MemoryUsage of job (MB)
	304320  -  ResidentSetSize of job (KB)
...
006 (2781559.023.000) 12/31 03:46:06 Image size of job updated: 925832
	301  -  MemoryUsage of job (MB)
	307980  -  ResidentSetSize of job (KB)
...
006 (2781559.023.000) 12/31 03:47:06 Image size of job updated: 925832
	308  -  MemoryUsage of job (MB)
	314948  -  ResidentSetSize of job (KB)
...
005 (2781559.023.000) 12/31 03:47:12 Job terminated.
	(1) Normal termination (return value 0)
		Usr 0 00:02:08, Sys 0 00:00:04  -  Run Remote Usage
		Usr 0 00:00:00, Sys 0 00:00:00  -  Run Local Usage
		Usr 0 00:02:08, Sys 0 00:00:04  -  Total Remote Usage
		Usr 0 00:00:00, Sys 0 00:00:00  -  Total Local Usage
	19139  -  Run Bytes Sent By Job
	14407  -  Run Bytes Received By Job
	19139  -  Total Bytes Sent By Job
	14407  -  Total Bytes Received By Job
	Partitionable Resources :    Usage  Request Allocated
	   Cpus                 :                 1         1
	   Disk (KB)            :    39910        7   3419603
	   Memory (MB)          :      308     2100      2100
...
