000 (2781559.026.000) 12/31 03:40:41 Job submitted from host: <131.225.189.221:9618?addrs=131.225.189.221-9618&noUDP&sock=7970_9786_3>
...
001 (2781559.026.000) 12/31 03:40:54 Job executing on host: <131.225.204.69:43691?addrs=131.225.204.69-43691>
...
006 (2781559.026.000) 12/31 03:41:02 Image size of job updated: 56180
	9  -  MemoryUsage of job (MB)
	8540  -  ResidentSetSize of job (KB)
...
006 (2781559.026.000) 12/31 03:42:02 Image size of job updated: 927796
	290  -  MemoryUsage of job (MB)
	296772  -  ResidentSetSize of job (KB)
...
006 (2781559.026.000) 12/31 03:43:02 Image size of job updated: 928396
	311  -  MemoryUsage of job (MB)
	318196  -  ResidentSetSize of job (KB)
...
006 (2781559.026.000) 12/31 03:44:02 Image size of job updated: 928580
	314  -  MemoryUsage of job (MB)
	321452  -  ResidentSetSize of job (KB)
...
005 (2781559.026.000) 12/31 03:44:18 Job terminated.
	(1) Normal termination (return value 0)
		Usr 0 00:02:07, Sys 0 00:00:08  -  Run Remote Usage
		Usr 0 00:00:00, Sys 0 00:00:00  -  Run Local Usage
		Usr 0 00:02:07, Sys 0 00:00:08  -  Total Remote Usage
		Usr 0 00:00:00, Sys 0 00:00:00  -  Total Local Usage
	19849  -  Run Bytes Sent By Job
	14407  -  Run Bytes Received By Job
	19849  -  Total Bytes Sent By Job
	14407  -  Total Bytes Received By Job
	Partitionable Resources :    Usage  Request Allocated
	   Cpus                 :                 1         1
	   Disk (KB)            :    35559        7   3551832
	   Memory (MB)          :      314     2100      2100
...
