000 (2781559.042.000) 12/31 03:40:41 Job submitted from host: <131.225.189.221:9618?addrs=131.225.189.221-9618&noUDP&sock=7970_9786_3>
...
001 (2781559.042.000) 12/31 03:40:56 Job executing on host: <131.225.206.179:44680?addrs=131.225.206.179-44680>
...
006 (2781559.042.000) 12/31 03:41:04 Image size of job updated: 255952
	48  -  MemoryUsage of job (MB)
	48776  -  ResidentSetSize of job (KB)
...
006 (2781559.042.000) 12/31 03:42:04 Image size of job updated: 842384
	241  -  MemoryUsage of job (MB)
	246340  -  ResidentSetSize of job (KB)
...
006 (2781559.042.000) 12/31 03:43:04 Image size of job updated: 842384
	241  -  MemoryUsage of job (MB)
	246416  -  ResidentSetSize of job (KB)
...
006 (2781559.042.000) 12/31 03:44:04 Image size of job updated: 842384
	241  -  MemoryUsage of job (MB)
	246500  -  ResidentSetSize of job (KB)
...
006 (2781559.042.000) 12/31 03:45:04 Image size of job updated: 925360
	323  -  MemoryUsage of job (MB)
	330728  -  ResidentSetSize of job (KB)
...
006 (2781559.042.000) 12/31 03:48:06 Image size of job updated: 925360
	324  -  MemoryUsage of job (MB)
	330788  -  ResidentSetSize of job (KB)
...
006 (2781559.042.000) 12/31 03:49:07 Image size of job updated: 925508
	324  -  MemoryUsage of job (MB)
	330876  -  ResidentSetSize of job (KB)
...
006 (2781559.042.000) 12/31 03:51:10 Image size of job updated: 925508
	324  -  MemoryUsage of job (MB)
	330928  -  ResidentSetSize of job (KB)
...
006 (2781559.042.000) 12/31 03:52:10 Image size of job updated: 925508
	324  -  MemoryUsage of job (MB)
	330940  -  ResidentSetSize of job (KB)
...
006 (2781559.042.000) 12/31 03:55:10 Image size of job updated: 925508
	324  -  MemoryUsage of job (MB)
	330948  -  ResidentSetSize of job (KB)
...
006 (2781559.042.000) 12/31 04:10:16 Image size of job updated: 1032188
	428  -  MemoryUsage of job (MB)
	437592  -  ResidentSetSize of job (KB)
...
005 (2781559.042.000) 12/31 04:27:45 Job terminated.
	(1) Normal termination (return value 0)
		Usr 0 00:17:15, Sys 0 00:00:29  -  Run Remote Usage
		Usr 0 00:00:00, Sys 0 00:00:00  -  Run Local Usage
		Usr 0 00:17:15, Sys 0 00:00:29  -  Total Remote Usage
		Usr 0 00:00:00, Sys 0 00:00:00  -  Total Local Usage
	74059  -  Run Bytes Sent By Job
	14407  -  Run Bytes Received By Job
	74059  -  Total Bytes Sent By Job
	14407  -  Total Bytes Received By Job
	Partitionable Resources :    Usage  Request Allocated
	   Cpus                 :                 1         1
	   Disk (KB)            :    80148        7   3471620
	   Memory (MB)          :      428     2100      2100
...
