000 (2781559.031.000) 12/31 03:40:41 Job submitted from host: <131.225.189.221:9618?addrs=131.225.189.221-9618&noUDP&sock=7970_9786_3>
...
001 (2781559.031.000) 12/31 03:40:54 Job executing on host: <131.225.207.162:29102?addrs=131.225.207.162-29102>
...
006 (2781559.031.000) 12/31 03:41:03 Image size of job updated: 349536
	128  -  MemoryUsage of job (MB)
	130472  -  ResidentSetSize of job (KB)
...
006 (2781559.031.000) 12/31 03:42:04 Image size of job updated: 841048
	240  -  MemoryUsage of job (MB)
	244932  -  ResidentSetSize of job (KB)
...
006 (2781559.031.000) 12/31 03:43:05 Image size of job updated: 921796
	314  -  MemoryUsage of job (MB)
	320820  -  ResidentSetSize of job (KB)
...
006 (2781559.031.000) 12/31 03:44:06 Image size of job updated: 977920
	372  -  MemoryUsage of job (MB)
	380336  -  ResidentSetSize of job (KB)
...
006 (2781559.031.000) 12/31 03:45:07 Image size of job updated: 977920
	372  -  MemoryUsage of job (MB)
	380596  -  ResidentSetSize of job (KB)
...
006 (2781559.031.000) 12/31 03:46:08 Image size of job updated: 977920
	372  -  MemoryUsage of job (MB)
	380628  -  ResidentSetSize of job (KB)
...
006 (2781559.031.000) 12/31 03:47:08 Image size of job updated: 977920
	372  -  MemoryUsage of job (MB)
	380812  -  ResidentSetSize of job (KB)
...
006 (2781559.031.000) 12/31 03:48:08 Image size of job updated: 977920
	372  -  MemoryUsage of job (MB)
	380820  -  ResidentSetSize of job (KB)
...
006 (2781559.031.000) 12/31 03:49:08 Image size of job updated: 977920
	372  -  MemoryUsage of job (MB)
	380848  -  ResidentSetSize of job (KB)
...
006 (2781559.031.000) 12/31 03:50:08 Image size of job updated: 977920
	372  -  MemoryUsage of job (MB)
	380856  -  ResidentSetSize of job (KB)
...
005 (2781559.031.000) 12/31 03:50:26 Job terminated.
	(1) Normal termination (return value 0)
		Usr 0 00:07:43, Sys 0 00:00:05  -  Run Remote Usage
		Usr 0 00:00:00, Sys 0 00:00:00  -  Run Local Usage
		Usr 0 00:07:43, Sys 0 00:00:05  -  Total Remote Usage
		Usr 0 00:00:00, Sys 0 00:00:00  -  Total Local Usage
	21416  -  Run Bytes Sent By Job
	14407  -  Run Bytes Received By Job
	21416  -  Total Bytes Sent By Job
	14407  -  Total Bytes Received By Job
	Partitionable Resources :    Usage  Request Allocated
	   Cpus                 :                 1         1
	   Disk (KB)            :   279496        7   3505700
	   Memory (MB)          :      372     2100      2100
...
