000 (2781559.030.000) 12/31 03:40:41 Job submitted from host: <131.225.189.221:9618?addrs=131.225.189.221-9618&noUDP&sock=7970_9786_3>
...
001 (2781559.030.000) 12/31 03:40:54 Job executing on host: <131.225.204.111:10329?addrs=131.225.204.111-10329>
...
006 (2781559.030.000) 12/31 03:41:03 Image size of job updated: 350648
	129  -  MemoryUsage of job (MB)
	131576  -  ResidentSetSize of job (KB)
...
006 (2781559.030.000) 12/31 03:42:04 Image size of job updated: 841076
	240  -  MemoryUsage of job (MB)
	244844  -  ResidentSetSize of job (KB)
...
006 (2781559.030.000) 12/31 03:45:07 Image size of job updated: 921604
	308  -  MemoryUsage of job (MB)
	315024  -  ResidentSetSize of job (KB)
...
006 (2781559.030.000) 12/31 03:46:08 Image size of job updated: 979540
	375  -  MemoryUsage of job (MB)
	383056  -  ResidentSetSize of job (KB)
...
006 (2781559.030.000) 12/31 03:47:08 Image size of job updated: 979540
	376  -  MemoryUsage of job (MB)
	384748  -  ResidentSetSize of job (KB)
...
006 (2781559.030.000) 12/31 03:48:08 Image size of job updated: 979540
	376  -  MemoryUsage of job (MB)
	384832  -  ResidentSetSize of job (KB)
...
005 (2781559.030.000) 12/31 05:29:04 Job terminated.
	(1) Normal termination (return value 0)
		Usr 0 00:59:27, Sys 0 00:00:41  -  Run Remote Usage
		Usr 0 00:00:00, Sys 0 00:00:00  -  Run Local Usage
		Usr 0 00:59:27, Sys 0 00:00:41  -  Total Remote Usage
		Usr 0 00:00:00, Sys 0 00:00:00  -  Total Local Usage
	98844  -  Run Bytes Sent By Job
	14407  -  Run Bytes Received By Job
	98844  -  Total Bytes Sent By Job
	14407  -  Total Bytes Received By Job
	Partitionable Resources :    Usage  Request Allocated
	   Cpus                 :                 1         1
	   Disk (KB)            :  2390534        7   3424976
	   Memory (MB)          :      376     2100      2100
...
