000 (2781559.020.000) 12/31 03:40:41 Job submitted from host: <131.225.189.221:9618?addrs=131.225.189.221-9618&noUDP&sock=7970_9786_3>
...
001 (2781559.020.000) 12/31 03:40:52 Job executing on host: <131.225.206.161:56280?addrs=131.225.206.161-56280>
...
006 (2781559.020.000) 12/31 03:41:01 Image size of job updated: 333188
	131  -  MemoryUsage of job (MB)
	134108  -  ResidentSetSize of job (KB)
...
006 (2781559.020.000) 12/31 03:42:02 Image size of job updated: 842384
	224  -  MemoryUsage of job (MB)
	228628  -  ResidentSetSize of job (KB)
...
006 (2781559.020.000) 12/31 03:44:04 Image size of job updated: 842384
	224  -  MemoryUsage of job (MB)
	228636  -  ResidentSetSize of job (KB)
...
006 (2781559.020.000) 12/31 03:45:05 Image size of job updated: 929344
	292  -  MemoryUsage of job (MB)
	298836  -  ResidentSetSize of job (KB)
...
006 (2781559.020.000) 12/31 03:46:06 Image size of job updated: 929344
	295  -  MemoryUsage of job (MB)
	301504  -  ResidentSetSize of job (KB)
...
006 (2781559.020.000) 12/31 03:47:06 Image size of job updated: 929344
	296  -  MemoryUsage of job (MB)
	302972  -  ResidentSetSize of job (KB)
...
006 (2781559.020.000) 12/31 03:48:06 Image size of job updated: 929344
	299  -  MemoryUsage of job (MB)
	305156  -  ResidentSetSize of job (KB)
...
006 (2781559.020.000) 12/31 03:49:06 Image size of job updated: 929344
	301  -  MemoryUsage of job (MB)
	307272  -  ResidentSetSize of job (KB)
...
006 (2781559.020.000) 12/31 03:50:06 Image size of job updated: 929344
	301  -  MemoryUsage of job (MB)
	308116  -  ResidentSetSize of job (KB)
...
006 (2781559.020.000) 12/31 03:51:06 Image size of job updated: 929344
	301  -  MemoryUsage of job (MB)
	308172  -  ResidentSetSize of job (KB)
...
006 (2781559.020.000) 12/31 03:52:06 Image size of job updated: 929344
	302  -  MemoryUsage of job (MB)
	308332  -  ResidentSetSize of job (KB)
...
006 (2781559.020.000) 12/31 03:53:06 Image size of job updated: 929344
	304  -  MemoryUsage of job (MB)
	310396  -  ResidentSetSize of job (KB)
...
006 (2781559.020.000) 12/31 03:54:07 Image size of job updated: 929344
	306  -  MemoryUsage of job (MB)
	312864  -  ResidentSetSize of job (KB)
...
006 (2781559.020.000) 12/31 03:55:08 Image size of job updated: 929344
	309  -  MemoryUsage of job (MB)
	316332  -  ResidentSetSize of job (KB)
...
006 (2781559.020.000) 12/31 03:56:09 Image size of job updated: 929344
	311  -  MemoryUsage of job (MB)
	317548  -  ResidentSetSize of job (KB)
...
006 (2781559.020.000) 12/31 03:57:10 Image size of job updated: 929344
	311  -  MemoryUsage of job (MB)
	318400  -  ResidentSetSize of job (KB)
...
006 (2781559.020.000) 12/31 04:04:12 Image size of job updated: 929344
	311  -  MemoryUsage of job (MB)
	318404  -  ResidentSetSize of job (KB)
...
006 (2781559.020.000) 12/31 04:05:12 Image size of job updated: 929344
	311  -  MemoryUsage of job (MB)
	318416  -  ResidentSetSize of job (KB)
...
006 (2781559.020.000) 12/31 04:20:22 Image size of job updated: 1037396
	417  -  MemoryUsage of job (MB)
	426340  -  ResidentSetSize of job (KB)
...
006 (2781559.020.000) 12/31 04:21:24 Image size of job updated: 1037396
	417  -  MemoryUsage of job (MB)
	426404  -  ResidentSetSize of job (KB)
...
005 (2781559.020.000) 12/31 04:22:08 Job terminated.
	(1) Normal termination (return value 0)
		Usr 0 00:17:55, Sys 0 00:00:30  -  Run Remote Usage
		Usr 0 00:00:00, Sys 0 00:00:00  -  Run Local Usage
		Usr 0 00:17:55, Sys 0 00:00:30  -  Total Remote Usage
		Usr 0 00:00:00, Sys 0 00:00:00  -  Total Local Usage
	73544  -  Run Bytes Sent By Job
	14407  -  Run Bytes Received By Job
	73544  -  Total Bytes Sent By Job
	14407  -  Total Bytes Received By Job
	Partitionable Resources :    Usage  Request Allocated
	   Cpus                 :                 1         1
	   Disk (KB)            :    69998        7   3055652
	   Memory (MB)          :      417     2100      2100
...
