000 (2781559.025.000) 12/31 03:40:41 Job submitted from host: <131.225.189.221:9618?addrs=131.225.189.221-9618&noUDP&sock=7970_9786_3>
...
001 (2781559.025.000) 12/31 03:40:52 Job executing on host: <131.225.207.116:27863?addrs=131.225.207.116-27863>
...
006 (2781559.025.000) 12/31 03:41:01 Image size of job updated: 130700
	20  -  MemoryUsage of job (MB)
	20468  -  ResidentSetSize of job (KB)
...
006 (2781559.025.000) 12/31 03:42:02 Image size of job updated: 928364
	303  -  MemoryUsage of job (MB)
	309308  -  ResidentSetSize of job (KB)
...
006 (2781559.025.000) 12/31 03:43:03 Image size of job updated: 928364
	314  -  MemoryUsage of job (MB)
	320864  -  ResidentSetSize of job (KB)
...
006 (2781559.025.000) 12/31 03:44:04 Image size of job updated: 928364
	319  -  MemoryUsage of job (MB)
	326500  -  ResidentSetSize of job (KB)
...
005 (2781559.025.000) 12/31 03:44:20 Job terminated.
	(1) Normal termination (return value 0)
		Usr 0 00:02:11, Sys 0 00:00:07  -  Run Remote Usage
		Usr 0 00:00:00, Sys 0 00:00:00  -  Run Local Usage
		Usr 0 00:02:11, Sys 0 00:00:07  -  Total Remote Usage
		Usr 0 00:00:00, Sys 0 00:00:00  -  Total Local Usage
	18973  -  Run Bytes Sent By Job
	14407  -  Run Bytes Received By Job
	18973  -  Total Bytes Sent By Job
	14407  -  Total Bytes Received By Job
	Partitionable Resources :    Usage  Request Allocated
	   Cpus                 :                 1         1
	   Disk (KB)            :    38221        7   3501321
	   Memory (MB)          :      319     2100      2100
...
