000 (2781559.022.000) 12/31 03:40:41 Job submitted from host: <131.225.189.221:9618?addrs=131.225.189.221-9618&noUDP&sock=7970_9786_3>
...
001 (2781559.022.000) 12/31 03:40:52 Job executing on host: <131.225.207.100:64480?addrs=131.225.207.100-64480>
...
006 (2781559.022.000) 12/31 03:41:01 Image size of job updated: 67992
	7  -  MemoryUsage of job (MB)
	6832  -  ResidentSetSize of job (KB)
...
006 (2781559.022.000) 12/31 03:42:02 Image size of job updated: 925044
	335  -  MemoryUsage of job (MB)
	342064  -  ResidentSetSize of job (KB)
...
006 (2781559.022.000) 12/31 03:43:03 Image size of job updated: 925044
	348  -  MemoryUsage of job (MB)
	355952  -  ResidentSetSize of job (KB)
...
006 (2781559.022.000) 12/31 03:44:04 Image size of job updated: 925044
	356  -  MemoryUsage of job (MB)
	363544  -  ResidentSetSize of job (KB)
...
005 (2781559.022.000) 12/31 03:44:05 Job terminated.
	(1) Normal termination (return value 0)
		Usr 0 00:02:07, Sys 0 00:00:04  -  Run Remote Usage
		Usr 0 00:00:00, Sys 0 00:00:00  -  Run Local Usage
		Usr 0 00:02:07, Sys 0 00:00:04  -  Total Remote Usage
		Usr 0 00:00:00, Sys 0 00:00:00  -  Total Local Usage
	19447  -  Run Bytes Sent By Job
	14407  -  Run Bytes Received By Job
	19447  -  Total Bytes Sent By Job
	14407  -  Total Bytes Received By Job
	Partitionable Resources :    Usage  Request Allocated
	   Cpus                 :                 1         1
	   Disk (KB)            :    38554        7   3506990
	   Memory (MB)          :      356     2100      2100
...
