000 (2781559.029.000) 12/31 03:40:41 Job submitted from host: <131.225.189.221:9618?addrs=131.225.189.221-9618&noUDP&sock=7970_9786_3>
...
001 (2781559.029.000) 12/31 03:40:54 Job executing on host: <131.225.207.174:34879?addrs=131.225.207.174-34879>
...
006 (2781559.029.000) 12/31 03:41:02 Image size of job updated: 363896
	142  -  MemoryUsage of job (MB)
	144812  -  ResidentSetSize of job (KB)
...
006 (2781559.029.000) 12/31 03:42:02 Image size of job updated: 841028
	240  -  MemoryUsage of job (MB)
	244884  -  ResidentSetSize of job (KB)
...
006 (2781559.029.000) 12/31 03:45:02 Image size of job updated: 921688
	311  -  MemoryUsage of job (MB)
	317852  -  ResidentSetSize of job (KB)
...
006 (2781559.029.000) 12/31 03:46:03 Image size of job updated: 979220
	373  -  MemoryUsage of job (MB)
	381336  -  ResidentSetSize of job (KB)
...
006 (2781559.029.000) 12/31 03:47:04 Image size of job updated: 979220
	373  -  MemoryUsage of job (MB)
	381724  -  ResidentSetSize of job (KB)
...
006 (2781559.029.000) 12/31 03:48:05 Image size of job updated: 979220
	373  -  MemoryUsage of job (MB)
	381752  -  ResidentSetSize of job (KB)
...
006 (2781559.029.000) 12/31 03:50:07 Image size of job updated: 979220
	373  -  MemoryUsage of job (MB)
	381756  -  ResidentSetSize of job (KB)
...
006 (2781559.029.000) 12/31 03:52:08 Image size of job updated: 979220
	373  -  MemoryUsage of job (MB)
	381768  -  ResidentSetSize of job (KB)
...
006 (2781559.029.000) 12/31 03:53:08 Image size of job updated: 979220
	373  -  MemoryUsage of job (MB)
	381776  -  ResidentSetSize of job (KB)
...
006 (2781559.029.000) 12/31 03:57:08 Image size of job updated: 979220
	373  -  MemoryUsage of job (MB)
	381808  -  ResidentSetSize of job (KB)
...
006 (2781559.029.000) 12/31 03:59:10 Image size of job updated: 979220
	373  -  MemoryUsage of job (MB)
	381816  -  ResidentSetSize of job (KB)
...
006 (2781559.029.000) 12/31 04:00:11 Image size of job updated: 979220
	375  -  MemoryUsage of job (MB)
	383796  -  ResidentSetSize of job (KB)
...
006 (2781559.029.000) 12/31 04:01:12 Image size of job updated: 979220
	375  -  MemoryUsage of job (MB)
	383956  -  ResidentSetSize of job (KB)
...
006 (2781559.029.000) 12/31 04:03:14 Image size of job updated: 979220
	375  -  MemoryUsage of job (MB)
	383960  -  ResidentSetSize of job (KB)
...
006 (2781559.029.000) 12/31 04:30:27 Image size of job updated: 979220
	376  -  MemoryUsage of job (MB)
	384504  -  ResidentSetSize of job (KB)
...
005 (2781559.029.000) 12/31 05:01:09 Job terminated.
	(1) Normal termination (return value 0)
		Usr 0 00:57:32, Sys 0 00:00:45  -  Run Remote Usage
		Usr 0 00:00:00, Sys 0 00:00:00  -  Run Local Usage
		Usr 0 00:57:32, Sys 0 00:00:45  -  Total Remote Usage
		Usr 0 00:00:00, Sys 0 00:00:00  -  Total Local Usage
	95734  -  Run Bytes Sent By Job
	14407  -  Run Bytes Received By Job
	95734  -  Total Bytes Sent By Job
	14407  -  Total Bytes Received By Job
	Partitionable Resources :    Usage  Request Allocated
	   Cpus                 :                 1         1
	   Disk (KB)            :  2343597        7   3559920
	   Memory (MB)          :      376     2100      2100
...
