000 (2781559.024.000) 12/31 03:40:41 Job submitted from host: <131.225.189.221:9618?addrs=131.225.189.221-9618&noUDP&sock=7970_9786_3>
...
001 (2781559.024.000) 12/31 03:40:54 Job executing on host: <131.225.206.173:13152?addrs=131.225.206.173-13152>
...
006 (2781559.024.000) 12/31 03:41:02 Image size of job updated: 349364
	128  -  MemoryUsage of job (MB)
	130316  -  ResidentSetSize of job (KB)
...
006 (2781559.024.000) 12/31 03:42:02 Image size of job updated: 842412
	241  -  MemoryUsage of job (MB)
	246304  -  ResidentSetSize of job (KB)
...
006 (2781559.024.000) 12/31 03:43:02 Image size of job updated: 928740
	310  -  MemoryUsage of job (MB)
	317068  -  ResidentSetSize of job (KB)
...
006 (2781559.024.000) 12/31 03:44:02 Image size of job updated: 928740
	314  -  MemoryUsage of job (MB)
	320996  -  ResidentSetSize of job (KB)
...
006 (2781559.024.000) 12/31 03:45:02 Image size of job updated: 928740
	318  -  MemoryUsage of job (MB)
	324928  -  ResidentSetSize of job (KB)
...
006 (2781559.024.000) 12/31 03:46:03 Image size of job updated: 928740
	322  -  MemoryUsage of job (MB)
	328968  -  ResidentSetSize of job (KB)
...
005 (2781559.024.000) 12/31 03:46:50 Job terminated.
	(1) Normal termination (return value 0)
		Usr 0 00:03:51, Sys 0 00:00:06  -  Run Remote Usage
		Usr 0 00:00:00, Sys 0 00:00:00  -  Run Local Usage
		Usr 0 00:03:51, Sys 0 00:00:06  -  Total Remote Usage
		Usr 0 00:00:00, Sys 0 00:00:00  -  Total Local Usage
	24795  -  Run Bytes Sent By Job
	14407  -  Run Bytes Received By Job
	24795  -  Total Bytes Sent By Job
	14407  -  Total Bytes Received By Job
	Partitionable Resources :    Usage  Request Allocated
	   Cpus                 :                 1         1
	   Disk (KB)            :    38754        7   3007961
	   Memory (MB)          :      322     2100      2100
...
