000 (2781559.102.000) 12/31 03:40:42 Job submitted from host: <131.225.189.221:9618?addrs=131.225.189.221-9618&noUDP&sock=7970_9786_3>
...
001 (2781559.102.000) 12/31 03:41:08 Job executing on host: <131.225.206.41:29190?addrs=131.225.206.41-29190>
...
006 (2781559.102.000) 12/31 03:41:16 Image size of job updated: 2
	3  -  MemoryUsage of job (MB)
	2424  -  ResidentSetSize of job (KB)
...
006 (2781559.102.000) 12/31 03:42:16 Image size of job updated: 899648
	297  -  MemoryUsage of job (MB)
	303784  -  ResidentSetSize of job (KB)
...
006 (2781559.102.000) 12/31 03:44:17 Image size of job updated: 899648
	298  -  MemoryUsage of job (MB)
	304244  -  ResidentSetSize of job (KB)
...
006 (2781559.102.000) 12/31 03:46:19 Image size of job updated: 899648
	298  -  MemoryUsage of job (MB)
	304276  -  ResidentSetSize of job (KB)
...
006 (2781559.102.000) 12/31 03:47:20 Image size of job updated: 899648
	298  -  MemoryUsage of job (MB)
	304316  -  ResidentSetSize of job (KB)
...
006 (2781559.102.000) 12/31 03:48:22 Image size of job updated: 899648
	298  -  MemoryUsage of job (MB)
	304372  -  ResidentSetSize of job (KB)
...
006 (2781559.102.000) 12/31 03:49:22 Image size of job updated: 899648
	298  -  MemoryUsage of job (MB)
	304456  -  ResidentSetSize of job (KB)
...
006 (2781559.102.000) 12/31 03:50:22 Image size of job updated: 899648
	298  -  MemoryUsage of job (MB)
	304480  -  ResidentSetSize of job (KB)
...
006 (2781559.102.000) 12/31 03:53:22 Image size of job updated: 899648
	298  -  MemoryUsage of job (MB)
	304484  -  ResidentSetSize of job (KB)
...
006 (2781559.102.000) 12/31 03:54:22 Image size of job updated: 899648
	298  -  MemoryUsage of job (MB)
	304488  -  ResidentSetSize of job (KB)
...
005 (2781559.102.000) 12/31 03:55:16 Job terminated.
	(1) Normal termination (return value 0)
		Usr 0 00:03:52, Sys 0 00:00:19  -  Run Remote Usage
		Usr 0 00:00:00, Sys 0 00:00:00  -  Run Local Usage
		Usr 0 00:03:52, Sys 0 00:00:19  -  Total Remote Usage
		Usr 0 00:00:00, Sys 0 00:00:00  -  Total Local Usage
	36065  -  Run Bytes Sent By Job
	14407  -  Run Bytes Received By Job
	36065  -  Total Bytes Sent By Job
	14407  -  Total Bytes Received By Job
	Partitionable Resources :    Usage  Request Allocated
	   Cpus                 :                 1         1
	   Disk (KB)            :    31246        7   3521857
	   Memory (MB)          :      298     2100      2100
...
