000 (2781559.046.000) 12/31 03:40:41 Job submitted from host: <131.225.189.221:9618?addrs=131.225.189.221-9618&noUDP&sock=7970_9786_3>
...
001 (2781559.046.000) 12/31 03:40:58 Job executing on host: <131.225.206.53:20718?addrs=131.225.206.53-20718>
...
006 (2781559.046.000) 12/31 03:41:07 Image size of job updated: 384808
	162  -  MemoryUsage of job (MB)
	165684  -  ResidentSetSize of job (KB)
...
006 (2781559.046.000) 12/31 03:42:08 Image size of job updated: 924652
	302  -  MemoryUsage of job (MB)
	309212  -  ResidentSetSize of job (KB)
...
005 (2781559.046.000) 12/31 03:42:09 Job terminated.
	(1) Normal termination (return value 0)
		Usr 0 00:00:42, Sys 0 00:00:01  -  Run Remote Usage
		Usr 0 00:00:00, Sys 0 00:00:00  -  Run Local Usage
		Usr 0 00:00:42, Sys 0 00:00:01  -  Total Remote Usage
		Usr 0 00:00:00, Sys 0 00:00:00  -  Total Local Usage
	14824  -  Run Bytes Sent By Job
	14407  -  Run Bytes Received By Job
	14824  -  Total Bytes Sent By Job
	14407  -  Total Bytes Received By Job
	Partitionable Resources :    Usage  Request Allocated
	   Cpus                 :                 1         1
	   Disk (KB)            :    31224        7   3419603
	   Memory (MB)          :      302     2100      2100
...
