000 (2781559.028.000) 12/31 03:40:41 Job submitted from host: <131.225.189.221:9618?addrs=131.225.189.221-9618&noUDP&sock=7970_9786_3>
...
001 (2781559.028.000) 12/31 03:40:54 Job executing on host: <131.225.204.123:65505?addrs=131.225.204.123-65505>
...
006 (2781559.028.000) 12/31 03:41:02 Image size of job updated: 373280
	151  -  MemoryUsage of job (MB)
	154272  -  ResidentSetSize of job (KB)
...
006 (2781559.028.000) 12/31 03:42:02 Image size of job updated: 926720
	291  -  MemoryUsage of job (MB)
	297444  -  ResidentSetSize of job (KB)
...
006 (2781559.028.000) 12/31 03:43:02 Image size of job updated: 926720
	307  -  MemoryUsage of job (MB)
	313536  -  ResidentSetSize of job (KB)
...
006 (2781559.028.000) 12/31 03:44:02 Image size of job updated: 926720
	307  -  MemoryUsage of job (MB)
	313892  -  ResidentSetSize of job (KB)
...
006 (2781559.028.000) 12/31 03:45:02 Image size of job updated: 926720
	308  -  MemoryUsage of job (MB)
	314880  -  ResidentSetSize of job (KB)
...
006 (2781559.028.000) 12/31 03:46:02 Image size of job updated: 926720
	314  -  MemoryUsage of job (MB)
	320904  -  ResidentSetSize of job (KB)
...
006 (2781559.028.000) 12/31 03:47:03 Image size of job updated: 926720
	323  -  MemoryUsage of job (MB)
	330552  -  ResidentSetSize of job (KB)
...
006 (2781559.028.000) 12/31 03:48:04 Image size of job updated: 926720
	323  -  MemoryUsage of job (MB)
	330568  -  ResidentSetSize of job (KB)
...
005 (2781559.028.000) 12/31 03:48:42 Job terminated.
	(1) Normal termination (return value 0)
		Usr 0 00:01:17, Sys 0 00:00:03  -  Run Remote Usage
		Usr 0 00:00:00, Sys 0 00:00:00  -  Run Local Usage
		Usr 0 00:01:17, Sys 0 00:00:03  -  Total Remote Usage
		Usr 0 00:00:00, Sys 0 00:00:00  -  Total Local Usage
	16244  -  Run Bytes Sent By Job
	14407  -  Run Bytes Received By Job
	16244  -  Total Bytes Sent By Job
	14407  -  Total Bytes Received By Job
	Partitionable Resources :    Usage  Request Allocated
	   Cpus                 :                 1         1
	   Disk (KB)            :    36590        7   3468844
	   Memory (MB)          :      323     2100      2100
...
