000 (2781559.037.000) 12/31 03:40:41 Job submitted from host: <131.225.189.221:9618?addrs=131.225.189.221-9618&noUDP&sock=7970_9786_3>
...
001 (2781559.037.000) 12/31 03:40:56 Job executing on host: <131.225.191.154:51772?addrs=131.225.191.154-51772>
...
006 (2781559.037.000) 12/31 03:41:04 Image size of job updated: 287428
	45  -  MemoryUsage of job (MB)
	45496  -  ResidentSetSize of job (KB)
...
006 (2781559.037.000) 12/31 03:42:04 Image size of job updated: 923292
	288  -  MemoryUsage of job (MB)
	294016  -  ResidentSetSize of job (KB)
...
006 (2781559.037.000) 12/31 03:43:04 Image size of job updated: 923292
	314  -  MemoryUsage of job (MB)
	321524  -  ResidentSetSize of job (KB)
...
006 (2781559.037.000) 12/31 03:44:04 Image size of job updated: 982388
	377  -  MemoryUsage of job (MB)
	385876  -  ResidentSetSize of job (KB)
...
006 (2781559.037.000) 12/31 03:45:04 Image size of job updated: 982388
	377  -  MemoryUsage of job (MB)
	385940  -  ResidentSetSize of job (KB)
...
005 (2781559.037.000) 12/31 03:45:29 Job terminated.
	(1) Normal termination (return value 0)
		Usr 0 00:03:42, Sys 0 00:00:03  -  Run Remote Usage
		Usr 0 00:00:00, Sys 0 00:00:00  -  Run Local Usage
		Usr 0 00:03:42, Sys 0 00:00:03  -  Total Remote Usage
		Usr 0 00:00:00, Sys 0 00:00:00  -  Total Local Usage
	16369  -  Run Bytes Sent By Job
	14407  -  Run Bytes Received By Job
	16369  -  Total Bytes Sent By Job
	14407  -  Total Bytes Received By Job
	Partitionable Resources :    Usage  Request Allocated
	   Cpus                 :                 1         1
	   Disk (KB)            :    93393        7   3034479
	   Memory (MB)          :      377     2100      2100
...
