000 (2781559.097.000) 12/31 03:40:41 Job submitted from host: <131.225.189.221:9618?addrs=131.225.189.221-9618&noUDP&sock=7970_9786_3>
...
001 (2781559.097.000) 12/31 03:41:08 Job executing on host: <131.225.206.222:13411?addrs=131.225.206.222-13411>
...
006 (2781559.097.000) 12/31 03:41:16 Image size of job updated: 370104
	148  -  MemoryUsage of job (MB)
	151060  -  ResidentSetSize of job (KB)
...
006 (2781559.097.000) 12/31 03:42:16 Image size of job updated: 838384
	238  -  MemoryUsage of job (MB)
	243092  -  ResidentSetSize of job (KB)
...
006 (2781559.097.000) 12/31 03:43:16 Image size of job updated: 874160
	255  -  MemoryUsage of job (MB)
	260360  -  ResidentSetSize of job (KB)
...
006 (2781559.097.000) 12/31 03:44:17 Image size of job updated: 876532
	257  -  MemoryUsage of job (MB)
	262684  -  ResidentSetSize of job (KB)
...
006 (2781559.097.000) 12/31 03:45:18 Image size of job updated: 876532
	257  -  MemoryUsage of job (MB)
	262788  -  ResidentSetSize of job (KB)
...
006 (2781559.097.000) 12/31 03:46:19 Image size of job updated: 876532
	257  -  MemoryUsage of job (MB)
	262892  -  ResidentSetSize of job (KB)
...
005 (2781559.097.000) 12/31 03:46:37 Job terminated.
	(1) Normal termination (return value 0)
		Usr 0 00:02:05, Sys 0 00:00:09  -  Run Remote Usage
		Usr 0 00:00:00, Sys 0 00:00:00  -  Run Local Usage
		Usr 0 00:02:05, Sys 0 00:00:09  -  Total Remote Usage
		Usr 0 00:00:00, Sys 0 00:00:00  -  Total Local Usage
	36421  -  Run Bytes Sent By Job
	14407  -  Run Bytes Received By Job
	36421  -  Total Bytes Sent By Job
	14407  -  Total Bytes Received By Job
	Partitionable Resources :    Usage  Request Allocated
	   Cpus                 :                 1         1
	   Disk (KB)            :    31249        7   3101120
	   Memory (MB)          :      257     2100      2100
...
